#
# A fatal error has been detected by the Java Runtime Environment:
#
#  EXCEPTION_ACCESS_VIOLATION (0xc0000005) at pc=0x00007ffe1f1b1add, pid=8704, tid=14676
#
# JRE version: OpenJDK Runtime Environment Microsoft-10823458 (11.0.26+4) (build 11.0.26+4-LTS)
# Java VM: OpenJDK 64-Bit Server VM Microsoft-10823458 (11.0.26+4-LTS, mixed mode, sharing, tiered, compressed oops, g1 gc, windows-amd64)
# Problematic frame:
# C  [ntdll.dll+0x21add]
#
# No core dump will be written. Minidumps are not enabled by default on client versions of Windows
#
# If you would like to submit a bug report, please visit:
#   https://github.com/microsoft/openjdk/issues
# The crash happened outside the Java Virtual Machine in native code.
# See problematic frame for where to report the bug.
#

---------------  S U M M A R Y ------------

Command Line: -javaagent:C:\Program Files\JetBrains\IntelliJ IDEA Community Edition 2024.3.3\lib\idea_rt.jar=49680:C:\Program Files\JetBrains\IntelliJ IDEA Community Edition 2024.3.3\bin -Dfile.encoding=UTF-8 PaooGame.Main.Main

Host: 12th Gen Intel(R) Core(TM) i3-1215U, 8 cores, 15G,  Windows 11 , 64 bit Build 22621 (10.0.22621.5262)
Time: Fri May 30 23:22:15 2025 GTB Daylight Time elapsed time: 33.968861 seconds (0d 0h 0m 33s)

---------------  T H R E A D  ---------------

Current thread (0x0000021997b56000):  JavaThread "main" [_thread_in_native, id=14676, stack(0x000000259eb00000,0x000000259ec00000)]

Stack: [0x000000259eb00000,0x000000259ec00000],  sp=0x000000259ebff1c0,  free space=1020k
Native frames: (J=compiled Java code, j=interpreted, Vv=VM code, C=native code)
C  [ntdll.dll+0x21add]
C  [sqlite-3.8.11.2-124c87b0-a0a2-4ae4-9e02-199ba5ab0a3d-sqlitejdbc.dll+0x5d986]

Java frames: (J=compiled Java code, j=interpreted, Vv=VM code)
j  org.sqlite.core.NativeDB.reset(J)I+0
j  org.sqlite.core.CoreResultSet.close()V+81
j  org.sqlite.core.CoreStatement.internalClose()V+34
j  org.sqlite.jdbc3.JDBC3Statement.close()V+33
j  PaooGame.Graphics.DataBase.saveGame(IIIII)V+188
j  PaooGame.GameStates.Play.saveCurrentGameState()V+57
J 2258 c1 PaooGame.Main.Game.update()V (72 bytes) @ 0x00000219a0d126ac [0x00000219a0d12240+0x000000000000046c]
J 1633% c2 PaooGame.Main.Game.run()V (150 bytes) @ 0x00000219a7ec9534 [0x00000219a7ec93a0+0x0000000000000194]
j  PaooGame.Main.Main.main([Ljava/lang/String;)V+9
v  ~StubRoutines::call_stub

siginfo: EXCEPTION_ACCESS_VIOLATION (0xc0000005), reading address 0xffffffffffffffff


Register to memory mapping:

RIP=0x00007ffe1f1b1add ntdll.dll
RAX=0x000000259e6e0000 points into unknown readable memory: 0x0000000000000000 | 00 00 00 00 00 00 00 00
RBX=0x00000219bf2becf8 points into unknown readable memory: 0x00000219bf2bc700 | 00 c7 2b bf 19 02 00 00
RCX=0x757165735f657469 is an unknown value
RDX=0x000000259ebff308 is pointing into the stack for thread: 0x0000021997b56000
RSP=0x000000259ebff1c0 is pointing into the stack for thread: 0x0000021997b56000
RBP=0x000000259ebff2d8 is pointing into the stack for thread: 0x0000021997b56000
RSI=0x00000219bf2bc700 points into unknown readable memory: 0x00000219bf2bc2d0 | d0 c2 2b bf 19 02 00 00
RDI=0x00000219a030a280 is at code_begin+1664 in an Interpreter codelet
invoke return entry points  [0x00000219a0309c00, 0x00000219a030a620]  2592 bytes
R8 =0x00000219bf2becf8 points into unknown readable memory: 0x00000219bf2bc700 | 00 c7 2b bf 19 02 00 00
R9 =0x0 is NULL
R10=0x00000219a0310409 is at code_begin+1481 in an Interpreter codelet
method entry point (kind = native_synchronized)  [0x00000219a030fe40, 0x00000219a0310ac0]  3200 bytes
R11=0x0000000000000121 is an unknown value
R12=0x0 is NULL
R13={method} {0x00000219bbb6bc08} 'reset' '(J)I' in 'org/sqlite/core/NativeDB'
R14=0x000000259ebff308 is pointing into the stack for thread: 0x0000021997b56000
R15=0x0000021997b56000 is a thread


Registers:
RAX=0x000000259e6e0000, RBX=0x00000219bf2becf8, RCX=0x757165735f657469, RDX=0x000000259ebff308
RSP=0x000000259ebff1c0, RBP=0x000000259ebff2d8, RSI=0x00000219bf2bc700, RDI=0x00000219a030a280
R8 =0x00000219bf2becf8, R9 =0x0000000000000000, R10=0x00000219a0310409, R11=0x0000000000000121
R12=0x0000000000000000, R13=0x00000219bbb6bc00, R14=0x000000259ebff308, R15=0x0000021997b56000
RIP=0x00007ffe1f1b1add, EFLAGS=0x0000000000010206

Top of Stack: (sp=0x000000259ebff1c0)
0x000000259ebff1c0:   0000000000000000 0000000715102c28
0x000000259ebff1d0:   0000021997b56e00 00000219bb6a0802
0x000000259ebff1e0:   0000021997b56000 000000006d5dd986
0x000000259ebff1f0:   0000021997b56e00 0000000000000002
0x000000259ebff200:   0000021997b56000 0000021995877730
0x000000259ebff210:   000000259ebff308 00007ffd5e57f596
0x000000259ebff220:   0000021995876eb0 00000219bbb6bc00
0x000000259ebff230:   00000007151b17c8 00000219a0310438
0x000000259ebff240:   00000219a030a280 00000219a031014b
0x000000259ebff250:   0000000000000002 000000259ebff2d8
0x000000259ebff260:   00000007151b17c8 00000219bbb3ae40
0x000000259ebff270:   0000021997b56000 00000219a0310108
0x000000259ebff280:   0000000000000003 0000000715102c28
0x000000259ebff290:   000000259ebff280 00000219bbb6bc00
0x000000259ebff2a0:   000000259ebff308 00000219bbbb0c40
0x000000259ebff2b0:   0000000000000000 000000070bf39700 

Instructions: (pc=0x00007ffe1f1b1add)
0x00007ffe1f1b19dd:   00 00 00 3b a9 84 00 00 00 73 7a 8b 94 e9 88 00
0x00007ffe1f1b19ed:   00 00 85 d2 74 32 8b 84 e9 8c 00 00 00 41 89 07
0x00007ffe1f1b19fd:   40 84 f6 74 3d 48 8d 04 17 49 89 06 8b c3 48 8b
0x00007ffe1f1b1a0d:   5c 24 48 48 8b 6c 24 50 48 8b 74 24 58 48 83 c4
0x00007ffe1f1b1a1d:   20 41 5f 41 5e 5f c3 cc bb 02 00 00 c0 eb dd 3b
0x00007ffe1f1b1a2d:   69 74 73 31 8b 54 e9 78 85 d2 74 ec 8b 44 e9 7c
0x00007ffe1f1b1a3d:   eb bb 3b 51 54 72 be 44 8b c2 48 8b d7 e8 41 96
0x00007ffe1f1b1a4d:   00 00 49 89 06 bb 0d 00 00 c0 48 f7 d8 1b c9 f7
0x00007ffe1f1b1a5d:   d1 23 d9 eb a7 bb 0d 00 00 c0 eb a0 cc cc cc cc
0x00007ffe1f1b1a6d:   cc cc cc 33 c0 48 39 05 4f 99 17 00 74 1d f6 05
0x00007ffe1f1b1a7d:   2a 99 17 00 01 75 14 48 8b 0d 25 99 17 00 48 c1
0x00007ffe1f1b1a8d:   e9 28 80 e1 03 80 f9 03 0f 94 c0 c3 cc cc cc cc
0x00007ffe1f1b1a9d:   cc cc cc 48 83 ec 28 48 85 c9 74 10 48 8b 05 10
0x00007ffe1f1b1aad:   48 16 00 48 85 c0 0f 85 0d 7d 09 00 32 c0 48 83
0x00007ffe1f1b1abd:   c4 28 c3 cc cc cc cc cc cc cc cc 71 b9 df 5a a1
0x00007ffe1f1b1acd:   8f 48 c5 48 83 ec 28 65 48 8b 04 25 30 00 00 00
0x00007ffe1f1b1add:   f0 0f ba 71 08 00 48 8b 40 48 73 13 48 89 41 10
0x00007ffe1f1b1aed:   33 c0 c7 41 0c 01 00 00 00 48 83 c4 28 c3 cc 48
0x00007ffe1f1b1afd:   39 41 10 75 0b ff 41 0c 33 c0 48 83 c4 28 c3 cc
0x00007ffe1f1b1b0d:   e8 0e 00 00 00 eb e2 cc cc cc cc cc cc cc cc cc
0x00007ffe1f1b1b1d:   cc cc cc 40 53 55 56 57 41 54 41 55 41 56 41 57
0x00007ffe1f1b1b2d:   48 83 ec 38 8b 41 20 4c 8b e9 48 0f ba e0 1a 0f
0x00007ffe1f1b1b3d:   82 29 03 00 00 33 ff 66 83 3c 25 6a 03 fe 7f 01
0x00007ffe1f1b1b4d:   40 88 bc 24 88 00 00 00 76 1d 49 8b 7d 20 48 8b
0x00007ffe1f1b1b5d:   c7 81 e7 ff ff ff 00 25 00 00 00 02 48 85 c0 0f
0x00007ffe1f1b1b6d:   95 84 24 88 00 00 00 40 32 f6 40 32 ed 40 88 ac
0x00007ffe1f1b1b7d:   24 80 00 00 00 41 8b 45 08 4d 8d 65 08 40 84 ed
0x00007ffe1f1b1b8d:   ba 01 00 00 00 41 bf 03 00 00 00 41 bb 6a 03 fe
0x00007ffe1f1b1b9d:   7f 44 0f 44 fa 44 0f b6 d6 48 8b df 84 c2 0f 85
0x00007ffe1f1b1bad:   b1 01 00 00 45 33 c0 8d 0c bf 03 c9 66 41 83 3b
0x00007ffe1f1b1bbd:   01 0f 86 ec 00 00 00 4d 85 e4 74 0e 80 3c 25 97
0x00007ffe1f1b1bcd:   02 fe 7f 00 0f 85 63 ac 08 00 0f b7 1c 25 d6 02 


Stack slot to memory mapping:
stack at sp + 0 slots: 0x0 is NULL
stack at sp + 1 slots: 0x0000000715102c28 is an oop: org.sqlite.core.NativeDB 
{0x0000000715102c28} - klass: 'org/sqlite/core/NativeDB'
 - ---- fields (total size 7 words):
 - 'conn' 'Lorg/sqlite/SQLiteConnection;' @12  a 'org/sqlite/SQLiteConnection'{0x0000000715102830} (e2a20506)
 - 'begin' 'J' @16  0 (0 0)
 - 'commit' 'J' @24  0 (0 0)
 - private final strict 'stmts' 'Ljava/util/Map;' @32  a 'java/util/HashMap'{0x0000000715102c60} (e2a2058c)
 - 'pointer' 'J' @40  0 (0 0)
 - private final 'udfdatalist' 'J' @48  0 (0 0)
stack at sp + 2 slots: 0x0000021997b56e00 points into unknown readable memory: 0x0000000715102c28 | 28 2c 10 15 07 00 00 00
stack at sp + 3 slots: 0x00000219bb6a0802 points into unknown readable memory: 00 00 00 00 00 00
stack at sp + 4 slots: 0x0000021997b56000 is a thread
stack at sp + 5 slots: 0x000000006d5dd986 sqlite-3.8.11.2-124c87b0-a0a2-4ae4-9e02-199ba5ab0a3d-sqlitejdbc.dll
stack at sp + 6 slots: 0x0000021997b56e00 points into unknown readable memory: 0x0000000715102c28 | 28 2c 10 15 07 00 00 00
stack at sp + 7 slots: 0x0000000000000002 is an unknown value


---------------  P R O C E S S  ---------------

Threads class SMR info:
_java_thread_list=0x00000219c81dd440, length=16, elements={
0x0000021997b56000, 0x00000219bb695800, 0x00000219bb698800, 0x00000219bb6ac800,
0x00000219bb6af000, 0x00000219bb6b0000, 0x00000219bb6b3800, 0x00000219bb6b4800,
0x00000219bb6b8000, 0x00000219bc065000, 0x00000219bc174000, 0x00000219bc078800,
0x00000219c7449000, 0x00000219c7563800, 0x00000219c8514000, 0x00000219c7319000
}

Java Threads: ( => current thread )
=>0x0000021997b56000 JavaThread "main" [_thread_in_native, id=14676, stack(0x000000259eb00000,0x000000259ec00000)]
  0x00000219bb695800 JavaThread "Reference Handler" daemon [_thread_blocked, id=5132, stack(0x000000259f200000,0x000000259f300000)]
  0x00000219bb698800 JavaThread "Finalizer" daemon [_thread_blocked, id=16228, stack(0x000000259f300000,0x000000259f400000)]
  0x00000219bb6ac800 JavaThread "Signal Dispatcher" daemon [_thread_blocked, id=2712, stack(0x000000259f400000,0x000000259f500000)]
  0x00000219bb6af000 JavaThread "Attach Listener" daemon [_thread_blocked, id=8124, stack(0x000000259f500000,0x000000259f600000)]
  0x00000219bb6b0000 JavaThread "Service Thread" daemon [_thread_blocked, id=7820, stack(0x000000259f600000,0x000000259f700000)]
  0x00000219bb6b3800 JavaThread "C2 CompilerThread0" daemon [_thread_blocked, id=14920, stack(0x000000259f700000,0x000000259f800000)]
  0x00000219bb6b4800 JavaThread "C1 CompilerThread0" daemon [_thread_blocked, id=1460, stack(0x000000259f800000,0x000000259f900000)]
  0x00000219bb6b8000 JavaThread "Sweeper thread" daemon [_thread_blocked, id=4520, stack(0x000000259f900000,0x000000259fa00000)]
  0x00000219bc065000 JavaThread "Common-Cleaner" daemon [_thread_blocked, id=17616, stack(0x000000259fa00000,0x000000259fb00000)]
  0x00000219bc174000 JavaThread "Monitor Ctrl-Break" daemon [_thread_in_native, id=7228, stack(0x000000259fc00000,0x000000259fd00000)]
  0x00000219bc078800 JavaThread "Java2D Disposer" daemon [_thread_blocked, id=9924, stack(0x000000259fb00000,0x000000259fc00000)]
  0x00000219c7449000 JavaThread "AWT-Shutdown" [_thread_blocked, id=10196, stack(0x00000025a0500000,0x00000025a0600000)]
  0x00000219c7563800 JavaThread "AWT-Windows" daemon [_thread_in_native, id=11640, stack(0x00000025a0600000,0x00000025a0700000)]
  0x00000219c8514000 JavaThread "AWT-EventQueue-0" [_thread_blocked, id=5948, stack(0x00000025a0700000,0x00000025a0800000)]
  0x00000219c7319000 JavaThread "Thread-0" [_thread_in_Java, id=8156, stack(0x00000025a0800000,0x00000025a0900000)]

Other Threads:
  0x00000219bb693000 VMThread "VM Thread" [stack: 0x000000259f100000,0x000000259f200000] [id=12348]
  0x00000219bc243800 WatcherThread [stack: 0x000000259fd00000,0x000000259fe00000] [id=13572]
  0x0000021997b70000 GCTaskThread "GC Thread#0" [stack: 0x000000259ec00000,0x000000259ed00000] [id=1472]
  0x00000219bc3a4000 GCTaskThread "GC Thread#1" [stack: 0x000000259fe00000,0x000000259ff00000] [id=2596]
  0x00000219bc56b800 GCTaskThread "GC Thread#2" [stack: 0x000000259ff00000,0x00000025a0000000] [id=11712]
  0x00000219bc56c000 GCTaskThread "GC Thread#3" [stack: 0x00000025a0000000,0x00000025a0100000] [id=1568]
  0x00000219bc56c800 GCTaskThread "GC Thread#4" [stack: 0x00000025a0100000,0x00000025a0200000] [id=10360]
  0x00000219bc4b6000 GCTaskThread "GC Thread#5" [stack: 0x00000025a0200000,0x00000025a0300000] [id=6316]
  0x00000219c148e000 GCTaskThread "GC Thread#6" [stack: 0x00000025a0300000,0x00000025a0400000] [id=12352]
  0x00000219bfc03800 GCTaskThread "GC Thread#7" [stack: 0x00000025a0400000,0x00000025a0500000] [id=2172]
  0x0000021997bcc000 ConcurrentGCThread "G1 Main Marker" [stack: 0x000000259ed00000,0x000000259ee00000] [id=14996]
  0x0000021997bcd800 ConcurrentGCThread "G1 Conc#0" [stack: 0x000000259ee00000,0x000000259ef00000] [id=7808]
  0x0000021997c2e000 ConcurrentGCThread "G1 Refine#0" [stack: 0x000000259ef00000,0x000000259f000000] [id=12228]
  0x00000219bb5a3800 ConcurrentGCThread "G1 Young RemSet Sampling" [stack: 0x000000259f000000,0x000000259f100000] [id=2508]

Threads with active compile tasks:

VM state:not at safepoint (normal execution)

VM Mutex/Monitor currently owned by a thread: None

Heap address: 0x0000000705000000, size: 4016 MB, Compressed Oops mode: Zero based, Oop shift amount: 3
Narrow klass base: 0x0000000800000000, Narrow klass shift: 3
Compressed class space size: 1073741824 Address: 0x0000000840000000

Heap:
 garbage-first heap   total 264192K, used 198720K [0x0000000705000000, 0x0000000800000000)
  region size 1024K, 146 young (149504K), 8 survivors (8192K)
 Metaspace       used 11557K, capacity 12216K, committed 12416K, reserved 1060864K
  class space    used 1232K, capacity 1537K, committed 1664K, reserved 1048576K
Heap Regions: E=young(eden), S=young(survivor), O=old, HS=humongous(starts), HC=humongous(continues), CS=collection set, F=free, A=archive, TAMS=top-at-mark-start (previous, next)
|   0|0x0000000705000000, 0x0000000705100000, 0x0000000705100000|100%|HS|  |TAMS 0x0000000705000000, 0x0000000705000000| Complete 
|   1|0x0000000705100000, 0x0000000705200000, 0x0000000705200000|100%|HC|  |TAMS 0x0000000705100000, 0x0000000705100000| Complete 
|   2|0x0000000705200000, 0x0000000705300000, 0x0000000705300000|100%|HC|  |TAMS 0x0000000705200000, 0x0000000705200000| Complete 
|   3|0x0000000705300000, 0x0000000705400000, 0x0000000705400000|100%|HS|  |TAMS 0x0000000705300000, 0x0000000705300000| Complete 
|   4|0x0000000705400000, 0x0000000705500000, 0x0000000705500000|100%|HC|  |TAMS 0x0000000705400000, 0x0000000705400000| Complete 
|   5|0x0000000705500000, 0x0000000705600000, 0x0000000705600000|100%|HC|  |TAMS 0x0000000705500000, 0x0000000705500000| Complete 
|   6|0x0000000705600000, 0x0000000705700000, 0x0000000705700000|100%|HC|  |TAMS 0x0000000705600000, 0x0000000705600000| Complete 
|   7|0x0000000705700000, 0x0000000705800000, 0x0000000705800000|100%|HC|  |TAMS 0x0000000705700000, 0x0000000705700000| Complete 
|   8|0x0000000705800000, 0x0000000705900000, 0x0000000705900000|100%|HC|  |TAMS 0x0000000705800000, 0x0000000705800000| Complete 
|   9|0x0000000705900000, 0x000000070592d800, 0x0000000705a00000| 17%| O|  |TAMS 0x0000000705900000, 0x0000000705900000| Untracked 
|  10|0x0000000705a00000, 0x0000000705b00000, 0x0000000705b00000|100%|HS|  |TAMS 0x0000000705a00000, 0x0000000705a00000| Complete 
|  11|0x0000000705b00000, 0x0000000705c00000, 0x0000000705c00000|100%|HS|  |TAMS 0x0000000705b00000, 0x0000000705b00000| Complete 
|  12|0x0000000705c00000, 0x0000000705c00000, 0x0000000705d00000|  0%| F|  |TAMS 0x0000000705c00000, 0x0000000705c00000| Untracked 
|  13|0x0000000705d00000, 0x0000000705d00000, 0x0000000705e00000|  0%| F|  |TAMS 0x0000000705d00000, 0x0000000705d00000| Untracked 
|  14|0x0000000705e00000, 0x0000000705f00000, 0x0000000705f00000|100%|HS|  |TAMS 0x0000000705e00000, 0x0000000705e00000| Complete 
|  15|0x0000000705f00000, 0x0000000706000000, 0x0000000706000000|100%|HS|  |TAMS 0x0000000705f00000, 0x0000000705f00000| Complete 
|  16|0x0000000706000000, 0x0000000706100000, 0x0000000706100000|100%|HS|  |TAMS 0x0000000706000000, 0x0000000706000000| Complete 
|  17|0x0000000706100000, 0x0000000706200000, 0x0000000706200000|100%|HS|  |TAMS 0x0000000706100000, 0x0000000706100000| Complete 
|  18|0x0000000706200000, 0x0000000706300000, 0x0000000706300000|100%|HC|  |TAMS 0x0000000706200000, 0x0000000706200000| Complete 
|  19|0x0000000706300000, 0x0000000706400000, 0x0000000706400000|100%|HC|  |TAMS 0x0000000706300000, 0x0000000706300000| Complete 
|  20|0x0000000706400000, 0x0000000706500000, 0x0000000706500000|100%|HS|  |TAMS 0x0000000706400000, 0x0000000706400000| Complete 
|  21|0x0000000706500000, 0x0000000706600000, 0x0000000706600000|100%|HC|  |TAMS 0x0000000706500000, 0x0000000706500000| Complete 
|  22|0x0000000706600000, 0x0000000706700000, 0x0000000706700000|100%|HC|  |TAMS 0x0000000706600000, 0x0000000706600000| Complete 
|  23|0x0000000706700000, 0x0000000706800000, 0x0000000706800000|100%|HS|  |TAMS 0x0000000706700000, 0x0000000706700000| Complete 
|  24|0x0000000706800000, 0x0000000706900000, 0x0000000706900000|100%|HC|  |TAMS 0x0000000706800000, 0x0000000706800000| Complete 
|  25|0x0000000706900000, 0x0000000706a00000, 0x0000000706a00000|100%|HS|  |TAMS 0x0000000706900000, 0x0000000706900000| Complete 
|  26|0x0000000706a00000, 0x0000000706a00000, 0x0000000706b00000|  0%| F|  |TAMS 0x0000000706a00000, 0x0000000706a00000| Untracked 
|  27|0x0000000706b00000, 0x0000000706c00000, 0x0000000706c00000|100%|HS|  |TAMS 0x0000000706b00000, 0x0000000706b00000| Complete 
|  28|0x0000000706c00000, 0x0000000706c00000, 0x0000000706d00000|  0%| F|  |TAMS 0x0000000706c00000, 0x0000000706c00000| Untracked 
|  29|0x0000000706d00000, 0x0000000706d00000, 0x0000000706e00000|  0%| F|  |TAMS 0x0000000706d00000, 0x0000000706d00000| Untracked 
|  30|0x0000000706e00000, 0x0000000706f00000, 0x0000000706f00000|100%|HS|  |TAMS 0x0000000706e00000, 0x0000000706e00000| Complete 
|  31|0x0000000706f00000, 0x0000000706f00000, 0x0000000707000000|  0%| F|  |TAMS 0x0000000706f00000, 0x0000000706f00000| Untracked 
|  32|0x0000000707000000, 0x0000000707100000, 0x0000000707100000|100%|HS|  |TAMS 0x0000000707000000, 0x0000000707000000| Complete 
|  33|0x0000000707100000, 0x0000000707100000, 0x0000000707200000|  0%| F|  |TAMS 0x0000000707100000, 0x0000000707100000| Untracked 
|  34|0x0000000707200000, 0x0000000707200000, 0x0000000707300000|  0%| F|  |TAMS 0x0000000707200000, 0x0000000707200000| Untracked 
|  35|0x0000000707300000, 0x0000000707400000, 0x0000000707400000|100%|HS|  |TAMS 0x0000000707300000, 0x0000000707300000| Complete 
|  36|0x0000000707400000, 0x0000000707500000, 0x0000000707500000|100%|HC|  |TAMS 0x0000000707400000, 0x0000000707400000| Complete 
|  37|0x0000000707500000, 0x0000000707500000, 0x0000000707600000|  0%| F|  |TAMS 0x0000000707500000, 0x0000000707500000| Untracked 
|  38|0x0000000707600000, 0x0000000707700000, 0x0000000707700000|100%|HS|  |TAMS 0x0000000707600000, 0x0000000707600000| Complete 
|  39|0x0000000707700000, 0x0000000707800000, 0x0000000707800000|100%|HC|  |TAMS 0x0000000707700000, 0x0000000707700000| Complete 
|  40|0x0000000707800000, 0x0000000707900000, 0x0000000707900000|100%|HC|  |TAMS 0x0000000707800000, 0x0000000707800000| Complete 
|  41|0x0000000707900000, 0x0000000707a00000, 0x0000000707a00000|100%|HC|  |TAMS 0x0000000707900000, 0x0000000707900000| Complete 
|  42|0x0000000707a00000, 0x0000000707b00000, 0x0000000707b00000|100%|HC|  |TAMS 0x0000000707a00000, 0x0000000707a00000| Complete 
|  43|0x0000000707b00000, 0x0000000707c00000, 0x0000000707c00000|100%|HC|  |TAMS 0x0000000707b00000, 0x0000000707b00000| Complete 
|  44|0x0000000707c00000, 0x0000000707d00000, 0x0000000707d00000|100%|HC|  |TAMS 0x0000000707c00000, 0x0000000707c00000| Complete 
|  45|0x0000000707d00000, 0x0000000707e00000, 0x0000000707e00000|100%|HC|  |TAMS 0x0000000707d00000, 0x0000000707d00000| Complete 
|  46|0x0000000707e00000, 0x0000000707f00000, 0x0000000707f00000|100%|HS|  |TAMS 0x0000000707e00000, 0x0000000707e00000| Complete 
|  47|0x0000000707f00000, 0x0000000707f00000, 0x0000000708000000|  0%| F|  |TAMS 0x0000000707f00000, 0x0000000707f00000| Untracked 
|  48|0x0000000708000000, 0x0000000708000000, 0x0000000708100000|  0%| F|  |TAMS 0x0000000708000000, 0x0000000708000000| Untracked 
|  49|0x0000000708100000, 0x0000000708100000, 0x0000000708200000|  0%| F|  |TAMS 0x0000000708100000, 0x0000000708100000| Untracked 
|  50|0x0000000708200000, 0x0000000708200000, 0x0000000708300000|  0%| F|  |TAMS 0x0000000708200000, 0x0000000708200000| Untracked 
|  51|0x0000000708300000, 0x0000000708300000, 0x0000000708400000|  0%| F|  |TAMS 0x0000000708300000, 0x0000000708300000| Untracked 
|  52|0x0000000708400000, 0x0000000708500000, 0x0000000708500000|100%|HS|  |TAMS 0x0000000708400000, 0x0000000708400000| Complete 
|  53|0x0000000708500000, 0x0000000708500000, 0x0000000708600000|  0%| F|  |TAMS 0x0000000708500000, 0x0000000708500000| Untracked 
|  54|0x0000000708600000, 0x0000000708600000, 0x0000000708700000|  0%| F|  |TAMS 0x0000000708600000, 0x0000000708600000| Untracked 
|  55|0x0000000708700000, 0x0000000708700000, 0x0000000708800000|  0%| F|  |TAMS 0x0000000708700000, 0x0000000708700000| Untracked 
|  56|0x0000000708800000, 0x0000000708800000, 0x0000000708900000|  0%| F|  |TAMS 0x0000000708800000, 0x0000000708800000| Untracked 
|  57|0x0000000708900000, 0x0000000708900000, 0x0000000708a00000|  0%| F|  |TAMS 0x0000000708900000, 0x0000000708900000| Untracked 
|  58|0x0000000708a00000, 0x0000000708b00000, 0x0000000708b00000|100%|HS|  |TAMS 0x0000000708a00000, 0x0000000708a00000| Complete 
|  59|0x0000000708b00000, 0x0000000708b00000, 0x0000000708c00000|  0%| F|  |TAMS 0x0000000708b00000, 0x0000000708b00000| Untracked 
|  60|0x0000000708c00000, 0x0000000708c00000, 0x0000000708d00000|  0%| F|  |TAMS 0x0000000708c00000, 0x0000000708c00000| Untracked 
|  61|0x0000000708d00000, 0x0000000708d00000, 0x0000000708e00000|  0%| F|  |TAMS 0x0000000708d00000, 0x0000000708d00000| Untracked 
|  62|0x0000000708e00000, 0x0000000708f00000, 0x0000000708f00000|100%|HS|  |TAMS 0x0000000708e00000, 0x0000000708e00000| Complete 
|  63|0x0000000708f00000, 0x0000000708f00000, 0x0000000709000000|  0%| F|  |TAMS 0x0000000708f00000, 0x0000000708f00000| Untracked 
|  64|0x0000000709000000, 0x0000000709000000, 0x0000000709100000|  0%| F|  |TAMS 0x0000000709000000, 0x0000000709000000| Untracked 
|  65|0x0000000709100000, 0x0000000709100000, 0x0000000709200000|  0%| F|  |TAMS 0x0000000709100000, 0x0000000709100000| Untracked 
|  66|0x0000000709200000, 0x0000000709300000, 0x0000000709300000|100%|HS|  |TAMS 0x0000000709200000, 0x0000000709200000| Complete 
|  67|0x0000000709300000, 0x0000000709400000, 0x0000000709400000|100%|HC|  |TAMS 0x0000000709300000, 0x0000000709300000| Complete 
|  68|0x0000000709400000, 0x0000000709400000, 0x0000000709500000|  0%| F|  |TAMS 0x0000000709400000, 0x0000000709400000| Untracked 
|  69|0x0000000709500000, 0x0000000709500000, 0x0000000709600000|  0%| F|  |TAMS 0x0000000709500000, 0x0000000709500000| Untracked 
|  70|0x0000000709600000, 0x0000000709700000, 0x0000000709700000|100%|HS|  |TAMS 0x0000000709600000, 0x0000000709600000| Complete 
|  71|0x0000000709700000, 0x0000000709700000, 0x0000000709800000|  0%| F|  |TAMS 0x0000000709700000, 0x0000000709700000| Untracked 
|  72|0x0000000709800000, 0x0000000709800000, 0x0000000709900000|  0%| F|  |TAMS 0x0000000709800000, 0x0000000709800000| Untracked 
|  73|0x0000000709900000, 0x0000000709a00000, 0x0000000709a00000|100%|HS|  |TAMS 0x0000000709900000, 0x0000000709900000| Complete 
|  74|0x0000000709a00000, 0x0000000709a00000, 0x0000000709b00000|  0%| F|  |TAMS 0x0000000709a00000, 0x0000000709a00000| Untracked 
|  75|0x0000000709b00000, 0x0000000709b00000, 0x0000000709c00000|  0%| F|  |TAMS 0x0000000709b00000, 0x0000000709b00000| Untracked 
|  76|0x0000000709c00000, 0x0000000709c00000, 0x0000000709d00000|  0%| F|  |TAMS 0x0000000709c00000, 0x0000000709c00000| Untracked 
|  77|0x0000000709d00000, 0x0000000709d00000, 0x0000000709e00000|  0%| F|  |TAMS 0x0000000709d00000, 0x0000000709d00000| Untracked 
|  78|0x0000000709e00000, 0x0000000709e00000, 0x0000000709f00000|  0%| F|  |TAMS 0x0000000709e00000, 0x0000000709e00000| Untracked 
|  79|0x0000000709f00000, 0x0000000709f00000, 0x000000070a000000|  0%| F|  |TAMS 0x0000000709f00000, 0x0000000709f00000| Untracked 
|  80|0x000000070a000000, 0x000000070a000000, 0x000000070a100000|  0%| F|  |TAMS 0x000000070a000000, 0x000000070a000000| Untracked 
|  81|0x000000070a100000, 0x000000070a100000, 0x000000070a200000|  0%| F|  |TAMS 0x000000070a100000, 0x000000070a100000| Untracked 
|  82|0x000000070a200000, 0x000000070a200000, 0x000000070a300000|  0%| F|  |TAMS 0x000000070a200000, 0x000000070a200000| Untracked 
|  83|0x000000070a300000, 0x000000070a300000, 0x000000070a400000|  0%| F|  |TAMS 0x000000070a300000, 0x000000070a300000| Untracked 
|  84|0x000000070a400000, 0x000000070a400000, 0x000000070a500000|  0%| F|  |TAMS 0x000000070a400000, 0x000000070a400000| Untracked 
|  85|0x000000070a500000, 0x000000070a500000, 0x000000070a600000|  0%| F|  |TAMS 0x000000070a500000, 0x000000070a500000| Untracked 
|  86|0x000000070a600000, 0x000000070a600000, 0x000000070a700000|  0%| F|  |TAMS 0x000000070a600000, 0x000000070a600000| Untracked 
|  87|0x000000070a700000, 0x000000070a700000, 0x000000070a800000|  0%| F|  |TAMS 0x000000070a700000, 0x000000070a700000| Untracked 
|  88|0x000000070a800000, 0x000000070a800000, 0x000000070a900000|  0%| F|  |TAMS 0x000000070a800000, 0x000000070a800000| Untracked 
|  89|0x000000070a900000, 0x000000070a900000, 0x000000070aa00000|  0%| F|  |TAMS 0x000000070a900000, 0x000000070a900000| Untracked 
|  90|0x000000070aa00000, 0x000000070aa00000, 0x000000070ab00000|  0%| F|  |TAMS 0x000000070aa00000, 0x000000070aa00000| Untracked 
|  91|0x000000070ab00000, 0x000000070ab00000, 0x000000070ac00000|  0%| F|  |TAMS 0x000000070ab00000, 0x000000070ab00000| Untracked 
|  92|0x000000070ac00000, 0x000000070ac00000, 0x000000070ad00000|  0%| F|  |TAMS 0x000000070ac00000, 0x000000070ac00000| Untracked 
|  93|0x000000070ad00000, 0x000000070ad00000, 0x000000070ae00000|  0%| F|  |TAMS 0x000000070ad00000, 0x000000070ad00000| Untracked 
|  94|0x000000070ae00000, 0x000000070ae00000, 0x000000070af00000|  0%| F|  |TAMS 0x000000070ae00000, 0x000000070ae00000| Untracked 
|  95|0x000000070af00000, 0x000000070af00000, 0x000000070b000000|  0%| F|  |TAMS 0x000000070af00000, 0x000000070af00000| Untracked 
|  96|0x000000070b000000, 0x000000070b000000, 0x000000070b100000|  0%| F|  |TAMS 0x000000070b000000, 0x000000070b000000| Untracked 
|  97|0x000000070b100000, 0x000000070b100000, 0x000000070b200000|  0%| F|  |TAMS 0x000000070b100000, 0x000000070b100000| Untracked 
|  98|0x000000070b200000, 0x000000070b200000, 0x000000070b300000|  0%| F|  |TAMS 0x000000070b200000, 0x000000070b200000| Untracked 
|  99|0x000000070b300000, 0x000000070b3e2aa0, 0x000000070b400000| 88%| S|CS|TAMS 0x000000070b300000, 0x000000070b300000| Complete 
| 100|0x000000070b400000, 0x000000070b500000, 0x000000070b500000|100%| S|CS|TAMS 0x000000070b400000, 0x000000070b400000| Complete 
| 101|0x000000070b500000, 0x000000070b600000, 0x000000070b600000|100%| S|CS|TAMS 0x000000070b500000, 0x000000070b500000| Complete 
| 102|0x000000070b600000, 0x000000070b700000, 0x000000070b700000|100%| S|CS|TAMS 0x000000070b600000, 0x000000070b600000| Complete 
| 103|0x000000070b700000, 0x000000070b800000, 0x000000070b800000|100%| S|CS|TAMS 0x000000070b700000, 0x000000070b700000| Complete 
| 104|0x000000070b800000, 0x000000070b900000, 0x000000070b900000|100%| S|CS|TAMS 0x000000070b800000, 0x000000070b800000| Complete 
| 105|0x000000070b900000, 0x000000070ba00000, 0x000000070ba00000|100%| S|CS|TAMS 0x000000070b900000, 0x000000070b900000| Complete 
| 106|0x000000070ba00000, 0x000000070bb00000, 0x000000070bb00000|100%|HS|  |TAMS 0x000000070ba00000, 0x000000070ba00000| Complete 
| 107|0x000000070bb00000, 0x000000070bc00000, 0x000000070bc00000|100%|HC|  |TAMS 0x000000070bb00000, 0x000000070bb00000| Complete 
| 108|0x000000070bc00000, 0x000000070bd00000, 0x000000070bd00000|100%|HC|  |TAMS 0x000000070bc00000, 0x000000070bc00000| Complete 
| 109|0x000000070bd00000, 0x000000070be00000, 0x000000070be00000|100%|HC|  |TAMS 0x000000070bd00000, 0x000000070bd00000| Complete 
| 110|0x000000070be00000, 0x000000070bf00000, 0x000000070bf00000|100%|HC|  |TAMS 0x000000070be00000, 0x000000070be00000| Complete 
| 111|0x000000070bf00000, 0x000000070c000000, 0x000000070c000000|100%| S|CS|TAMS 0x000000070bf00000, 0x000000070bf00000| Complete 
| 112|0x000000070c000000, 0x000000070c000000, 0x000000070c100000|  0%| F|  |TAMS 0x000000070c000000, 0x000000070c000000| Untracked 
| 113|0x000000070c100000, 0x000000070c100000, 0x000000070c200000|  0%| F|  |TAMS 0x000000070c100000, 0x000000070c100000| Untracked 
| 114|0x000000070c200000, 0x000000070c200000, 0x000000070c300000|  0%| F|  |TAMS 0x000000070c200000, 0x000000070c200000| Untracked 
| 115|0x000000070c300000, 0x000000070c300000, 0x000000070c400000|  0%| F|  |TAMS 0x000000070c300000, 0x000000070c300000| Untracked 
| 116|0x000000070c400000, 0x000000070c400000, 0x000000070c500000|  0%| F|  |TAMS 0x000000070c400000, 0x000000070c400000| Untracked 
| 117|0x000000070c500000, 0x000000070c500000, 0x000000070c600000|  0%| F|  |TAMS 0x000000070c500000, 0x000000070c500000| Untracked 
| 118|0x000000070c600000, 0x000000070c600000, 0x000000070c700000|  0%| F|  |TAMS 0x000000070c600000, 0x000000070c600000| Untracked 
| 119|0x000000070c700000, 0x000000070c752ed0, 0x000000070c800000| 32%| E|  |TAMS 0x000000070c700000, 0x000000070c700000| Complete 
| 120|0x000000070c800000, 0x000000070c900000, 0x000000070c900000|100%| E|CS|TAMS 0x000000070c800000, 0x000000070c800000| Complete 
| 121|0x000000070c900000, 0x000000070ca00000, 0x000000070ca00000|100%| E|CS|TAMS 0x000000070c900000, 0x000000070c900000| Complete 
| 122|0x000000070ca00000, 0x000000070cb00000, 0x000000070cb00000|100%| E|CS|TAMS 0x000000070ca00000, 0x000000070ca00000| Complete 
| 123|0x000000070cb00000, 0x000000070cc00000, 0x000000070cc00000|100%| E|CS|TAMS 0x000000070cb00000, 0x000000070cb00000| Complete 
| 124|0x000000070cc00000, 0x000000070cd00000, 0x000000070cd00000|100%| E|CS|TAMS 0x000000070cc00000, 0x000000070cc00000| Complete 
| 125|0x000000070cd00000, 0x000000070ce00000, 0x000000070ce00000|100%| E|CS|TAMS 0x000000070cd00000, 0x000000070cd00000| Complete 
| 126|0x000000070ce00000, 0x000000070cf00000, 0x000000070cf00000|100%| E|CS|TAMS 0x000000070ce00000, 0x000000070ce00000| Complete 
| 127|0x000000070cf00000, 0x000000070d000000, 0x000000070d000000|100%| E|CS|TAMS 0x000000070cf00000, 0x000000070cf00000| Complete 
| 128|0x000000070d000000, 0x000000070d100000, 0x000000070d100000|100%| E|CS|TAMS 0x000000070d000000, 0x000000070d000000| Complete 
| 129|0x000000070d100000, 0x000000070d200000, 0x000000070d200000|100%| E|CS|TAMS 0x000000070d100000, 0x000000070d100000| Complete 
| 130|0x000000070d200000, 0x000000070d300000, 0x000000070d300000|100%| E|CS|TAMS 0x000000070d200000, 0x000000070d200000| Complete 
| 131|0x000000070d300000, 0x000000070d400000, 0x000000070d400000|100%| E|CS|TAMS 0x000000070d300000, 0x000000070d300000| Complete 
| 132|0x000000070d400000, 0x000000070d500000, 0x000000070d500000|100%| E|CS|TAMS 0x000000070d400000, 0x000000070d400000| Complete 
| 133|0x000000070d500000, 0x000000070d600000, 0x000000070d600000|100%| E|CS|TAMS 0x000000070d500000, 0x000000070d500000| Complete 
| 134|0x000000070d600000, 0x000000070d700000, 0x000000070d700000|100%| E|CS|TAMS 0x000000070d600000, 0x000000070d600000| Complete 
| 135|0x000000070d700000, 0x000000070d800000, 0x000000070d800000|100%| E|CS|TAMS 0x000000070d700000, 0x000000070d700000| Complete 
| 136|0x000000070d800000, 0x000000070d900000, 0x000000070d900000|100%| E|CS|TAMS 0x000000070d800000, 0x000000070d800000| Complete 
| 137|0x000000070d900000, 0x000000070da00000, 0x000000070da00000|100%| E|CS|TAMS 0x000000070d900000, 0x000000070d900000| Complete 
| 138|0x000000070da00000, 0x000000070db00000, 0x000000070db00000|100%| E|CS|TAMS 0x000000070da00000, 0x000000070da00000| Complete 
| 139|0x000000070db00000, 0x000000070dc00000, 0x000000070dc00000|100%| E|CS|TAMS 0x000000070db00000, 0x000000070db00000| Complete 
| 140|0x000000070dc00000, 0x000000070dd00000, 0x000000070dd00000|100%| E|CS|TAMS 0x000000070dc00000, 0x000000070dc00000| Complete 
| 141|0x000000070dd00000, 0x000000070de00000, 0x000000070de00000|100%| E|CS|TAMS 0x000000070dd00000, 0x000000070dd00000| Complete 
| 142|0x000000070de00000, 0x000000070df00000, 0x000000070df00000|100%| E|CS|TAMS 0x000000070de00000, 0x000000070de00000| Complete 
| 143|0x000000070df00000, 0x000000070e000000, 0x000000070e000000|100%| E|CS|TAMS 0x000000070df00000, 0x000000070df00000| Complete 
| 144|0x000000070e000000, 0x000000070e100000, 0x000000070e100000|100%| E|CS|TAMS 0x000000070e000000, 0x000000070e000000| Complete 
| 145|0x000000070e100000, 0x000000070e200000, 0x000000070e200000|100%| E|CS|TAMS 0x000000070e100000, 0x000000070e100000| Complete 
| 146|0x000000070e200000, 0x000000070e300000, 0x000000070e300000|100%| E|CS|TAMS 0x000000070e200000, 0x000000070e200000| Complete 
| 147|0x000000070e300000, 0x000000070e400000, 0x000000070e400000|100%| E|CS|TAMS 0x000000070e300000, 0x000000070e300000| Complete 
| 148|0x000000070e400000, 0x000000070e500000, 0x000000070e500000|100%| E|CS|TAMS 0x000000070e400000, 0x000000070e400000| Complete 
| 149|0x000000070e500000, 0x000000070e600000, 0x000000070e600000|100%| E|CS|TAMS 0x000000070e500000, 0x000000070e500000| Complete 
| 150|0x000000070e600000, 0x000000070e700000, 0x000000070e700000|100%| E|CS|TAMS 0x000000070e600000, 0x000000070e600000| Complete 
| 151|0x000000070e700000, 0x000000070e800000, 0x000000070e800000|100%| E|CS|TAMS 0x000000070e700000, 0x000000070e700000| Complete 
| 152|0x000000070e800000, 0x000000070e900000, 0x000000070e900000|100%| E|CS|TAMS 0x000000070e800000, 0x000000070e800000| Complete 
| 153|0x000000070e900000, 0x000000070ea00000, 0x000000070ea00000|100%| E|CS|TAMS 0x000000070e900000, 0x000000070e900000| Complete 
| 154|0x000000070ea00000, 0x000000070eb00000, 0x000000070eb00000|100%| E|CS|TAMS 0x000000070ea00000, 0x000000070ea00000| Complete 
| 155|0x000000070eb00000, 0x000000070ec00000, 0x000000070ec00000|100%| E|CS|TAMS 0x000000070eb00000, 0x000000070eb00000| Complete 
| 156|0x000000070ec00000, 0x000000070ed00000, 0x000000070ed00000|100%| E|CS|TAMS 0x000000070ec00000, 0x000000070ec00000| Complete 
| 157|0x000000070ed00000, 0x000000070ee00000, 0x000000070ee00000|100%| E|CS|TAMS 0x000000070ed00000, 0x000000070ed00000| Complete 
| 158|0x000000070ee00000, 0x000000070ef00000, 0x000000070ef00000|100%| E|CS|TAMS 0x000000070ee00000, 0x000000070ee00000| Complete 
| 159|0x000000070ef00000, 0x000000070f000000, 0x000000070f000000|100%| E|CS|TAMS 0x000000070ef00000, 0x000000070ef00000| Complete 
| 160|0x000000070f000000, 0x000000070f100000, 0x000000070f100000|100%| E|CS|TAMS 0x000000070f000000, 0x000000070f000000| Complete 
| 161|0x000000070f100000, 0x000000070f200000, 0x000000070f200000|100%| E|CS|TAMS 0x000000070f100000, 0x000000070f100000| Complete 
| 162|0x000000070f200000, 0x000000070f300000, 0x000000070f300000|100%| E|CS|TAMS 0x000000070f200000, 0x000000070f200000| Complete 
| 163|0x000000070f300000, 0x000000070f400000, 0x000000070f400000|100%| E|CS|TAMS 0x000000070f300000, 0x000000070f300000| Complete 
| 164|0x000000070f400000, 0x000000070f500000, 0x000000070f500000|100%| E|CS|TAMS 0x000000070f400000, 0x000000070f400000| Complete 
| 165|0x000000070f500000, 0x000000070f600000, 0x000000070f600000|100%| E|CS|TAMS 0x000000070f500000, 0x000000070f500000| Complete 
| 166|0x000000070f600000, 0x000000070f700000, 0x000000070f700000|100%| E|CS|TAMS 0x000000070f600000, 0x000000070f600000| Complete 
| 167|0x000000070f700000, 0x000000070f800000, 0x000000070f800000|100%| E|CS|TAMS 0x000000070f700000, 0x000000070f700000| Complete 
| 168|0x000000070f800000, 0x000000070f900000, 0x000000070f900000|100%| E|CS|TAMS 0x000000070f800000, 0x000000070f800000| Complete 
| 169|0x000000070f900000, 0x000000070fa00000, 0x000000070fa00000|100%| E|CS|TAMS 0x000000070f900000, 0x000000070f900000| Complete 
| 170|0x000000070fa00000, 0x000000070fb00000, 0x000000070fb00000|100%| E|CS|TAMS 0x000000070fa00000, 0x000000070fa00000| Complete 
| 171|0x000000070fb00000, 0x000000070fc00000, 0x000000070fc00000|100%| E|CS|TAMS 0x000000070fb00000, 0x000000070fb00000| Complete 
| 172|0x000000070fc00000, 0x000000070fd00000, 0x000000070fd00000|100%| E|CS|TAMS 0x000000070fc00000, 0x000000070fc00000| Complete 
| 173|0x000000070fd00000, 0x000000070fe00000, 0x000000070fe00000|100%| E|CS|TAMS 0x000000070fd00000, 0x000000070fd00000| Complete 
| 174|0x000000070fe00000, 0x000000070ff00000, 0x000000070ff00000|100%| E|CS|TAMS 0x000000070fe00000, 0x000000070fe00000| Complete 
| 175|0x000000070ff00000, 0x0000000710000000, 0x0000000710000000|100%| E|CS|TAMS 0x000000070ff00000, 0x000000070ff00000| Complete 
| 176|0x0000000710000000, 0x0000000710100000, 0x0000000710100000|100%| E|CS|TAMS 0x0000000710000000, 0x0000000710000000| Complete 
| 177|0x0000000710100000, 0x0000000710200000, 0x0000000710200000|100%| E|CS|TAMS 0x0000000710100000, 0x0000000710100000| Complete 
| 178|0x0000000710200000, 0x0000000710300000, 0x0000000710300000|100%| E|CS|TAMS 0x0000000710200000, 0x0000000710200000| Complete 
| 179|0x0000000710300000, 0x0000000710400000, 0x0000000710400000|100%| E|CS|TAMS 0x0000000710300000, 0x0000000710300000| Complete 
| 180|0x0000000710400000, 0x0000000710500000, 0x0000000710500000|100%| E|CS|TAMS 0x0000000710400000, 0x0000000710400000| Complete 
| 181|0x0000000710500000, 0x0000000710600000, 0x0000000710600000|100%| E|CS|TAMS 0x0000000710500000, 0x0000000710500000| Complete 
| 182|0x0000000710600000, 0x0000000710700000, 0x0000000710700000|100%| E|CS|TAMS 0x0000000710600000, 0x0000000710600000| Complete 
| 183|0x0000000710700000, 0x0000000710800000, 0x0000000710800000|100%| E|CS|TAMS 0x0000000710700000, 0x0000000710700000| Complete 
| 184|0x0000000710800000, 0x0000000710900000, 0x0000000710900000|100%| E|CS|TAMS 0x0000000710800000, 0x0000000710800000| Complete 
| 185|0x0000000710900000, 0x0000000710a00000, 0x0000000710a00000|100%| E|CS|TAMS 0x0000000710900000, 0x0000000710900000| Complete 
| 186|0x0000000710a00000, 0x0000000710b00000, 0x0000000710b00000|100%| E|CS|TAMS 0x0000000710a00000, 0x0000000710a00000| Complete 
| 187|0x0000000710b00000, 0x0000000710c00000, 0x0000000710c00000|100%| E|CS|TAMS 0x0000000710b00000, 0x0000000710b00000| Complete 
| 188|0x0000000710c00000, 0x0000000710d00000, 0x0000000710d00000|100%| E|CS|TAMS 0x0000000710c00000, 0x0000000710c00000| Complete 
| 189|0x0000000710d00000, 0x0000000710e00000, 0x0000000710e00000|100%| E|CS|TAMS 0x0000000710d00000, 0x0000000710d00000| Complete 
| 190|0x0000000710e00000, 0x0000000710f00000, 0x0000000710f00000|100%| E|CS|TAMS 0x0000000710e00000, 0x0000000710e00000| Complete 
| 191|0x0000000710f00000, 0x0000000711000000, 0x0000000711000000|100%| E|CS|TAMS 0x0000000710f00000, 0x0000000710f00000| Complete 
| 192|0x0000000711000000, 0x0000000711100000, 0x0000000711100000|100%| E|CS|TAMS 0x0000000711000000, 0x0000000711000000| Complete 
| 193|0x0000000711100000, 0x0000000711200000, 0x0000000711200000|100%| E|CS|TAMS 0x0000000711100000, 0x0000000711100000| Complete 
| 194|0x0000000711200000, 0x0000000711300000, 0x0000000711300000|100%| E|CS|TAMS 0x0000000711200000, 0x0000000711200000| Complete 
| 195|0x0000000711300000, 0x0000000711400000, 0x0000000711400000|100%| E|CS|TAMS 0x0000000711300000, 0x0000000711300000| Complete 
| 196|0x0000000711400000, 0x0000000711500000, 0x0000000711500000|100%| E|CS|TAMS 0x0000000711400000, 0x0000000711400000| Complete 
| 197|0x0000000711500000, 0x0000000711600000, 0x0000000711600000|100%| E|CS|TAMS 0x0000000711500000, 0x0000000711500000| Complete 
| 198|0x0000000711600000, 0x0000000711700000, 0x0000000711700000|100%| E|CS|TAMS 0x0000000711600000, 0x0000000711600000| Complete 
| 199|0x0000000711700000, 0x0000000711800000, 0x0000000711800000|100%| E|CS|TAMS 0x0000000711700000, 0x0000000711700000| Complete 
| 200|0x0000000711800000, 0x0000000711900000, 0x0000000711900000|100%| E|CS|TAMS 0x0000000711800000, 0x0000000711800000| Complete 
| 201|0x0000000711900000, 0x0000000711a00000, 0x0000000711a00000|100%| E|CS|TAMS 0x0000000711900000, 0x0000000711900000| Complete 
| 202|0x0000000711a00000, 0x0000000711b00000, 0x0000000711b00000|100%| E|CS|TAMS 0x0000000711a00000, 0x0000000711a00000| Complete 
| 203|0x0000000711b00000, 0x0000000711c00000, 0x0000000711c00000|100%| E|CS|TAMS 0x0000000711b00000, 0x0000000711b00000| Complete 
| 204|0x0000000711c00000, 0x0000000711d00000, 0x0000000711d00000|100%| E|CS|TAMS 0x0000000711c00000, 0x0000000711c00000| Complete 
| 205|0x0000000711d00000, 0x0000000711e00000, 0x0000000711e00000|100%| E|CS|TAMS 0x0000000711d00000, 0x0000000711d00000| Complete 
| 206|0x0000000711e00000, 0x0000000711f00000, 0x0000000711f00000|100%| E|CS|TAMS 0x0000000711e00000, 0x0000000711e00000| Complete 
| 207|0x0000000711f00000, 0x0000000712000000, 0x0000000712000000|100%| E|CS|TAMS 0x0000000711f00000, 0x0000000711f00000| Complete 
| 208|0x0000000712000000, 0x0000000712100000, 0x0000000712100000|100%| E|CS|TAMS 0x0000000712000000, 0x0000000712000000| Complete 
| 209|0x0000000712100000, 0x0000000712200000, 0x0000000712200000|100%| E|CS|TAMS 0x0000000712100000, 0x0000000712100000| Complete 
| 210|0x0000000712200000, 0x0000000712300000, 0x0000000712300000|100%| E|CS|TAMS 0x0000000712200000, 0x0000000712200000| Complete 
| 211|0x0000000712300000, 0x0000000712400000, 0x0000000712400000|100%| E|CS|TAMS 0x0000000712300000, 0x0000000712300000| Complete 
| 212|0x0000000712400000, 0x0000000712500000, 0x0000000712500000|100%| E|CS|TAMS 0x0000000712400000, 0x0000000712400000| Complete 
| 213|0x0000000712500000, 0x0000000712600000, 0x0000000712600000|100%| E|CS|TAMS 0x0000000712500000, 0x0000000712500000| Complete 
| 214|0x0000000712600000, 0x0000000712700000, 0x0000000712700000|100%| E|CS|TAMS 0x0000000712600000, 0x0000000712600000| Complete 
| 215|0x0000000712700000, 0x0000000712800000, 0x0000000712800000|100%| E|CS|TAMS 0x0000000712700000, 0x0000000712700000| Complete 
| 216|0x0000000712800000, 0x0000000712900000, 0x0000000712900000|100%| E|CS|TAMS 0x0000000712800000, 0x0000000712800000| Complete 
| 217|0x0000000712900000, 0x0000000712a00000, 0x0000000712a00000|100%| E|CS|TAMS 0x0000000712900000, 0x0000000712900000| Complete 
| 218|0x0000000712a00000, 0x0000000712b00000, 0x0000000712b00000|100%| E|CS|TAMS 0x0000000712a00000, 0x0000000712a00000| Complete 
| 219|0x0000000712b00000, 0x0000000712c00000, 0x0000000712c00000|100%| E|CS|TAMS 0x0000000712b00000, 0x0000000712b00000| Complete 
| 220|0x0000000712c00000, 0x0000000712d00000, 0x0000000712d00000|100%| E|CS|TAMS 0x0000000712c00000, 0x0000000712c00000| Complete 
| 221|0x0000000712d00000, 0x0000000712e00000, 0x0000000712e00000|100%| E|CS|TAMS 0x0000000712d00000, 0x0000000712d00000| Complete 
| 222|0x0000000712e00000, 0x0000000712f00000, 0x0000000712f00000|100%| E|CS|TAMS 0x0000000712e00000, 0x0000000712e00000| Complete 
| 223|0x0000000712f00000, 0x0000000713000000, 0x0000000713000000|100%| E|CS|TAMS 0x0000000712f00000, 0x0000000712f00000| Complete 
| 224|0x0000000713000000, 0x0000000713100000, 0x0000000713100000|100%| E|CS|TAMS 0x0000000713000000, 0x0000000713000000| Complete 
| 225|0x0000000713100000, 0x0000000713200000, 0x0000000713200000|100%| E|CS|TAMS 0x0000000713100000, 0x0000000713100000| Complete 
| 226|0x0000000713200000, 0x0000000713300000, 0x0000000713300000|100%| E|CS|TAMS 0x0000000713200000, 0x0000000713200000| Complete 
| 227|0x0000000713300000, 0x0000000713400000, 0x0000000713400000|100%| E|CS|TAMS 0x0000000713300000, 0x0000000713300000| Complete 
| 228|0x0000000713400000, 0x0000000713500000, 0x0000000713500000|100%| E|CS|TAMS 0x0000000713400000, 0x0000000713400000| Complete 
| 229|0x0000000713500000, 0x0000000713600000, 0x0000000713600000|100%| E|CS|TAMS 0x0000000713500000, 0x0000000713500000| Complete 
| 230|0x0000000713600000, 0x0000000713700000, 0x0000000713700000|100%| E|CS|TAMS 0x0000000713600000, 0x0000000713600000| Complete 
| 231|0x0000000713700000, 0x0000000713800000, 0x0000000713800000|100%| E|CS|TAMS 0x0000000713700000, 0x0000000713700000| Complete 
| 232|0x0000000713800000, 0x0000000713900000, 0x0000000713900000|100%| E|CS|TAMS 0x0000000713800000, 0x0000000713800000| Complete 
| 233|0x0000000713900000, 0x0000000713a00000, 0x0000000713a00000|100%| E|CS|TAMS 0x0000000713900000, 0x0000000713900000| Complete 
| 234|0x0000000713a00000, 0x0000000713b00000, 0x0000000713b00000|100%| E|CS|TAMS 0x0000000713a00000, 0x0000000713a00000| Complete 
| 235|0x0000000713b00000, 0x0000000713c00000, 0x0000000713c00000|100%| E|CS|TAMS 0x0000000713b00000, 0x0000000713b00000| Complete 
| 236|0x0000000713c00000, 0x0000000713d00000, 0x0000000713d00000|100%| E|CS|TAMS 0x0000000713c00000, 0x0000000713c00000| Complete 
| 237|0x0000000713d00000, 0x0000000713e00000, 0x0000000713e00000|100%| E|CS|TAMS 0x0000000713d00000, 0x0000000713d00000| Complete 
| 238|0x0000000713e00000, 0x0000000713f00000, 0x0000000713f00000|100%| E|CS|TAMS 0x0000000713e00000, 0x0000000713e00000| Complete 
| 239|0x0000000713f00000, 0x0000000714000000, 0x0000000714000000|100%| E|CS|TAMS 0x0000000713f00000, 0x0000000713f00000| Complete 
| 240|0x0000000714000000, 0x0000000714100000, 0x0000000714100000|100%| E|CS|TAMS 0x0000000714000000, 0x0000000714000000| Complete 
| 241|0x0000000714100000, 0x0000000714200000, 0x0000000714200000|100%| E|CS|TAMS 0x0000000714100000, 0x0000000714100000| Complete 
| 242|0x0000000714200000, 0x0000000714300000, 0x0000000714300000|100%| E|CS|TAMS 0x0000000714200000, 0x0000000714200000| Complete 
| 243|0x0000000714300000, 0x0000000714400000, 0x0000000714400000|100%| E|CS|TAMS 0x0000000714300000, 0x0000000714300000| Complete 
| 244|0x0000000714400000, 0x0000000714500000, 0x0000000714500000|100%| E|CS|TAMS 0x0000000714400000, 0x0000000714400000| Complete 
| 245|0x0000000714500000, 0x0000000714600000, 0x0000000714600000|100%| E|CS|TAMS 0x0000000714500000, 0x0000000714500000| Complete 
| 246|0x0000000714600000, 0x0000000714700000, 0x0000000714700000|100%| E|CS|TAMS 0x0000000714600000, 0x0000000714600000| Complete 
| 247|0x0000000714700000, 0x0000000714800000, 0x0000000714800000|100%| E|CS|TAMS 0x0000000714700000, 0x0000000714700000| Complete 
| 248|0x0000000714800000, 0x0000000714900000, 0x0000000714900000|100%| E|CS|TAMS 0x0000000714800000, 0x0000000714800000| Complete 
| 249|0x0000000714900000, 0x0000000714a00000, 0x0000000714a00000|100%| E|CS|TAMS 0x0000000714900000, 0x0000000714900000| Complete 
| 250|0x0000000714a00000, 0x0000000714b00000, 0x0000000714b00000|100%| E|CS|TAMS 0x0000000714a00000, 0x0000000714a00000| Complete 
| 251|0x0000000714b00000, 0x0000000714c00000, 0x0000000714c00000|100%| E|CS|TAMS 0x0000000714b00000, 0x0000000714b00000| Complete 
| 252|0x0000000714c00000, 0x0000000714d00000, 0x0000000714d00000|100%| E|CS|TAMS 0x0000000714c00000, 0x0000000714c00000| Complete 
| 253|0x0000000714d00000, 0x0000000714e00000, 0x0000000714e00000|100%| E|CS|TAMS 0x0000000714d00000, 0x0000000714d00000| Complete 
| 254|0x0000000714e00000, 0x0000000714f00000, 0x0000000714f00000|100%| E|CS|TAMS 0x0000000714e00000, 0x0000000714e00000| Complete 
| 255|0x0000000714f00000, 0x0000000715000000, 0x0000000715000000|100%| E|CS|TAMS 0x0000000714f00000, 0x0000000714f00000| Complete 
| 256|0x0000000715000000, 0x0000000715100000, 0x0000000715100000|100%| E|CS|TAMS 0x0000000715000000, 0x0000000715000000| Complete 
| 257|0x0000000715100000, 0x0000000715200000, 0x0000000715200000|100%| E|CS|TAMS 0x0000000715100000, 0x0000000715100000| Complete 

Card table byte_map: [0x00000219afe10000,0x00000219b05f0000] _byte_map_base: 0x00000219ac5e8000

Marking Bits (Prev, Next): (CMBitMap*) 0x0000021997bbb8f8, (CMBitMap*) 0x0000021997bbb930
 Prev Bits: [0x00000219b0dd0000, 0x00000219b4c90000)
 Next Bits: [0x00000219b4c90000, 0x00000219b8b50000)

Polling page: 0x0000021995a40000

Metaspace:

Usage:
  Non-class:     10.43 MB capacity,    10.08 MB ( 97%) used,   291.80 KB (  3%) free+waste,    62.00 KB ( <1%) overhead. 
      Class:      1.50 MB capacity,     1.20 MB ( 80%) used,   269.94 KB ( 18%) free+waste,    34.56 KB (  2%) overhead. 
       Both:     11.93 MB capacity,    11.29 MB ( 95%) used,   561.74 KB (  5%) free+waste,    96.56 KB ( <1%) overhead. 

Virtual space:
  Non-class space:       12.00 MB reserved,      10.50 MB ( 88%) committed 
      Class space:        1.00 GB reserved,       1.62 MB ( <1%) committed 
             Both:        1.01 GB reserved,      12.12 MB (  1%) committed 

Chunk freelists:
   Non-Class:  9.00 KB
       Class:  0 bytes
        Both:  9.00 KB

MaxMetaspaceSize: 17179869184.00 GB
CompressedClassSpaceSize: 1.00 GB
Initial GC threshold: 20.80 MB
Current GC threshold: 20.80 MB
CDS: on

CodeHeap 'non-profiled nmethods': size=120000Kb used=2005Kb max_used=2005Kb free=117994Kb
 bounds [0x00000219a7dd0000, 0x00000219a8040000, 0x00000219af300000]
CodeHeap 'profiled nmethods': size=120000Kb used=5593Kb max_used=5593Kb free=114406Kb
 bounds [0x00000219a08a0000, 0x00000219a0e20000, 0x00000219a7dd0000]
CodeHeap 'non-nmethods': size=5760Kb used=1286Kb max_used=1378Kb free=4473Kb
 bounds [0x00000219a0300000, 0x00000219a0570000, 0x00000219a08a0000]
 total_blobs=3221 nmethods=2636 adapters=497
 compilation: enabled
              stopped_count=0, restarted_count=0
 full_count=0

Compilation events (20 events):
Event: 31.335 Thread 0x00000219bb6b4800 2632       3       java.awt.LightweightDispatcher::retargetMouseEvent (372 bytes)
Event: 31.337 Thread 0x00000219bb6b4800 nmethod 2632 0x00000219a0e0ac90 code [0x00000219a0e0b0a0, 0x00000219a0e0de28]
Event: 31.337 Thread 0x00000219bb6b4800 2633   !   3       java.awt.LightweightDispatcher::eventDispatched (358 bytes)
Event: 31.339 Thread 0x00000219bb6b4800 nmethod 2633 0x00000219a0e0e990 code [0x00000219a0e0ede0, 0x00000219a0e12208]
Event: 31.730 Thread 0x00000219bb6b4800 2634       3       javax.swing.JComponent::processMouseMotionEvent (46 bytes)
Event: 31.730 Thread 0x00000219bb6b4800 nmethod 2634 0x00000219a0e13210 code [0x00000219a0e133e0, 0x00000219a0e13768]
Event: 31.730 Thread 0x00000219bb6b4800 2635       3       java.awt.Component::processMouseMotionEvent (58 bytes)
Event: 31.731 Thread 0x00000219bb6b4800 nmethod 2635 0x00000219a0e13890 code [0x00000219a0e13a60, 0x00000219a0e13e98]
Event: 31.743 Thread 0x00000219bb6b4800 2636       3       sun.awt.windows.WComponentPeer::updateCursorImmediately (7 bytes)
Event: 31.744 Thread 0x00000219bb6b4800 nmethod 2636 0x00000219a0e14010 code [0x00000219a0e14200, 0x00000219a0e14858]
Event: 31.744 Thread 0x00000219bb6b4800 2637   !   3       sun.awt.GlobalCursorManager::updateCursorImmediately (31 bytes)
Event: 31.744 Thread 0x00000219bb6b4800 nmethod 2637 0x00000219a0e14a90 code [0x00000219a0e14c60, 0x00000219a0e14fa8]
Event: 31.758 Thread 0x00000219bb6b4800 2638       3       PaooGame.Input.Mouse::mouseMoved (71 bytes)
Event: 31.759 Thread 0x00000219bb6b4800 nmethod 2638 0x00000219a0e15110 code [0x00000219a0e15300, 0x00000219a0e15698]
Event: 31.840 Thread 0x00000219bb6b4800 2639       3       java.util.HashMap::afterNodeRemoval (1 bytes)
Event: 31.841 Thread 0x00000219bb6b4800 nmethod 2639 0x00000219a0e15890 code [0x00000219a0e15a40, 0x00000219a0e15b58]
Event: 31.943 Thread 0x00000219bb6b4800 2640       3       java.awt.Container$MouseEventTargetFilter::accept (66 bytes)
Event: 31.943 Thread 0x00000219bb6b4800 nmethod 2640 0x00000219a0e15c10 code [0x00000219a0e15dc0, 0x00000219a0e160d8]
Event: 31.977 Thread 0x00000219bb6b3800 2641       4       java.awt.EventQueue::eventToCacheIndex (80 bytes)
Event: 31.978 Thread 0x00000219bb6b3800 nmethod 2641 0x00000219a7fc3910 code [0x00000219a7fc3aa0, 0x00000219a7fc3b78]

GC Heap History (20 events):
Event: 8.292 GC heap before
{Heap before GC invocations=3 (full 0):
 garbage-first heap   total 258048K, used 200332K [0x0000000705000000, 0x0000000800000000)
  region size 1024K, 151 young (154624K), 8 survivors (8192K)
 Metaspace       used 10839K, capacity 11382K, committed 11520K, reserved 1058816K
  class space    used 1171K, capacity 1430K, committed 1536K, reserved 1048576K
}
Event: 8.295 GC heap after
{Heap after GC invocations=4 (full 0):
 garbage-first heap   total 258048K, used 55112K [0x0000000705000000, 0x0000000800000000)
  region size 1024K, 9 young (9216K), 9 survivors (9216K)
 Metaspace       used 10839K, capacity 11382K, committed 11520K, reserved 1058816K
  class space    used 1171K, capacity 1430K, committed 1536K, reserved 1048576K
}
Event: 10.016 GC heap before
{Heap before GC invocations=4 (full 0):
 garbage-first heap   total 258048K, used 200520K [0x0000000705000000, 0x0000000800000000)
  region size 1024K, 151 young (154624K), 9 survivors (9216K)
 Metaspace       used 10888K, capacity 11450K, committed 11776K, reserved 1058816K
  class space    used 1172K, capacity 1430K, committed 1536K, reserved 1048576K
}
Event: 10.019 GC heap after
{Heap after GC invocations=5 (full 0):
 garbage-first heap   total 258048K, used 53969K [0x0000000705000000, 0x0000000800000000)
  region size 1024K, 8 young (8192K), 8 survivors (8192K)
 Metaspace       used 10888K, capacity 11450K, committed 11776K, reserved 1058816K
  class space    used 1172K, capacity 1430K, committed 1536K, reserved 1048576K
}
Event: 11.591 GC heap before
{Heap before GC invocations=5 (full 0):
 garbage-first heap   total 258048K, used 200401K [0x0000000705000000, 0x0000000800000000)
  region size 1024K, 151 young (154624K), 8 survivors (8192K)
 Metaspace       used 10923K, capacity 11450K, committed 11776K, reserved 1058816K
  class space    used 1172K, capacity 1430K, committed 1536K, reserved 1048576K
}
Event: 11.594 GC heap after
{Heap after GC invocations=6 (full 0):
 garbage-first heap   total 258048K, used 54261K [0x0000000705000000, 0x0000000800000000)
  region size 1024K, 8 young (8192K), 8 survivors (8192K)
 Metaspace       used 10923K, capacity 11450K, committed 11776K, reserved 1058816K
  class space    used 1172K, capacity 1430K, committed 1536K, reserved 1048576K
}
Event: 13.060 GC heap before
{Heap before GC invocations=6 (full 0):
 garbage-first heap   total 258048K, used 200693K [0x0000000705000000, 0x0000000800000000)
  region size 1024K, 151 young (154624K), 8 survivors (8192K)
 Metaspace       used 10923K, capacity 11450K, committed 11776K, reserved 1058816K
  class space    used 1172K, capacity 1430K, committed 1536K, reserved 1048576K
}
Event: 13.063 GC heap after
{Heap after GC invocations=7 (full 0):
 garbage-first heap   total 258048K, used 54835K [0x0000000705000000, 0x0000000800000000)
  region size 1024K, 9 young (9216K), 9 survivors (9216K)
 Metaspace       used 10923K, capacity 11450K, committed 11776K, reserved 1058816K
  class space    used 1172K, capacity 1430K, committed 1536K, reserved 1048576K
}
Event: 14.962 GC heap before
{Heap before GC invocations=7 (full 0):
 garbage-first heap   total 258048K, used 200243K [0x0000000705000000, 0x0000000800000000)
  region size 1024K, 152 young (155648K), 9 survivors (9216K)
 Metaspace       used 11162K, capacity 11836K, committed 12032K, reserved 1060864K
  class space    used 1218K, capacity 1518K, committed 1536K, reserved 1048576K
}
Event: 14.965 GC heap after
{Heap after GC invocations=8 (full 0):
 garbage-first heap   total 258048K, used 54517K [0x0000000705000000, 0x0000000800000000)
  region size 1024K, 9 young (9216K), 9 survivors (9216K)
 Metaspace       used 11162K, capacity 11836K, committed 12032K, reserved 1060864K
  class space    used 1218K, capacity 1518K, committed 1536K, reserved 1048576K
}
Event: 17.615 GC heap before
{Heap before GC invocations=8 (full 0):
 garbage-first heap   total 258048K, used 250101K [0x0000000705000000, 0x0000000800000000)
  region size 1024K, 151 young (154624K), 9 survivors (9216K)
 Metaspace       used 11356K, capacity 12032K, committed 12288K, reserved 1060864K
  class space    used 1218K, capacity 1518K, committed 1536K, reserved 1048576K
}
Event: 17.618 GC heap after
{Heap after GC invocations=9 (full 0):
 garbage-first heap   total 263168K, used 70262K [0x0000000705000000, 0x0000000800000000)
  region size 1024K, 10 young (10240K), 10 survivors (10240K)
 Metaspace       used 11356K, capacity 12032K, committed 12288K, reserved 1060864K
  class space    used 1218K, capacity 1518K, committed 1536K, reserved 1048576K
}
Event: 19.353 GC heap before
{Heap before GC invocations=9 (full 0):
 garbage-first heap   total 263168K, used 217718K [0x0000000705000000, 0x0000000800000000)
  region size 1024K, 154 young (157696K), 10 survivors (10240K)
 Metaspace       used 11373K, capacity 12032K, committed 12288K, reserved 1060864K
  class space    used 1218K, capacity 1518K, committed 1536K, reserved 1048576K
}
Event: 19.356 GC heap after
{Heap after GC invocations=10 (full 0):
 garbage-first heap   total 263168K, used 54111K [0x0000000705000000, 0x0000000800000000)
  region size 1024K, 8 young (8192K), 8 survivors (8192K)
 Metaspace       used 11373K, capacity 12032K, committed 12288K, reserved 1060864K
  class space    used 1218K, capacity 1518K, committed 1536K, reserved 1048576K
}
Event: 21.585 GC heap before
{Heap before GC invocations=10 (full 0):
 garbage-first heap   total 263168K, used 254815K [0x0000000705000000, 0x0000000800000000)
  region size 1024K, 154 young (157696K), 8 survivors (8192K)
 Metaspace       used 11432K, capacity 12096K, committed 12288K, reserved 1060864K
  class space    used 1219K, capacity 1518K, committed 1536K, reserved 1048576K
}
Event: 21.589 GC heap after
{Heap after GC invocations=11 (full 0):
 garbage-first heap   total 264192K, used 63472K [0x0000000705000000, 0x0000000800000000)
  region size 1024K, 8 young (8192K), 8 survivors (8192K)
 Metaspace       used 11432K, capacity 12096K, committed 12288K, reserved 1060864K
  class space    used 1219K, capacity 1518K, committed 1536K, reserved 1048576K
}
Event: 23.218 GC heap before
{Heap before GC invocations=11 (full 0):
 garbage-first heap   total 264192K, used 212976K [0x0000000705000000, 0x0000000800000000)
  region size 1024K, 154 young (157696K), 8 survivors (8192K)
 Metaspace       used 11436K, capacity 12096K, committed 12288K, reserved 1060864K
  class space    used 1219K, capacity 1518K, committed 1536K, reserved 1048576K
}
Event: 23.222 GC heap after
{Heap after GC invocations=12 (full 0):
 garbage-first heap   total 264192K, used 54376K [0x0000000705000000, 0x0000000800000000)
  region size 1024K, 8 young (8192K), 8 survivors (8192K)
 Metaspace       used 11436K, capacity 12096K, committed 12288K, reserved 1060864K
  class space    used 1219K, capacity 1518K, committed 1536K, reserved 1048576K
}
Event: 24.794 GC heap before
{Heap before GC invocations=12 (full 0):
 garbage-first heap   total 264192K, used 203880K [0x0000000705000000, 0x0000000800000000)
  region size 1024K, 154 young (157696K), 8 survivors (8192K)
 Metaspace       used 11436K, capacity 12096K, committed 12288K, reserved 1060864K
  class space    used 1219K, capacity 1518K, committed 1536K, reserved 1048576K
}
Event: 24.797 GC heap after
{Heap after GC invocations=13 (full 0):
 garbage-first heap   total 264192K, used 54336K [0x0000000705000000, 0x0000000800000000)
  region size 1024K, 8 young (8192K), 8 survivors (8192K)
 Metaspace       used 11436K, capacity 12096K, committed 12288K, reserved 1060864K
  class space    used 1219K, capacity 1518K, committed 1536K, reserved 1048576K
}

Deoptimization events (20 events):
Event: 20.670 Thread 0x00000219c7319000 DEOPT PACKING pc=0x00000219a09e4204 sp=0x00000025a08feeb0
Event: 20.670 Thread 0x00000219c7319000 DEOPT UNPACKING pc=0x00000219a034a95e sp=0x00000025a08fe3f0 mode 0
Event: 20.671 Thread 0x00000219c7319000 DEOPT PACKING pc=0x00000219a09e4204 sp=0x00000025a08feeb0
Event: 20.671 Thread 0x00000219c7319000 DEOPT UNPACKING pc=0x00000219a034a95e sp=0x00000025a08fe3f0 mode 0
Event: 20.671 Thread 0x0000021997b56000 DEOPT PACKING pc=0x00000219a09e4204 sp=0x000000259ebff160
Event: 20.671 Thread 0x0000021997b56000 DEOPT UNPACKING pc=0x00000219a034a95e sp=0x000000259ebfe6a0 mode 0
Event: 20.672 Thread 0x0000021997b56000 DEOPT PACKING pc=0x00000219a09e4204 sp=0x000000259ebff160
Event: 20.672 Thread 0x0000021997b56000 DEOPT UNPACKING pc=0x00000219a034a95e sp=0x000000259ebfe6a0 mode 0
Event: 24.814 Thread 0x00000219c7319000 Uncommon trap: trap_request=0xffffff4d fr.pc=0x00000219a7fb07a0 relative=0x0000000000001380
Event: 24.814 Thread 0x00000219c7319000 Uncommon trap: reason=unstable_if action=reinterpret pc=0x00000219a7fb07a0 method=PaooGame.Entities.Player.update()V @ 4 c2
Event: 24.814 Thread 0x00000219c7319000 DEOPT PACKING pc=0x00000219a7fb07a0 sp=0x00000025a08ff120
Event: 24.814 Thread 0x00000219c7319000 DEOPT UNPACKING pc=0x00000219a034a1af sp=0x00000025a08ff128 mode 2
Event: 30.591 Thread 0x00000219c7319000 Uncommon trap: trap_request=0xffffffcc fr.pc=0x00000219a7f64484 relative=0x00000000000002c4
Event: 30.591 Thread 0x00000219c7319000 Uncommon trap: reason=intrinsic_or_type_checked_inlining action=make_not_entrant pc=0x00000219a7f64484 method=java.util.Arrays.copyOf([Ljava/lang/Object;ILjava/lang/Class;)[Ljava/lang/Object; @ 35 c2
Event: 30.591 Thread 0x00000219c7319000 DEOPT PACKING pc=0x00000219a7f64484 sp=0x00000025a08fdc40
Event: 30.591 Thread 0x00000219c7319000 DEOPT UNPACKING pc=0x00000219a034a1af sp=0x00000025a08fdbe8 mode 2
Event: 32.325 Thread 0x00000219c8514000 Uncommon trap: trap_request=0xffffff4d fr.pc=0x00000219a7fc239c relative=0x00000000000000dc
Event: 32.325 Thread 0x00000219c8514000 Uncommon trap: reason=unstable_if action=reinterpret pc=0x00000219a7fc239c method=java.awt.Component.inside(II)Z @ 13 c2
Event: 32.325 Thread 0x00000219c8514000 DEOPT PACKING pc=0x00000219a7fc239c sp=0x00000025a07fb900
Event: 32.325 Thread 0x00000219c8514000 DEOPT UNPACKING pc=0x00000219a034a1af sp=0x00000025a07fb7a0 mode 2

Classes redefined (0 events):
No events

Internal exceptions (20 events):
Event: 1.248 Thread 0x0000021997b56000 Exception <a 'java/lang/NoSuchMethodError'{0x000000070fa57760}: 'java.lang.Object java.lang.invoke.DirectMethodHandle$Holder.invokeStatic(java.lang.Object, java.lang.Object, java.lang.Object, java.lang.Object, java.lang.Object, java.lang.Object, java.lang.Object, java.lang.Object, int)'> (0x000000070fa57760) thrown at [s\src\hotspot\share\interpreter\linkResolver.cpp, line 773]
Event: 1.250 Thread 0x0000021997b56000 Exception <a 'java/lang/NoSuchMethodError'{0x000000070fa716a0}: 'java.lang.Object java.lang.invoke.DirectMethodHandle$Holder.invokeStatic(java.lang.Object, java.lang.Object, java.lang.Object, java.lang.Object, java.lang.Object, java.lang.Object, java.lang.Object, java.lang.Object, int, int)'> (0x000000070fa716a0) thrown at [s\src\hotspot\share\interpreter\linkResolver.cpp, line 773]
Event: 1.273 Thread 0x0000021997b56000 Exception <a 'java/lang/NoSuchMethodError'{0x000000070f9b9660}: 'java.lang.Object java.lang.invoke.DirectMethodHandle$Holder.invokeStatic(java.lang.Object, int, java.lang.Object, java.lang.Object, java.lang.Object, java.lang.Object)'> (0x000000070f9b9660) thrown at [s\src\hotspot\share\interpreter\linkResolver.cpp, line 773]
Event: 1.273 Thread 0x0000021997b56000 Exception <a 'java/lang/NoSuchMethodError'{0x000000070f9c0720}: 'java.lang.Object java.lang.invoke.DirectMethodHandle$Holder.invokeStatic(java.lang.Object, int, java.lang.Object, java.lang.Object, java.lang.Object)'> (0x000000070f9c0720) thrown at [s\src\hotspot\share\interpreter\linkResolver.cpp, line 773]
Event: 1.274 Thread 0x0000021997b56000 Exception <a 'java/lang/NoSuchMethodError'{0x000000070f9c4268}: 'java.lang.Object java.lang.invoke.DirectMethodHandle$Holder.invokeSpecial(java.lang.Object, java.lang.Object, int, java.lang.Object, java.lang.Object, java.lang.Object)'> (0x000000070f9c4268) thrown at [s\src\hotspot\share\interpreter\linkResolver.cpp, line 773]
Event: 1.276 Thread 0x0000021997b56000 Exception <a 'java/lang/NoSuchMethodError'{0x000000070f9dbc48}: 'java.lang.Object java.lang.invoke.DirectMethodHandle$Holder.invokeStatic(java.lang.Object, int, java.lang.Object)'> (0x000000070f9dbc48) thrown at [s\src\hotspot\share\interpreter\linkResolver.cpp, line 773]
Event: 1.300 Thread 0x0000021997b56000 Exception <a 'java/lang/ClassNotFoundException'{0x000000070f88b8f8}: com/sun/swing/internal/plaf/metal/resources/spi/metalProvider> (0x000000070f88b8f8) thrown at [s\src\hotspot\share\classfile\systemDictionary.cpp, line 230]
Event: 1.300 Thread 0x0000021997b56000 Exception <a 'java/lang/ClassNotFoundException'{0x000000070f88f8e0}: com/sun/swing/internal/plaf/basic/resources/spi/basicProvider> (0x000000070f88f8e0) thrown at [s\src\hotspot\share\classfile\systemDictionary.cpp, line 230]
Event: 1.325 Thread 0x00000219c7563800 Exception <a 'java/lang/NoSuchMethodError'{0x000000070fa9fa10}: 'void java.lang.invoke.DirectMethodHandle$Holder.invokeVirtual(java.lang.Object, java.lang.Object)'> (0x000000070fa9fa10) thrown at [s\src\hotspot\share\interpreter\linkResolver.cpp, line 773]
Event: 1.340 Thread 0x0000021997b56000 Exception <a 'java/lang/NoSuchMethodError'{0x000000070f8de0c8}: 'void java.lang.invoke.DirectMethodHandle$Holder.invokeStaticInit(java.lang.Object)'> (0x000000070f8de0c8) thrown at [s\src\hotspot\share\interpreter\linkResolver.cpp, line 773]
Event: 1.371 Thread 0x0000021997b56000 Exception <a 'java/lang/NoSuchMethodError'{0x000000070f6a1d10}: 'java.lang.Object java.lang.invoke.DirectMethodHandle$Holder.invokeStatic(java.lang.Object, java.lang.Object, java.lang.Object, java.lang.Object, java.lang.Object, java.lang.Object, java.lang.Object, java.lang.Object, java.lang.Object, java.lang.Object, java.lang.Object, int)'> (0x000000070f6a1d10) thrown at [s\src\hotspot\share\interpreter\linkResolver.cpp, line 773]
Event: 1.373 Thread 0x0000021997b56000 Exception <a 'java/lang/NoSuchMethodError'{0x000000070f6c2c28}: 'java.lang.Object java.lang.invoke.DirectMethodHandle$Holder.invokeStatic(java.lang.Object, java.lang.Object, java.lang.Object, java.lang.Object, java.lang.Object, java.lang.Object, java.lang.Object, java.lang.Object, java.lang.Object, java.lang.Object, java.lang.Object, int, int)'> (0x000000070f6c2c28) thrown at [s\src\hotspot\share\interpreter\linkResolver.cpp, line 773]
Event: 1.374 Thread 0x0000021997b56000 Exception <a 'java/lang/NoSuchMethodError'{0x000000070f6e1c00}: 'java.lang.Object java.lang.invoke.DirectMethodHandle$Holder.invokeStatic(java.lang.Object, java.lang.Object, java.lang.Object, java.lang.Object, java.lang.Object, java.lang.Object, java.lang.Object, java.lang.Object, java.lang.Object, java.lang.Object, java.lang.Object, int, int, java.lang.Object)'> (0x000000070f6e1c00) thrown at [s\src\hotspot\share\interpreter\linkResolver.cpp, line 773]
Event: 1.375 Thread 0x0000021997b56000 Exception <a 'java/lang/NoSuchMethodError'{0x000000070f6edc58}: 'java.lang.Object java.lang.invoke.Invokers$Holder.linkToTargetMethod(java.lang.Object, int, java.lang.Object)'> (0x000000070f6edc58) thrown at [s\src\hotspot\share\interpreter\linkResolver.cpp, line 773]
Event: 3.387 Thread 0x00000219c8514000 Exception <a 'java/lang/NoSuchMethodError'{0x000000070f2db978}: 'java.lang.Object java.lang.invoke.DirectMethodHandle$Holder.invokeStatic(java.lang.Object, java.lang.Object, java.lang.Object, java.lang.Object, java.lang.Object, java.lang.Object, java.lang.Object, java.lang.Object, java.lang.Object, java.lang.Object, java.lang.Object, int, int, java.lang.Object, java.lang.Object)'> (0x000000070f2db978) thrown at [s\src\hotspot\share\interpreter\linkResolver.cpp, line 773]
Event: 13.480 Thread 0x00000219c7319000 Exception <a 'java/lang/NoSuchMethodError'{0x00000007124618f0}: 'java.lang.Object java.lang.invoke.DirectMethodHandle$Holder.invokeSpecial(java.lang.Object, java.lang.Object, int, int, int, int, int, int, int)'> (0x00000007124618f0) thrown at [s\src\hotspot\share\interpreter\linkResolver.cpp, line 773]
Event: 13.480 Thread 0x00000219c7319000 Exception <a 'java/lang/NoSuchMethodError'{0x0000000712464f00}: 'java.lang.Object java.lang.invoke.DelegatingMethodHandle$Holder.reinvoke_L(java.lang.Object, int, int, int, int, int, int, int)'> (0x0000000712464f00) thrown at [s\src\hotspot\share\interpreter\linkResolver.cpp, line 773]
Event: 13.483 Thread 0x00000219c7319000 Exception <a 'java/lang/NoSuchMethodError'{0x00000007124b4730}: 'java.lang.Object java.lang.invoke.DirectMethodHandle$Holder.invokeSpecial(java.lang.Object, java.lang.Object, int, int, int, int, int)'> (0x00000007124b4730) thrown at [s\src\hotspot\share\interpreter\linkResolver.cpp, line 773]
Event: 14.976 Thread 0x00000219c8514000 Implicit null exception at 0x00000219a7f5134b to 0x00000219a7f52fa8
Event: 30.591 Thread 0x00000219c7319000 Exception <a 'java/lang/NoSuchMethodError'{0x000000070cb22178}: 'java.lang.Object java.lang.invoke.DirectMethodHandle$Holder.invokeStatic(java.lang.Object, java.lang.Object, java.lang.Object, java.lang.Object, java.lang.Object, java.lang.Object, java.lang.Object, java.lang.Object, java.lang.Object, java.lang.Object, java.lang.Object, java.lang.Object, java.lang.Object, int, int, java.lang.Object)'> (0x000000070cb22178) thrown at [s\src\hotspot\share\interpreter\linkResolver.cpp, line 773]

Events (20 events):
Event: 21.585 Executing VM operation: G1CollectForAllocation
Event: 21.589 Executing VM operation: G1CollectForAllocation done
Event: 23.218 Executing VM operation: G1CollectForAllocation
Event: 23.222 Executing VM operation: G1CollectForAllocation done
Event: 24.794 Executing VM operation: G1CollectForAllocation
Event: 24.797 Executing VM operation: G1CollectForAllocation done
Event: 27.176 Executing VM operation: RevokeBias
Event: 27.176 Executing VM operation: RevokeBias done
Event: 30.586 Executing VM operation: RevokeBias
Event: 30.586 Executing VM operation: RevokeBias done
Event: 30.591 loading class java/lang/invoke/BoundMethodHandle$Species_LLLLLLLLLLIIL
Event: 30.591 loading class java/lang/invoke/BoundMethodHandle$Species_LLLLLLLLLLIIL done
Event: 30.592 loading class java/lang/Throwable$WrappedPrintStream
Event: 30.592 loading class java/lang/Throwable$PrintStreamOrWriter
Event: 30.592 loading class java/lang/Throwable$PrintStreamOrWriter done
Event: 30.592 loading class java/lang/Throwable$WrappedPrintStream done
Event: 30.593 loading class java/lang/StackTraceElement$HashedModules
Event: 30.593 loading class java/lang/StackTraceElement$HashedModules done
Event: 32.325 loading class java/awt/LightweightDispatcher$2
Event: 32.325 loading class java/awt/LightweightDispatcher$2 done


Dynamic libraries:
0x00007ff7af1c0000 - 0x00007ff7af1ce000 	C:\Users\Bianca\.jdks\ms-11.0.26\bin\java.exe
0x00007ffe1f190000 - 0x00007ffe1f3a7000 	C:\WINDOWS\SYSTEM32\ntdll.dll
0x00007ffe1d500000 - 0x00007ffe1d5c4000 	C:\WINDOWS\System32\KERNEL32.DLL
0x00007ffe1ca40000 - 0x00007ffe1ce13000 	C:\WINDOWS\System32\KERNELBASE.dll
0x00007ffe1c4f0000 - 0x00007ffe1c601000 	C:\WINDOWS\System32\ucrtbase.dll
0x00007ffe128c0000 - 0x00007ffe128d7000 	C:\Users\Bianca\.jdks\ms-11.0.26\bin\jli.dll
0x00007ffe128e0000 - 0x00007ffe128fd000 	C:\Users\Bianca\.jdks\ms-11.0.26\bin\VCRUNTIME140.dll
0x00007ffe1dc80000 - 0x00007ffe1de31000 	C:\WINDOWS\System32\USER32.dll
0x00007ffdff340000 - 0x00007ffdff5db000 	C:\WINDOWS\WinSxS\amd64_microsoft.windows.common-controls_6595b64144ccf1df_6.0.22621.5262_none_2712bde373830908\COMCTL32.dll
0x00007ffe1c8b0000 - 0x00007ffe1c8d6000 	C:\WINDOWS\System32\win32u.dll
0x00007ffe1db80000 - 0x00007ffe1dc27000 	C:\WINDOWS\System32\msvcrt.dll
0x00007ffe1f0c0000 - 0x00007ffe1f0e9000 	C:\WINDOWS\System32\GDI32.dll
0x00007ffe1c280000 - 0x00007ffe1c3a2000 	C:\WINDOWS\System32\gdi32full.dll
0x00007ffe1c8e0000 - 0x00007ffe1c97a000 	C:\WINDOWS\System32\msvcp_win.dll
0x00007ffe1dc30000 - 0x00007ffe1dc61000 	C:\WINDOWS\System32\IMM32.DLL
0x00007ffe14750000 - 0x00007ffe1475c000 	C:\Users\Bianca\.jdks\ms-11.0.26\bin\vcruntime140_1.dll
0x00007ffe097b0000 - 0x00007ffe0983d000 	C:\Users\Bianca\.jdks\ms-11.0.26\bin\msvcp140.dll
0x00007ffd5e1e0000 - 0x00007ffd5edb7000 	C:\Users\Bianca\.jdks\ms-11.0.26\bin\server\jvm.dll
0x00007ffe1e010000 - 0x00007ffe1e0c1000 	C:\WINDOWS\System32\ADVAPI32.dll
0x00007ffe1f010000 - 0x00007ffe1f0b7000 	C:\WINDOWS\System32\sechost.dll
0x00007ffe1c690000 - 0x00007ffe1c6b8000 	C:\WINDOWS\System32\bcrypt.dll
0x00007ffe1ceb0000 - 0x00007ffe1cfc4000 	C:\WINDOWS\System32\RPCRT4.dll
0x00007ffe1e0d0000 - 0x00007ffe1e141000 	C:\WINDOWS\System32\WS2_32.dll
0x00007ffe11ba0000 - 0x00007ffe11bd4000 	C:\WINDOWS\SYSTEM32\WINMM.dll
0x00007ffe10b90000 - 0x00007ffe10b9a000 	C:\WINDOWS\SYSTEM32\VERSION.dll
0x00007ffe1b2c0000 - 0x00007ffe1b2d8000 	C:\WINDOWS\SYSTEM32\kernel.appcore.dll
0x00007ffe14530000 - 0x00007ffe14540000 	C:\Users\Bianca\.jdks\ms-11.0.26\bin\verify.dll
0x00007ffe19d20000 - 0x00007ffe19f52000 	C:\WINDOWS\SYSTEM32\DBGHELP.DLL
0x00007ffe1eb60000 - 0x00007ffe1eef3000 	C:\WINDOWS\System32\combase.dll
0x00007ffe1e150000 - 0x00007ffe1e227000 	C:\WINDOWS\System32\OLEAUT32.dll
0x00007ffdf61f0000 - 0x00007ffdf6222000 	C:\WINDOWS\SYSTEM32\dbgcore.DLL
0x00007ffe1c830000 - 0x00007ffe1c8ab000 	C:\WINDOWS\System32\bcryptPrimitives.dll
0x00007ffe125e0000 - 0x00007ffe12608000 	C:\Users\Bianca\.jdks\ms-11.0.26\bin\java.dll
0x00007ffe14500000 - 0x00007ffe1450a000 	C:\Users\Bianca\.jdks\ms-11.0.26\bin\jimage.dll
0x00007ffe125d0000 - 0x00007ffe125de000 	C:\Users\Bianca\.jdks\ms-11.0.26\bin\instrument.dll
0x00007ffe128a0000 - 0x00007ffe128b8000 	C:\Users\Bianca\.jdks\ms-11.0.26\bin\zip.dll
0x00007ffe1e260000 - 0x00007ffe1eafd000 	C:\WINDOWS\System32\SHELL32.dll
0x00007ffe1c3b0000 - 0x00007ffe1c4ef000 	C:\WINDOWS\System32\wintypes.dll
0x00007ffe1a1c0000 - 0x00007ffe1aadd000 	C:\WINDOWS\SYSTEM32\windows.storage.dll
0x00007ffe1cfd0000 - 0x00007ffe1d0db000 	C:\WINDOWS\System32\SHCORE.dll
0x00007ffe1de40000 - 0x00007ffe1dea6000 	C:\WINDOWS\System32\shlwapi.dll
0x00007ffe1c1b0000 - 0x00007ffe1c1db000 	C:\WINDOWS\SYSTEM32\profapi.dll
0x00007ffe12430000 - 0x00007ffe1244a000 	C:\Users\Bianca\.jdks\ms-11.0.26\bin\net.dll
0x00007ffe157c0000 - 0x00007ffe158ec000 	C:\WINDOWS\SYSTEM32\WINHTTP.dll
0x00007ffe1b740000 - 0x00007ffe1b7aa000 	C:\WINDOWS\system32\mswsock.dll
0x00007ffdeace0000 - 0x00007ffdeacf2000 	C:\Users\Bianca\.jdks\ms-11.0.26\bin\nio.dll
0x00007ffde9730000 - 0x00007ffde974a000 	C:\Program Files\JetBrains\IntelliJ IDEA Community Edition 2024.3.3\bin\breakgen64.dll
0x00007ffdc1a90000 - 0x00007ffdc1c12000 	C:\Users\Bianca\.jdks\ms-11.0.26\bin\awt.dll
0x00007ffe14a70000 - 0x00007ffe14b07000 	C:\WINDOWS\SYSTEM32\apphelp.dll
0x00007ffe1b990000 - 0x00007ffe1b9ab000 	C:\WINDOWS\SYSTEM32\CRYPTSP.dll
0x00007ffe1b220000 - 0x00007ffe1b257000 	C:\WINDOWS\system32\rsaenh.dll
0x00007ffe1b830000 - 0x00007ffe1b858000 	C:\WINDOWS\SYSTEM32\USERENV.dll
0x00007ffe1b9b0000 - 0x00007ffe1b9bc000 	C:\WINDOWS\SYSTEM32\CRYPTBASE.dll
0x00007ffe1ad80000 - 0x00007ffe1adad000 	C:\WINDOWS\SYSTEM32\IPHLPAPI.DLL
0x00007ffe1dc70000 - 0x00007ffe1dc79000 	C:\WINDOWS\System32\NSI.dll
0x00007ffe154b0000 - 0x00007ffe154c9000 	C:\WINDOWS\SYSTEM32\dhcpcsvc6.DLL
0x00007ffe14d50000 - 0x00007ffe14d6f000 	C:\WINDOWS\SYSTEM32\dhcpcsvc.DLL
0x00007ffe1adb0000 - 0x00007ffe1aea8000 	C:\WINDOWS\SYSTEM32\DNSAPI.dll
0x00007ffde45e0000 - 0x00007ffde460e000 	C:\Users\Bianca\.jdks\ms-11.0.26\bin\javajpeg.dll
0x000000006d580000 - 0x000000006d63d000 	C:\Users\Bianca\AppData\Local\Temp\sqlite-3.8.11.2-124c87b0-a0a2-4ae4-9e02-199ba5ab0a3d-sqlitejdbc.dll
0x00007ffe16d10000 - 0x00007ffe16dc3000 	C:\WINDOWS\system32\uxtheme.dll
0x00007ffe1deb0000 - 0x00007ffe1e00e000 	C:\WINDOWS\System32\MSCTF.dll
0x00007ffe1d0e0000 - 0x00007ffe1d281000 	C:\WINDOWS\System32\ole32.dll
0x00007ffe16fa0000 - 0x00007ffe16fce000 	C:\WINDOWS\system32\DWMAPI.DLL
0x00007ffdc1970000 - 0x00007ffdc1a70000 	C:\WINDOWS\system32\opengl32.dll
0x00007ffe08df0000 - 0x00007ffe08e1d000 	C:\WINDOWS\SYSTEM32\GLU32.dll
0x00007ffe16e50000 - 0x00007ffe16e87000 	C:\WINDOWS\SYSTEM32\dxcore.dll
0x00007ffdf60d0000 - 0x00007ffdf6157000 	C:\Users\Bianca\.jdks\ms-11.0.26\bin\freetype.dll
0x00007ffda5e60000 - 0x00007ffda5f42000 	C:\Users\Bianca\.jdks\ms-11.0.26\bin\fontmanager.dll
0x00007ffdfe850000 - 0x00007ffdfe993000 	C:\WINDOWS\SYSTEM32\textinputframework.dll
0x00007ffe143b0000 - 0x00007ffe144e5000 	C:\WINDOWS\SYSTEM32\CoreMessaging.dll
0x00007ffe10c70000 - 0x00007ffe10fdc000 	C:\WINDOWS\SYSTEM32\CoreUIComponents.dll

dbghelp: loaded successfully - version: 4.0.5 - missing functions: none
symbol engine: initialized successfully - sym options: 0x614 - pdb path: .;C:\Users\Bianca\.jdks\ms-11.0.26\bin;C:\WINDOWS\SYSTEM32;C:\WINDOWS\WinSxS\amd64_microsoft.windows.common-controls_6595b64144ccf1df_6.0.22621.5262_none_2712bde373830908;C:\Users\Bianca\.jdks\ms-11.0.26\bin\server;C:\Program Files\JetBrains\IntelliJ IDEA Community Edition 2024.3.3\bin;C:\Users\Bianca\AppData\Local\Temp

VM Arguments:
jvm_args: -javaagent:C:\Program Files\JetBrains\IntelliJ IDEA Community Edition 2024.3.3\lib\idea_rt.jar=49680:C:\Program Files\JetBrains\IntelliJ IDEA Community Edition 2024.3.3\bin -Dfile.encoding=UTF-8 
java_command: PaooGame.Main.Main
java_class_path (initial): D:\facultate\paoo\Joc\paoo-proiect-1209a_7_david_vrinceanu\out\production\ScheletProiectPAOO;D:\sqlite-jdbc-3.8.11.2.jar
Launcher Type: SUN_STANDARD

[Global flags]
     intx CICompilerCount                          = 4                                         {product} {ergonomic}
     uint ConcGCThreads                            = 2                                         {product} {ergonomic}
     uint G1ConcRefinementThreads                  = 8                                         {product} {ergonomic}
   size_t G1HeapRegionSize                         = 1048576                                   {product} {ergonomic}
    uintx GCDrainStackTargetSize                   = 64                                        {product} {ergonomic}
   size_t InitialHeapSize                          = 264241152                                 {product} {ergonomic}
   size_t MarkStackSize                            = 4194304                                   {product} {ergonomic}
   size_t MaxHeapSize                              = 4211081216                                {product} {ergonomic}
   size_t MaxNewSize                               = 2526019584                                {product} {ergonomic}
   size_t MinHeapDeltaBytes                        = 1048576                                   {product} {ergonomic}
    uintx NonNMethodCodeHeapSize                   = 5836300                                {pd product} {ergonomic}
    uintx NonProfiledCodeHeapSize                  = 122910970                              {pd product} {ergonomic}
    uintx ProfiledCodeHeapSize                     = 122910970                              {pd product} {ergonomic}
    uintx ReservedCodeCacheSize                    = 251658240                              {pd product} {ergonomic}
     bool SegmentedCodeCache                       = true                                      {product} {ergonomic}
     bool UseCompressedClassPointers               = true                                 {lp64_product} {ergonomic}
     bool UseCompressedOops                        = true                                 {lp64_product} {ergonomic}
     bool UseG1GC                                  = true                                      {product} {ergonomic}
     bool UseLargePagesIndividualAllocation        = false                                  {pd product} {ergonomic}

Logging:
Log output configuration:
 #0: stdout all=warning uptime,level,tags
 #1: stderr all=off uptime,level,tags

Environment Variables:
PATH=C:\Program Files (x86)\Common Files\Oracle\Java\java8path;C:\Program Files (x86)\Common Files\Oracle\Java\javapath;C:\WINDOWS\system32;C:\WINDOWS;C:\WINDOWS\System32\Wbem;C:\WINDOWS\System32\WindowsPowerShell\v1.0\;C:\WINDOWS\System32\OpenSSH\;C:\Program Files\dotnet\;C:\msys64\ucrt64\bin;C:\Program Files\MATLAB\R2017b\bin;C:\Program Files (x86)\Windows Kits\10\Windows Performance Toolkit\;C:\Program Files\Git\cmd;C:\Users\Bianca\AppData\Local\Microsoft\WindowsApps;C:\Users\Bianca\AppData\Local\Programs\Microsoft VS Code\bin;C:\msys64\mingw64\bin;
USERNAME=Bianca
OS=Windows_NT
PROCESSOR_IDENTIFIER=Intel64 Family 6 Model 154 Stepping 4, GenuineIntel
TMP=C:\Users\Bianca\AppData\Local\Temp
TEMP=C:\Users\Bianca\AppData\Local\Temp



---------------  S Y S T E M  ---------------

OS: Windows 11 , 64 bit Build 22621 (10.0.22621.5262)
OS uptime: 0 days 12:09 hours

CPU:total 8 (initial active 8) (4 cores per cpu, 2 threads per core) family 6 model 154 stepping 4 microcode 0x432, cmov, cx8, fxsr, mmx, sse, sse2, sse3, ssse3, sse4.1, sse4.2, popcnt, avx, avx2, aes, clmul, erms, 3dnowpref, lzcnt, ht, tsc, tscinvbit, bmi1, bmi2, adx, sha, fma

Memory: 4k page, system-wide physical 16057M (5459M free)
TotalPageFile size 20025M (AvailPageFile size 6393M)
current process WorkingSet (physical memory assigned to process): 325M, peak: 428M
current process commit charge ("private bytes"): 373M, peak: 534M

vm_info: OpenJDK 64-Bit Server VM (11.0.26+4-LTS) for windows-amd64 JRE (11.0.26+4-LTS), built on Jan 13 2025 23:40:04 by "MicrosoftCorporation" with unknown MS VC++:1939

END.
