#
# A fatal error has been detected by the Java Runtime Environment:
#
#  EXCEPTION_ACCESS_VIOLATION (0xc0000005) at pc=0x000000006d5dd974, pid=8648, tid=6720
#
# JRE version: OpenJDK Runtime Environment Microsoft-10823458 (11.0.26+4) (build 11.0.26+4-LTS)
# Java VM: OpenJDK 64-Bit Server VM Microsoft-10823458 (11.0.26+4-LTS, mixed mode, sharing, tiered, compressed oops, g1 gc, windows-amd64)
# Problematic frame:
# C  [sqlite-3.8.11.2-2e3af81e-044e-419a-9a69-4dd935752fad-sqlitejdbc.dll+0x5d974]
#
# No core dump will be written. Minidumps are not enabled by default on client versions of Windows
#
# If you would like to submit a bug report, please visit:
#   https://github.com/microsoft/openjdk/issues
# The crash happened outside the Java Virtual Machine in native code.
# See problematic frame for where to report the bug.
#

---------------  S U M M A R Y ------------

Command Line: -javaagent:C:\Program Files\JetBrains\IntelliJ IDEA Community Edition 2024.3.3\lib\idea_rt.jar=65173:C:\Program Files\JetBrains\IntelliJ IDEA Community Edition 2024.3.3\bin -Dfile.encoding=UTF-8 PaooGame.Main.Main

Host: 12th Gen Intel(R) Core(TM) i3-1215U, 8 cores, 15G,  Windows 11 , 64 bit Build 22621 (10.0.22621.5262)
Time: Fri May 30 23:02:28 2025 GTB Daylight Time elapsed time: 28.538582 seconds (0d 0h 0m 28s)

---------------  T H R E A D  ---------------

Current thread (0x0000011f26ec7000):  JavaThread "main" [_thread_in_native, id=6720, stack(0x0000000362800000,0x0000000362900000)]

Stack: [0x0000000362800000,0x0000000362900000],  sp=0x00000003628fee00,  free space=1019k
Native frames: (J=compiled Java code, j=interpreted, Vv=VM code, C=native code)
C  [sqlite-3.8.11.2-2e3af81e-044e-419a-9a69-4dd935752fad-sqlitejdbc.dll+0x5d974]

Java frames: (J=compiled Java code, j=interpreted, Vv=VM code)
j  org.sqlite.core.NativeDB.reset(J)I+0
j  org.sqlite.core.CoreResultSet.close()V+81
j  PaooGame.Graphics.DataBase.loadGame()Ljava/util/ArrayList;+159
j  PaooGame.Main.Game.loadSavedGame()V+3
J 2591 c2 PaooGame.Main.Game.update()V (72 bytes) @ 0x0000011f372def90 [0x0000011f372dd260+0x0000000000001d30]
J 1673% c2 PaooGame.Main.Game.run()V (150 bytes) @ 0x0000011f37216230 [0x0000011f372160a0+0x0000000000000190]
j  PaooGame.Main.Main.main([Ljava/lang/String;)V+9
v  ~StubRoutines::call_stub

siginfo: EXCEPTION_ACCESS_VIOLATION (0xc0000005), reading address 0x0000011f4d2bf3f8


Register to memory mapping:

RIP=0x000000006d5dd974 sqlite-3.8.11.2-2e3af81e-044e-419a-9a69-4dd935752fad-sqlitejdbc.dll
RAX=0x0 is NULL
RBX=0x0000011f4d2bf3f8 is an unknown value
RCX=0x0000011f4d2bf3f8 is an unknown value
RDX=0x00000003628fef18 is pointing into the stack for thread: 0x0000011f26ec7000
RSP=0x00000003628fee00 is pointing into the stack for thread: 0x0000011f26ec7000
RBP=0x00000003628feee8 is pointing into the stack for thread: 0x0000011f26ec7000
RSI=0x0000000000000061 is an unknown value
RDI=0x000000070b2f5cc0 points into unknown readable memory: 0x0000000000000061 | 61 00 00 00 00 00 00 00
R8 =0x0000011f4d2bf3f8 is an unknown value
R9 =0x0 is NULL
R10=0x0000011f2f680409 is at code_begin+1481 in an Interpreter codelet
method entry point (kind = native_synchronized)  [0x0000011f2f67fe40, 0x0000011f2f680ac0]  3200 bytes
R11=0x0000000000000121 is an unknown value
R12=0x0 is NULL
R13={method} {0x0000011f4aedbc08} 'reset' '(J)I' in 'org/sqlite/core/NativeDB'
R14=0x00000003628fef18 is pointing into the stack for thread: 0x0000011f26ec7000
R15=0x0000011f26ec7000 is a thread


Registers:
RAX=0x0000000000000000, RBX=0x0000011f4d2bf3f8, RCX=0x0000011f4d2bf3f8, RDX=0x00000003628fef18
RSP=0x00000003628fee00, RBP=0x00000003628feee8, RSI=0x0000000000000061, RDI=0x000000070b2f5cc0
R8 =0x0000011f4d2bf3f8, R9 =0x0000000000000000, R10=0x0000011f2f680409, R11=0x0000000000000121
R12=0x0000000000000000, R13=0x0000011f4aedbc00, R14=0x00000003628fef18, R15=0x0000011f26ec7000
RIP=0x000000006d5dd974, EFLAGS=0x0000000000010202

Top of Stack: (sp=0x00000003628fee00)
0x00000003628fee00:   0000011f26ec7e00 0000000000000002
0x00000003628fee10:   0000011f26ec7000 0000011f24bb7df0
0x00000003628fee20:   00000003628fef18 00007ffd5e57f596
0x00000003628fee30:   0000011f24bb7fb0 0000011f4aedbc00
0x00000003628fee40:   0000000000000061 0000011f2f680438
0x00000003628fee50:   000000070b2f5cc0 0000011f2f68014b
0x00000003628fee60:   0000000000000002 00000003628feee8
0x00000003628fee70:   0000000000000061 0000000000000000
0x00000003628fee80:   0000011f2f67c716 0000011f2f680108
0x00000003628fee90:   0000000000000003 000000070bf04220
0x00000003628feea0:   00000003628fee90 0000011f4aedbc00
0x00000003628feeb0:   00000003628fef18 0000011f4af20c40
0x00000003628feec0:   0000000000000000 000000070b456638
0x00000003628feed0:   0000011f4aedbc00 0000000000000000
0x00000003628feee0:   00000003628fef08 00000003628fef68
0x00000003628feef0:   0000011f2f679f40 0000000000000000 

Instructions: (pc=0x000000006d5dd974)
0x000000006d5dd874:   00 00 00 48 83 c4 20 5b c3 0f 1f 00 53 48 83 ec
0x000000006d5dd884:   20 48 8b 01 48 89 cb 48 8b 48 18 48 81 c1 d0 01
0x000000006d5dd894:   00 00 e8 c5 ff ff ff 48 8d 4b 08 e8 5c df ff ff
0x000000006d5dd8a4:   48 8b 4b 60 e8 13 fd fa ff 48 8b 4b 78 e8 0a fd
0x000000006d5dd8b4:   fa ff 48 8b 8b a0 00 00 00 e8 fe fc fa ff 48 89
0x000000006d5dd8c4:   d9 e8 f6 fc fa ff 31 c0 48 83 c4 20 5b c3 66 66
0x000000006d5dd8d4:   66 66 66 2e 0f 1f 84 00 00 00 00 00 57 56 53 48
0x000000006d5dd8e4:   83 ec 20 48 89 cb 48 8b 49 10 e8 cd db ff ff 48
0x000000006d5dd8f4:   8b 4b 18 e8 74 df ff ff 48 8b 73 28 48 85 f6 75
0x000000006d5dd904:   0e eb 26 66 0f 1f 84 00 00 00 00 00 48 89 fe 48
0x000000006d5dd914:   8b 4e 18 48 8b 7e 10 e8 a0 fc fa ff 48 89 f1 e8
0x000000006d5dd924:   98 fc fa ff 48 85 ff 75 e3 48 8b 4b 40 48 c7 43
0x000000006d5dd934:   28 00 00 00 00 e8 82 fc fa ff 48 8b 4b 78 e8 79
0x000000006d5dd944:   05 fb ff 48 89 d9 e8 71 fc fa ff 31 c0 48 83 c4
0x000000006d5dd954:   20 5b 5e 5f c3 0f 1f 80 00 00 00 00 56 53 48 83
0x000000006d5dd964:   ec 38 31 c0 48 85 c9 48 89 cb 0f 84 aa 00 00 00
0x000000006d5dd974:   48 8b 31 48 8b 4e 18 48 85 c9 74 06 ff 15 62 a9
0x000000006d5dd984:   03 00 48 83 bb b8 00 00 00 00 7e 16 48 8d 93 b8
0x000000006d5dd994:   00 00 00 4c 8d 83 e0 00 00 00 48 89 f1 e8 8a 4f
0x000000006d5dd9a4:   fb ff 48 89 d9 e8 62 d8 ff ff 48 89 f1 c7 43 44
0x000000006d5dd9b4:   a3 0d f2 bd c7 83 80 00 00 00 ff ff ff ff c7 83
0x000000006d5dd9c4:   84 00 00 00 00 00 00 00 c6 83 8a 00 00 00 02 89
0x000000006d5dd9d4:   c2 c7 83 90 00 00 00 00 00 00 00 c7 43 7c 01 00
0x000000006d5dd9e4:   00 00 c6 83 8b 00 00 00 ff c7 83 9c 00 00 00 00
0x000000006d5dd9f4:   00 00 00 48 c7 83 c8 00 00 00 00 00 00 00 e8 c9
0x000000006d5dda04:   19 fb ff 48 8b 4e 18 48 85 c9 74 0e 89 44 24 28
0x000000006d5dda14:   ff 15 de a8 03 00 8b 44 24 28 48 83 c4 38 5b 5e
0x000000006d5dda24:   c3 66 66 2e 0f 1f 84 00 00 00 00 00 41 57 41 56
0x000000006d5dda34:   41 55 41 54 55 57 56 53 48 81 ec 78 05 00 00 0f
0x000000006d5dda44:   29 b4 24 40 05 00 00 0f 29 bc 24 50 05 00 00 44
0x000000006d5dda54:   0f 29 84 24 60 05 00 00 48 8d 91 98 00 00 00 48
0x000000006d5dda64:   89 cd 48 8b 31 4c 8b 51 08 4c 8b 71 10 8b 89 98 


Stack slot to memory mapping:
stack at sp + 0 slots: 0x0000011f26ec7e00 points into unknown readable memory: 0x0000000000000000 | 00 00 00 00 00 00 00 00
stack at sp + 1 slots: 0x0000000000000002 is an unknown value
stack at sp + 2 slots: 0x0000011f26ec7000 is a thread
stack at sp + 3 slots: 0x0000011f24bb7df0 points into unknown readable memory: 0x0000000000000000 | 00 00 00 00 00 00 00 00
stack at sp + 4 slots: 0x00000003628fef18 is pointing into the stack for thread: 0x0000011f26ec7000
stack at sp + 5 slots: 0x00007ffd5e57f596 jvm.dll
stack at sp + 6 slots: 0x0000011f24bb7fb0 points into unknown readable memory: 0x005f003200000002 | 02 00 00 00 32 00 5f 00
stack at sp + 7 slots: {method} {0x0000011f4aedbc08} 'reset' '(J)I' in 'org/sqlite/core/NativeDB'


---------------  P R O C E S S  ---------------

Threads class SMR info:
_java_thread_list=0x0000011f4cb6d870, length=16, elements={
0x0000011f26ec7000, 0x0000011f4aa02800, 0x0000011f4aa04000, 0x0000011f4aa19800,
0x0000011f4aa1c000, 0x0000011f4aa1d000, 0x0000011f4aa20000, 0x0000011f4aa29800,
0x0000011f4aa3f800, 0x0000011f4b2d0800, 0x0000011f4b4e2800, 0x0000011f4b3e4800,
0x0000011f4b898800, 0x0000011f4b79a800, 0x0000011f4cb71000, 0x0000011f4e032800
}

Java Threads: ( => current thread )
=>0x0000011f26ec7000 JavaThread "main" [_thread_in_native, id=6720, stack(0x0000000362800000,0x0000000362900000)]
  0x0000011f4aa02800 JavaThread "Reference Handler" daemon [_thread_blocked, id=18380, stack(0x0000000362f00000,0x0000000363000000)]
  0x0000011f4aa04000 JavaThread "Finalizer" daemon [_thread_blocked, id=4952, stack(0x0000000363000000,0x0000000363100000)]
  0x0000011f4aa19800 JavaThread "Signal Dispatcher" daemon [_thread_blocked, id=12204, stack(0x0000000363100000,0x0000000363200000)]
  0x0000011f4aa1c000 JavaThread "Attach Listener" daemon [_thread_blocked, id=12592, stack(0x0000000363200000,0x0000000363300000)]
  0x0000011f4aa1d000 JavaThread "Service Thread" daemon [_thread_blocked, id=11720, stack(0x0000000363300000,0x0000000363400000)]
  0x0000011f4aa20000 JavaThread "C2 CompilerThread0" daemon [_thread_blocked, id=10176, stack(0x0000000363400000,0x0000000363500000)]
  0x0000011f4aa29800 JavaThread "C1 CompilerThread0" daemon [_thread_blocked, id=16588, stack(0x0000000363500000,0x0000000363600000)]
  0x0000011f4aa3f800 JavaThread "Sweeper thread" daemon [_thread_blocked, id=724, stack(0x0000000363600000,0x0000000363700000)]
  0x0000011f4b2d0800 JavaThread "Common-Cleaner" daemon [_thread_blocked, id=8600, stack(0x0000000363700000,0x0000000363800000)]
  0x0000011f4b4e2800 JavaThread "Monitor Ctrl-Break" daemon [_thread_in_native, id=7820, stack(0x0000000363900000,0x0000000363a00000)]
  0x0000011f4b3e4800 JavaThread "Java2D Disposer" daemon [_thread_blocked, id=1008, stack(0x0000000363800000,0x0000000363900000)]
  0x0000011f4b898800 JavaThread "AWT-Shutdown" [_thread_blocked, id=7896, stack(0x0000000364200000,0x0000000364300000)]
  0x0000011f4b79a800 JavaThread "AWT-Windows" daemon [_thread_in_native, id=17484, stack(0x0000000364300000,0x0000000364400000)]
  0x0000011f4cb71000 JavaThread "AWT-EventQueue-0" [_thread_blocked, id=8624, stack(0x0000000364400000,0x0000000364500000)]
  0x0000011f4e032800 JavaThread "Thread-0" [_thread_blocked, id=2996, stack(0x0000000364500000,0x0000000364600000)]

Other Threads:
  0x0000011f4a9fe800 VMThread "VM Thread" [stack: 0x0000000362e00000,0x0000000362f00000] [id=13036]
  0x0000011f4b4e7000 WatcherThread [stack: 0x0000000363a00000,0x0000000363b00000] [id=1568]
  0x0000011f26ee1000 GCTaskThread "GC Thread#0" [stack: 0x0000000362900000,0x0000000362a00000] [id=10952]
  0x0000011f4b89d800 GCTaskThread "GC Thread#1" [stack: 0x0000000363c00000,0x0000000363d00000] [id=3372]
  0x0000011f4b96c800 GCTaskThread "GC Thread#2" [stack: 0x0000000363d00000,0x0000000363e00000] [id=11356]
  0x0000011f4b89a000 GCTaskThread "GC Thread#3" [stack: 0x0000000363e00000,0x0000000363f00000] [id=7808]
  0x0000011f4b89a800 GCTaskThread "GC Thread#4" [stack: 0x0000000363f00000,0x0000000364000000] [id=3044]
  0x0000011f4b882800 GCTaskThread "GC Thread#5" [stack: 0x0000000364000000,0x0000000364100000] [id=13928]
  0x0000011f4ba48800 GCTaskThread "GC Thread#6" [stack: 0x0000000363b00000,0x0000000363c00000] [id=11144]
  0x0000011f4ba49000 GCTaskThread "GC Thread#7" [stack: 0x0000000364100000,0x0000000364200000] [id=7212]
  0x0000011f26f3e000 ConcurrentGCThread "G1 Main Marker" [stack: 0x0000000362a00000,0x0000000362b00000] [id=656]
  0x0000011f26f40000 ConcurrentGCThread "G1 Conc#0" [stack: 0x0000000362b00000,0x0000000362c00000] [id=15580]
  0x0000011f4a914000 ConcurrentGCThread "G1 Refine#0" [stack: 0x0000000362c00000,0x0000000362d00000] [id=8200]
  0x0000011f4a915000 ConcurrentGCThread "G1 Young RemSet Sampling" [stack: 0x0000000362d00000,0x0000000362e00000] [id=13684]

Threads with active compile tasks:

VM state:at safepoint (normal execution)

VM Mutex/Monitor currently owned by a thread:  ([mutex/lock_event])
[0x0000011f26ec38d0] Threads_lock - owner thread: 0x0000011f4a9fe800
[0x0000011f26ec4140] Heap_lock - owner thread: 0x0000011f4cb71000

Heap address: 0x0000000705000000, size: 4016 MB, Compressed Oops mode: Zero based, Oop shift amount: 3
Narrow klass base: 0x0000000800000000, Narrow klass shift: 3
Compressed class space size: 1073741824 Address: 0x0000000840000000

Heap:
 garbage-first heap   total 258048K, used 200624K [0x0000000705000000, 0x0000000800000000)
  region size 1024K, 152 young (155648K), 9 survivors (9216K)
 Metaspace       used 11779K, capacity 12531K, committed 12800K, reserved 1060864K
  class space    used 1304K, capacity 1665K, committed 1792K, reserved 1048576K
Heap Regions: E=young(eden), S=young(survivor), O=old, HS=humongous(starts), HC=humongous(continues), CS=collection set, F=free, A=archive, TAMS=top-at-mark-start (previous, next)
|   0|0x0000000705000000, 0x0000000705100000, 0x0000000705100000|100%|HS|  |TAMS 0x0000000705000000, 0x0000000705000000| Complete 
|   1|0x0000000705100000, 0x0000000705200000, 0x0000000705200000|100%|HC|  |TAMS 0x0000000705100000, 0x0000000705100000| Complete 
|   2|0x0000000705200000, 0x0000000705300000, 0x0000000705300000|100%|HC|  |TAMS 0x0000000705200000, 0x0000000705200000| Complete 
|   3|0x0000000705300000, 0x0000000705400000, 0x0000000705400000|100%|HS|  |TAMS 0x0000000705300000, 0x0000000705300000| Complete 
|   4|0x0000000705400000, 0x0000000705500000, 0x0000000705500000|100%|HC|  |TAMS 0x0000000705400000, 0x0000000705400000| Complete 
|   5|0x0000000705500000, 0x0000000705600000, 0x0000000705600000|100%|HC|  |TAMS 0x0000000705500000, 0x0000000705500000| Complete 
|   6|0x0000000705600000, 0x0000000705700000, 0x0000000705700000|100%|HC|  |TAMS 0x0000000705600000, 0x0000000705600000| Complete 
|   7|0x0000000705700000, 0x0000000705800000, 0x0000000705800000|100%|HC|  |TAMS 0x0000000705700000, 0x0000000705700000| Complete 
|   8|0x0000000705800000, 0x0000000705900000, 0x0000000705900000|100%|HC|  |TAMS 0x0000000705800000, 0x0000000705800000| Complete 
|   9|0x0000000705900000, 0x0000000705a00000, 0x0000000705a00000|100%|HS|  |TAMS 0x0000000705900000, 0x0000000705900000| Complete 
|  10|0x0000000705a00000, 0x0000000705b00000, 0x0000000705b00000|100%|HS|  |TAMS 0x0000000705a00000, 0x0000000705a00000| Complete 
|  11|0x0000000705b00000, 0x0000000705c00000, 0x0000000705c00000|100%|HC|  |TAMS 0x0000000705b00000, 0x0000000705b00000| Complete 
|  12|0x0000000705c00000, 0x0000000705d00000, 0x0000000705d00000|100%|HC|  |TAMS 0x0000000705c00000, 0x0000000705c00000| Complete 
|  13|0x0000000705d00000, 0x0000000705e00000, 0x0000000705e00000|100%|HS|  |TAMS 0x0000000705d00000, 0x0000000705d00000| Complete 
|  14|0x0000000705e00000, 0x0000000705f00000, 0x0000000705f00000|100%|HS|  |TAMS 0x0000000705e00000, 0x0000000705e00000| Complete 
|  15|0x0000000705f00000, 0x0000000706000000, 0x0000000706000000|100%|HS|  |TAMS 0x0000000705f00000, 0x0000000705f00000| Complete 
|  16|0x0000000706000000, 0x0000000706100000, 0x0000000706100000|100%|HS|  |TAMS 0x0000000706000000, 0x0000000706000000| Complete 
|  17|0x0000000706100000, 0x0000000706200000, 0x0000000706200000|100%|HC|  |TAMS 0x0000000706100000, 0x0000000706100000| Complete 
|  18|0x0000000706200000, 0x0000000706300000, 0x0000000706300000|100%|HS|  |TAMS 0x0000000706200000, 0x0000000706200000| Complete 
|  19|0x0000000706300000, 0x0000000706400000, 0x0000000706400000|100%|HS|  |TAMS 0x0000000706300000, 0x0000000706300000| Complete 
|  20|0x0000000706400000, 0x0000000706500000, 0x0000000706500000|100%|HS|  |TAMS 0x0000000706400000, 0x0000000706400000| Complete 
|  21|0x0000000706500000, 0x0000000706600000, 0x0000000706600000|100%|HS|  |TAMS 0x0000000706500000, 0x0000000706500000| Complete 
|  22|0x0000000706600000, 0x0000000706700000, 0x0000000706700000|100%|HS|  |TAMS 0x0000000706600000, 0x0000000706600000| Complete 
|  23|0x0000000706700000, 0x0000000706800000, 0x0000000706800000|100%|HC|  |TAMS 0x0000000706700000, 0x0000000706700000| Complete 
|  24|0x0000000706800000, 0x0000000706900000, 0x0000000706900000|100%|HS|  |TAMS 0x0000000706800000, 0x0000000706800000| Complete 
|  25|0x0000000706900000, 0x0000000706a00000, 0x0000000706a00000|100%|HS|  |TAMS 0x0000000706900000, 0x0000000706900000| Complete 
|  26|0x0000000706a00000, 0x0000000706b00000, 0x0000000706b00000|100%|HS|  |TAMS 0x0000000706a00000, 0x0000000706a00000| Complete 
|  27|0x0000000706b00000, 0x0000000706c00000, 0x0000000706c00000|100%|HC|  |TAMS 0x0000000706b00000, 0x0000000706b00000| Complete 
|  28|0x0000000706c00000, 0x0000000706d00000, 0x0000000706d00000|100%|HS|  |TAMS 0x0000000706c00000, 0x0000000706c00000| Complete 
|  29|0x0000000706d00000, 0x0000000706e00000, 0x0000000706e00000|100%|HS|  |TAMS 0x0000000706d00000, 0x0000000706d00000| Complete 
|  30|0x0000000706e00000, 0x0000000706f00000, 0x0000000706f00000|100%|HS|  |TAMS 0x0000000706e00000, 0x0000000706e00000| Complete 
|  31|0x0000000706f00000, 0x0000000707000000, 0x0000000707000000|100%|HC|  |TAMS 0x0000000706f00000, 0x0000000706f00000| Complete 
|  32|0x0000000707000000, 0x0000000707100000, 0x0000000707100000|100%|HC|  |TAMS 0x0000000707000000, 0x0000000707000000| Complete 
|  33|0x0000000707100000, 0x0000000707200000, 0x0000000707200000|100%|HC|  |TAMS 0x0000000707100000, 0x0000000707100000| Complete 
|  34|0x0000000707200000, 0x0000000707300000, 0x0000000707300000|100%|HC|  |TAMS 0x0000000707200000, 0x0000000707200000| Complete 
|  35|0x0000000707300000, 0x0000000707400000, 0x0000000707400000|100%|HS|  |TAMS 0x0000000707300000, 0x0000000707300000| Complete 
|  36|0x0000000707400000, 0x0000000707500000, 0x0000000707500000|100%|HS|  |TAMS 0x0000000707400000, 0x0000000707400000| Complete 
|  37|0x0000000707500000, 0x0000000707600000, 0x0000000707600000|100%|HS|  |TAMS 0x0000000707500000, 0x0000000707500000| Complete 
|  38|0x0000000707600000, 0x0000000707700000, 0x0000000707700000|100%|HC|  |TAMS 0x0000000707600000, 0x0000000707600000| Complete 
|  39|0x0000000707700000, 0x0000000707800000, 0x0000000707800000|100%|HC|  |TAMS 0x0000000707700000, 0x0000000707700000| Complete 
|  40|0x0000000707800000, 0x0000000707900000, 0x0000000707900000|100%|HC|  |TAMS 0x0000000707800000, 0x0000000707800000| Complete 
|  41|0x0000000707900000, 0x0000000707a00000, 0x0000000707a00000|100%|HC|  |TAMS 0x0000000707900000, 0x0000000707900000| Complete 
|  42|0x0000000707a00000, 0x0000000707b00000, 0x0000000707b00000|100%|HC|  |TAMS 0x0000000707a00000, 0x0000000707a00000| Complete 
|  43|0x0000000707b00000, 0x0000000707c00000, 0x0000000707c00000|100%|HC|  |TAMS 0x0000000707b00000, 0x0000000707b00000| Complete 
|  44|0x0000000707c00000, 0x0000000707d00000, 0x0000000707d00000|100%|HC|  |TAMS 0x0000000707c00000, 0x0000000707c00000| Complete 
|  45|0x0000000707d00000, 0x0000000707d00000, 0x0000000707e00000|  0%| F|  |TAMS 0x0000000707d00000, 0x0000000707d00000| Untracked 
|  46|0x0000000707e00000, 0x0000000707e00000, 0x0000000707f00000|  0%| F|  |TAMS 0x0000000707e00000, 0x0000000707e00000| Untracked 
|  47|0x0000000707f00000, 0x0000000707f00000, 0x0000000708000000|  0%| F|  |TAMS 0x0000000707f00000, 0x0000000707f00000| Untracked 
|  48|0x0000000708000000, 0x0000000708000000, 0x0000000708100000|  0%| F|  |TAMS 0x0000000708000000, 0x0000000708000000| Untracked 
|  49|0x0000000708100000, 0x0000000708100000, 0x0000000708200000|  0%| F|  |TAMS 0x0000000708100000, 0x0000000708100000| Untracked 
|  50|0x0000000708200000, 0x0000000708200000, 0x0000000708300000|  0%| F|  |TAMS 0x0000000708200000, 0x0000000708200000| Untracked 
|  51|0x0000000708300000, 0x0000000708300000, 0x0000000708400000|  0%| F|  |TAMS 0x0000000708300000, 0x0000000708300000| Untracked 
|  52|0x0000000708400000, 0x0000000708400000, 0x0000000708500000|  0%| F|  |TAMS 0x0000000708400000, 0x0000000708400000| Untracked 
|  53|0x0000000708500000, 0x0000000708500000, 0x0000000708600000|  0%| F|  |TAMS 0x0000000708500000, 0x0000000708500000| Untracked 
|  54|0x0000000708600000, 0x0000000708600000, 0x0000000708700000|  0%| F|  |TAMS 0x0000000708600000, 0x0000000708600000| Untracked 
|  55|0x0000000708700000, 0x0000000708700000, 0x0000000708800000|  0%| F|  |TAMS 0x0000000708700000, 0x0000000708700000| Untracked 
|  56|0x0000000708800000, 0x0000000708800000, 0x0000000708900000|  0%| F|  |TAMS 0x0000000708800000, 0x0000000708800000| Untracked 
|  57|0x0000000708900000, 0x0000000708900000, 0x0000000708a00000|  0%| F|  |TAMS 0x0000000708900000, 0x0000000708900000| Untracked 
|  58|0x0000000708a00000, 0x0000000708a00000, 0x0000000708b00000|  0%| F|  |TAMS 0x0000000708a00000, 0x0000000708a00000| Untracked 
|  59|0x0000000708b00000, 0x0000000708b00000, 0x0000000708c00000|  0%| F|  |TAMS 0x0000000708b00000, 0x0000000708b00000| Untracked 
|  60|0x0000000708c00000, 0x0000000708c00000, 0x0000000708d00000|  0%| F|  |TAMS 0x0000000708c00000, 0x0000000708c00000| Untracked 
|  61|0x0000000708d00000, 0x0000000708d00000, 0x0000000708e00000|  0%| F|  |TAMS 0x0000000708d00000, 0x0000000708d00000| Untracked 
|  62|0x0000000708e00000, 0x0000000708e00000, 0x0000000708f00000|  0%| F|  |TAMS 0x0000000708e00000, 0x0000000708e00000| Untracked 
|  63|0x0000000708f00000, 0x0000000708f00000, 0x0000000709000000|  0%| F|  |TAMS 0x0000000708f00000, 0x0000000708f00000| Untracked 
|  64|0x0000000709000000, 0x0000000709000000, 0x0000000709100000|  0%| F|  |TAMS 0x0000000709000000, 0x0000000709000000| Untracked 
|  65|0x0000000709100000, 0x0000000709100000, 0x0000000709200000|  0%| F|  |TAMS 0x0000000709100000, 0x0000000709100000| Untracked 
|  66|0x0000000709200000, 0x0000000709200000, 0x0000000709300000|  0%| F|  |TAMS 0x0000000709200000, 0x0000000709200000| Untracked 
|  67|0x0000000709300000, 0x0000000709300000, 0x0000000709400000|  0%| F|  |TAMS 0x0000000709300000, 0x0000000709300000| Untracked 
|  68|0x0000000709400000, 0x0000000709400000, 0x0000000709500000|  0%| F|  |TAMS 0x0000000709400000, 0x0000000709400000| Untracked 
|  69|0x0000000709500000, 0x0000000709500000, 0x0000000709600000|  0%| F|  |TAMS 0x0000000709500000, 0x0000000709500000| Untracked 
|  70|0x0000000709600000, 0x0000000709600000, 0x0000000709700000|  0%| F|  |TAMS 0x0000000709600000, 0x0000000709600000| Untracked 
|  71|0x0000000709700000, 0x0000000709700000, 0x0000000709800000|  0%| F|  |TAMS 0x0000000709700000, 0x0000000709700000| Untracked 
|  72|0x0000000709800000, 0x0000000709800000, 0x0000000709900000|  0%| F|  |TAMS 0x0000000709800000, 0x0000000709800000| Untracked 
|  73|0x0000000709900000, 0x0000000709900000, 0x0000000709a00000|  0%| F|  |TAMS 0x0000000709900000, 0x0000000709900000| Untracked 
|  74|0x0000000709a00000, 0x0000000709a00000, 0x0000000709b00000|  0%| F|  |TAMS 0x0000000709a00000, 0x0000000709a00000| Untracked 
|  75|0x0000000709b00000, 0x0000000709b00000, 0x0000000709c00000|  0%| F|  |TAMS 0x0000000709b00000, 0x0000000709b00000| Untracked 
|  76|0x0000000709c00000, 0x0000000709c00000, 0x0000000709d00000|  0%| F|  |TAMS 0x0000000709c00000, 0x0000000709c00000| Untracked 
|  77|0x0000000709d00000, 0x0000000709d00000, 0x0000000709e00000|  0%| F|  |TAMS 0x0000000709d00000, 0x0000000709d00000| Untracked 
|  78|0x0000000709e00000, 0x0000000709e00000, 0x0000000709f00000|  0%| F|  |TAMS 0x0000000709e00000, 0x0000000709e00000| Untracked 
|  79|0x0000000709f00000, 0x0000000709f00000, 0x000000070a000000|  0%| F|  |TAMS 0x0000000709f00000, 0x0000000709f00000| Untracked 
|  80|0x000000070a000000, 0x000000070a000000, 0x000000070a100000|  0%| F|  |TAMS 0x000000070a000000, 0x000000070a000000| Untracked 
|  81|0x000000070a100000, 0x000000070a100000, 0x000000070a200000|  0%| F|  |TAMS 0x000000070a100000, 0x000000070a100000| Untracked 
|  82|0x000000070a200000, 0x000000070a200000, 0x000000070a300000|  0%| F|  |TAMS 0x000000070a200000, 0x000000070a200000| Untracked 
|  83|0x000000070a300000, 0x000000070a300000, 0x000000070a400000|  0%| F|  |TAMS 0x000000070a300000, 0x000000070a300000| Untracked 
|  84|0x000000070a400000, 0x000000070a400000, 0x000000070a500000|  0%| F|  |TAMS 0x000000070a400000, 0x000000070a400000| Untracked 
|  85|0x000000070a500000, 0x000000070a500000, 0x000000070a600000|  0%| F|  |TAMS 0x000000070a500000, 0x000000070a500000| Untracked 
|  86|0x000000070a600000, 0x000000070a600000, 0x000000070a700000|  0%| F|  |TAMS 0x000000070a600000, 0x000000070a600000| Untracked 
|  87|0x000000070a700000, 0x000000070a700000, 0x000000070a800000|  0%| F|  |TAMS 0x000000070a700000, 0x000000070a700000| Untracked 
|  88|0x000000070a800000, 0x000000070a800000, 0x000000070a900000|  0%| F|  |TAMS 0x000000070a800000, 0x000000070a800000| Untracked 
|  89|0x000000070a900000, 0x000000070a900000, 0x000000070aa00000|  0%| F|  |TAMS 0x000000070a900000, 0x000000070a900000| Untracked 
|  90|0x000000070aa00000, 0x000000070aa00000, 0x000000070ab00000|  0%| F|  |TAMS 0x000000070aa00000, 0x000000070aa00000| Untracked 
|  91|0x000000070ab00000, 0x000000070ab00000, 0x000000070ac00000|  0%| F|  |TAMS 0x000000070ab00000, 0x000000070ab00000| Untracked 
|  92|0x000000070ac00000, 0x000000070ac7a3f0, 0x000000070ad00000| 47%| S|CS|TAMS 0x000000070ac00000, 0x000000070ac00000| Complete 
|  93|0x000000070ad00000, 0x000000070ad00000, 0x000000070ae00000|  0%| F|  |TAMS 0x000000070ad00000, 0x000000070ad00000| Untracked 
|  94|0x000000070ae00000, 0x000000070ae00000, 0x000000070af00000|  0%| F|  |TAMS 0x000000070ae00000, 0x000000070ae00000| Untracked 
|  95|0x000000070af00000, 0x000000070af00000, 0x000000070b000000|  0%| F|  |TAMS 0x000000070af00000, 0x000000070af00000| Untracked 
|  96|0x000000070b000000, 0x000000070b000000, 0x000000070b100000|  0%| F|  |TAMS 0x000000070b000000, 0x000000070b000000| Untracked 
|  97|0x000000070b100000, 0x000000070b100000, 0x000000070b200000|  0%| F|  |TAMS 0x000000070b100000, 0x000000070b100000| Untracked 
|  98|0x000000070b200000, 0x000000070b200000, 0x000000070b300000|  0%| F|  |TAMS 0x000000070b200000, 0x000000070b200000| Untracked 
|  99|0x000000070b300000, 0x000000070b300000, 0x000000070b400000|  0%| F|  |TAMS 0x000000070b300000, 0x000000070b300000| Untracked 
| 100|0x000000070b400000, 0x000000070b400000, 0x000000070b500000|  0%| F|  |TAMS 0x000000070b400000, 0x000000070b400000| Untracked 
| 101|0x000000070b500000, 0x000000070b600000, 0x000000070b600000|100%| S|CS|TAMS 0x000000070b500000, 0x000000070b500000| Complete 
| 102|0x000000070b600000, 0x000000070b700000, 0x000000070b700000|100%| S|CS|TAMS 0x000000070b600000, 0x000000070b600000| Complete 
| 103|0x000000070b700000, 0x000000070b800000, 0x000000070b800000|100%| S|CS|TAMS 0x000000070b700000, 0x000000070b700000| Complete 
| 104|0x000000070b800000, 0x000000070b900000, 0x000000070b900000|100%| S|CS|TAMS 0x000000070b800000, 0x000000070b800000| Complete 
| 105|0x000000070b900000, 0x000000070ba00000, 0x000000070ba00000|100%| S|CS|TAMS 0x000000070b900000, 0x000000070b900000| Complete 
| 106|0x000000070ba00000, 0x000000070bb00000, 0x000000070bb00000|100%| S|CS|TAMS 0x000000070ba00000, 0x000000070ba00000| Complete 
| 107|0x000000070bb00000, 0x000000070bc00000, 0x000000070bc00000|100%| S|CS|TAMS 0x000000070bb00000, 0x000000070bb00000| Complete 
| 108|0x000000070bc00000, 0x000000070bd00000, 0x000000070bd00000|100%| S|CS|TAMS 0x000000070bc00000, 0x000000070bc00000| Complete 
| 109|0x000000070bd00000, 0x000000070bd00000, 0x000000070be00000|  0%| F|  |TAMS 0x000000070bd00000, 0x000000070bd00000| Untracked 
| 110|0x000000070be00000, 0x000000070be00000, 0x000000070bf00000|  0%| F|  |TAMS 0x000000070be00000, 0x000000070be00000| Untracked 
| 111|0x000000070bf00000, 0x000000070bf00000, 0x000000070c000000|  0%| F|  |TAMS 0x000000070bf00000, 0x000000070bf00000| Untracked 
| 112|0x000000070c000000, 0x000000070c000000, 0x000000070c100000|  0%| F|  |TAMS 0x000000070c000000, 0x000000070c000000| Untracked 
| 113|0x000000070c100000, 0x000000070c100000, 0x000000070c200000|  0%| F|  |TAMS 0x000000070c100000, 0x000000070c100000| Untracked 
| 114|0x000000070c200000, 0x000000070c200000, 0x000000070c300000|  0%| F|  |TAMS 0x000000070c200000, 0x000000070c200000| Untracked 
| 115|0x000000070c300000, 0x000000070c300000, 0x000000070c400000|  0%| F|  |TAMS 0x000000070c300000, 0x000000070c300000| Untracked 
| 116|0x000000070c400000, 0x000000070c400000, 0x000000070c500000|  0%| F|  |TAMS 0x000000070c400000, 0x000000070c400000| Untracked 
| 117|0x000000070c500000, 0x000000070c500000, 0x000000070c600000|  0%| F|  |TAMS 0x000000070c500000, 0x000000070c500000| Untracked 
| 118|0x000000070c600000, 0x000000070c600000, 0x000000070c700000|  0%| F|  |TAMS 0x000000070c600000, 0x000000070c600000| Untracked 
| 119|0x000000070c700000, 0x000000070c700000, 0x000000070c800000|  0%| F|  |TAMS 0x000000070c700000, 0x000000070c700000| Untracked 
| 120|0x000000070c800000, 0x000000070c800000, 0x000000070c900000|  0%| F|  |TAMS 0x000000070c800000, 0x000000070c800000| Untracked 
| 121|0x000000070c900000, 0x000000070c900000, 0x000000070ca00000|  0%| F|  |TAMS 0x000000070c900000, 0x000000070c900000| Untracked 
| 122|0x000000070ca00000, 0x000000070ca00000, 0x000000070cb00000|  0%| F|  |TAMS 0x000000070ca00000, 0x000000070ca00000| Untracked 
| 123|0x000000070cb00000, 0x000000070cb00000, 0x000000070cc00000|  0%| F|  |TAMS 0x000000070cb00000, 0x000000070cb00000| Untracked 
| 124|0x000000070cc00000, 0x000000070cc00000, 0x000000070cd00000|  0%| F|  |TAMS 0x000000070cc00000, 0x000000070cc00000| Untracked 
| 125|0x000000070cd00000, 0x000000070cd00000, 0x000000070ce00000|  0%| F|  |TAMS 0x000000070cd00000, 0x000000070cd00000| Untracked 
| 126|0x000000070ce00000, 0x000000070ce00000, 0x000000070cf00000|  0%| F|  |TAMS 0x000000070ce00000, 0x000000070ce00000| Untracked 
| 127|0x000000070cf00000, 0x000000070cf00000, 0x000000070d000000|  0%| F|  |TAMS 0x000000070cf00000, 0x000000070cf00000| Untracked 
| 128|0x000000070d000000, 0x000000070d000000, 0x000000070d100000|  0%| F|  |TAMS 0x000000070d000000, 0x000000070d000000| Untracked 
| 129|0x000000070d100000, 0x000000070d100000, 0x000000070d200000|  0%| F|  |TAMS 0x000000070d100000, 0x000000070d100000| Untracked 
| 130|0x000000070d200000, 0x000000070d200000, 0x000000070d300000|  0%| F|  |TAMS 0x000000070d200000, 0x000000070d200000| Untracked 
| 131|0x000000070d300000, 0x000000070d300000, 0x000000070d400000|  0%| F|  |TAMS 0x000000070d300000, 0x000000070d300000| Untracked 
| 132|0x000000070d400000, 0x000000070d400000, 0x000000070d500000|  0%| F|  |TAMS 0x000000070d400000, 0x000000070d400000| Untracked 
| 133|0x000000070d500000, 0x000000070d500000, 0x000000070d600000|  0%| F|  |TAMS 0x000000070d500000, 0x000000070d500000| Untracked 
| 134|0x000000070d600000, 0x000000070d600000, 0x000000070d700000|  0%| F|  |TAMS 0x000000070d600000, 0x000000070d600000| Untracked 
| 135|0x000000070d700000, 0x000000070d700000, 0x000000070d800000|  0%| F|  |TAMS 0x000000070d700000, 0x000000070d700000| Untracked 
| 136|0x000000070d800000, 0x000000070d800000, 0x000000070d900000|  0%| F|  |TAMS 0x000000070d800000, 0x000000070d800000| Untracked 
| 137|0x000000070d900000, 0x000000070d900000, 0x000000070da00000|  0%| F|  |TAMS 0x000000070d900000, 0x000000070d900000| Untracked 
| 138|0x000000070da00000, 0x000000070da00000, 0x000000070db00000|  0%| F|  |TAMS 0x000000070da00000, 0x000000070da00000| Untracked 
| 139|0x000000070db00000, 0x000000070db00000, 0x000000070dc00000|  0%| F|  |TAMS 0x000000070db00000, 0x000000070db00000| Untracked 
| 140|0x000000070dc00000, 0x000000070dc00000, 0x000000070dd00000|  0%| F|  |TAMS 0x000000070dc00000, 0x000000070dc00000| Untracked 
| 141|0x000000070dd00000, 0x000000070dd00000, 0x000000070de00000|  0%| F|  |TAMS 0x000000070dd00000, 0x000000070dd00000| Untracked 
| 142|0x000000070de00000, 0x000000070de00000, 0x000000070df00000|  0%| F|  |TAMS 0x000000070de00000, 0x000000070de00000| Untracked 
| 143|0x000000070df00000, 0x000000070df00000, 0x000000070e000000|  0%| F|  |TAMS 0x000000070df00000, 0x000000070df00000| Untracked 
| 144|0x000000070e000000, 0x000000070e000000, 0x000000070e100000|  0%| F|  |TAMS 0x000000070e000000, 0x000000070e000000| Untracked 
| 145|0x000000070e100000, 0x000000070e100000, 0x000000070e200000|  0%| F|  |TAMS 0x000000070e100000, 0x000000070e100000| Untracked 
| 146|0x000000070e200000, 0x000000070e200000, 0x000000070e300000|  0%| F|  |TAMS 0x000000070e200000, 0x000000070e200000| Untracked 
| 147|0x000000070e300000, 0x000000070e300000, 0x000000070e400000|  0%| F|  |TAMS 0x000000070e300000, 0x000000070e300000| Untracked 
| 148|0x000000070e400000, 0x000000070e400000, 0x000000070e500000|  0%| F|  |TAMS 0x000000070e400000, 0x000000070e400000| Untracked 
| 149|0x000000070e500000, 0x000000070e500000, 0x000000070e600000|  0%| F|  |TAMS 0x000000070e500000, 0x000000070e500000| Untracked 
| 150|0x000000070e600000, 0x000000070e600000, 0x000000070e700000|  0%| F|  |TAMS 0x000000070e600000, 0x000000070e600000| Untracked 
| 151|0x000000070e700000, 0x000000070e700000, 0x000000070e800000|  0%| F|  |TAMS 0x000000070e700000, 0x000000070e700000| Untracked 
| 152|0x000000070e800000, 0x000000070e800000, 0x000000070e900000|  0%| F|  |TAMS 0x000000070e800000, 0x000000070e800000| Untracked 
| 153|0x000000070e900000, 0x000000070e900000, 0x000000070ea00000|  0%| F|  |TAMS 0x000000070e900000, 0x000000070e900000| Untracked 
| 154|0x000000070ea00000, 0x000000070ea00000, 0x000000070eb00000|  0%| F|  |TAMS 0x000000070ea00000, 0x000000070ea00000| Untracked 
| 155|0x000000070eb00000, 0x000000070eb00000, 0x000000070ec00000|  0%| F|  |TAMS 0x000000070eb00000, 0x000000070eb00000| Untracked 
| 156|0x000000070ec00000, 0x000000070ec00000, 0x000000070ed00000|  0%| F|  |TAMS 0x000000070ec00000, 0x000000070ec00000| Untracked 
| 157|0x000000070ed00000, 0x000000070ed00000, 0x000000070ee00000|  0%| F|  |TAMS 0x000000070ed00000, 0x000000070ed00000| Untracked 
| 158|0x000000070ee00000, 0x000000070ee00000, 0x000000070ef00000|  0%| F|  |TAMS 0x000000070ee00000, 0x000000070ee00000| Untracked 
| 159|0x000000070ef00000, 0x000000070ef00000, 0x000000070f000000|  0%| F|  |TAMS 0x000000070ef00000, 0x000000070ef00000| Untracked 
| 160|0x000000070f000000, 0x000000070f000000, 0x000000070f100000|  0%| F|  |TAMS 0x000000070f000000, 0x000000070f000000| Untracked 
| 161|0x000000070f100000, 0x000000070f100000, 0x000000070f200000|  0%| F|  |TAMS 0x000000070f100000, 0x000000070f100000| Untracked 
| 162|0x000000070f200000, 0x000000070f200000, 0x000000070f300000|  0%| F|  |TAMS 0x000000070f200000, 0x000000070f200000| Untracked 
| 163|0x000000070f300000, 0x000000070f300000, 0x000000070f400000|  0%| F|  |TAMS 0x000000070f300000, 0x000000070f300000| Untracked 
| 164|0x000000070f400000, 0x000000070f400000, 0x000000070f500000|  0%| F|  |TAMS 0x000000070f400000, 0x000000070f400000| Untracked 
| 165|0x000000070f500000, 0x000000070f500000, 0x000000070f600000|  0%| F|  |TAMS 0x000000070f500000, 0x000000070f500000| Untracked 
| 166|0x000000070f600000, 0x000000070f600000, 0x000000070f700000|  0%| F|  |TAMS 0x000000070f600000, 0x000000070f600000| Untracked 
| 167|0x000000070f700000, 0x000000070f700000, 0x000000070f800000|  0%| F|  |TAMS 0x000000070f700000, 0x000000070f700000| Untracked 
| 168|0x000000070f800000, 0x000000070f800000, 0x000000070f900000|  0%| F|  |TAMS 0x000000070f800000, 0x000000070f800000| Untracked 
| 169|0x000000070f900000, 0x000000070f900000, 0x000000070fa00000|  0%| F|  |TAMS 0x000000070f900000, 0x000000070f900000| Untracked 
| 170|0x000000070fa00000, 0x000000070fa00000, 0x000000070fb00000|  0%| F|  |TAMS 0x000000070fa00000, 0x000000070fa00000| Untracked 
| 171|0x000000070fb00000, 0x000000070fb00000, 0x000000070fc00000|  0%| F|  |TAMS 0x000000070fb00000, 0x000000070fb00000| Untracked 
| 172|0x000000070fc00000, 0x000000070fc00000, 0x000000070fd00000|  0%| F|  |TAMS 0x000000070fc00000, 0x000000070fc00000| Untracked 
| 173|0x000000070fd00000, 0x000000070fd00000, 0x000000070fe00000|  0%| F|  |TAMS 0x000000070fd00000, 0x000000070fd00000| Untracked 
| 174|0x000000070fe00000, 0x000000070fe00000, 0x000000070ff00000|  0%| F|  |TAMS 0x000000070fe00000, 0x000000070fe00000| Untracked 
| 175|0x000000070ff00000, 0x000000070ff00000, 0x0000000710000000|  0%| F|  |TAMS 0x000000070ff00000, 0x000000070ff00000| Untracked 
| 176|0x0000000710000000, 0x0000000710000000, 0x0000000710100000|  0%| F|  |TAMS 0x0000000710000000, 0x0000000710000000| Untracked 
| 177|0x0000000710100000, 0x0000000710100000, 0x0000000710200000|  0%| F|  |TAMS 0x0000000710100000, 0x0000000710100000| Untracked 
| 178|0x0000000710200000, 0x0000000710200000, 0x0000000710300000|  0%| F|  |TAMS 0x0000000710200000, 0x0000000710200000| Untracked 
| 179|0x0000000710300000, 0x0000000710300000, 0x0000000710400000|  0%| F|  |TAMS 0x0000000710300000, 0x0000000710300000| Untracked 
| 180|0x0000000710400000, 0x0000000710400000, 0x0000000710500000|  0%| F|  |TAMS 0x0000000710400000, 0x0000000710400000| Untracked 
| 181|0x0000000710500000, 0x0000000710500000, 0x0000000710600000|  0%| F|  |TAMS 0x0000000710500000, 0x0000000710500000| Untracked 
| 182|0x0000000710600000, 0x0000000710600000, 0x0000000710700000|  0%| F|  |TAMS 0x0000000710600000, 0x0000000710600000| Untracked 
| 183|0x0000000710700000, 0x0000000710700000, 0x0000000710800000|  0%| F|  |TAMS 0x0000000710700000, 0x0000000710700000| Untracked 
| 184|0x0000000710800000, 0x0000000710800000, 0x0000000710900000|  0%| F|  |TAMS 0x0000000710800000, 0x0000000710800000| Untracked 
| 185|0x0000000710900000, 0x0000000710900000, 0x0000000710a00000|  0%| F|  |TAMS 0x0000000710900000, 0x0000000710900000| Untracked 
| 186|0x0000000710a00000, 0x0000000710a00000, 0x0000000710b00000|  0%| F|  |TAMS 0x0000000710a00000, 0x0000000710a00000| Untracked 
| 187|0x0000000710b00000, 0x0000000710b00000, 0x0000000710c00000|  0%| F|  |TAMS 0x0000000710b00000, 0x0000000710b00000| Untracked 
| 188|0x0000000710c00000, 0x0000000710c00000, 0x0000000710d00000|  0%| F|  |TAMS 0x0000000710c00000, 0x0000000710c00000| Untracked 
| 189|0x0000000710d00000, 0x0000000710d00000, 0x0000000710e00000|  0%| F|  |TAMS 0x0000000710d00000, 0x0000000710d00000| Untracked 
| 190|0x0000000710e00000, 0x0000000710e00000, 0x0000000710f00000|  0%| F|  |TAMS 0x0000000710e00000, 0x0000000710e00000| Untracked 
| 191|0x0000000710f00000, 0x0000000710f00000, 0x0000000711000000|  0%| F|  |TAMS 0x0000000710f00000, 0x0000000710f00000| Untracked 
| 192|0x0000000711000000, 0x0000000711000000, 0x0000000711100000|  0%| F|  |TAMS 0x0000000711000000, 0x0000000711000000| Untracked 
| 193|0x0000000711100000, 0x0000000711100000, 0x0000000711200000|  0%| F|  |TAMS 0x0000000711100000, 0x0000000711100000| Untracked 
| 194|0x0000000711200000, 0x0000000711200000, 0x0000000711300000|  0%| F|  |TAMS 0x0000000711200000, 0x0000000711200000| Untracked 
| 195|0x0000000711300000, 0x0000000711300000, 0x0000000711400000|  0%| F|  |TAMS 0x0000000711300000, 0x0000000711300000| Untracked 
| 196|0x0000000711400000, 0x0000000711400000, 0x0000000711500000|  0%| F|  |TAMS 0x0000000711400000, 0x0000000711400000| Untracked 
| 197|0x0000000711500000, 0x0000000711500000, 0x0000000711600000|  0%| F|  |TAMS 0x0000000711500000, 0x0000000711500000| Untracked 
| 198|0x0000000711600000, 0x0000000711600000, 0x0000000711700000|  0%| F|  |TAMS 0x0000000711600000, 0x0000000711600000| Untracked 
| 199|0x0000000711700000, 0x0000000711700000, 0x0000000711800000|  0%| F|  |TAMS 0x0000000711700000, 0x0000000711700000| Untracked 
| 200|0x0000000711800000, 0x0000000711800000, 0x0000000711900000|  0%| F|  |TAMS 0x0000000711800000, 0x0000000711800000| Untracked 
| 201|0x0000000711900000, 0x0000000711900000, 0x0000000711a00000|  0%| F|  |TAMS 0x0000000711900000, 0x0000000711900000| Untracked 
| 202|0x0000000711a00000, 0x0000000711a00000, 0x0000000711b00000|  0%| F|  |TAMS 0x0000000711a00000, 0x0000000711a00000| Untracked 
| 203|0x0000000711b00000, 0x0000000711b00000, 0x0000000711c00000|  0%| F|  |TAMS 0x0000000711b00000, 0x0000000711b00000| Untracked 
| 204|0x0000000711c00000, 0x0000000711c00000, 0x0000000711d00000|  0%| F|  |TAMS 0x0000000711c00000, 0x0000000711c00000| Untracked 
| 205|0x0000000711d00000, 0x0000000711d00000, 0x0000000711e00000|  0%| F|  |TAMS 0x0000000711d00000, 0x0000000711d00000| Untracked 
| 206|0x0000000711e00000, 0x0000000711e00000, 0x0000000711f00000|  0%| F|  |TAMS 0x0000000711e00000, 0x0000000711e00000| Untracked 
| 207|0x0000000711f00000, 0x0000000711f00000, 0x0000000712000000|  0%| F|  |TAMS 0x0000000711f00000, 0x0000000711f00000| Untracked 
| 208|0x0000000712000000, 0x0000000712000000, 0x0000000712100000|  0%| F|  |TAMS 0x0000000712000000, 0x0000000712000000| Untracked 
| 209|0x0000000712100000, 0x0000000712100000, 0x0000000712200000|  0%| F|  |TAMS 0x0000000712100000, 0x0000000712100000| Untracked 
| 210|0x0000000712200000, 0x0000000712200000, 0x0000000712300000|  0%| F|  |TAMS 0x0000000712200000, 0x0000000712200000| Untracked 
| 211|0x0000000712300000, 0x0000000712300000, 0x0000000712400000|  0%| F|  |TAMS 0x0000000712300000, 0x0000000712300000| Untracked 
| 212|0x0000000712400000, 0x0000000712400000, 0x0000000712500000|  0%| F|  |TAMS 0x0000000712400000, 0x0000000712400000| Untracked 
| 213|0x0000000712500000, 0x0000000712500000, 0x0000000712600000|  0%| F|  |TAMS 0x0000000712500000, 0x0000000712500000| Untracked 
| 214|0x0000000712600000, 0x0000000712600000, 0x0000000712700000|  0%| F|  |TAMS 0x0000000712600000, 0x0000000712600000| Untracked 
| 215|0x0000000712700000, 0x0000000712700000, 0x0000000712800000|  0%| F|  |TAMS 0x0000000712700000, 0x0000000712700000| Untracked 
| 216|0x0000000712800000, 0x0000000712800000, 0x0000000712900000|  0%| F|  |TAMS 0x0000000712800000, 0x0000000712800000| Untracked 
| 217|0x0000000712900000, 0x0000000712900000, 0x0000000712a00000|  0%| F|  |TAMS 0x0000000712900000, 0x0000000712900000| Untracked 
| 218|0x0000000712a00000, 0x0000000712a00000, 0x0000000712b00000|  0%| F|  |TAMS 0x0000000712a00000, 0x0000000712a00000| Untracked 
| 219|0x0000000712b00000, 0x0000000712b00000, 0x0000000712c00000|  0%| F|  |TAMS 0x0000000712b00000, 0x0000000712b00000| Untracked 
| 220|0x0000000712c00000, 0x0000000712c00000, 0x0000000712d00000|  0%| F|  |TAMS 0x0000000712c00000, 0x0000000712c00000| Untracked 
| 221|0x0000000712d00000, 0x0000000712d00000, 0x0000000712e00000|  0%| F|  |TAMS 0x0000000712d00000, 0x0000000712d00000| Untracked 
| 222|0x0000000712e00000, 0x0000000712e00000, 0x0000000712f00000|  0%| F|  |TAMS 0x0000000712e00000, 0x0000000712e00000| Untracked 
| 223|0x0000000712f00000, 0x0000000712f00000, 0x0000000713000000|  0%| F|  |TAMS 0x0000000712f00000, 0x0000000712f00000| Untracked 
| 224|0x0000000713000000, 0x0000000713000000, 0x0000000713100000|  0%| F|  |TAMS 0x0000000713000000, 0x0000000713000000| Untracked 
| 225|0x0000000713100000, 0x0000000713100000, 0x0000000713200000|  0%| F|  |TAMS 0x0000000713100000, 0x0000000713100000| Untracked 
| 226|0x0000000713200000, 0x0000000713200000, 0x0000000713300000|  0%| F|  |TAMS 0x0000000713200000, 0x0000000713200000| Untracked 
| 227|0x0000000713300000, 0x0000000713300000, 0x0000000713400000|  0%| F|  |TAMS 0x0000000713300000, 0x0000000713300000| Untracked 
| 228|0x0000000713400000, 0x0000000713400000, 0x0000000713500000|  0%| F|  |TAMS 0x0000000713400000, 0x0000000713400000| Untracked 
| 229|0x0000000713500000, 0x0000000713500000, 0x0000000713600000|  0%| F|  |TAMS 0x0000000713500000, 0x0000000713500000| Untracked 
| 230|0x0000000713600000, 0x0000000713600000, 0x0000000713700000|  0%| F|  |TAMS 0x0000000713600000, 0x0000000713600000| Untracked 
| 231|0x0000000713700000, 0x0000000713700000, 0x0000000713800000|  0%| F|  |TAMS 0x0000000713700000, 0x0000000713700000| Untracked 
| 232|0x0000000713800000, 0x0000000713800000, 0x0000000713900000|  0%| F|  |TAMS 0x0000000713800000, 0x0000000713800000| Untracked 
| 233|0x0000000713900000, 0x0000000713900000, 0x0000000713a00000|  0%| F|  |TAMS 0x0000000713900000, 0x0000000713900000| Untracked 
| 234|0x0000000713a00000, 0x0000000713a00000, 0x0000000713b00000|  0%| F|  |TAMS 0x0000000713a00000, 0x0000000713a00000| Untracked 
| 235|0x0000000713b00000, 0x0000000713b00000, 0x0000000713c00000|  0%| F|  |TAMS 0x0000000713b00000, 0x0000000713b00000| Untracked 
| 236|0x0000000713c00000, 0x0000000713c00000, 0x0000000713d00000|  0%| F|  |TAMS 0x0000000713c00000, 0x0000000713c00000| Untracked 
| 237|0x0000000713d00000, 0x0000000713d00000, 0x0000000713e00000|  0%| F|  |TAMS 0x0000000713d00000, 0x0000000713d00000| Untracked 
| 238|0x0000000713e00000, 0x0000000713e00000, 0x0000000713f00000|  0%| F|  |TAMS 0x0000000713e00000, 0x0000000713e00000| Untracked 
| 239|0x0000000713f00000, 0x0000000713f00000, 0x0000000714000000|  0%| F|  |TAMS 0x0000000713f00000, 0x0000000713f00000| Untracked 
| 240|0x0000000714000000, 0x0000000714000000, 0x0000000714100000|  0%| F|  |TAMS 0x0000000714000000, 0x0000000714000000| Untracked 
| 241|0x0000000714100000, 0x0000000714100000, 0x0000000714200000|  0%| F|  |TAMS 0x0000000714100000, 0x0000000714100000| Untracked 
| 242|0x0000000714200000, 0x0000000714200000, 0x0000000714300000|  0%| F|  |TAMS 0x0000000714200000, 0x0000000714200000| Untracked 
| 243|0x0000000714300000, 0x0000000714300000, 0x0000000714400000|  0%| F|  |TAMS 0x0000000714300000, 0x0000000714300000| Untracked 
| 244|0x0000000714400000, 0x0000000714400000, 0x0000000714500000|  0%| F|  |TAMS 0x0000000714400000, 0x0000000714400000| Untracked 
| 245|0x0000000714500000, 0x0000000714500000, 0x0000000714600000|  0%| F|  |TAMS 0x0000000714500000, 0x0000000714500000| Untracked 
| 246|0x0000000714600000, 0x0000000714600000, 0x0000000714700000|  0%| F|  |TAMS 0x0000000714600000, 0x0000000714600000| Untracked 
| 247|0x0000000714700000, 0x0000000714700000, 0x0000000714800000|  0%| F|  |TAMS 0x0000000714700000, 0x0000000714700000| Untracked 
| 248|0x0000000714800000, 0x0000000714800000, 0x0000000714900000|  0%| F|  |TAMS 0x0000000714800000, 0x0000000714800000| Untracked 
| 249|0x0000000714900000, 0x0000000714900000, 0x0000000714a00000|  0%| F|  |TAMS 0x0000000714900000, 0x0000000714900000| Untracked 
| 250|0x0000000714a00000, 0x0000000714a00000, 0x0000000714b00000|  0%| F|  |TAMS 0x0000000714a00000, 0x0000000714a00000| Untracked 
| 251|0x0000000714b00000, 0x0000000714be4588, 0x0000000714c00000| 89%| E|  |TAMS 0x0000000714b00000, 0x0000000714b00000| Complete 

Card table byte_map: [0x0000011f3f180000,0x0000011f3f960000] _byte_map_base: 0x0000011f3b958000

Marking Bits (Prev, Next): (CMBitMap*) 0x0000011f26f2d578, (CMBitMap*) 0x0000011f26f2d5b0
 Prev Bits: [0x0000011f40140000, 0x0000011f44000000)
 Next Bits: [0x0000011f44000000, 0x0000011f47ec0000)

Polling page: 0x0000011f24d30000

Metaspace:

Usage:
  Non-class:     10.61 MB capacity,    10.23 MB ( 96%) used,   314.19 KB (  3%) free+waste,    76.69 KB ( <1%) overhead. 
      Class:      1.63 MB capacity,     1.27 MB ( 78%) used,   317.46 KB ( 19%) free+waste,    42.56 KB (  3%) overhead. 
       Both:     12.24 MB capacity,    11.50 MB ( 94%) used,   631.65 KB (  5%) free+waste,   119.25 KB ( <1%) overhead. 

Virtual space:
  Non-class space:       12.00 MB reserved,      10.75 MB ( 90%) committed 
      Class space:        1.00 GB reserved,       1.75 MB ( <1%) committed 
             Both:        1.01 GB reserved,      12.50 MB (  1%) committed 

Chunk freelists:
   Non-Class:  14.00 KB
       Class:  0 bytes
        Both:  14.00 KB

MaxMetaspaceSize: 17179869184.00 GB
CompressedClassSpaceSize: 1.00 GB
Initial GC threshold: 20.80 MB
Current GC threshold: 20.80 MB
CDS: on

CodeHeap 'non-profiled nmethods': size=120000Kb used=1692Kb max_used=1692Kb free=118307Kb
 bounds [0x0000011f37140000, 0x0000011f373b0000, 0x0000011f3e670000]
CodeHeap 'profiled nmethods': size=120000Kb used=5536Kb max_used=5536Kb free=114463Kb
 bounds [0x0000011f2fc10000, 0x0000011f30180000, 0x0000011f37140000]
CodeHeap 'non-nmethods': size=5760Kb used=1305Kb max_used=1345Kb free=4454Kb
 bounds [0x0000011f2f670000, 0x0000011f2f8e0000, 0x0000011f2fc10000]
 total_blobs=3217 nmethods=2617 adapters=511
 compilation: enabled
              stopped_count=0, restarted_count=0
 full_count=0

Compilation events (20 events):
Event: 27.405 Thread 0x0000011f4aa29800 2601       1       PaooGame.Main.Game::getMenu (5 bytes)
Event: 27.405 Thread 0x0000011f4aa29800 nmethod 2601 0x0000011f372e5f10 code [0x0000011f372e60c0, 0x0000011f372e6198]
Event: 27.449 Thread 0x0000011f4aa29800 2602       3       PaooGame.GameStates.State::isIn (16 bytes)
Event: 27.450 Thread 0x0000011f4aa29800 nmethod 2602 0x0000011f3016b810 code [0x0000011f3016b9e0, 0x0000011f3016bd48]
Event: 27.539 Thread 0x0000011f4aa20000 2603       4       javax.swing.JComponent::contains (27 bytes)
Event: 27.539 Thread 0x0000011f4aa20000 nmethod 2603 0x0000011f372e6210 code [0x0000011f372e63c0, 0x0000011f372e6538]
Event: 27.647 Thread 0x0000011f4aa29800 2604       3       sun.awt.WeakIdentityHashMap::get (19 bytes)
Event: 27.647 Thread 0x0000011f4aa29800 nmethod 2604 0x0000011f3016be90 code [0x0000011f3016c0e0, 0x0000011f3016cb78]
Event: 27.647 Thread 0x0000011f4aa29800 2605       3       sun.awt.WeakIdentityHashMap::getMap (31 bytes)
Event: 27.648 Thread 0x0000011f4aa29800 nmethod 2605 0x0000011f3016ce90 code [0x0000011f3016d080, 0x0000011f3016d678]
Event: 27.658 Thread 0x0000011f4aa29800 2606   !   3       sun.awt.GlobalCursorManager$NativeUpdater::run (43 bytes)
Event: 27.659 Thread 0x0000011f4aa29800 nmethod 2606 0x0000011f3016d890 code [0x0000011f3016da60, 0x0000011f3016de28]
Event: 27.689 Thread 0x0000011f4aa29800 2607       3       sun.awt.windows.WToolkit::showOrHideTouchKeyboard (199 bytes)
Event: 27.690 Thread 0x0000011f4aa29800 nmethod 2607 0x0000011f3016df10 code [0x0000011f3016e2e0, 0x0000011f301705d8]
Event: 28.089 Thread 0x0000011f4aa29800 2608       3       java.awt.LightweightDispatcher::processMouseEvent (265 bytes)
Event: 28.090 Thread 0x0000011f4aa29800 nmethod 2608 0x0000011f30170d10 code [0x0000011f30171040, 0x0000011f30172718]
Event: 28.506 Thread 0x0000011f4aa20000 2609       4       java.awt.Component::getFont_NoClientCode (29 bytes)
Event: 28.507 Thread 0x0000011f4aa20000 nmethod 2609 0x0000011f372e6710 code [0x0000011f372e68c0, 0x0000011f372e69a8]
Event: 28.533 Thread 0x0000011f4aa20000 2610       4       java.util.HashMap::put (13 bytes)
Event: 28.533 Thread 0x0000011f4aa20000 nmethod 2610 0x0000011f372e6a90 code [0x0000011f372e6c40, 0x0000011f372e6d88]

GC Heap History (20 events):
Event: 6.493 GC heap before
{Heap before GC invocations=2 (full 0):
 garbage-first heap   total 258048K, used 200636K [0x0000000705000000, 0x0000000800000000)
  region size 1024K, 151 young (154624K), 8 survivors (8192K)
 Metaspace       used 11168K, capacity 11866K, committed 12160K, reserved 1060864K
  class space    used 1265K, capacity 1601K, committed 1664K, reserved 1048576K
}
Event: 6.496 GC heap after
{Heap after GC invocations=3 (full 0):
 garbage-first heap   total 258048K, used 54704K [0x0000000705000000, 0x0000000800000000)
  region size 1024K, 9 young (9216K), 9 survivors (9216K)
 Metaspace       used 11168K, capacity 11866K, committed 12160K, reserved 1060864K
  class space    used 1265K, capacity 1601K, committed 1664K, reserved 1048576K
}
Event: 8.539 GC heap before
{Heap before GC invocations=3 (full 0):
 garbage-first heap   total 258048K, used 200112K [0x0000000705000000, 0x0000000800000000)
  region size 1024K, 151 young (154624K), 9 survivors (9216K)
 Metaspace       used 11366K, capacity 12103K, committed 12160K, reserved 1060864K
  class space    used 1285K, capacity 1633K, committed 1664K, reserved 1048576K
}
Event: 8.542 GC heap after
{Heap after GC invocations=4 (full 0):
 garbage-first heap   total 258048K, used 54574K [0x0000000705000000, 0x0000000800000000)
  region size 1024K, 9 young (9216K), 9 survivors (9216K)
 Metaspace       used 11366K, capacity 12103K, committed 12160K, reserved 1060864K
  class space    used 1285K, capacity 1633K, committed 1664K, reserved 1048576K
}
Event: 10.591 GC heap before
{Heap before GC invocations=4 (full 0):
 garbage-first heap   total 258048K, used 199982K [0x0000000705000000, 0x0000000800000000)
  region size 1024K, 151 young (154624K), 9 survivors (9216K)
 Metaspace       used 11424K, capacity 12171K, committed 12416K, reserved 1060864K
  class space    used 1285K, capacity 1633K, committed 1664K, reserved 1048576K
}
Event: 10.594 GC heap after
{Heap after GC invocations=5 (full 0):
 garbage-first heap   total 258048K, used 54272K [0x0000000705000000, 0x0000000800000000)
  region size 1024K, 8 young (8192K), 8 survivors (8192K)
 Metaspace       used 11424K, capacity 12171K, committed 12416K, reserved 1060864K
  class space    used 1285K, capacity 1633K, committed 1664K, reserved 1048576K
}
Event: 12.641 GC heap before
{Heap before GC invocations=5 (full 0):
 garbage-first heap   total 258048K, used 200704K [0x0000000705000000, 0x0000000800000000)
  region size 1024K, 151 young (154624K), 8 survivors (8192K)
 Metaspace       used 11441K, capacity 12171K, committed 12416K, reserved 1060864K
  class space    used 1285K, capacity 1633K, committed 1664K, reserved 1048576K
}
Event: 12.644 GC heap after
{Heap after GC invocations=6 (full 0):
 garbage-first heap   total 258048K, used 54524K [0x0000000705000000, 0x0000000800000000)
  region size 1024K, 9 young (9216K), 9 survivors (9216K)
 Metaspace       used 11441K, capacity 12171K, committed 12416K, reserved 1060864K
  class space    used 1285K, capacity 1633K, committed 1664K, reserved 1048576K
}
Event: 14.355 GC heap before
{Heap before GC invocations=6 (full 0):
 garbage-first heap   total 258048K, used 199932K [0x0000000705000000, 0x0000000800000000)
  region size 1024K, 151 young (154624K), 9 survivors (9216K)
 Metaspace       used 11456K, capacity 12235K, committed 12416K, reserved 1060864K
  class space    used 1285K, capacity 1633K, committed 1664K, reserved 1048576K
}
Event: 14.359 GC heap after
{Heap after GC invocations=7 (full 0):
 garbage-first heap   total 258048K, used 54519K [0x0000000705000000, 0x0000000800000000)
  region size 1024K, 9 young (9216K), 9 survivors (9216K)
 Metaspace       used 11456K, capacity 12235K, committed 12416K, reserved 1060864K
  class space    used 1285K, capacity 1633K, committed 1664K, reserved 1048576K
}
Event: 15.861 GC heap before
{Heap before GC invocations=7 (full 0):
 garbage-first heap   total 258048K, used 199927K [0x0000000705000000, 0x0000000800000000)
  region size 1024K, 151 young (154624K), 9 survivors (9216K)
 Metaspace       used 11459K, capacity 12235K, committed 12416K, reserved 1060864K
  class space    used 1285K, capacity 1633K, committed 1664K, reserved 1048576K
}
Event: 15.865 GC heap after
{Heap after GC invocations=8 (full 0):
 garbage-first heap   total 258048K, used 55248K [0x0000000705000000, 0x0000000800000000)
  region size 1024K, 9 young (9216K), 9 survivors (9216K)
 Metaspace       used 11459K, capacity 12235K, committed 12416K, reserved 1060864K
  class space    used 1285K, capacity 1633K, committed 1664K, reserved 1048576K
}
Event: 17.674 GC heap before
{Heap before GC invocations=8 (full 0):
 garbage-first heap   total 258048K, used 200656K [0x0000000705000000, 0x0000000800000000)
  region size 1024K, 151 young (154624K), 9 survivors (9216K)
 Metaspace       used 11534K, capacity 12299K, committed 12416K, reserved 1060864K
  class space    used 1285K, capacity 1633K, committed 1664K, reserved 1048576K
}
Event: 17.677 GC heap after
{Heap after GC invocations=9 (full 0):
 garbage-first heap   total 258048K, used 54683K [0x0000000705000000, 0x0000000800000000)
  region size 1024K, 9 young (9216K), 9 survivors (9216K)
 Metaspace       used 11534K, capacity 12299K, committed 12416K, reserved 1060864K
  class space    used 1285K, capacity 1633K, committed 1664K, reserved 1048576K
}
Event: 19.692 GC heap before
{Heap before GC invocations=9 (full 0):
 garbage-first heap   total 258048K, used 200091K [0x0000000705000000, 0x0000000800000000)
  region size 1024K, 151 young (154624K), 9 survivors (9216K)
 Metaspace       used 11663K, capacity 12454K, committed 12800K, reserved 1060864K
  class space    used 1304K, capacity 1665K, committed 1792K, reserved 1048576K
}
Event: 19.696 GC heap after
{Heap after GC invocations=10 (full 0):
 garbage-first heap   total 258048K, used 54420K [0x0000000705000000, 0x0000000800000000)
  region size 1024K, 9 young (9216K), 9 survivors (9216K)
 Metaspace       used 11663K, capacity 12454K, committed 12800K, reserved 1060864K
  class space    used 1304K, capacity 1665K, committed 1792K, reserved 1048576K
}
Event: 21.790 GC heap before
{Heap before GC invocations=10 (full 0):
 garbage-first heap   total 258048K, used 199828K [0x0000000705000000, 0x0000000800000000)
  region size 1024K, 151 young (154624K), 9 survivors (9216K)
 Metaspace       used 11703K, capacity 12454K, committed 12800K, reserved 1060864K
  class space    used 1304K, capacity 1665K, committed 1792K, reserved 1048576K
}
Event: 21.793 GC heap after
{Heap after GC invocations=11 (full 0):
 garbage-first heap   total 258048K, used 54896K [0x0000000705000000, 0x0000000800000000)
  region size 1024K, 9 young (9216K), 9 survivors (9216K)
 Metaspace       used 11703K, capacity 12454K, committed 12800K, reserved 1060864K
  class space    used 1304K, capacity 1665K, committed 1792K, reserved 1048576K
}
Event: 23.981 GC heap before
{Heap before GC invocations=11 (full 0):
 garbage-first heap   total 258048K, used 200304K [0x0000000705000000, 0x0000000800000000)
  region size 1024K, 151 young (154624K), 9 survivors (9216K)
 Metaspace       used 11733K, capacity 12523K, committed 12800K, reserved 1060864K
  class space    used 1304K, capacity 1665K, committed 1792K, reserved 1048576K
}
Event: 23.985 GC heap after
{Heap after GC invocations=12 (full 0):
 garbage-first heap   total 258048K, used 54192K [0x0000000705000000, 0x0000000800000000)
  region size 1024K, 8 young (8192K), 8 survivors (8192K)
 Metaspace       used 11733K, capacity 12523K, committed 12800K, reserved 1060864K
  class space    used 1304K, capacity 1665K, committed 1792K, reserved 1048576K
}

Deoptimization events (20 events):
Event: 19.495 Thread 0x0000011f4cb71000 Uncommon trap: trap_request=0xffffff4d fr.pc=0x0000011f371ffccc relative=0x000000000000208c
Event: 19.495 Thread 0x0000011f4cb71000 Uncommon trap: reason=unstable_if action=reinterpret pc=0x0000011f371ffccc method=java.lang.invoke.InvokerBytecodeGenerator.loadInsnOpcode(Ljava/lang/invoke/LambdaForm$BasicType;)I @ 8 c2
Event: 19.495 Thread 0x0000011f4cb71000 DEOPT PACKING pc=0x0000011f371ffccc sp=0x00000003644f6950
Event: 19.495 Thread 0x0000011f4cb71000 DEOPT UNPACKING pc=0x0000011f2f6ba1af sp=0x00000003644f6848 mode 2
Event: 19.774 Thread 0x0000011f4cb71000 DEOPT PACKING pc=0x0000011f30117934 sp=0x00000003644fae60
Event: 19.774 Thread 0x0000011f4cb71000 DEOPT UNPACKING pc=0x0000011f2f6ba95e sp=0x00000003644fa328 mode 0
Event: 20.487 Thread 0x0000011f26ec7000 Uncommon trap: trap_request=0xffffff4d fr.pc=0x0000011f372bcae4 relative=0x0000000000000444
Event: 20.487 Thread 0x0000011f26ec7000 Uncommon trap: reason=unstable_if action=reinterpret pc=0x0000011f372bcae4 method=PaooGame.Graphics.HelpMethods.IsSolid(FF[[II)Z @ 260 c2
Event: 20.487 Thread 0x0000011f26ec7000 DEOPT PACKING pc=0x0000011f372bcae4 sp=0x00000003628fee50
Event: 20.487 Thread 0x0000011f26ec7000 DEOPT UNPACKING pc=0x0000011f2f6ba1af sp=0x00000003628fedb8 mode 2
Event: 23.498 Thread 0x0000011f4cb71000 DEOPT PACKING pc=0x0000011f2fe5ad1b sp=0x00000003644faac0
Event: 23.498 Thread 0x0000011f4cb71000 DEOPT UNPACKING pc=0x0000011f2f6ba95e sp=0x00000003644f9f30 mode 0
Event: 24.761 Thread 0x0000011f4e032800 Uncommon trap: trap_request=0xffffff4d fr.pc=0x0000011f372c6378 relative=0x00000000000000b8
Event: 24.761 Thread 0x0000011f4e032800 Uncommon trap: reason=unstable_if action=reinterpret pc=0x0000011f372c6378 method=PaooGame.Entities.Player.updateAnimationTick()V @ 14 c2
Event: 24.761 Thread 0x0000011f4e032800 DEOPT PACKING pc=0x0000011f372c6378 sp=0x00000003645ff320
Event: 24.761 Thread 0x0000011f4e032800 DEOPT UNPACKING pc=0x0000011f2f6ba1af sp=0x00000003645ff2b0 mode 2
Event: 26.909 Thread 0x0000011f4cb71000 Uncommon trap: trap_request=0xffffff4d fr.pc=0x0000011f372c3170 relative=0x0000000000000150
Event: 26.909 Thread 0x0000011f4cb71000 Uncommon trap: reason=unstable_if action=reinterpret pc=0x0000011f372c3170 method=java.util.concurrent.locks.ReentrantLock$Sync.nonfairTryAcquire(I)Z @ 10 c2
Event: 26.909 Thread 0x0000011f4cb71000 DEOPT PACKING pc=0x0000011f372c3170 sp=0x00000003644fd510
Event: 26.909 Thread 0x0000011f4cb71000 DEOPT UNPACKING pc=0x0000011f2f6ba1af sp=0x00000003644fd388 mode 2

Classes redefined (0 events):
No events

Internal exceptions (20 events):
Event: 1.194 Thread 0x0000011f26ec7000 Exception <a 'java/lang/NoSuchMethodError'{0x000000070f6a3188}: 'java.lang.Object java.lang.invoke.DirectMethodHandle$Holder.invokeStatic(java.lang.Object, java.lang.Object, java.lang.Object, java.lang.Object, java.lang.Object, java.lang.Object, java.lang.Object, java.lang.Object, java.lang.Object, java.lang.Object, java.lang.Object, int)'> (0x000000070f6a3188) thrown at [s\src\hotspot\share\interpreter\linkResolver.cpp, line 773]
Event: 1.195 Thread 0x0000011f26ec7000 Exception <a 'java/lang/NoSuchMethodError'{0x000000070f6c40a0}: 'java.lang.Object java.lang.invoke.DirectMethodHandle$Holder.invokeStatic(java.lang.Object, java.lang.Object, java.lang.Object, java.lang.Object, java.lang.Object, java.lang.Object, java.lang.Object, java.lang.Object, java.lang.Object, java.lang.Object, java.lang.Object, int, int)'> (0x000000070f6c40a0) thrown at [s\src\hotspot\share\interpreter\linkResolver.cpp, line 773]
Event: 1.197 Thread 0x0000011f26ec7000 Exception <a 'java/lang/NoSuchMethodError'{0x000000070f6e3038}: 'java.lang.Object java.lang.invoke.DirectMethodHandle$Holder.invokeStatic(java.lang.Object, java.lang.Object, java.lang.Object, java.lang.Object, java.lang.Object, java.lang.Object, java.lang.Object, java.lang.Object, java.lang.Object, java.lang.Object, java.lang.Object, int, int, java.lang.Object)'> (0x000000070f6e3038) thrown at [s\src\hotspot\share\interpreter\linkResolver.cpp, line 773]
Event: 1.197 Thread 0x0000011f26ec7000 Exception <a 'java/lang/NoSuchMethodError'{0x000000070f6ef090}: 'java.lang.Object java.lang.invoke.Invokers$Holder.linkToTargetMethod(java.lang.Object, int, java.lang.Object)'> (0x000000070f6ef090) thrown at [s\src\hotspot\share\interpreter\linkResolver.cpp, line 773]
Event: 3.606 Thread 0x0000011f4e032800 Exception <a 'java/lang/NoSuchMethodError'{0x000000070f558a60}: 'java.lang.Object java.lang.invoke.DirectMethodHandle$Holder.invokeStatic(java.lang.Object, java.lang.Object, java.lang.Object, java.lang.Object, java.lang.Object, java.lang.Object, java.lang.Object, java.lang.Object, java.lang.Object, java.lang.Object, java.lang.Object, java.lang.Object, java.lang.Object, int, int, java.lang.Object)'> (0x000000070f558a60) thrown at [s\src\hotspot\share\interpreter\linkResolver.cpp, line 773]
Event: 3.629 Thread 0x0000011f26ec7000 Exception <a 'java/lang/NoSuchMethodError'{0x000000070eedf9c0}: 'java.lang.Object java.lang.invoke.DirectMethodHandle$Holder.invokeSpecial(java.lang.Object, java.lang.Object, int, int, int, int, int, int, int)'> (0x000000070eedf9c0) thrown at [s\src\hotspot\share\interpreter\linkResolver.cpp, line 773]
Event: 3.629 Thread 0x0000011f26ec7000 Exception <a 'java/lang/NoSuchMethodError'{0x000000070eee2d78}: 'java.lang.Object java.lang.invoke.DelegatingMethodHandle$Holder.reinvoke_L(java.lang.Object, int, int, int, int, int, int, int)'> (0x000000070eee2d78) thrown at [s\src\hotspot\share\interpreter\linkResolver.cpp, line 773]
Event: 3.632 Thread 0x0000011f26ec7000 Exception <a 'java/lang/NoSuchMethodError'{0x000000070ed30ce8}: 'java.lang.Object java.lang.invoke.DirectMethodHandle$Holder.invokeSpecial(java.lang.Object, java.lang.Object, int, int, int, int, int)'> (0x000000070ed30ce8) thrown at [s\src\hotspot\share\interpreter\linkResolver.cpp, line 773]
Event: 3.632 Thread 0x0000011f4e032800 Exception <a 'java/lang/NoSuchMethodError'{0x000000070ee6cff0}: 'java.lang.Object java.lang.invoke.DirectMethodHandle$Holder.invokeSpecial(java.lang.Object, java.lang.Object, int, int, int, int, int)'> (0x000000070ee6cff0) thrown at [s\src\hotspot\share\interpreter\linkResolver.cpp, line 773]
Event: 3.634 Thread 0x0000011f4e032800 Exception <a 'java/lang/NoSuchMethodError'{0x000000070ee6fca8}: 'java.lang.Object java.lang.invoke.Invokers$Holder.linkToTargetMethod(int, int, int, int, int, java.lang.Object)'> (0x000000070ee6fca8) thrown at [s\src\hotspot\share\interpreter\linkResolver.cpp, line 773]
Event: 3.642 Thread 0x0000011f26ec7000 Exception <a 'java/lang/NoSuchMethodError'{0x000000070ec1b600}: 'java.lang.Object java.lang.invoke.DirectMethodHandle$Holder.invokeSpecial(java.lang.Object, java.lang.Object, int, int, java.lang.Object, java.lang.Object, java.lang.Object, java.lang.Object, java.lang.Object)'> (0x000000070ec1b600) thrown at [s\src\hotspot\share\interpreter\linkResolver.cpp, line 773]
Event: 3.642 Thread 0x0000011f4e032800 Exception <a 'java/lang/NoSuchMethodError'{0x000000070eda2000}: 'java.lang.Object java.lang.invoke.DirectMethodHandle$Holder.invokeSpecial(java.lang.Object, java.lang.Object, int, int, java.lang.Object, java.lang.Object, java.lang.Object, java.lang.Object, java.lang.Object)'> (0x000000070eda2000) thrown at [s\src\hotspot\share\interpreter\linkResolver.cpp, line 773]
Event: 3.642 Thread 0x0000011f4e032800 Exception <a 'java/lang/NoSuchMethodError'{0x000000070eda59e8}: 'java.lang.Object java.lang.invoke.DelegatingMethodHandle$Holder.reinvoke_L(java.lang.Object, int, int, java.lang.Object, java.lang.Object, java.lang.Object, java.lang.Object, java.lang.Object)'> (0x000000070eda59e8) thrown at [s\src\hotspot\share\interpreter\linkResolver.cpp, line 773]
Event: 3.643 Thread 0x0000011f26ec7000 Exception <a 'java/lang/NoSuchMethodError'{0x000000070ec1ef70}: 'java.lang.Object java.lang.invoke.DelegatingMethodHandle$Holder.reinvoke_L(java.lang.Object, int, int, java.lang.Object, java.lang.Object, java.lang.Object, java.lang.Object, java.lang.Object)'> (0x000000070ec1ef70) thrown at [s\src\hotspot\share\interpreter\linkResolver.cpp, line 773]
Event: 3.646 Thread 0x0000011f26ec7000 Exception <a 'java/lang/NoSuchMethodError'{0x000000070ec6dfa8}: 'java.lang.Object java.lang.invoke.Invokers$Holder.linkToTargetMethod(java.lang.Object, java.lang.Object, java.lang.Object, java.lang.Object, java.lang.Object, java.lang.Object)'> (0x000000070ec6dfa8) thrown at [s\src\hotspot\share\interpreter\linkResolver.cpp, line 773]
Event: 3.646 Thread 0x0000011f4e032800 Exception <a 'java/lang/NoSuchMethodError'{0x000000070ec8cdd0}: 'java.lang.Object java.lang.invoke.Invokers$Holder.linkToTargetMethod(java.lang.Object, java.lang.Object, java.lang.Object, java.lang.Object, java.lang.Object, java.lang.Object)'> (0x000000070ec8cdd0) thrown at [s\src\hotspot\share\interpreter\linkResolver.cpp, line 773]
Event: 3.662 Thread 0x0000011f4cb71000 Exception <a 'java/lang/NoSuchMethodError'{0x000000070ebbbbc8}: 'java.lang.Object java.lang.invoke.DirectMethodHandle$Holder.invokeStatic(java.lang.Object, java.lang.Object, java.lang.Object, java.lang.Object, java.lang.Object, java.lang.Object, java.lang.Object, java.lang.Object, java.lang.Object, java.lang.Object, java.lang.Object, int, int, java.lang.Object, java.lang.Object)'> (0x000000070ebbbbc8) thrown at [s\src\hotspot\share\interpreter\linkResolver.cpp, line 773]
Event: 16.716 Thread 0x0000011f4cb71000 Implicit null exception at 0x0000011f3726cbcb to 0x0000011f3726e828
Event: 19.494 Thread 0x0000011f4cb71000 Exception <a 'java/lang/NoSuchMethodError'{0x000000070cbf6298}: 'java.lang.Object java.lang.invoke.DirectMethodHandle$Holder.invokeSpecial(java.lang.Object, java.lang.Object, int, int, int, int, java.lang.Object, java.lang.Object)'> (0x000000070cbf6298) thrown at [s\src\hotspot\share\interpreter\linkResolver.cpp, line 773]
Event: 19.494 Thread 0x0000011f4cb71000 Exception <a 'java/lang/NoSuchMethodError'{0x000000070cbf97d0}: 'java.lang.Object java.lang.invoke.DelegatingMethodHandle$Holder.reinvoke_L(java.lang.Object, int, int, int, int, java.lang.Object, java.lang.Object)'> (0x000000070cbf97d0) thrown at [s\src\hotspot\share\interpreter\linkResolver.cpp, line 773]

Events (20 events):
Event: 19.692 Executing VM operation: G1CollectForAllocation
Event: 19.696 Executing VM operation: G1CollectForAllocation done
Event: 19.696 Executing VM operation: RevokeBias
Event: 19.696 Executing VM operation: RevokeBias done
Event: 19.696 Executing VM operation: RevokeBias
Event: 19.696 Executing VM operation: RevokeBias done
Event: 19.696 Executing VM operation: RevokeBias
Event: 19.696 Executing VM operation: RevokeBias done
Event: 19.696 Executing VM operation: RevokeBias
Event: 19.697 Executing VM operation: RevokeBias done
Event: 19.697 Executing VM operation: RevokeBias
Event: 19.697 Executing VM operation: RevokeBias done
Event: 21.790 Executing VM operation: G1CollectForAllocation
Event: 21.793 Executing VM operation: G1CollectForAllocation done
Event: 22.484 loading class java/awt/event/MouseWheelEvent
Event: 22.484 loading class java/awt/event/MouseWheelEvent done
Event: 23.981 Executing VM operation: G1CollectForAllocation
Event: 23.985 Executing VM operation: G1CollectForAllocation done
Event: 28.533 Executing VM operation: RevokeBias
Event: 28.533 Executing VM operation: RevokeBias done


Dynamic libraries:
0x00007ff7af1c0000 - 0x00007ff7af1ce000 	C:\Users\Bianca\.jdks\ms-11.0.26\bin\java.exe
0x00007ffe1f190000 - 0x00007ffe1f3a7000 	C:\WINDOWS\SYSTEM32\ntdll.dll
0x00007ffe1d500000 - 0x00007ffe1d5c4000 	C:\WINDOWS\System32\KERNEL32.DLL
0x00007ffe1ca40000 - 0x00007ffe1ce13000 	C:\WINDOWS\System32\KERNELBASE.dll
0x00007ffe1c4f0000 - 0x00007ffe1c601000 	C:\WINDOWS\System32\ucrtbase.dll
0x00007ffe128c0000 - 0x00007ffe128dd000 	C:\Users\Bianca\.jdks\ms-11.0.26\bin\VCRUNTIME140.dll
0x00007ffe128e0000 - 0x00007ffe128f7000 	C:\Users\Bianca\.jdks\ms-11.0.26\bin\jli.dll
0x00007ffe1dc80000 - 0x00007ffe1de31000 	C:\WINDOWS\System32\USER32.dll
0x00007ffdff340000 - 0x00007ffdff5db000 	C:\WINDOWS\WinSxS\amd64_microsoft.windows.common-controls_6595b64144ccf1df_6.0.22621.5262_none_2712bde373830908\COMCTL32.dll
0x00007ffe1c8b0000 - 0x00007ffe1c8d6000 	C:\WINDOWS\System32\win32u.dll
0x00007ffe1db80000 - 0x00007ffe1dc27000 	C:\WINDOWS\System32\msvcrt.dll
0x00007ffe1f0c0000 - 0x00007ffe1f0e9000 	C:\WINDOWS\System32\GDI32.dll
0x00007ffe1c280000 - 0x00007ffe1c3a2000 	C:\WINDOWS\System32\gdi32full.dll
0x00007ffe1c8e0000 - 0x00007ffe1c97a000 	C:\WINDOWS\System32\msvcp_win.dll
0x00007ffe1dc30000 - 0x00007ffe1dc61000 	C:\WINDOWS\System32\IMM32.DLL
0x00007ffe14750000 - 0x00007ffe1475c000 	C:\Users\Bianca\.jdks\ms-11.0.26\bin\vcruntime140_1.dll
0x00007ffe097b0000 - 0x00007ffe0983d000 	C:\Users\Bianca\.jdks\ms-11.0.26\bin\msvcp140.dll
0x00007ffd5e1e0000 - 0x00007ffd5edb7000 	C:\Users\Bianca\.jdks\ms-11.0.26\bin\server\jvm.dll
0x00007ffe1e010000 - 0x00007ffe1e0c1000 	C:\WINDOWS\System32\ADVAPI32.dll
0x00007ffe1f010000 - 0x00007ffe1f0b7000 	C:\WINDOWS\System32\sechost.dll
0x00007ffe1c690000 - 0x00007ffe1c6b8000 	C:\WINDOWS\System32\bcrypt.dll
0x00007ffe1ceb0000 - 0x00007ffe1cfc4000 	C:\WINDOWS\System32\RPCRT4.dll
0x00007ffe1e0d0000 - 0x00007ffe1e141000 	C:\WINDOWS\System32\WS2_32.dll
0x00007ffe10b90000 - 0x00007ffe10b9a000 	C:\WINDOWS\SYSTEM32\VERSION.dll
0x00007ffe11ba0000 - 0x00007ffe11bd4000 	C:\WINDOWS\SYSTEM32\WINMM.dll
0x00007ffe1b2c0000 - 0x00007ffe1b2d8000 	C:\WINDOWS\SYSTEM32\kernel.appcore.dll
0x00007ffe14530000 - 0x00007ffe14540000 	C:\Users\Bianca\.jdks\ms-11.0.26\bin\verify.dll
0x00007ffe19d20000 - 0x00007ffe19f52000 	C:\WINDOWS\SYSTEM32\DBGHELP.DLL
0x00007ffe1eb60000 - 0x00007ffe1eef3000 	C:\WINDOWS\System32\combase.dll
0x00007ffe1e150000 - 0x00007ffe1e227000 	C:\WINDOWS\System32\OLEAUT32.dll
0x00007ffdf61f0000 - 0x00007ffdf6222000 	C:\WINDOWS\SYSTEM32\dbgcore.DLL
0x00007ffe1c830000 - 0x00007ffe1c8ab000 	C:\WINDOWS\System32\bcryptPrimitives.dll
0x00007ffe125e0000 - 0x00007ffe12608000 	C:\Users\Bianca\.jdks\ms-11.0.26\bin\java.dll
0x00007ffe14500000 - 0x00007ffe1450a000 	C:\Users\Bianca\.jdks\ms-11.0.26\bin\jimage.dll
0x00007ffe12a00000 - 0x00007ffe12a0e000 	C:\Users\Bianca\.jdks\ms-11.0.26\bin\instrument.dll
0x00007ffe128a0000 - 0x00007ffe128b8000 	C:\Users\Bianca\.jdks\ms-11.0.26\bin\zip.dll
0x00007ffe1e260000 - 0x00007ffe1eafd000 	C:\WINDOWS\System32\SHELL32.dll
0x00007ffe1c3b0000 - 0x00007ffe1c4ef000 	C:\WINDOWS\System32\wintypes.dll
0x00007ffe1a1c0000 - 0x00007ffe1aadd000 	C:\WINDOWS\SYSTEM32\windows.storage.dll
0x00007ffe1cfd0000 - 0x00007ffe1d0db000 	C:\WINDOWS\System32\SHCORE.dll
0x00007ffe1de40000 - 0x00007ffe1dea6000 	C:\WINDOWS\System32\shlwapi.dll
0x00007ffe1c1b0000 - 0x00007ffe1c1db000 	C:\WINDOWS\SYSTEM32\profapi.dll
0x00007ffe125c0000 - 0x00007ffe125da000 	C:\Users\Bianca\.jdks\ms-11.0.26\bin\net.dll
0x00007ffe157c0000 - 0x00007ffe158ec000 	C:\WINDOWS\SYSTEM32\WINHTTP.dll
0x00007ffe1b740000 - 0x00007ffe1b7aa000 	C:\WINDOWS\system32\mswsock.dll
0x00007ffe12430000 - 0x00007ffe12442000 	C:\Users\Bianca\.jdks\ms-11.0.26\bin\nio.dll
0x00007ffe05a20000 - 0x00007ffe05a3a000 	C:\Program Files\JetBrains\IntelliJ IDEA Community Edition 2024.3.3\bin\breakgen64.dll
0x00007ffdc16a0000 - 0x00007ffdc1822000 	C:\Users\Bianca\.jdks\ms-11.0.26\bin\awt.dll
0x00007ffe14a70000 - 0x00007ffe14b07000 	C:\WINDOWS\SYSTEM32\apphelp.dll
0x00007ffe1b990000 - 0x00007ffe1b9ab000 	C:\WINDOWS\SYSTEM32\CRYPTSP.dll
0x00007ffe1b220000 - 0x00007ffe1b257000 	C:\WINDOWS\system32\rsaenh.dll
0x00007ffe1b830000 - 0x00007ffe1b858000 	C:\WINDOWS\SYSTEM32\USERENV.dll
0x00007ffe1b9b0000 - 0x00007ffe1b9bc000 	C:\WINDOWS\SYSTEM32\CRYPTBASE.dll
0x00007ffe1ad80000 - 0x00007ffe1adad000 	C:\WINDOWS\SYSTEM32\IPHLPAPI.DLL
0x00007ffe1dc70000 - 0x00007ffe1dc79000 	C:\WINDOWS\System32\NSI.dll
0x00007ffe154b0000 - 0x00007ffe154c9000 	C:\WINDOWS\SYSTEM32\dhcpcsvc6.DLL
0x00007ffe14d50000 - 0x00007ffe14d6f000 	C:\WINDOWS\SYSTEM32\dhcpcsvc.DLL
0x00007ffe1adb0000 - 0x00007ffe1aea8000 	C:\WINDOWS\SYSTEM32\DNSAPI.dll
0x00007ffdeacd0000 - 0x00007ffdeacfe000 	C:\Users\Bianca\.jdks\ms-11.0.26\bin\javajpeg.dll
0x000000006d580000 - 0x000000006d63d000 	C:\Users\Bianca\AppData\Local\Temp\sqlite-3.8.11.2-2e3af81e-044e-419a-9a69-4dd935752fad-sqlitejdbc.dll
0x00007ffe16d10000 - 0x00007ffe16dc3000 	C:\WINDOWS\system32\uxtheme.dll
0x00007ffe1deb0000 - 0x00007ffe1e00e000 	C:\WINDOWS\System32\MSCTF.dll
0x00007ffe1d0e0000 - 0x00007ffe1d281000 	C:\WINDOWS\System32\ole32.dll
0x00007ffe16fa0000 - 0x00007ffe16fce000 	C:\WINDOWS\system32\DWMAPI.DLL
0x00007ffdc1970000 - 0x00007ffdc1a70000 	C:\WINDOWS\system32\opengl32.dll
0x00007ffe08df0000 - 0x00007ffe08e1d000 	C:\WINDOWS\SYSTEM32\GLU32.dll
0x00007ffe16e50000 - 0x00007ffe16e87000 	C:\WINDOWS\SYSTEM32\dxcore.dll
0x00007ffdc1610000 - 0x00007ffdc1697000 	C:\Users\Bianca\.jdks\ms-11.0.26\bin\freetype.dll
0x00007ffda5e60000 - 0x00007ffda5f42000 	C:\Users\Bianca\.jdks\ms-11.0.26\bin\fontmanager.dll
0x00007ffdfe850000 - 0x00007ffdfe993000 	C:\WINDOWS\SYSTEM32\textinputframework.dll
0x00007ffe143b0000 - 0x00007ffe144e5000 	C:\WINDOWS\SYSTEM32\CoreMessaging.dll
0x00007ffe10c70000 - 0x00007ffe10fdc000 	C:\WINDOWS\SYSTEM32\CoreUIComponents.dll
0x00007ffdf94b0000 - 0x00007ffdf951d000 	C:\WINDOWS\system32\Ninput.dll

dbghelp: loaded successfully - version: 4.0.5 - missing functions: none
symbol engine: initialized successfully - sym options: 0x614 - pdb path: .;C:\Users\Bianca\.jdks\ms-11.0.26\bin;C:\WINDOWS\SYSTEM32;C:\WINDOWS\WinSxS\amd64_microsoft.windows.common-controls_6595b64144ccf1df_6.0.22621.5262_none_2712bde373830908;C:\Users\Bianca\.jdks\ms-11.0.26\bin\server;C:\Program Files\JetBrains\IntelliJ IDEA Community Edition 2024.3.3\bin;C:\Users\Bianca\AppData\Local\Temp

VM Arguments:
jvm_args: -javaagent:C:\Program Files\JetBrains\IntelliJ IDEA Community Edition 2024.3.3\lib\idea_rt.jar=65173:C:\Program Files\JetBrains\IntelliJ IDEA Community Edition 2024.3.3\bin -Dfile.encoding=UTF-8 
java_command: PaooGame.Main.Main
java_class_path (initial): D:\facultate\paoo\Joc\paoo-proiect-1209a_7_david_vrinceanu\out\production\ScheletProiectPAOO;D:\sqlite-jdbc-3.8.11.2.jar
Launcher Type: SUN_STANDARD

[Global flags]
     intx CICompilerCount                          = 4                                         {product} {ergonomic}
     uint ConcGCThreads                            = 2                                         {product} {ergonomic}
     uint G1ConcRefinementThreads                  = 8                                         {product} {ergonomic}
   size_t G1HeapRegionSize                         = 1048576                                   {product} {ergonomic}
    uintx GCDrainStackTargetSize                   = 64                                        {product} {ergonomic}
   size_t InitialHeapSize                          = 264241152                                 {product} {ergonomic}
   size_t MarkStackSize                            = 4194304                                   {product} {ergonomic}
   size_t MaxHeapSize                              = 4211081216                                {product} {ergonomic}
   size_t MaxNewSize                               = 2526019584                                {product} {ergonomic}
   size_t MinHeapDeltaBytes                        = 1048576                                   {product} {ergonomic}
    uintx NonNMethodCodeHeapSize                   = 5836300                                {pd product} {ergonomic}
    uintx NonProfiledCodeHeapSize                  = 122910970                              {pd product} {ergonomic}
    uintx ProfiledCodeHeapSize                     = 122910970                              {pd product} {ergonomic}
    uintx ReservedCodeCacheSize                    = 251658240                              {pd product} {ergonomic}
     bool SegmentedCodeCache                       = true                                      {product} {ergonomic}
     bool UseCompressedClassPointers               = true                                 {lp64_product} {ergonomic}
     bool UseCompressedOops                        = true                                 {lp64_product} {ergonomic}
     bool UseG1GC                                  = true                                      {product} {ergonomic}
     bool UseLargePagesIndividualAllocation        = false                                  {pd product} {ergonomic}

Logging:
Log output configuration:
 #0: stdout all=warning uptime,level,tags
 #1: stderr all=off uptime,level,tags

Environment Variables:
PATH=C:\Program Files (x86)\Common Files\Oracle\Java\java8path;C:\Program Files (x86)\Common Files\Oracle\Java\javapath;C:\WINDOWS\system32;C:\WINDOWS;C:\WINDOWS\System32\Wbem;C:\WINDOWS\System32\WindowsPowerShell\v1.0\;C:\WINDOWS\System32\OpenSSH\;C:\Program Files\dotnet\;C:\msys64\ucrt64\bin;C:\Program Files\MATLAB\R2017b\bin;C:\Program Files (x86)\Windows Kits\10\Windows Performance Toolkit\;C:\Program Files\Git\cmd;C:\Users\Bianca\AppData\Local\Microsoft\WindowsApps;C:\Users\Bianca\AppData\Local\Programs\Microsoft VS Code\bin;C:\msys64\mingw64\bin;
USERNAME=Bianca
OS=Windows_NT
PROCESSOR_IDENTIFIER=Intel64 Family 6 Model 154 Stepping 4, GenuineIntel
TMP=C:\Users\Bianca\AppData\Local\Temp
TEMP=C:\Users\Bianca\AppData\Local\Temp



---------------  S Y S T E M  ---------------

OS: Windows 11 , 64 bit Build 22621 (10.0.22621.5262)
OS uptime: 0 days 11:50 hours

CPU:total 8 (initial active 8) (4 cores per cpu, 2 threads per core) family 6 model 154 stepping 4 microcode 0x432, cmov, cx8, fxsr, mmx, sse, sse2, sse3, ssse3, sse4.1, sse4.2, popcnt, avx, avx2, aes, clmul, erms, 3dnowpref, lzcnt, ht, tsc, tscinvbit, bmi1, bmi2, adx, sha, fma

Memory: 4k page, system-wide physical 16057M (5375M free)
TotalPageFile size 20025M (AvailPageFile size 6474M)
current process WorkingSet (physical memory assigned to process): 289M, peak: 297M
current process commit charge ("private bytes"): 374M, peak: 389M

vm_info: OpenJDK 64-Bit Server VM (11.0.26+4-LTS) for windows-amd64 JRE (11.0.26+4-LTS), built on Jan 13 2025 23:40:04 by "MicrosoftCorporation" with unknown MS VC++:1939

END.
