#
# A fatal error has been detected by the Java Runtime Environment:
#
#  EXCEPTION_ACCESS_VIOLATION (0xc0000005) at pc=0x000000006d587ab0, pid=24488, tid=42584
#
# JRE version: OpenJDK Runtime Environment Microsoft-10823458 (11.0.26+4) (build 11.0.26+4-LTS)
# Java VM: OpenJDK 64-Bit Server VM Microsoft-10823458 (11.0.26+4-LTS, mixed mode, sharing, tiered, compressed oops, g1 gc, windows-amd64)
# Problematic frame:
# C  [sqlite-3.8.11.2-4a23d3d4-51fd-42a0-8871-29ce2cc3a526-sqlitejdbc.dll+0x7ab0]
#
# No core dump will be written. Minidumps are not enabled by default on client versions of Windows
#
# If you would like to submit a bug report, please visit:
#   https://github.com/microsoft/openjdk/issues
# The crash happened outside the Java Virtual Machine in native code.
# See problematic frame for where to report the bug.
#

---------------  S U M M A R Y ------------

Command Line: -javaagent:C:\Program Files\JetBrains\IntelliJ IDEA Community Edition 2024.3.3\lib\idea_rt.jar=50021:C:\Program Files\JetBrains\IntelliJ IDEA Community Edition 2024.3.3\bin -Dfile.encoding=UTF-8 PaooGame.Main.Main

Host: 12th Gen Intel(R) Core(TM) i3-1215U, 8 cores, 15G,  Windows 11 , 64 bit Build 22621 (10.0.22621.4974)
Time: Wed May 28 08:40:26 2025 GTB Daylight Time elapsed time: 13.927721 seconds (0d 0h 0m 13s)

---------------  T H R E A D  ---------------

Current thread (0x000002254d996800):  JavaThread "main" [_thread_in_native, id=42584, stack(0x000000be25600000,0x000000be25700000)]

Stack: [0x000000be25600000,0x000000be25700000],  sp=0x000000be256fec78,  free space=1019k
Native frames: (J=compiled Java code, j=interpreted, Vv=VM code, C=native code)
C  [sqlite-3.8.11.2-4a23d3d4-51fd-42a0-8871-29ce2cc3a526-sqlitejdbc.dll+0x7ab0]

Java frames: (J=compiled Java code, j=interpreted, Vv=VM code)
j  org.sqlite.core.NativeDB.total_changes()I+0
j  org.sqlite.jdbc3.JDBC3Statement.executeUpdate(Ljava/lang/String;)I+68
j  PaooGame.Graphics.DataBase.saveGame(IIIII)V+42
J 1724 c1 PaooGame.Objects.ObjectManager.playerReachedDoor()Z (216 bytes) @ 0x0000022556a078ec [0x0000022556a06020+0x00000000000018cc]
J 1804 c1 PaooGame.GameStates.Play.checkLevelCompletion()V (46 bytes) @ 0x0000022556a35ce4 [0x0000022556a35c40+0x00000000000000a4]
J 1721 c1 PaooGame.GameStates.Play.update()V (318 bytes) @ 0x0000022556a01a24 [0x00000225569ff8c0+0x0000000000002164]
J 1559 c1 PaooGame.Main.Game.update()V (65 bytes) @ 0x00000225569b879c [0x00000225569b81e0+0x00000000000005bc]
J 1678% c2 PaooGame.Main.Game.run()V (150 bytes) @ 0x000002255dcff0b4 [0x000002255dcfef20+0x0000000000000194]
j  PaooGame.Main.Main.main([Ljava/lang/String;)V+9
v  ~StubRoutines::call_stub

siginfo: EXCEPTION_ACCESS_VIOLATION (0xc0000005), reading address 0x0000000000000064


Register to memory mapping:

RIP=0x000000006d587ab0 sqlite-3.8.11.2-4a23d3d4-51fd-42a0-8871-29ce2cc3a526-sqlitejdbc.dll
RAX=0x0 is NULL
RBX={method} {0x00000225719baac8} 'total_changes' '()I' in 'org/sqlite/core/NativeDB'
RCX=0x0 is NULL
RDX=0x000000be256fed20 is pointing into the stack for thread: 0x000002254d996800
RSP=0x000000be256fec78 is pointing into the stack for thread: 0x000002254d996800
RBP=0x000000be256fed00 is pointing into the stack for thread: 0x000002254d996800
RSI=0x00000000e17bd611 is an unknown value
RDI=0x0000022556149f40 is at code_begin+832 in an Interpreter codelet
invoke return entry points  [0x0000022556149c00, 0x000002255614a620]  2592 bytes
R8 =0x00000000000000a2 is an unknown value
R9 =0x0000000714b94370 is an oop: org.sqlite.core.NativeDB 
{0x0000000714b94370} - klass: 'org/sqlite/core/NativeDB'
 - ---- fields (total size 7 words):
 - 'conn' 'Lorg/sqlite/SQLiteConnection;' @12  a 'org/sqlite/SQLiteConnection'{0x0000000714b93e68} (e29727cd)
 - 'begin' 'J' @16  0 (0 0)
 - 'commit' 'J' @24  0 (0 0)
 - private final strict 'stmts' 'Ljava/util/Map;' @32  a 'java/util/HashMap'{0x0000000714b943a8} (e2972875)
 - 'pointer' 'J' @40  0 (0 0)
 - private final 'udfdatalist' 'J' @48  0 (0 0)
R10=0x00000000000000c6 is an unknown value
R11=0x00007ffda3f08b2c jvm.dll
R12=0x0 is NULL
R13={method} {0x00000225719baac8} 'total_changes' '()I' in 'org/sqlite/core/NativeDB'
R14=0x000000be256fed20 is pointing into the stack for thread: 0x000002254d996800
R15=0x000002254d996800 is a thread


Registers:
RAX=0x0000000000000000, RBX=0x00000225719baac0, RCX=0x0000000000000000, RDX=0x000000be256fed20
RSP=0x000000be256fec78, RBP=0x000000be256fed00, RSI=0x00000000e17bd611, RDI=0x0000022556149f40
R8 =0x00000000000000a2, R9 =0x0000000714b94370, R10=0x00000000000000c6, R11=0x00007ffda3f08b2c
R12=0x0000000000000000, R13=0x00000225719baac0, R14=0x000000be256fed20, R15=0x000002254d996800
RIP=0x000000006d587ab0, EFLAGS=0x0000000000010206

Top of Stack: (sp=0x000000be256fec78)
0x000000be256fec78:   0000022556150438 0000000000000002
0x000000be256fec88:   000000be256fed00 00000000e17bd611
0x000000be256fec98:   000000be256fed00 0000022556150108
0x000000be256feca8:   0000000000000003 0000000714b94370
0x000000be256fecb8:   000000be256feca8 00000225719baac0
0x000000be256fecc8:   000000be256fed20 00000225719ffc00
0x000000be256fecd8:   0000000000000000 000000070bd2fd60
0x000000be256fece8:   00000225719baac0 0000000000000000
0x000000be256fecf8:   000000be256fed20 000000be256fed70
0x000000be256fed08:   0000022556149f40 0000000000000000
0x000000be256fed18:   000002255614c716 0000000714b94370
0x000000be256fed28:   000000be256fed28 0000022571a08e1c
0x000000be256fed38:   000000be256feda8 0000022571a2acc8
0x000000be256fed48:   0000000000000000 000000070b961430
0x000000be256fed58:   0000022571a08ea0 000000be256fed20
0x000000be256fed68:   000000be256feda0 000000be256fedf8 

Instructions: (pc=0x000000006d587ab0)
0x000000006d5879b0:   5c bd ff ff 83 f8 01 19 d2 83 e2 02 83 c2 02 e9
0x000000006d5879c0:   ab fd ff ff 48 8d 15 ee 58 09 00 41 b8 07 00 00
0x000000006d5879d0:   00 48 89 d9 e8 37 bd ff ff 83 f8 01 19 d2 83 e2
0x000000006d5879e0:   04 83 c2 02 e9 86 fd ff ff 48 8d 15 e0 58 09 00
0x000000006d5879f0:   41 b8 03 00 00 00 48 89 d9 e8 12 bd ff ff 83 f8
0x000000006d587a00:   01 19 d2 83 e2 05 83 c2 02 e9 61 fd ff ff 66 90
0x000000006d587a10:   48 8d 05 8e c1 09 00 c3 0f 1f 84 00 00 00 00 00
0x000000006d587a20:   48 8d 05 19 5a 09 00 c3 0f 1f 84 00 00 00 00 00
0x000000006d587a30:   b8 0b e6 2d 00 c3 66 2e 0f 1f 84 00 00 00 00 00
0x000000006d587a40:   b8 01 00 00 00 c3 66 2e 0f 1f 84 00 00 00 00 00
0x000000006d587a50:   48 8b 41 18 c3 66 66 2e 0f 1f 84 00 00 00 00 00
0x000000006d587a60:   56 53 48 83 ec 28 41 39 d1 4c 89 c1 89 d3 41 89
0x000000006d587a70:   d0 48 8b 54 24 60 44 89 ce 45 0f 4e c1 29 f3 e8
0x000000006d587a80:   8c bc ff ff 85 c0 0f 44 c3 48 83 c4 28 5b 5e c3
0x000000006d587a90:   48 8b 41 30 c3 66 66 2e 0f 1f 84 00 00 00 00 00
0x000000006d587aa0:   8b 41 60 c3 66 66 66 2e 0f 1f 84 00 00 00 00 00
0x000000006d587ab0:   8b 41 64 c3 66 66 66 2e 0f 1f 84 00 00 00 00 00
0x000000006d587ac0:   48 83 ec 28 44 8b 81 08 03 00 00 83 fa 0b 7f 50
0x000000006d587ad0:   48 63 c2 4c 8d 0d c2 00 0a 00 48 8d 15 af 00 0a
0x000000006d587ae0:   00 0f b6 14 02 41 0f b6 04 01 44 8d 0c 10 45 39
0x000000006d587af0:   c8 7d 0b 44 89 c2 29 c2 31 c0 85 d2 7e 14 48 8b
0x000000006d587b00:   01 69 d2 e8 03 00 00 48 89 c1 ff 50 70 b8 01 00
0x000000006d587b10:   00 00 48 83 c4 28 c3 66 0f 1f 84 00 00 00 00 00
0x000000006d587b20:   8d 42 f5 ba 64 00 00 00 0f af c2 ba 64 00 00 00
0x000000006d587b30:   05 e4 00 00 00 eb b3 66 0f 1f 84 00 00 00 00 00
0x000000006d587b40:   57 56 53 48 83 ec 20 48 89 cb 48 8b 49 18 48 89
0x000000006d587b50:   d6 4c 89 c7 48 85 c9 74 47 ff 15 89 07 09 00 48
0x000000006d587b60:   8b 4b 18 48 89 b3 a8 02 00 00 48 89 bb b0 02 00
0x000000006d587b70:   00 c7 83 b8 02 00 00 00 00 00 00 c7 83 08 03 00
0x000000006d587b80:   00 00 00 00 00 48 85 c9 74 06 ff 15 68 07 09 00
0x000000006d587b90:   31 c0 48 83 c4 20 5b 5e 5f c3 66 0f 1f 44 00 00
0x000000006d587ba0:   31 c0 48 89 93 a8 02 00 00 4c 89 83 b0 02 00 00 


Stack slot to memory mapping:
stack at sp + 0 slots: 0x0000022556150438 is at code_begin+1528 in an Interpreter codelet
method entry point (kind = native_synchronized)  [0x000002255614fe40, 0x0000022556150ac0]  3200 bytes
stack at sp + 1 slots: 0x0000000000000002 is an unknown value
stack at sp + 2 slots: 0x000000be256fed00 is pointing into the stack for thread: 0x000002254d996800
stack at sp + 3 slots: 0x00000000e17bd611 is an unknown value
stack at sp + 4 slots: 0x000000be256fed00 is pointing into the stack for thread: 0x000002254d996800
stack at sp + 5 slots: 0x0000022556150108 is at code_begin+712 in an Interpreter codelet
method entry point (kind = native_synchronized)  [0x000002255614fe40, 0x0000022556150ac0]  3200 bytes
stack at sp + 6 slots: 0x0000000000000003 is an unknown value
stack at sp + 7 slots: 0x0000000714b94370 is an oop: org.sqlite.core.NativeDB 
{0x0000000714b94370} - klass: 'org/sqlite/core/NativeDB'
 - ---- fields (total size 7 words):
 - 'conn' 'Lorg/sqlite/SQLiteConnection;' @12  a 'org/sqlite/SQLiteConnection'{0x0000000714b93e68} (e29727cd)
 - 'begin' 'J' @16  0 (0 0)
 - 'commit' 'J' @24  0 (0 0)
 - private final strict 'stmts' 'Ljava/util/Map;' @32  a 'java/util/HashMap'{0x0000000714b943a8} (e2972875)
 - 'pointer' 'J' @40  0 (0 0)
 - private final 'udfdatalist' 'J' @48  0 (0 0)


---------------  P R O C E S S  ---------------

Threads class SMR info:
_java_thread_list=0x000002257d713000, length=17, elements={
0x000002254d996800, 0x00000225714e0000, 0x00000225714e3000, 0x00000225714fa000,
0x00000225714fc000, 0x00000225714fd800, 0x0000022571501000, 0x000002257150e000,
0x0000022571529800, 0x0000022571eaf800, 0x0000022572009800, 0x00000225721de800,
0x000002257a89b000, 0x000002257d580800, 0x000002257be79000, 0x000002257d76f800,
0x000002257150b000
}

Java Threads: ( => current thread )
=>0x000002254d996800 JavaThread "main" [_thread_in_native, id=42584, stack(0x000000be25600000,0x000000be25700000)]
  0x00000225714e0000 JavaThread "Reference Handler" daemon [_thread_blocked, id=53376, stack(0x000000be25d00000,0x000000be25e00000)]
  0x00000225714e3000 JavaThread "Finalizer" daemon [_thread_blocked, id=46760, stack(0x000000be25e00000,0x000000be25f00000)]
  0x00000225714fa000 JavaThread "Signal Dispatcher" daemon [_thread_blocked, id=53712, stack(0x000000be25f00000,0x000000be26000000)]
  0x00000225714fc000 JavaThread "Attach Listener" daemon [_thread_blocked, id=9336, stack(0x000000be26000000,0x000000be26100000)]
  0x00000225714fd800 JavaThread "Service Thread" daemon [_thread_blocked, id=46400, stack(0x000000be26100000,0x000000be26200000)]
  0x0000022571501000 JavaThread "C2 CompilerThread0" daemon [_thread_in_native, id=50464, stack(0x000000be26200000,0x000000be26300000)]
  0x000002257150e000 JavaThread "C1 CompilerThread0" daemon [_thread_blocked, id=47468, stack(0x000000be26300000,0x000000be26400000)]
  0x0000022571529800 JavaThread "Sweeper thread" daemon [_thread_blocked, id=48272, stack(0x000000be26400000,0x000000be26500000)]
  0x0000022571eaf800 JavaThread "Common-Cleaner" daemon [_thread_blocked, id=53084, stack(0x000000be26500000,0x000000be26600000)]
  0x0000022572009800 JavaThread "Monitor Ctrl-Break" daemon [_thread_in_native, id=52296, stack(0x000000be26700000,0x000000be26800000)]
  0x00000225721de800 JavaThread "Java2D Disposer" daemon [_thread_blocked, id=31004, stack(0x000000be26600000,0x000000be26700000)]
  0x000002257a89b000 JavaThread "AWT-Shutdown" [_thread_blocked, id=46212, stack(0x000000be27000000,0x000000be27100000)]
  0x000002257d580800 JavaThread "AWT-Windows" daemon [_thread_in_native, id=47236, stack(0x000000be27100000,0x000000be27200000)]
  0x000002257be79000 JavaThread "AWT-EventQueue-0" [_thread_in_native, id=53192, stack(0x000000be27200000,0x000000be27300000)]
  0x000002257d76f800 JavaThread "Thread-0" [_thread_in_Java, id=49196, stack(0x000000be27300000,0x000000be27400000)]
  0x000002257150b000 JavaThread "C2 CompilerThread1" daemon [_thread_in_native, id=45840, stack(0x000000be27400000,0x000000be27500000)]

Other Threads:
  0x00000225714db800 VMThread "VM Thread" [stack: 0x000000be25c00000,0x000000be25d00000] [id=49228]
  0x00000225720d8800 WatcherThread [stack: 0x000000be26800000,0x000000be26900000] [id=42532]
  0x000002254d9af800 GCTaskThread "GC Thread#0" [stack: 0x000000be25700000,0x000000be25800000] [id=46056]
  0x0000022572236800 GCTaskThread "GC Thread#1" [stack: 0x000000be26900000,0x000000be26a00000] [id=52420]
  0x0000022572202000 GCTaskThread "GC Thread#2" [stack: 0x000000be26a00000,0x000000be26b00000] [id=18536]
  0x0000022572203000 GCTaskThread "GC Thread#3" [stack: 0x000000be26b00000,0x000000be26c00000] [id=45408]
  0x000002257221f800 GCTaskThread "GC Thread#4" [stack: 0x000000be26c00000,0x000000be26d00000] [id=52292]
  0x0000022572220800 GCTaskThread "GC Thread#5" [stack: 0x000000be26d00000,0x000000be26e00000] [id=46060]
  0x000002257ccd0800 GCTaskThread "GC Thread#6" [stack: 0x000000be26e00000,0x000000be26f00000] [id=39240]
  0x000002257591f000 GCTaskThread "GC Thread#7" [stack: 0x000000be26f00000,0x000000be27000000] [id=42832]
  0x000002254da0e000 ConcurrentGCThread "G1 Main Marker" [stack: 0x000000be25800000,0x000000be25900000] [id=38732]
  0x000002254da0f800 ConcurrentGCThread "G1 Conc#0" [stack: 0x000000be25900000,0x000000be25a00000] [id=34592]
  0x00000225713f1000 ConcurrentGCThread "G1 Refine#0" [stack: 0x000000be25a00000,0x000000be25b00000] [id=49992]
  0x00000225713f2000 ConcurrentGCThread "G1 Young RemSet Sampling" [stack: 0x000000be25b00000,0x000000be25c00000] [id=40728]

Threads with active compile tasks:
C2 CompilerThread0    13951 2119       4       jdk.internal.org.objectweb.asm.Frame::execute (2264 bytes)
C2 CompilerThread1    13951 2134       4       java.lang.invoke.InvokerBytecodeGenerator::emitPushArgument (120 bytes)

VM state:not at safepoint (normal execution)

VM Mutex/Monitor currently owned by a thread: None

Heap address: 0x0000000705000000, size: 4016 MB, Compressed Oops mode: Zero based, Oop shift amount: 3
Narrow klass base: 0x0000000800000000, Narrow klass shift: 3
Compressed class space size: 1073741824 Address: 0x0000000840000000

Heap:
 garbage-first heap   total 258048K, used 105472K [0x0000000705000000, 0x0000000800000000)
  region size 1024K, 60 young (61440K), 8 survivors (8192K)
 Metaspace       used 11045K, capacity 11681K, committed 11776K, reserved 1058816K
  class space    used 1205K, capacity 1509K, committed 1536K, reserved 1048576K
Heap Regions: E=young(eden), S=young(survivor), O=old, HS=humongous(starts), HC=humongous(continues), CS=collection set, F=free, A=archive, TAMS=top-at-mark-start (previous, next)
|   0|0x0000000705000000, 0x0000000705100000, 0x0000000705100000|100%|HS|  |TAMS 0x0000000705000000, 0x0000000705000000| Complete 
|   1|0x0000000705100000, 0x0000000705200000, 0x0000000705200000|100%|HC|  |TAMS 0x0000000705100000, 0x0000000705100000| Complete 
|   2|0x0000000705200000, 0x0000000705300000, 0x0000000705300000|100%|HC|  |TAMS 0x0000000705200000, 0x0000000705200000| Complete 
|   3|0x0000000705300000, 0x0000000705400000, 0x0000000705400000|100%|HS|  |TAMS 0x0000000705300000, 0x0000000705300000| Complete 
|   4|0x0000000705400000, 0x0000000705500000, 0x0000000705500000|100%|HC|  |TAMS 0x0000000705400000, 0x0000000705400000| Complete 
|   5|0x0000000705500000, 0x0000000705600000, 0x0000000705600000|100%|HC|  |TAMS 0x0000000705500000, 0x0000000705500000| Complete 
|   6|0x0000000705600000, 0x0000000705700000, 0x0000000705700000|100%|HC|  |TAMS 0x0000000705600000, 0x0000000705600000| Complete 
|   7|0x0000000705700000, 0x0000000705800000, 0x0000000705800000|100%|HC|  |TAMS 0x0000000705700000, 0x0000000705700000| Complete 
|   8|0x0000000705800000, 0x0000000705900000, 0x0000000705900000|100%|HC|  |TAMS 0x0000000705800000, 0x0000000705800000| Complete 
|   9|0x0000000705900000, 0x0000000705a00000, 0x0000000705a00000|100%|HS|  |TAMS 0x0000000705900000, 0x0000000705900000| Complete 
|  10|0x0000000705a00000, 0x0000000705b00000, 0x0000000705b00000|100%|HS|  |TAMS 0x0000000705a00000, 0x0000000705a00000| Complete 
|  11|0x0000000705b00000, 0x0000000705c00000, 0x0000000705c00000|100%|HC|  |TAMS 0x0000000705b00000, 0x0000000705b00000| Complete 
|  12|0x0000000705c00000, 0x0000000705d00000, 0x0000000705d00000|100%|HC|  |TAMS 0x0000000705c00000, 0x0000000705c00000| Complete 
|  13|0x0000000705d00000, 0x0000000705e00000, 0x0000000705e00000|100%|HS|  |TAMS 0x0000000705d00000, 0x0000000705d00000| Complete 
|  14|0x0000000705e00000, 0x0000000705f00000, 0x0000000705f00000|100%|HS|  |TAMS 0x0000000705e00000, 0x0000000705e00000| Complete 
|  15|0x0000000705f00000, 0x0000000706000000, 0x0000000706000000|100%|HS|  |TAMS 0x0000000705f00000, 0x0000000705f00000| Complete 
|  16|0x0000000706000000, 0x0000000706100000, 0x0000000706100000|100%|HS|  |TAMS 0x0000000706000000, 0x0000000706000000| Complete 
|  17|0x0000000706100000, 0x0000000706200000, 0x0000000706200000|100%|HC|  |TAMS 0x0000000706100000, 0x0000000706100000| Complete 
|  18|0x0000000706200000, 0x0000000706300000, 0x0000000706300000|100%|HS|  |TAMS 0x0000000706200000, 0x0000000706200000| Complete 
|  19|0x0000000706300000, 0x0000000706400000, 0x0000000706400000|100%|HS|  |TAMS 0x0000000706300000, 0x0000000706300000| Complete 
|  20|0x0000000706400000, 0x0000000706500000, 0x0000000706500000|100%|HS|  |TAMS 0x0000000706400000, 0x0000000706400000| Complete 
|  21|0x0000000706500000, 0x0000000706600000, 0x0000000706600000|100%|HS|  |TAMS 0x0000000706500000, 0x0000000706500000| Complete 
|  22|0x0000000706600000, 0x0000000706700000, 0x0000000706700000|100%|HS|  |TAMS 0x0000000706600000, 0x0000000706600000| Complete 
|  23|0x0000000706700000, 0x0000000706800000, 0x0000000706800000|100%|HC|  |TAMS 0x0000000706700000, 0x0000000706700000| Complete 
|  24|0x0000000706800000, 0x0000000706900000, 0x0000000706900000|100%|HS|  |TAMS 0x0000000706800000, 0x0000000706800000| Complete 
|  25|0x0000000706900000, 0x0000000706a00000, 0x0000000706a00000|100%|HS|  |TAMS 0x0000000706900000, 0x0000000706900000| Complete 
|  26|0x0000000706a00000, 0x0000000706b00000, 0x0000000706b00000|100%|HS|  |TAMS 0x0000000706a00000, 0x0000000706a00000| Complete 
|  27|0x0000000706b00000, 0x0000000706c00000, 0x0000000706c00000|100%|HC|  |TAMS 0x0000000706b00000, 0x0000000706b00000| Complete 
|  28|0x0000000706c00000, 0x0000000706d00000, 0x0000000706d00000|100%|HS|  |TAMS 0x0000000706c00000, 0x0000000706c00000| Complete 
|  29|0x0000000706d00000, 0x0000000706e00000, 0x0000000706e00000|100%|HS|  |TAMS 0x0000000706d00000, 0x0000000706d00000| Complete 
|  30|0x0000000706e00000, 0x0000000706f00000, 0x0000000706f00000|100%|HS|  |TAMS 0x0000000706e00000, 0x0000000706e00000| Complete 
|  31|0x0000000706f00000, 0x0000000707000000, 0x0000000707000000|100%|HC|  |TAMS 0x0000000706f00000, 0x0000000706f00000| Complete 
|  32|0x0000000707000000, 0x0000000707100000, 0x0000000707100000|100%|HC|  |TAMS 0x0000000707000000, 0x0000000707000000| Complete 
|  33|0x0000000707100000, 0x0000000707200000, 0x0000000707200000|100%|HC|  |TAMS 0x0000000707100000, 0x0000000707100000| Complete 
|  34|0x0000000707200000, 0x0000000707300000, 0x0000000707300000|100%|HC|  |TAMS 0x0000000707200000, 0x0000000707200000| Complete 
|  35|0x0000000707300000, 0x0000000707400000, 0x0000000707400000|100%|HS|  |TAMS 0x0000000707300000, 0x0000000707300000| Complete 
|  36|0x0000000707400000, 0x0000000707500000, 0x0000000707500000|100%|HS|  |TAMS 0x0000000707400000, 0x0000000707400000| Complete 
|  37|0x0000000707500000, 0x0000000707600000, 0x0000000707600000|100%|HC|  |TAMS 0x0000000707500000, 0x0000000707500000| Complete 
|  38|0x0000000707600000, 0x0000000707700000, 0x0000000707700000|100%|HC|  |TAMS 0x0000000707600000, 0x0000000707600000| Complete 
|  39|0x0000000707700000, 0x0000000707800000, 0x0000000707800000|100%|HC|  |TAMS 0x0000000707700000, 0x0000000707700000| Complete 
|  40|0x0000000707800000, 0x0000000707900000, 0x0000000707900000|100%|HC|  |TAMS 0x0000000707800000, 0x0000000707800000| Complete 
|  41|0x0000000707900000, 0x0000000707a00000, 0x0000000707a00000|100%|HC|  |TAMS 0x0000000707900000, 0x0000000707900000| Complete 
|  42|0x0000000707a00000, 0x0000000707b00000, 0x0000000707b00000|100%|HC|  |TAMS 0x0000000707a00000, 0x0000000707a00000| Complete 
|  43|0x0000000707b00000, 0x0000000707c00000, 0x0000000707c00000|100%|HC|  |TAMS 0x0000000707b00000, 0x0000000707b00000| Complete 
|  44|0x0000000707c00000, 0x0000000707c00000, 0x0000000707d00000|  0%| F|  |TAMS 0x0000000707c00000, 0x0000000707c00000| Untracked 
|  45|0x0000000707d00000, 0x0000000707d00000, 0x0000000707e00000|  0%| F|  |TAMS 0x0000000707d00000, 0x0000000707d00000| Untracked 
|  46|0x0000000707e00000, 0x0000000707e00000, 0x0000000707f00000|  0%| F|  |TAMS 0x0000000707e00000, 0x0000000707e00000| Untracked 
|  47|0x0000000707f00000, 0x0000000707f00000, 0x0000000708000000|  0%| F|  |TAMS 0x0000000707f00000, 0x0000000707f00000| Untracked 
|  48|0x0000000708000000, 0x0000000708000000, 0x0000000708100000|  0%| F|  |TAMS 0x0000000708000000, 0x0000000708000000| Untracked 
|  49|0x0000000708100000, 0x0000000708100000, 0x0000000708200000|  0%| F|  |TAMS 0x0000000708100000, 0x0000000708100000| Untracked 
|  50|0x0000000708200000, 0x0000000708200000, 0x0000000708300000|  0%| F|  |TAMS 0x0000000708200000, 0x0000000708200000| Untracked 
|  51|0x0000000708300000, 0x0000000708300000, 0x0000000708400000|  0%| F|  |TAMS 0x0000000708300000, 0x0000000708300000| Untracked 
|  52|0x0000000708400000, 0x0000000708400000, 0x0000000708500000|  0%| F|  |TAMS 0x0000000708400000, 0x0000000708400000| Untracked 
|  53|0x0000000708500000, 0x0000000708500000, 0x0000000708600000|  0%| F|  |TAMS 0x0000000708500000, 0x0000000708500000| Untracked 
|  54|0x0000000708600000, 0x0000000708600000, 0x0000000708700000|  0%| F|  |TAMS 0x0000000708600000, 0x0000000708600000| Untracked 
|  55|0x0000000708700000, 0x0000000708700000, 0x0000000708800000|  0%| F|  |TAMS 0x0000000708700000, 0x0000000708700000| Untracked 
|  56|0x0000000708800000, 0x0000000708800000, 0x0000000708900000|  0%| F|  |TAMS 0x0000000708800000, 0x0000000708800000| Untracked 
|  57|0x0000000708900000, 0x0000000708900000, 0x0000000708a00000|  0%| F|  |TAMS 0x0000000708900000, 0x0000000708900000| Untracked 
|  58|0x0000000708a00000, 0x0000000708a00000, 0x0000000708b00000|  0%| F|  |TAMS 0x0000000708a00000, 0x0000000708a00000| Untracked 
|  59|0x0000000708b00000, 0x0000000708b00000, 0x0000000708c00000|  0%| F|  |TAMS 0x0000000708b00000, 0x0000000708b00000| Untracked 
|  60|0x0000000708c00000, 0x0000000708c00000, 0x0000000708d00000|  0%| F|  |TAMS 0x0000000708c00000, 0x0000000708c00000| Untracked 
|  61|0x0000000708d00000, 0x0000000708d00000, 0x0000000708e00000|  0%| F|  |TAMS 0x0000000708d00000, 0x0000000708d00000| Untracked 
|  62|0x0000000708e00000, 0x0000000708e00000, 0x0000000708f00000|  0%| F|  |TAMS 0x0000000708e00000, 0x0000000708e00000| Untracked 
|  63|0x0000000708f00000, 0x0000000708f00000, 0x0000000709000000|  0%| F|  |TAMS 0x0000000708f00000, 0x0000000708f00000| Untracked 
|  64|0x0000000709000000, 0x0000000709000000, 0x0000000709100000|  0%| F|  |TAMS 0x0000000709000000, 0x0000000709000000| Untracked 
|  65|0x0000000709100000, 0x0000000709100000, 0x0000000709200000|  0%| F|  |TAMS 0x0000000709100000, 0x0000000709100000| Untracked 
|  66|0x0000000709200000, 0x0000000709200000, 0x0000000709300000|  0%| F|  |TAMS 0x0000000709200000, 0x0000000709200000| Untracked 
|  67|0x0000000709300000, 0x0000000709300000, 0x0000000709400000|  0%| F|  |TAMS 0x0000000709300000, 0x0000000709300000| Untracked 
|  68|0x0000000709400000, 0x0000000709400000, 0x0000000709500000|  0%| F|  |TAMS 0x0000000709400000, 0x0000000709400000| Untracked 
|  69|0x0000000709500000, 0x0000000709500000, 0x0000000709600000|  0%| F|  |TAMS 0x0000000709500000, 0x0000000709500000| Untracked 
|  70|0x0000000709600000, 0x0000000709600000, 0x0000000709700000|  0%| F|  |TAMS 0x0000000709600000, 0x0000000709600000| Untracked 
|  71|0x0000000709700000, 0x0000000709700000, 0x0000000709800000|  0%| F|  |TAMS 0x0000000709700000, 0x0000000709700000| Untracked 
|  72|0x0000000709800000, 0x0000000709800000, 0x0000000709900000|  0%| F|  |TAMS 0x0000000709800000, 0x0000000709800000| Untracked 
|  73|0x0000000709900000, 0x0000000709900000, 0x0000000709a00000|  0%| F|  |TAMS 0x0000000709900000, 0x0000000709900000| Untracked 
|  74|0x0000000709a00000, 0x0000000709a00000, 0x0000000709b00000|  0%| F|  |TAMS 0x0000000709a00000, 0x0000000709a00000| Untracked 
|  75|0x0000000709b00000, 0x0000000709b00000, 0x0000000709c00000|  0%| F|  |TAMS 0x0000000709b00000, 0x0000000709b00000| Untracked 
|  76|0x0000000709c00000, 0x0000000709c00000, 0x0000000709d00000|  0%| F|  |TAMS 0x0000000709c00000, 0x0000000709c00000| Untracked 
|  77|0x0000000709d00000, 0x0000000709d00000, 0x0000000709e00000|  0%| F|  |TAMS 0x0000000709d00000, 0x0000000709d00000| Untracked 
|  78|0x0000000709e00000, 0x0000000709e00000, 0x0000000709f00000|  0%| F|  |TAMS 0x0000000709e00000, 0x0000000709e00000| Untracked 
|  79|0x0000000709f00000, 0x0000000709f00000, 0x000000070a000000|  0%| F|  |TAMS 0x0000000709f00000, 0x0000000709f00000| Untracked 
|  80|0x000000070a000000, 0x000000070a000000, 0x000000070a100000|  0%| F|  |TAMS 0x000000070a000000, 0x000000070a000000| Untracked 
|  81|0x000000070a100000, 0x000000070a100000, 0x000000070a200000|  0%| F|  |TAMS 0x000000070a100000, 0x000000070a100000| Untracked 
|  82|0x000000070a200000, 0x000000070a200000, 0x000000070a300000|  0%| F|  |TAMS 0x000000070a200000, 0x000000070a200000| Untracked 
|  83|0x000000070a300000, 0x000000070a300000, 0x000000070a400000|  0%| F|  |TAMS 0x000000070a300000, 0x000000070a300000| Untracked 
|  84|0x000000070a400000, 0x000000070a400000, 0x000000070a500000|  0%| F|  |TAMS 0x000000070a400000, 0x000000070a400000| Untracked 
|  85|0x000000070a500000, 0x000000070a500000, 0x000000070a600000|  0%| F|  |TAMS 0x000000070a500000, 0x000000070a500000| Untracked 
|  86|0x000000070a600000, 0x000000070a600000, 0x000000070a700000|  0%| F|  |TAMS 0x000000070a600000, 0x000000070a600000| Untracked 
|  87|0x000000070a700000, 0x000000070a700000, 0x000000070a800000|  0%| F|  |TAMS 0x000000070a700000, 0x000000070a700000| Untracked 
|  88|0x000000070a800000, 0x000000070a800000, 0x000000070a900000|  0%| F|  |TAMS 0x000000070a800000, 0x000000070a800000| Untracked 
|  89|0x000000070a900000, 0x000000070a900000, 0x000000070aa00000|  0%| F|  |TAMS 0x000000070a900000, 0x000000070a900000| Untracked 
|  90|0x000000070aa00000, 0x000000070aa00000, 0x000000070ab00000|  0%| F|  |TAMS 0x000000070aa00000, 0x000000070aa00000| Untracked 
|  91|0x000000070ab00000, 0x000000070ab00000, 0x000000070ac00000|  0%| F|  |TAMS 0x000000070ab00000, 0x000000070ab00000| Untracked 
|  92|0x000000070ac00000, 0x000000070ac00000, 0x000000070ad00000|  0%| F|  |TAMS 0x000000070ac00000, 0x000000070ac00000| Untracked 
|  93|0x000000070ad00000, 0x000000070ad00000, 0x000000070ae00000|  0%| F|  |TAMS 0x000000070ad00000, 0x000000070ad00000| Untracked 
|  94|0x000000070ae00000, 0x000000070ae00000, 0x000000070af00000|  0%| F|  |TAMS 0x000000070ae00000, 0x000000070ae00000| Untracked 
|  95|0x000000070af00000, 0x000000070af00000, 0x000000070b000000|  0%| F|  |TAMS 0x000000070af00000, 0x000000070af00000| Untracked 
|  96|0x000000070b000000, 0x000000070b000000, 0x000000070b100000|  0%| F|  |TAMS 0x000000070b000000, 0x000000070b000000| Untracked 
|  97|0x000000070b100000, 0x000000070b100000, 0x000000070b200000|  0%| F|  |TAMS 0x000000070b100000, 0x000000070b100000| Untracked 
|  98|0x000000070b200000, 0x000000070b200000, 0x000000070b300000|  0%| F|  |TAMS 0x000000070b200000, 0x000000070b200000| Untracked 
|  99|0x000000070b300000, 0x000000070b300000, 0x000000070b400000|  0%| F|  |TAMS 0x000000070b300000, 0x000000070b300000| Untracked 
| 100|0x000000070b400000, 0x000000070b400000, 0x000000070b500000|  0%| F|  |TAMS 0x000000070b400000, 0x000000070b400000| Untracked 
| 101|0x000000070b500000, 0x000000070b500000, 0x000000070b600000|  0%| F|  |TAMS 0x000000070b500000, 0x000000070b500000| Untracked 
| 102|0x000000070b600000, 0x000000070b700000, 0x000000070b700000|100%| S|CS|TAMS 0x000000070b600000, 0x000000070b600000| Complete 
| 103|0x000000070b700000, 0x000000070b800000, 0x000000070b800000|100%| S|CS|TAMS 0x000000070b700000, 0x000000070b700000| Complete 
| 104|0x000000070b800000, 0x000000070b900000, 0x000000070b900000|100%| S|CS|TAMS 0x000000070b800000, 0x000000070b800000| Complete 
| 105|0x000000070b900000, 0x000000070ba00000, 0x000000070ba00000|100%| S|CS|TAMS 0x000000070b900000, 0x000000070b900000| Complete 
| 106|0x000000070ba00000, 0x000000070bb00000, 0x000000070bb00000|100%| S|CS|TAMS 0x000000070ba00000, 0x000000070ba00000| Complete 
| 107|0x000000070bb00000, 0x000000070bc00000, 0x000000070bc00000|100%| S|CS|TAMS 0x000000070bb00000, 0x000000070bb00000| Complete 
| 108|0x000000070bc00000, 0x000000070bd00000, 0x000000070bd00000|100%| S|CS|TAMS 0x000000070bc00000, 0x000000070bc00000| Complete 
| 109|0x000000070bd00000, 0x000000070be00000, 0x000000070be00000|100%| S|CS|TAMS 0x000000070bd00000, 0x000000070bd00000| Complete 
| 110|0x000000070be00000, 0x000000070be00000, 0x000000070bf00000|  0%| F|  |TAMS 0x000000070be00000, 0x000000070be00000| Untracked 
| 111|0x000000070bf00000, 0x000000070bf00000, 0x000000070c000000|  0%| F|  |TAMS 0x000000070bf00000, 0x000000070bf00000| Untracked 
| 112|0x000000070c000000, 0x000000070c000000, 0x000000070c100000|  0%| F|  |TAMS 0x000000070c000000, 0x000000070c000000| Untracked 
| 113|0x000000070c100000, 0x000000070c100000, 0x000000070c200000|  0%| F|  |TAMS 0x000000070c100000, 0x000000070c100000| Untracked 
| 114|0x000000070c200000, 0x000000070c200000, 0x000000070c300000|  0%| F|  |TAMS 0x000000070c200000, 0x000000070c200000| Untracked 
| 115|0x000000070c300000, 0x000000070c300000, 0x000000070c400000|  0%| F|  |TAMS 0x000000070c300000, 0x000000070c300000| Untracked 
| 116|0x000000070c400000, 0x000000070c400000, 0x000000070c500000|  0%| F|  |TAMS 0x000000070c400000, 0x000000070c400000| Untracked 
| 117|0x000000070c500000, 0x000000070c500000, 0x000000070c600000|  0%| F|  |TAMS 0x000000070c500000, 0x000000070c500000| Untracked 
| 118|0x000000070c600000, 0x000000070c600000, 0x000000070c700000|  0%| F|  |TAMS 0x000000070c600000, 0x000000070c600000| Untracked 
| 119|0x000000070c700000, 0x000000070c700000, 0x000000070c800000|  0%| F|  |TAMS 0x000000070c700000, 0x000000070c700000| Untracked 
| 120|0x000000070c800000, 0x000000070c800000, 0x000000070c900000|  0%| F|  |TAMS 0x000000070c800000, 0x000000070c800000| Untracked 
| 121|0x000000070c900000, 0x000000070c900000, 0x000000070ca00000|  0%| F|  |TAMS 0x000000070c900000, 0x000000070c900000| Untracked 
| 122|0x000000070ca00000, 0x000000070ca00000, 0x000000070cb00000|  0%| F|  |TAMS 0x000000070ca00000, 0x000000070ca00000| Untracked 
| 123|0x000000070cb00000, 0x000000070cb00000, 0x000000070cc00000|  0%| F|  |TAMS 0x000000070cb00000, 0x000000070cb00000| Untracked 
| 124|0x000000070cc00000, 0x000000070cc00000, 0x000000070cd00000|  0%| F|  |TAMS 0x000000070cc00000, 0x000000070cc00000| Untracked 
| 125|0x000000070cd00000, 0x000000070cd00000, 0x000000070ce00000|  0%| F|  |TAMS 0x000000070cd00000, 0x000000070cd00000| Untracked 
| 126|0x000000070ce00000, 0x000000070ce00000, 0x000000070cf00000|  0%| F|  |TAMS 0x000000070ce00000, 0x000000070ce00000| Untracked 
| 127|0x000000070cf00000, 0x000000070cf00000, 0x000000070d000000|  0%| F|  |TAMS 0x000000070cf00000, 0x000000070cf00000| Untracked 
| 128|0x000000070d000000, 0x000000070d000000, 0x000000070d100000|  0%| F|  |TAMS 0x000000070d000000, 0x000000070d000000| Untracked 
| 129|0x000000070d100000, 0x000000070d100000, 0x000000070d200000|  0%| F|  |TAMS 0x000000070d100000, 0x000000070d100000| Untracked 
| 130|0x000000070d200000, 0x000000070d200000, 0x000000070d300000|  0%| F|  |TAMS 0x000000070d200000, 0x000000070d200000| Untracked 
| 131|0x000000070d300000, 0x000000070d300000, 0x000000070d400000|  0%| F|  |TAMS 0x000000070d300000, 0x000000070d300000| Untracked 
| 132|0x000000070d400000, 0x000000070d400000, 0x000000070d500000|  0%| F|  |TAMS 0x000000070d400000, 0x000000070d400000| Untracked 
| 133|0x000000070d500000, 0x000000070d500000, 0x000000070d600000|  0%| F|  |TAMS 0x000000070d500000, 0x000000070d500000| Untracked 
| 134|0x000000070d600000, 0x000000070d600000, 0x000000070d700000|  0%| F|  |TAMS 0x000000070d600000, 0x000000070d600000| Untracked 
| 135|0x000000070d700000, 0x000000070d700000, 0x000000070d800000|  0%| F|  |TAMS 0x000000070d700000, 0x000000070d700000| Untracked 
| 136|0x000000070d800000, 0x000000070d800000, 0x000000070d900000|  0%| F|  |TAMS 0x000000070d800000, 0x000000070d800000| Untracked 
| 137|0x000000070d900000, 0x000000070d900000, 0x000000070da00000|  0%| F|  |TAMS 0x000000070d900000, 0x000000070d900000| Untracked 
| 138|0x000000070da00000, 0x000000070da00000, 0x000000070db00000|  0%| F|  |TAMS 0x000000070da00000, 0x000000070da00000| Untracked 
| 139|0x000000070db00000, 0x000000070db00000, 0x000000070dc00000|  0%| F|  |TAMS 0x000000070db00000, 0x000000070db00000| Untracked 
| 140|0x000000070dc00000, 0x000000070dc00000, 0x000000070dd00000|  0%| F|  |TAMS 0x000000070dc00000, 0x000000070dc00000| Untracked 
| 141|0x000000070dd00000, 0x000000070dd00000, 0x000000070de00000|  0%| F|  |TAMS 0x000000070dd00000, 0x000000070dd00000| Untracked 
| 142|0x000000070de00000, 0x000000070de00000, 0x000000070df00000|  0%| F|  |TAMS 0x000000070de00000, 0x000000070de00000| Untracked 
| 143|0x000000070df00000, 0x000000070df00000, 0x000000070e000000|  0%| F|  |TAMS 0x000000070df00000, 0x000000070df00000| Untracked 
| 144|0x000000070e000000, 0x000000070e000000, 0x000000070e100000|  0%| F|  |TAMS 0x000000070e000000, 0x000000070e000000| Untracked 
| 145|0x000000070e100000, 0x000000070e100000, 0x000000070e200000|  0%| F|  |TAMS 0x000000070e100000, 0x000000070e100000| Untracked 
| 146|0x000000070e200000, 0x000000070e200000, 0x000000070e300000|  0%| F|  |TAMS 0x000000070e200000, 0x000000070e200000| Untracked 
| 147|0x000000070e300000, 0x000000070e300000, 0x000000070e400000|  0%| F|  |TAMS 0x000000070e300000, 0x000000070e300000| Untracked 
| 148|0x000000070e400000, 0x000000070e400000, 0x000000070e500000|  0%| F|  |TAMS 0x000000070e400000, 0x000000070e400000| Untracked 
| 149|0x000000070e500000, 0x000000070e500000, 0x000000070e600000|  0%| F|  |TAMS 0x000000070e500000, 0x000000070e500000| Untracked 
| 150|0x000000070e600000, 0x000000070e600000, 0x000000070e700000|  0%| F|  |TAMS 0x000000070e600000, 0x000000070e600000| Untracked 
| 151|0x000000070e700000, 0x000000070e700000, 0x000000070e800000|  0%| F|  |TAMS 0x000000070e700000, 0x000000070e700000| Untracked 
| 152|0x000000070e800000, 0x000000070e800000, 0x000000070e900000|  0%| F|  |TAMS 0x000000070e800000, 0x000000070e800000| Untracked 
| 153|0x000000070e900000, 0x000000070e900000, 0x000000070ea00000|  0%| F|  |TAMS 0x000000070e900000, 0x000000070e900000| Untracked 
| 154|0x000000070ea00000, 0x000000070ea00000, 0x000000070eb00000|  0%| F|  |TAMS 0x000000070ea00000, 0x000000070ea00000| Untracked 
| 155|0x000000070eb00000, 0x000000070eb00000, 0x000000070ec00000|  0%| F|  |TAMS 0x000000070eb00000, 0x000000070eb00000| Untracked 
| 156|0x000000070ec00000, 0x000000070ec00000, 0x000000070ed00000|  0%| F|  |TAMS 0x000000070ec00000, 0x000000070ec00000| Untracked 
| 157|0x000000070ed00000, 0x000000070ed00000, 0x000000070ee00000|  0%| F|  |TAMS 0x000000070ed00000, 0x000000070ed00000| Untracked 
| 158|0x000000070ee00000, 0x000000070ee00000, 0x000000070ef00000|  0%| F|  |TAMS 0x000000070ee00000, 0x000000070ee00000| Untracked 
| 159|0x000000070ef00000, 0x000000070ef00000, 0x000000070f000000|  0%| F|  |TAMS 0x000000070ef00000, 0x000000070ef00000| Untracked 
| 160|0x000000070f000000, 0x000000070f000000, 0x000000070f100000|  0%| F|  |TAMS 0x000000070f000000, 0x000000070f000000| Untracked 
| 161|0x000000070f100000, 0x000000070f100000, 0x000000070f200000|  0%| F|  |TAMS 0x000000070f100000, 0x000000070f100000| Untracked 
| 162|0x000000070f200000, 0x000000070f200000, 0x000000070f300000|  0%| F|  |TAMS 0x000000070f200000, 0x000000070f200000| Untracked 
| 163|0x000000070f300000, 0x000000070f300000, 0x000000070f400000|  0%| F|  |TAMS 0x000000070f300000, 0x000000070f300000| Untracked 
| 164|0x000000070f400000, 0x000000070f400000, 0x000000070f500000|  0%| F|  |TAMS 0x000000070f400000, 0x000000070f400000| Untracked 
| 165|0x000000070f500000, 0x000000070f500000, 0x000000070f600000|  0%| F|  |TAMS 0x000000070f500000, 0x000000070f500000| Untracked 
| 166|0x000000070f600000, 0x000000070f600000, 0x000000070f700000|  0%| F|  |TAMS 0x000000070f600000, 0x000000070f600000| Untracked 
| 167|0x000000070f700000, 0x000000070f700000, 0x000000070f800000|  0%| F|  |TAMS 0x000000070f700000, 0x000000070f700000| Untracked 
| 168|0x000000070f800000, 0x000000070f800000, 0x000000070f900000|  0%| F|  |TAMS 0x000000070f800000, 0x000000070f800000| Untracked 
| 169|0x000000070f900000, 0x000000070f900000, 0x000000070fa00000|  0%| F|  |TAMS 0x000000070f900000, 0x000000070f900000| Untracked 
| 170|0x000000070fa00000, 0x000000070fa00000, 0x000000070fb00000|  0%| F|  |TAMS 0x000000070fa00000, 0x000000070fa00000| Untracked 
| 171|0x000000070fb00000, 0x000000070fb00000, 0x000000070fc00000|  0%| F|  |TAMS 0x000000070fb00000, 0x000000070fb00000| Untracked 
| 172|0x000000070fc00000, 0x000000070fc00000, 0x000000070fd00000|  0%| F|  |TAMS 0x000000070fc00000, 0x000000070fc00000| Untracked 
| 173|0x000000070fd00000, 0x000000070fd00000, 0x000000070fe00000|  0%| F|  |TAMS 0x000000070fd00000, 0x000000070fd00000| Untracked 
| 174|0x000000070fe00000, 0x000000070fe00000, 0x000000070ff00000|  0%| F|  |TAMS 0x000000070fe00000, 0x000000070fe00000| Untracked 
| 175|0x000000070ff00000, 0x000000070ff00000, 0x0000000710000000|  0%| F|  |TAMS 0x000000070ff00000, 0x000000070ff00000| Untracked 
| 176|0x0000000710000000, 0x0000000710000000, 0x0000000710100000|  0%| F|  |TAMS 0x0000000710000000, 0x0000000710000000| Untracked 
| 177|0x0000000710100000, 0x0000000710100000, 0x0000000710200000|  0%| F|  |TAMS 0x0000000710100000, 0x0000000710100000| Untracked 
| 178|0x0000000710200000, 0x0000000710200000, 0x0000000710300000|  0%| F|  |TAMS 0x0000000710200000, 0x0000000710200000| Untracked 
| 179|0x0000000710300000, 0x0000000710300000, 0x0000000710400000|  0%| F|  |TAMS 0x0000000710300000, 0x0000000710300000| Untracked 
| 180|0x0000000710400000, 0x0000000710400000, 0x0000000710500000|  0%| F|  |TAMS 0x0000000710400000, 0x0000000710400000| Untracked 
| 181|0x0000000710500000, 0x0000000710500000, 0x0000000710600000|  0%| F|  |TAMS 0x0000000710500000, 0x0000000710500000| Untracked 
| 182|0x0000000710600000, 0x0000000710600000, 0x0000000710700000|  0%| F|  |TAMS 0x0000000710600000, 0x0000000710600000| Untracked 
| 183|0x0000000710700000, 0x0000000710700000, 0x0000000710800000|  0%| F|  |TAMS 0x0000000710700000, 0x0000000710700000| Untracked 
| 184|0x0000000710800000, 0x0000000710800000, 0x0000000710900000|  0%| F|  |TAMS 0x0000000710800000, 0x0000000710800000| Untracked 
| 185|0x0000000710900000, 0x0000000710900000, 0x0000000710a00000|  0%| F|  |TAMS 0x0000000710900000, 0x0000000710900000| Untracked 
| 186|0x0000000710a00000, 0x0000000710a00000, 0x0000000710b00000|  0%| F|  |TAMS 0x0000000710a00000, 0x0000000710a00000| Untracked 
| 187|0x0000000710b00000, 0x0000000710b00000, 0x0000000710c00000|  0%| F|  |TAMS 0x0000000710b00000, 0x0000000710b00000| Untracked 
| 188|0x0000000710c00000, 0x0000000710c00000, 0x0000000710d00000|  0%| F|  |TAMS 0x0000000710c00000, 0x0000000710c00000| Untracked 
| 189|0x0000000710d00000, 0x0000000710d00000, 0x0000000710e00000|  0%| F|  |TAMS 0x0000000710d00000, 0x0000000710d00000| Untracked 
| 190|0x0000000710e00000, 0x0000000710e00000, 0x0000000710f00000|  0%| F|  |TAMS 0x0000000710e00000, 0x0000000710e00000| Untracked 
| 191|0x0000000710f00000, 0x0000000710f00000, 0x0000000711000000|  0%| F|  |TAMS 0x0000000710f00000, 0x0000000710f00000| Untracked 
| 192|0x0000000711000000, 0x0000000711000000, 0x0000000711100000|  0%| F|  |TAMS 0x0000000711000000, 0x0000000711000000| Untracked 
| 193|0x0000000711100000, 0x0000000711100000, 0x0000000711200000|  0%| F|  |TAMS 0x0000000711100000, 0x0000000711100000| Untracked 
| 194|0x0000000711200000, 0x0000000711200000, 0x0000000711300000|  0%| F|  |TAMS 0x0000000711200000, 0x0000000711200000| Untracked 
| 195|0x0000000711300000, 0x0000000711300000, 0x0000000711400000|  0%| F|  |TAMS 0x0000000711300000, 0x0000000711300000| Untracked 
| 196|0x0000000711400000, 0x0000000711400000, 0x0000000711500000|  0%| F|  |TAMS 0x0000000711400000, 0x0000000711400000| Untracked 
| 197|0x0000000711500000, 0x0000000711500000, 0x0000000711600000|  0%| F|  |TAMS 0x0000000711500000, 0x0000000711500000| Untracked 
| 198|0x0000000711600000, 0x0000000711600000, 0x0000000711700000|  0%| F|  |TAMS 0x0000000711600000, 0x0000000711600000| Untracked 
| 199|0x0000000711700000, 0x0000000711780800, 0x0000000711800000| 50%| E|  |TAMS 0x0000000711700000, 0x0000000711700000| Complete 
| 200|0x0000000711800000, 0x0000000711900000, 0x0000000711900000|100%| E|CS|TAMS 0x0000000711800000, 0x0000000711800000| Complete 
| 201|0x0000000711900000, 0x0000000711a00000, 0x0000000711a00000|100%| E|CS|TAMS 0x0000000711900000, 0x0000000711900000| Complete 
| 202|0x0000000711a00000, 0x0000000711b00000, 0x0000000711b00000|100%| E|CS|TAMS 0x0000000711a00000, 0x0000000711a00000| Complete 
| 203|0x0000000711b00000, 0x0000000711c00000, 0x0000000711c00000|100%| E|CS|TAMS 0x0000000711b00000, 0x0000000711b00000| Complete 
| 204|0x0000000711c00000, 0x0000000711d00000, 0x0000000711d00000|100%| E|CS|TAMS 0x0000000711c00000, 0x0000000711c00000| Complete 
| 205|0x0000000711d00000, 0x0000000711e00000, 0x0000000711e00000|100%| E|CS|TAMS 0x0000000711d00000, 0x0000000711d00000| Complete 
| 206|0x0000000711e00000, 0x0000000711f00000, 0x0000000711f00000|100%| E|CS|TAMS 0x0000000711e00000, 0x0000000711e00000| Complete 
| 207|0x0000000711f00000, 0x0000000712000000, 0x0000000712000000|100%| E|CS|TAMS 0x0000000711f00000, 0x0000000711f00000| Complete 
| 208|0x0000000712000000, 0x0000000712100000, 0x0000000712100000|100%| E|CS|TAMS 0x0000000712000000, 0x0000000712000000| Complete 
| 209|0x0000000712100000, 0x0000000712200000, 0x0000000712200000|100%| E|CS|TAMS 0x0000000712100000, 0x0000000712100000| Complete 
| 210|0x0000000712200000, 0x0000000712300000, 0x0000000712300000|100%| E|CS|TAMS 0x0000000712200000, 0x0000000712200000| Complete 
| 211|0x0000000712300000, 0x0000000712400000, 0x0000000712400000|100%| E|CS|TAMS 0x0000000712300000, 0x0000000712300000| Complete 
| 212|0x0000000712400000, 0x0000000712500000, 0x0000000712500000|100%| E|CS|TAMS 0x0000000712400000, 0x0000000712400000| Complete 
| 213|0x0000000712500000, 0x0000000712600000, 0x0000000712600000|100%| E|CS|TAMS 0x0000000712500000, 0x0000000712500000| Complete 
| 214|0x0000000712600000, 0x0000000712700000, 0x0000000712700000|100%| E|CS|TAMS 0x0000000712600000, 0x0000000712600000| Complete 
| 215|0x0000000712700000, 0x0000000712800000, 0x0000000712800000|100%| E|CS|TAMS 0x0000000712700000, 0x0000000712700000| Complete 
| 216|0x0000000712800000, 0x0000000712900000, 0x0000000712900000|100%| E|CS|TAMS 0x0000000712800000, 0x0000000712800000| Complete 
| 217|0x0000000712900000, 0x0000000712a00000, 0x0000000712a00000|100%| E|CS|TAMS 0x0000000712900000, 0x0000000712900000| Complete 
| 218|0x0000000712a00000, 0x0000000712b00000, 0x0000000712b00000|100%| E|CS|TAMS 0x0000000712a00000, 0x0000000712a00000| Complete 
| 219|0x0000000712b00000, 0x0000000712c00000, 0x0000000712c00000|100%| E|CS|TAMS 0x0000000712b00000, 0x0000000712b00000| Complete 
| 220|0x0000000712c00000, 0x0000000712d00000, 0x0000000712d00000|100%| E|CS|TAMS 0x0000000712c00000, 0x0000000712c00000| Complete 
| 221|0x0000000712d00000, 0x0000000712e00000, 0x0000000712e00000|100%| E|CS|TAMS 0x0000000712d00000, 0x0000000712d00000| Complete 
| 222|0x0000000712e00000, 0x0000000712f00000, 0x0000000712f00000|100%| E|CS|TAMS 0x0000000712e00000, 0x0000000712e00000| Complete 
| 223|0x0000000712f00000, 0x0000000713000000, 0x0000000713000000|100%| E|CS|TAMS 0x0000000712f00000, 0x0000000712f00000| Complete 
| 224|0x0000000713000000, 0x0000000713100000, 0x0000000713100000|100%| E|CS|TAMS 0x0000000713000000, 0x0000000713000000| Complete 
| 225|0x0000000713100000, 0x0000000713200000, 0x0000000713200000|100%| E|CS|TAMS 0x0000000713100000, 0x0000000713100000| Complete 
| 226|0x0000000713200000, 0x0000000713300000, 0x0000000713300000|100%| E|CS|TAMS 0x0000000713200000, 0x0000000713200000| Complete 
| 227|0x0000000713300000, 0x0000000713400000, 0x0000000713400000|100%| E|CS|TAMS 0x0000000713300000, 0x0000000713300000| Complete 
| 228|0x0000000713400000, 0x0000000713500000, 0x0000000713500000|100%| E|CS|TAMS 0x0000000713400000, 0x0000000713400000| Complete 
| 229|0x0000000713500000, 0x0000000713600000, 0x0000000713600000|100%| E|CS|TAMS 0x0000000713500000, 0x0000000713500000| Complete 
| 230|0x0000000713600000, 0x0000000713700000, 0x0000000713700000|100%| E|CS|TAMS 0x0000000713600000, 0x0000000713600000| Complete 
| 231|0x0000000713700000, 0x0000000713800000, 0x0000000713800000|100%| E|CS|TAMS 0x0000000713700000, 0x0000000713700000| Complete 
| 232|0x0000000713800000, 0x0000000713900000, 0x0000000713900000|100%| E|CS|TAMS 0x0000000713800000, 0x0000000713800000| Complete 
| 233|0x0000000713900000, 0x0000000713a00000, 0x0000000713a00000|100%| E|CS|TAMS 0x0000000713900000, 0x0000000713900000| Complete 
| 234|0x0000000713a00000, 0x0000000713b00000, 0x0000000713b00000|100%| E|CS|TAMS 0x0000000713a00000, 0x0000000713a00000| Complete 
| 235|0x0000000713b00000, 0x0000000713c00000, 0x0000000713c00000|100%| E|CS|TAMS 0x0000000713b00000, 0x0000000713b00000| Complete 
| 236|0x0000000713c00000, 0x0000000713d00000, 0x0000000713d00000|100%| E|CS|TAMS 0x0000000713c00000, 0x0000000713c00000| Complete 
| 237|0x0000000713d00000, 0x0000000713e00000, 0x0000000713e00000|100%| E|CS|TAMS 0x0000000713d00000, 0x0000000713d00000| Complete 
| 238|0x0000000713e00000, 0x0000000713f00000, 0x0000000713f00000|100%| E|CS|TAMS 0x0000000713e00000, 0x0000000713e00000| Complete 
| 239|0x0000000713f00000, 0x0000000714000000, 0x0000000714000000|100%| E|CS|TAMS 0x0000000713f00000, 0x0000000713f00000| Complete 
| 240|0x0000000714000000, 0x0000000714100000, 0x0000000714100000|100%| E|CS|TAMS 0x0000000714000000, 0x0000000714000000| Complete 
| 241|0x0000000714100000, 0x0000000714200000, 0x0000000714200000|100%| E|CS|TAMS 0x0000000714100000, 0x0000000714100000| Complete 
| 242|0x0000000714200000, 0x0000000714300000, 0x0000000714300000|100%| E|CS|TAMS 0x0000000714200000, 0x0000000714200000| Complete 
| 243|0x0000000714300000, 0x0000000714400000, 0x0000000714400000|100%| E|CS|TAMS 0x0000000714300000, 0x0000000714300000| Complete 
| 244|0x0000000714400000, 0x0000000714500000, 0x0000000714500000|100%| E|CS|TAMS 0x0000000714400000, 0x0000000714400000| Complete 
| 245|0x0000000714500000, 0x0000000714600000, 0x0000000714600000|100%| E|CS|TAMS 0x0000000714500000, 0x0000000714500000| Complete 
| 246|0x0000000714600000, 0x0000000714700000, 0x0000000714700000|100%| E|CS|TAMS 0x0000000714600000, 0x0000000714600000| Complete 
| 247|0x0000000714700000, 0x0000000714800000, 0x0000000714800000|100%| E|CS|TAMS 0x0000000714700000, 0x0000000714700000| Complete 
| 248|0x0000000714800000, 0x0000000714900000, 0x0000000714900000|100%| E|CS|TAMS 0x0000000714800000, 0x0000000714800000| Complete 
| 249|0x0000000714900000, 0x0000000714a00000, 0x0000000714a00000|100%| E|CS|TAMS 0x0000000714900000, 0x0000000714900000| Complete 
| 250|0x0000000714a00000, 0x0000000714b00000, 0x0000000714b00000|100%| E|CS|TAMS 0x0000000714a00000, 0x0000000714a00000| Complete 
| 251|0x0000000714b00000, 0x0000000714c00000, 0x0000000714c00000|100%| E|CS|TAMS 0x0000000714b00000, 0x0000000714b00000| Complete 

Card table byte_map: [0x0000022565c60000,0x0000022566440000] _byte_map_base: 0x0000022562438000

Marking Bits (Prev, Next): (CMBitMap*) 0x000002254d9fd7d8, (CMBitMap*) 0x000002254d9fd810
 Prev Bits: [0x0000022566c20000, 0x000002256aae0000)
 Next Bits: [0x000002256aae0000, 0x000002256e9a0000)

Polling page: 0x000002254b820000

Metaspace:

Usage:
  Non-class:      9.93 MB capacity,     9.61 MB ( 97%) used,   274.02 KB (  3%) free+waste,    58.25 KB ( <1%) overhead. 
      Class:      1.47 MB capacity,     1.18 MB ( 80%) used,   270.35 KB ( 18%) free+waste,    32.81 KB (  2%) overhead. 
       Both:     11.41 MB capacity,    10.79 MB ( 95%) used,   544.38 KB (  5%) free+waste,    91.06 KB ( <1%) overhead. 

Virtual space:
  Non-class space:       10.00 MB reserved,      10.00 MB (100%) committed 
      Class space:        1.00 GB reserved,       1.50 MB ( <1%) committed 
             Both:        1.01 GB reserved,      11.50 MB (  1%) committed 

Chunk freelists:
   Non-Class:  0 bytes
       Class:  0 bytes
        Both:  0 bytes

MaxMetaspaceSize: 17179869184.00 GB
CompressedClassSpaceSize: 1.00 GB
Initial GC threshold: 20.80 MB
Current GC threshold: 20.80 MB
CDS: on

CodeHeap 'non-profiled nmethods': size=120000Kb used=1214Kb max_used=1214Kb free=118785Kb
 bounds [0x000002255dc10000, 0x000002255de80000, 0x0000022565140000]
CodeHeap 'profiled nmethods': size=120000Kb used=4407Kb max_used=4407Kb free=115592Kb
 bounds [0x00000225566e0000, 0x0000022556b30000, 0x000002255dc10000]
CodeHeap 'non-nmethods': size=5760Kb used=1285Kb max_used=1307Kb free=4474Kb
 bounds [0x0000022556140000, 0x00000225563b0000, 0x00000225566e0000]
 total_blobs=2728 nmethods=2145 adapters=495
 compilation: enabled
              stopped_count=0, restarted_count=0
 full_count=0

Compilation events (20 events):
Event: 13.915 Thread 0x000002257150e000 2120 %s    3       sun.java2d.loops.GraphicsPrimitiveMgr::locatePrim @ 20 (95 bytes)
Event: 13.916 Thread 0x000002257150e000 nmethod 2120% 0x0000022556b18690 code [0x0000022556b188c0, 0x0000022556b193c8]
Event: 13.916 Thread 0x0000022571501000 nmethod 2117 0x000002255dd3c510 code [0x000002255dd3c6a0, 0x000002255dd3c778]
Event: 13.916 Thread 0x0000022571501000 2119       4       jdk.internal.org.objectweb.asm.Frame::execute (2264 bytes)
Event: 13.916 Thread 0x000002257150e000 2123  s    3       sun.java2d.loops.GraphicsPrimitiveMgr::locatePrim (95 bytes)
Event: 13.917 Thread 0x000002257150e000 nmethod 2123 0x0000022556b19790 code [0x0000022556b199c0, 0x0000022556b1a408]
Event: 13.917 Thread 0x000002257150e000 2124       3       sun.java2d.loops.GraphicsPrimitiveMgr$PrimitiveSpec::<init> (5 bytes)
Event: 13.917 Thread 0x000002257150e000 nmethod 2124 0x0000022556b1a810 code [0x0000022556b1a9c0, 0x0000022556b1ab38]
Event: 13.917 Thread 0x000002257150e000 2122       3       java.util.ImmutableCollections$AbstractImmutableList::<init> (5 bytes)
Event: 13.917 Thread 0x000002257150e000 nmethod 2122 0x0000022556b1ac10 code [0x0000022556b1ade0, 0x0000022556b1b018]
Event: 13.917 Thread 0x000002257150e000 2125       1       java.lang.invoke.ClassSpecializer::topClass (5 bytes)
Event: 13.917 Thread 0x000002257150e000 nmethod 2125 0x000002255dd3ce90 code [0x000002255dd3d040, 0x000002255dd3d118]
Event: 13.918 Thread 0x000002257150e000 2128       3       sun.java2d.SunGraphics2D::drawImage (15 bytes)
Event: 13.918 Thread 0x000002257150e000 nmethod 2128 0x0000022556b1b110 code [0x0000022556b1b2c0, 0x0000022556b1b428]
Event: 13.918 Thread 0x000002257150e000 2129       3       sun.nio.cs.UTF_8$Encoder::encodeArrayLoop (489 bytes)
Event: 13.920 Thread 0x000002257150e000 nmethod 2129 0x0000022556b1b510 code [0x0000022556b1bb00, 0x0000022556b1f0e8]
Event: 13.920 Thread 0x000002257150e000 2130       3       java.io.BufferedWriter::ensureOpen (18 bytes)
Event: 13.920 Thread 0x000002257150e000 nmethod 2130 0x0000022556b20210 code [0x0000022556b203e0, 0x0000022556b20608]
Event: 13.921 Thread 0x000002257150e000 2132       3       java.lang.StringUTF16::length (5 bytes)
Event: 13.921 Thread 0x000002257150e000 nmethod 2132 0x0000022556b20710 code [0x0000022556b208c0, 0x0000022556b209b8]

GC Heap History (14 events):
Event: 0.639 GC heap before
{Heap before GC invocations=0 (full 0):
 garbage-first heap   total 258048K, used 32768K [0x0000000705000000, 0x0000000800000000)
  region size 1024K, 24 young (24576K), 0 survivors (0K)
 Metaspace       used 3547K, capacity 4884K, committed 5248K, reserved 1056768K
  class space    used 364K, capacity 531K, committed 640K, reserved 1048576K
}
Event: 0.642 GC heap after
{Heap after GC invocations=1 (full 0):
 garbage-first heap   total 258048K, used 11832K [0x0000000705000000, 0x0000000800000000)
  region size 1024K, 3 young (3072K), 3 survivors (3072K)
 Metaspace       used 3547K, capacity 4884K, committed 5248K, reserved 1056768K
  class space    used 364K, capacity 531K, committed 640K, reserved 1048576K
}
Event: 4.186 GC heap before
{Heap before GC invocations=1 (full 0):
 garbage-first heap   total 258048K, used 198200K [0x0000000705000000, 0x0000000800000000)
  region size 1024K, 151 young (154624K), 3 survivors (3072K)
 Metaspace       used 10526K, capacity 11134K, committed 11264K, reserved 1058816K
  class space    used 1157K, capacity 1434K, committed 1536K, reserved 1048576K
}
Event: 4.190 GC heap after
{Heap after GC invocations=2 (full 0):
 garbage-first heap   total 258048K, used 53101K [0x0000000705000000, 0x0000000800000000)
  region size 1024K, 8 young (8192K), 8 survivors (8192K)
 Metaspace       used 10526K, capacity 11134K, committed 11264K, reserved 1058816K
  class space    used 1157K, capacity 1434K, committed 1536K, reserved 1048576K
}
Event: 6.360 GC heap before
{Heap before GC invocations=2 (full 0):
 garbage-first heap   total 258048K, used 199533K [0x0000000705000000, 0x0000000800000000)
  region size 1024K, 151 young (154624K), 8 survivors (8192K)
 Metaspace       used 10617K, capacity 11202K, committed 11520K, reserved 1058816K
  class space    used 1161K, capacity 1434K, committed 1536K, reserved 1048576K
}
Event: 6.364 GC heap after
{Heap after GC invocations=3 (full 0):
 garbage-first heap   total 258048K, used 52969K [0x0000000705000000, 0x0000000800000000)
  region size 1024K, 8 young (8192K), 8 survivors (8192K)
 Metaspace       used 10617K, capacity 11202K, committed 11520K, reserved 1058816K
  class space    used 1161K, capacity 1434K, committed 1536K, reserved 1048576K
}
Event: 8.476 GC heap before
{Heap before GC invocations=3 (full 0):
 garbage-first heap   total 258048K, used 199401K [0x0000000705000000, 0x0000000800000000)
  region size 1024K, 151 young (154624K), 8 survivors (8192K)
 Metaspace       used 10709K, capacity 11267K, committed 11520K, reserved 1058816K
  class space    used 1161K, capacity 1434K, committed 1536K, reserved 1048576K
}
Event: 8.479 GC heap after
{Heap after GC invocations=4 (full 0):
 garbage-first heap   total 258048K, used 53398K [0x0000000705000000, 0x0000000800000000)
  region size 1024K, 9 young (9216K), 9 survivors (9216K)
 Metaspace       used 10709K, capacity 11267K, committed 11520K, reserved 1058816K
  class space    used 1161K, capacity 1434K, committed 1536K, reserved 1048576K
}
Event: 10.257 GC heap before
{Heap before GC invocations=4 (full 0):
 garbage-first heap   total 258048K, used 198806K [0x0000000705000000, 0x0000000800000000)
  region size 1024K, 151 young (154624K), 9 survivors (9216K)
 Metaspace       used 10779K, capacity 11335K, committed 11520K, reserved 1058816K
  class space    used 1161K, capacity 1434K, committed 1536K, reserved 1048576K
}
Event: 10.261 GC heap after
{Heap after GC invocations=5 (full 0):
 garbage-first heap   total 258048K, used 53972K [0x0000000705000000, 0x0000000800000000)
  region size 1024K, 9 young (9216K), 9 survivors (9216K)
 Metaspace       used 10779K, capacity 11335K, committed 11520K, reserved 1058816K
  class space    used 1161K, capacity 1434K, committed 1536K, reserved 1048576K
}
Event: 11.850 GC heap before
{Heap before GC invocations=5 (full 0):
 garbage-first heap   total 258048K, used 199380K [0x0000000705000000, 0x0000000800000000)
  region size 1024K, 151 young (154624K), 9 survivors (9216K)
 Metaspace       used 10801K, capacity 11399K, committed 11520K, reserved 1058816K
  class space    used 1161K, capacity 1434K, committed 1536K, reserved 1048576K
}
Event: 11.853 GC heap after
{Heap after GC invocations=6 (full 0):
 garbage-first heap   total 258048K, used 53679K [0x0000000705000000, 0x0000000800000000)
  region size 1024K, 9 young (9216K), 9 survivors (9216K)
 Metaspace       used 10801K, capacity 11399K, committed 11520K, reserved 1058816K
  class space    used 1161K, capacity 1434K, committed 1536K, reserved 1048576K
}
Event: 13.376 GC heap before
{Heap before GC invocations=6 (full 0):
 garbage-first heap   total 258048K, used 199087K [0x0000000705000000, 0x0000000800000000)
  region size 1024K, 151 young (154624K), 9 survivors (9216K)
 Metaspace       used 10846K, capacity 11399K, committed 11520K, reserved 1058816K
  class space    used 1161K, capacity 1434K, committed 1536K, reserved 1048576K
}
Event: 13.379 GC heap after
{Heap after GC invocations=7 (full 0):
 garbage-first heap   total 258048K, used 53248K [0x0000000705000000, 0x0000000800000000)
  region size 1024K, 8 young (8192K), 8 survivors (8192K)
 Metaspace       used 10846K, capacity 11399K, committed 11520K, reserved 1058816K
  class space    used 1161K, capacity 1434K, committed 1536K, reserved 1048576K
}

Deoptimization events (20 events):
Event: 12.824 Thread 0x000002257d76f800 Uncommon trap: trap_request=0xffffff4d fr.pc=0x000002255dd1a3c4 relative=0x0000000000000364
Event: 12.824 Thread 0x000002257d76f800 Uncommon trap: reason=unstable_if action=reinterpret pc=0x000002255dd1a3c4 method=java.awt.geom.Rectangle2D.intersects(DDDD)Z @ 64 c2
Event: 12.824 Thread 0x000002257d76f800 DEOPT PACKING pc=0x000002255dd1a3c4 sp=0x000000be273ff080
Event: 12.824 Thread 0x000002257d76f800 DEOPT UNPACKING pc=0x000002255618a1af sp=0x000000be273fef80 mode 2
Event: 12.984 Thread 0x000002257d76f800 Uncommon trap: trap_request=0xffffff4d fr.pc=0x000002255dd37a0c relative=0x000000000000020c
Event: 12.984 Thread 0x000002257d76f800 Uncommon trap: reason=unstable_if action=reinterpret pc=0x000002255dd37a0c method=PaooGame.Graphics.HelpMethods.IsSolid(FF[[II)Z @ 22 c2
Event: 12.984 Thread 0x000002257d76f800 DEOPT PACKING pc=0x000002255dd37a0c sp=0x000000be273fefd0
Event: 12.984 Thread 0x000002257d76f800 DEOPT UNPACKING pc=0x000002255618a1af sp=0x000000be273fef40 mode 2
Event: 13.913 Thread 0x000002257be79000 Uncommon trap: trap_request=0xffffff4d fr.pc=0x000002255dcebdec relative=0x000000000000036c
Event: 13.913 Thread 0x000002257be79000 Uncommon trap: reason=unstable_if action=reinterpret pc=0x000002255dcebdec method=sun.java2d.loops.GraphicsPrimitiveMgr.locatePrim(ILsun/java2d/loops/SurfaceType;Lsun/java2d/loops/CompositeType;Lsun/java2d/loops/SurfaceType;)Lsun/java2d/loops/GraphicsPrim
Event: 13.914 Thread 0x000002257be79000 DEOPT PACKING pc=0x000002255dcebdec sp=0x000000be272fad00
Event: 13.914 Thread 0x000002257be79000 DEOPT UNPACKING pc=0x000002255618a1af sp=0x000000be272face8 mode 2
Event: 13.914 Thread 0x000002257be79000 Uncommon trap: trap_request=0xffffff4d fr.pc=0x000002255dd138f8 relative=0x0000000000000318
Event: 13.914 Thread 0x000002257be79000 Uncommon trap: reason=unstable_if action=reinterpret pc=0x000002255dd138f8 method=sun.java2d.loops.GraphicsPrimitiveMgr.locate(ILsun/java2d/loops/SurfaceType;Lsun/java2d/loops/CompositeType;Lsun/java2d/loops/SurfaceType;)Lsun/java2d/loops/GraphicsPrimitiv
Event: 13.914 Thread 0x000002257be79000 DEOPT PACKING pc=0x000002255dd138f8 sp=0x000000be272fa8d0
Event: 13.914 Thread 0x000002257be79000 DEOPT UNPACKING pc=0x000002255618a1af sp=0x000000be272fa898 mode 2
Event: 13.915 Thread 0x000002257be79000 Uncommon trap: trap_request=0xffffff4d fr.pc=0x000002255dcfd8b0 relative=0x0000000000000410
Event: 13.915 Thread 0x000002257be79000 Uncommon trap: reason=unstable_if action=reinterpret pc=0x000002255dcfd8b0 method=sun.java2d.SunGraphics2D.drawImage(Ljava/awt/Image;IIIILjava/awt/Color;Ljava/awt/image/ImageObserver;)Z @ 82 c2
Event: 13.915 Thread 0x000002257be79000 DEOPT PACKING pc=0x000002255dcfd8b0 sp=0x000000be272fafb0
Event: 13.915 Thread 0x000002257be79000 DEOPT UNPACKING pc=0x000002255618a1af sp=0x000000be272faef8 mode 2

Classes redefined (0 events):
No events

Internal exceptions (20 events):
Event: 1.743 Thread 0x000002254d996800 Exception <a 'java/lang/NoSuchMethodError'{0x000000070fde69c0}: 'java.lang.Object java.lang.invoke.DirectMethodHandle$Holder.invokeStatic(java.lang.Object, java.lang.Object, java.lang.Object, java.lang.Object, java.lang.Object, java.lang.Object, java.lang.Object, java.lang.Object, java.lang.Object, java.lang.Object, java.lang.Object, java.lang.Object, java.lang.Object, int)'> (0x000000070fde69c0) thrown at [s\src\hotspot\share\interpreter\linkResolver.cpp, line 773]
Event: 1.745 Thread 0x000002254d996800 Exception <a 'java/lang/NoSuchMethodError'{0x000000070fdf2f48}: 'java.lang.Object java.lang.invoke.DirectMethodHandle$Holder.invokeStatic(java.lang.Object, java.lang.Object, java.lang.Object, java.lang.Object, java.lang.Object, java.lang.Object, java.lang.Object, java.lang.Object, java.lang.Object, java.lang.Object, java.lang.Object, java.lang.Object, java.lang.Object, int, int)'> (0x000000070fdf2f48) thrown at [s\src\hotspot\share\interpreter\linkResolver.cpp, line 773]
Event: 1.803 Thread 0x000002257d580800 Exception <a 'java/lang/NoSuchMethodError'{0x000000070fc85838}: 'void java.lang.invoke.DirectMethodHandle$Holder.invokeSpecial(java.lang.Object, java.lang.Object)'> (0x000000070fc85838) thrown at [s\src\hotspot\share\interpreter\linkResolver.cpp, line 773]
Event: 1.807 Thread 0x000002254d996800 Exception <a 'java/lang/NoSuchMethodError'{0x000000070fb18780}: 'java.lang.Object java.lang.invoke.DirectMethodHandle$Holder.invokeStatic(java.lang.Object, java.lang.Object, java.lang.Object, java.lang.Object, java.lang.Object, java.lang.Object, java.lang.Object, java.lang.Object, int)'> (0x000000070fb18780) thrown at [s\src\hotspot\share\interpreter\linkResolver.cpp, line 773]
Event: 1.809 Thread 0x000002254d996800 Exception <a 'java/lang/NoSuchMethodError'{0x000000070fb326c0}: 'java.lang.Object java.lang.invoke.DirectMethodHandle$Holder.invokeStatic(java.lang.Object, java.lang.Object, java.lang.Object, java.lang.Object, java.lang.Object, java.lang.Object, java.lang.Object, java.lang.Object, int, int)'> (0x000000070fb326c0) thrown at [s\src\hotspot\share\interpreter\linkResolver.cpp, line 773]
Event: 1.849 Thread 0x000002254d996800 Exception <a 'java/lang/NoSuchMethodError'{0x000000070fbfa9b8}: 'java.lang.Object java.lang.invoke.DirectMethodHandle$Holder.invokeStatic(java.lang.Object, int, java.lang.Object, java.lang.Object, java.lang.Object, java.lang.Object)'> (0x000000070fbfa9b8) thrown at [s\src\hotspot\share\interpreter\linkResolver.cpp, line 773]
Event: 1.850 Thread 0x000002254d996800 Exception <a 'java/lang/NoSuchMethodError'{0x000000070fa01fd0}: 'java.lang.Object java.lang.invoke.DirectMethodHandle$Holder.invokeStatic(java.lang.Object, int, java.lang.Object, java.lang.Object, java.lang.Object)'> (0x000000070fa01fd0) thrown at [s\src\hotspot\share\interpreter\linkResolver.cpp, line 773]
Event: 1.850 Thread 0x000002254d996800 Exception <a 'java/lang/NoSuchMethodError'{0x000000070fa05b18}: 'java.lang.Object java.lang.invoke.DirectMethodHandle$Holder.invokeSpecial(java.lang.Object, java.lang.Object, int, java.lang.Object, java.lang.Object, java.lang.Object)'> (0x000000070fa05b18) thrown at [s\src\hotspot\share\interpreter\linkResolver.cpp, line 773]
Event: 1.853 Thread 0x000002254d996800 Exception <a 'java/lang/NoSuchMethodError'{0x000000070fa1d4c8}: 'java.lang.Object java.lang.invoke.DirectMethodHandle$Holder.invokeStatic(java.lang.Object, int, java.lang.Object)'> (0x000000070fa1d4c8) thrown at [s\src\hotspot\share\interpreter\linkResolver.cpp, line 773]
Event: 1.876 Thread 0x000002254d996800 Exception <a 'java/lang/ClassNotFoundException'{0x000000070facccb0}: com/sun/swing/internal/plaf/metal/resources/spi/metalProvider> (0x000000070facccb0) thrown at [s\src\hotspot\share\classfile\systemDictionary.cpp, line 230]
Event: 1.876 Thread 0x000002254d996800 Exception <a 'java/lang/ClassNotFoundException'{0x000000070fad0c98}: com/sun/swing/internal/plaf/basic/resources/spi/basicProvider> (0x000000070fad0c98) thrown at [s\src\hotspot\share\classfile\systemDictionary.cpp, line 230]
Event: 1.921 Thread 0x000002254d996800 Implicit null exception at 0x000002255dcc4d6e to 0x000002255dcc5c68
Event: 1.932 Thread 0x000002257d580800 Exception <a 'java/lang/NoSuchMethodError'{0x000000070fc9fa10}: 'void java.lang.invoke.DirectMethodHandle$Holder.invokeVirtual(java.lang.Object, java.lang.Object)'> (0x000000070fc9fa10) thrown at [s\src\hotspot\share\interpreter\linkResolver.cpp, line 773]
Event: 1.945 Thread 0x000002254d996800 Exception <a 'java/lang/NoSuchMethodError'{0x000000070f99fed0}: 'void java.lang.invoke.DirectMethodHandle$Holder.invokeStaticInit(java.lang.Object)'> (0x000000070f99fed0) thrown at [s\src\hotspot\share\interpreter\linkResolver.cpp, line 773]
Event: 2.005 Thread 0x000002254d996800 Exception <a 'java/lang/NoSuchMethodError'{0x000000070f762be8}: 'java.lang.Object java.lang.invoke.DirectMethodHandle$Holder.invokeStatic(java.lang.Object, java.lang.Object, java.lang.Object, java.lang.Object, java.lang.Object, java.lang.Object, java.lang.Object, java.lang.Object, java.lang.Object, java.lang.Object, java.lang.Object, int)'> (0x000000070f762be8) thrown at [s\src\hotspot\share\interpreter\linkResolver.cpp, line 773]
Event: 2.008 Thread 0x000002254d996800 Exception <a 'java/lang/NoSuchMethodError'{0x000000070f780e30}: 'java.lang.Object java.lang.invoke.DirectMethodHandle$Holder.invokeStatic(java.lang.Object, java.lang.Object, java.lang.Object, java.lang.Object, java.lang.Object, java.lang.Object, java.lang.Object, java.lang.Object, java.lang.Object, java.lang.Object, java.lang.Object, int, int)'> (0x000000070f780e30) thrown at [s\src\hotspot\share\interpreter\linkResolver.cpp, line 773]
Event: 2.009 Thread 0x000002254d996800 Exception <a 'java/lang/NoSuchMethodError'{0x000000070f79fdc8}: 'java.lang.Object java.lang.invoke.DirectMethodHandle$Holder.invokeStatic(java.lang.Object, java.lang.Object, java.lang.Object, java.lang.Object, java.lang.Object, java.lang.Object, java.lang.Object, java.lang.Object, java.lang.Object, java.lang.Object, java.lang.Object, int, int, java.lang.Object)'> (0x000000070f79fdc8) thrown at [s\src\hotspot\share\interpreter\linkResolver.cpp, line 773]
Event: 2.009 Thread 0x000002254d996800 Exception <a 'java/lang/NoSuchMethodError'{0x000000070f7aec70}: 'java.lang.Object java.lang.invoke.Invokers$Holder.linkToTargetMethod(java.lang.Object, int, java.lang.Object)'> (0x000000070f7aec70) thrown at [s\src\hotspot\share\interpreter\linkResolver.cpp, line 773]
Event: 2.974 Thread 0x000002257be79000 Exception <a 'java/lang/NoSuchMethodError'{0x000000070f5dac68}: 'java.lang.Object java.lang.invoke.DirectMethodHandle$Holder.invokeStatic(java.lang.Object, java.lang.Object, java.lang.Object, java.lang.Object, java.lang.Object, java.lang.Object, java.lang.Object, java.lang.Object, java.lang.Object, java.lang.Object, java.lang.Object, int, int, java.lang.Object, java.lang.Object)'> (0x000000070f5dac68) thrown at [s\src\hotspot\share\interpreter\linkResolver.cpp, line 773]
Event: 13.917 Thread 0x000002257d76f800 Exception <a 'java/lang/NoSuchMethodError'{0x0000000711bcc470}: 'java.lang.Object java.lang.invoke.DirectMethodHandle$Holder.invokeStatic(java.lang.Object, java.lang.Object, java.lang.Object, java.lang.Object, java.lang.Object, java.lang.Object, java.lang.Object, java.lang.Object, java.lang.Object, java.lang.Object, java.lang.Object, java.lang.Object, java.lang.Object, int, int, java.lang.Object)'> (0x0000000711bcc470) thrown at [s\src\hotspot\share\interpreter\linkResolver.cpp, line 773]

Events (20 events):
Event: 13.914 loading class sun/java2d/pipe/AlphaPaintPipe$TileContext done
Event: 13.914 loading class sun/java2d/loops/Blit$GeneralMaskBlit
Event: 13.914 loading class sun/java2d/loops/Blit$GeneralMaskBlit done
Event: 13.914 Executing VM operation: RevokeBias
Event: 13.914 Executing VM operation: RevokeBias done
Event: 13.915 Executing VM operation: RevokeBias
Event: 13.915 Executing VM operation: RevokeBias done
Event: 13.916 Executing VM operation: RevokeBias
Event: 13.916 Executing VM operation: RevokeBias done
Event: 13.916 loading class java/lang/invoke/BoundMethodHandle$Species_LLLLLLLLLLIIL
Event: 13.916 loading class java/lang/invoke/BoundMethodHandle$Species_LLLLLLLLLLIIL done
Event: 13.916 Executing VM operation: BulkRevokeBias
Event: 13.917 Executing VM operation: BulkRevokeBias done
Event: 13.918 loading class java/lang/Throwable$WrappedPrintStream
Event: 13.918 loading class java/lang/Throwable$PrintStreamOrWriter
Event: 13.918 loading class java/lang/Throwable$PrintStreamOrWriter done
Event: 13.918 loading class java/lang/Throwable$WrappedPrintStream done
Event: 13.918 loading class java/lang/StackTraceElement$HashedModules
Event: 13.918 loading class java/lang/StackTraceElement$HashedModules done
Event: 13.921 Executing VM operation: RevokeBias


Dynamic libraries:
0x00007ff6ead90000 - 0x00007ff6ead9e000 	C:\Users\Bianca\.jdks\ms-11.0.26\bin\java.exe
0x00007ffdfc1b0000 - 0x00007ffdfc3c7000 	C:\WINDOWS\SYSTEM32\ntdll.dll
0x00007ffdfbd60000 - 0x00007ffdfbe24000 	C:\WINDOWS\System32\KERNEL32.DLL
0x00007ffdf95b0000 - 0x00007ffdf9981000 	C:\WINDOWS\System32\KERNELBASE.dll
0x00007ffdf9320000 - 0x00007ffdf9431000 	C:\WINDOWS\System32\ucrtbase.dll
0x00007ffdf1760000 - 0x00007ffdf1777000 	C:\Users\Bianca\.jdks\ms-11.0.26\bin\jli.dll
0x00007ffdf1740000 - 0x00007ffdf175d000 	C:\Users\Bianca\.jdks\ms-11.0.26\bin\VCRUNTIME140.dll
0x00007ffdfb840000 - 0x00007ffdfb9f1000 	C:\WINDOWS\System32\USER32.dll
0x00007ffdf92f0000 - 0x00007ffdf9316000 	C:\WINDOWS\System32\win32u.dll
0x00007ffdfb6e0000 - 0x00007ffdfb709000 	C:\WINDOWS\System32\GDI32.dll
0x00007ffdda130000 - 0x00007ffdda3c2000 	C:\WINDOWS\WinSxS\amd64_microsoft.windows.common-controls_6595b64144ccf1df_6.0.22621.4830_none_270fe7d773858e80\COMCTL32.dll
0x00007ffdf9ad0000 - 0x00007ffdf9beb000 	C:\WINDOWS\System32\gdi32full.dll
0x00007ffdfba30000 - 0x00007ffdfbad7000 	C:\WINDOWS\System32\msvcrt.dll
0x00007ffdf9bf0000 - 0x00007ffdf9c8a000 	C:\WINDOWS\System32\msvcp_win.dll
0x00007ffdfbca0000 - 0x00007ffdfbcd1000 	C:\WINDOWS\System32\IMM32.DLL
0x00007ffdf2a80000 - 0x00007ffdf2a8c000 	C:\Users\Bianca\.jdks\ms-11.0.26\bin\vcruntime140_1.dll
0x00007ffdd25a0000 - 0x00007ffdd262d000 	C:\Users\Bianca\.jdks\ms-11.0.26\bin\msvcp140.dll
0x00007ffda33f0000 - 0x00007ffda3fc7000 	C:\Users\Bianca\.jdks\ms-11.0.26\bin\server\jvm.dll
0x00007ffdfbbe0000 - 0x00007ffdfbc91000 	C:\WINDOWS\System32\ADVAPI32.dll
0x00007ffdfb710000 - 0x00007ffdfb7b7000 	C:\WINDOWS\System32\sechost.dll
0x00007ffdf9e50000 - 0x00007ffdf9e78000 	C:\WINDOWS\System32\bcrypt.dll
0x00007ffdfc050000 - 0x00007ffdfc164000 	C:\WINDOWS\System32\RPCRT4.dll
0x00007ffdfb7c0000 - 0x00007ffdfb831000 	C:\WINDOWS\System32\WS2_32.dll
0x00007ffdec2c0000 - 0x00007ffdec2ca000 	C:\WINDOWS\SYSTEM32\VERSION.dll
0x00007ffdef010000 - 0x00007ffdef044000 	C:\WINDOWS\SYSTEM32\WINMM.dll
0x00007ffdf8340000 - 0x00007ffdf8358000 	C:\WINDOWS\SYSTEM32\kernel.appcore.dll
0x00007ffdf1730000 - 0x00007ffdf1740000 	C:\Users\Bianca\.jdks\ms-11.0.26\bin\verify.dll
0x00007ffdf68f0000 - 0x00007ffdf6b22000 	C:\WINDOWS\SYSTEM32\DBGHELP.DLL
0x00007ffdfb350000 - 0x00007ffdfb6e0000 	C:\WINDOWS\System32\combase.dll
0x00007ffdfafc0000 - 0x00007ffdfb097000 	C:\WINDOWS\System32\OLEAUT32.dll
0x00007ffdd5e00000 - 0x00007ffdd5e32000 	C:\WINDOWS\SYSTEM32\dbgcore.DLL
0x00007ffdf9dd0000 - 0x00007ffdf9e4b000 	C:\WINDOWS\System32\bcryptPrimitives.dll
0x00007ffddbfe0000 - 0x00007ffddc008000 	C:\Users\Bianca\.jdks\ms-11.0.26\bin\java.dll
0x00007ffdec650000 - 0x00007ffdec65a000 	C:\Users\Bianca\.jdks\ms-11.0.26\bin\jimage.dll
0x00007ffdec1c0000 - 0x00007ffdec1ce000 	C:\Users\Bianca\.jdks\ms-11.0.26\bin\instrument.dll
0x00007ffddbf30000 - 0x00007ffddbf48000 	C:\Users\Bianca\.jdks\ms-11.0.26\bin\zip.dll
0x00007ffdfa730000 - 0x00007ffdfafb8000 	C:\WINDOWS\System32\SHELL32.dll
0x00007ffdf9990000 - 0x00007ffdf9acf000 	C:\WINDOWS\System32\wintypes.dll
0x00007ffdf7250000 - 0x00007ffdf7b5d000 	C:\WINDOWS\SYSTEM32\windows.storage.dll
0x00007ffdfa620000 - 0x00007ffdfa72a000 	C:\WINDOWS\System32\SHCORE.dll
0x00007ffdfbff0000 - 0x00007ffdfc04e000 	C:\WINDOWS\System32\shlwapi.dll
0x00007ffdf9220000 - 0x00007ffdf924b000 	C:\WINDOWS\SYSTEM32\profapi.dll
0x00007ffdda880000 - 0x00007ffdda89a000 	C:\Users\Bianca\.jdks\ms-11.0.26\bin\net.dll
0x00007ffdf2930000 - 0x00007ffdf2a5c000 	C:\WINDOWS\SYSTEM32\WINHTTP.dll
0x00007ffdf87b0000 - 0x00007ffdf881a000 	C:\WINDOWS\system32\mswsock.dll
0x00007ffdda830000 - 0x00007ffdda842000 	C:\Users\Bianca\.jdks\ms-11.0.26\bin\nio.dll
0x00007ffdd8500000 - 0x00007ffdd851a000 	C:\Program Files\JetBrains\IntelliJ IDEA Community Edition 2024.3.3\bin\breakgen64.dll
0x00007ffdbc8d0000 - 0x00007ffdbca52000 	C:\Users\Bianca\.jdks\ms-11.0.26\bin\awt.dll
0x00007ffdf1b80000 - 0x00007ffdf1c17000 	C:\WINDOWS\SYSTEM32\apphelp.dll
0x00007ffdf8a10000 - 0x00007ffdf8a2b000 	C:\WINDOWS\SYSTEM32\CRYPTSP.dll
0x00007ffdf82a0000 - 0x00007ffdf82d7000 	C:\WINDOWS\system32\rsaenh.dll
0x00007ffdf88a0000 - 0x00007ffdf88c8000 	C:\WINDOWS\SYSTEM32\USERENV.dll
0x00007ffdf8a00000 - 0x00007ffdf8a0c000 	C:\WINDOWS\SYSTEM32\CRYPTBASE.dll
0x00007ffdf7e00000 - 0x00007ffdf7e2d000 	C:\WINDOWS\SYSTEM32\IPHLPAPI.DLL
0x00007ffdfba00000 - 0x00007ffdfba09000 	C:\WINDOWS\System32\NSI.dll
0x00007ffdf1f70000 - 0x00007ffdf1f89000 	C:\WINDOWS\SYSTEM32\dhcpcsvc6.DLL
0x00007ffdf1ef0000 - 0x00007ffdf1f0f000 	C:\WINDOWS\SYSTEM32\dhcpcsvc.DLL
0x00007ffdf7e30000 - 0x00007ffdf7f32000 	C:\WINDOWS\SYSTEM32\DNSAPI.dll
0x00007ffdd7410000 - 0x00007ffdd743e000 	C:\Users\Bianca\.jdks\ms-11.0.26\bin\javajpeg.dll
0x000000006d580000 - 0x000000006d63d000 	C:\Users\Bianca\AppData\Local\Temp\sqlite-3.8.11.2-4a23d3d4-51fd-42a0-8871-29ce2cc3a526-sqlitejdbc.dll
0x00007ffdf6360000 - 0x00007ffdf6413000 	C:\WINDOWS\system32\uxtheme.dll
0x00007ffdfa4c0000 - 0x00007ffdfa61d000 	C:\WINDOWS\System32\MSCTF.dll
0x00007ffdfb120000 - 0x00007ffdfb2c1000 	C:\WINDOWS\System32\ole32.dll
0x00007ffdf67f0000 - 0x00007ffdf681b000 	C:\WINDOWS\system32\DWMAPI.DLL
0x00007ffdb25e0000 - 0x00007ffdb26e0000 	C:\WINDOWS\system32\opengl32.dll
0x00007ffdec490000 - 0x00007ffdec4bd000 	C:\WINDOWS\SYSTEM32\GLU32.dll
0x00007ffdf6680000 - 0x00007ffdf66b7000 	C:\WINDOWS\SYSTEM32\dxcore.dll
0x00007ffdca970000 - 0x00007ffdca9f7000 	C:\Users\Bianca\.jdks\ms-11.0.26\bin\freetype.dll
0x00007ffdbc7e0000 - 0x00007ffdbc8c2000 	C:\Users\Bianca\.jdks\ms-11.0.26\bin\fontmanager.dll
0x00007ffdd4010000 - 0x00007ffdd4153000 	C:\WINDOWS\SYSTEM32\textinputframework.dll
0x00007ffdf0fe0000 - 0x00007ffdf1115000 	C:\WINDOWS\SYSTEM32\CoreMessaging.dll
0x00007ffdedfe0000 - 0x00007ffdee34c000 	C:\WINDOWS\SYSTEM32\CoreUIComponents.dll

dbghelp: loaded successfully - version: 4.0.5 - missing functions: none
symbol engine: initialized successfully - sym options: 0x614 - pdb path: .;C:\Users\Bianca\.jdks\ms-11.0.26\bin;C:\WINDOWS\SYSTEM32;C:\WINDOWS\WinSxS\amd64_microsoft.windows.common-controls_6595b64144ccf1df_6.0.22621.4830_none_270fe7d773858e80;C:\Users\Bianca\.jdks\ms-11.0.26\bin\server;C:\Program Files\JetBrains\IntelliJ IDEA Community Edition 2024.3.3\bin;C:\Users\Bianca\AppData\Local\Temp

VM Arguments:
jvm_args: -javaagent:C:\Program Files\JetBrains\IntelliJ IDEA Community Edition 2024.3.3\lib\idea_rt.jar=50021:C:\Program Files\JetBrains\IntelliJ IDEA Community Edition 2024.3.3\bin -Dfile.encoding=UTF-8 
java_command: PaooGame.Main.Main
java_class_path (initial): D:\facultate\paoo\Joc\paoo-proiect-1209a_7_david_vrinceanu\out\production\ScheletProiectPAOO;D:\sqlite-jdbc-3.8.11.2.jar
Launcher Type: SUN_STANDARD

[Global flags]
     intx CICompilerCount                          = 4                                         {product} {ergonomic}
     uint ConcGCThreads                            = 2                                         {product} {ergonomic}
     uint G1ConcRefinementThreads                  = 8                                         {product} {ergonomic}
   size_t G1HeapRegionSize                         = 1048576                                   {product} {ergonomic}
    uintx GCDrainStackTargetSize                   = 64                                        {product} {ergonomic}
   size_t InitialHeapSize                          = 264241152                                 {product} {ergonomic}
   size_t MarkStackSize                            = 4194304                                   {product} {ergonomic}
   size_t MaxHeapSize                              = 4211081216                                {product} {ergonomic}
   size_t MaxNewSize                               = 2526019584                                {product} {ergonomic}
   size_t MinHeapDeltaBytes                        = 1048576                                   {product} {ergonomic}
    uintx NonNMethodCodeHeapSize                   = 5836300                                {pd product} {ergonomic}
    uintx NonProfiledCodeHeapSize                  = 122910970                              {pd product} {ergonomic}
    uintx ProfiledCodeHeapSize                     = 122910970                              {pd product} {ergonomic}
    uintx ReservedCodeCacheSize                    = 251658240                              {pd product} {ergonomic}
     bool SegmentedCodeCache                       = true                                      {product} {ergonomic}
     bool UseCompressedClassPointers               = true                                 {lp64_product} {ergonomic}
     bool UseCompressedOops                        = true                                 {lp64_product} {ergonomic}
     bool UseG1GC                                  = true                                      {product} {ergonomic}
     bool UseLargePagesIndividualAllocation        = false                                  {pd product} {ergonomic}

Logging:
Log output configuration:
 #0: stdout all=warning uptime,level,tags
 #1: stderr all=off uptime,level,tags

Environment Variables:
PATH=C:\Program Files (x86)\Common Files\Oracle\Java\java8path;C:\Program Files (x86)\Common Files\Oracle\Java\javapath;C:\WINDOWS\system32;C:\WINDOWS;C:\WINDOWS\System32\Wbem;C:\WINDOWS\System32\WindowsPowerShell\v1.0\;C:\WINDOWS\System32\OpenSSH\;C:\Program Files\dotnet\;C:\msys64\ucrt64\bin;C:\Program Files\MATLAB\R2017b\bin;C:\Program Files (x86)\Windows Kits\10\Windows Performance Toolkit\;C:\Program Files\Git\cmd;C:\Users\Bianca\AppData\Local\Microsoft\WindowsApps;C:\Users\Bianca\AppData\Local\Programs\Microsoft VS Code\bin;C:\msys64\mingw64\bin;
USERNAME=Bianca
OS=Windows_NT
PROCESSOR_IDENTIFIER=Intel64 Family 6 Model 154 Stepping 4, GenuineIntel
TMP=C:\Users\Bianca\AppData\Local\Temp
TEMP=C:\Users\Bianca\AppData\Local\Temp



---------------  S Y S T E M  ---------------

OS: Windows 11 , 64 bit Build 22621 (10.0.22621.4974)
OS uptime: 33 days 9:40 hours

CPU:total 8 (initial active 8) (8 cores per cpu, 1 threads per core) family 6 model 154 stepping 4 microcode 0x432, cmov, cx8, fxsr, mmx, sse, sse2, sse3, ssse3, sse4.1, sse4.2, popcnt, avx, avx2, aes, clmul, erms, 3dnowpref, lzcnt, tsc, tscinvbit, bmi1, bmi2, adx, sha, fma

Memory: 4k page, system-wide physical 16057M (7246M free)
TotalPageFile size 20409M (AvailPageFile size 7920M)
current process WorkingSet (physical memory assigned to process): 287M, peak: 420M
current process commit charge ("private bytes"): 374M, peak: 536M

vm_info: OpenJDK 64-Bit Server VM (11.0.26+4-LTS) for windows-amd64 JRE (11.0.26+4-LTS), built on Jan 13 2025 23:40:04 by "MicrosoftCorporation" with unknown MS VC++:1939

END.
