#
# A fatal error has been detected by the Java Runtime Environment:
#
#  EXCEPTION_ACCESS_VIOLATION (0xc0000005) at pc=0x000000006d5dd977, pid=2120, tid=7288
#
# JRE version: OpenJDK Runtime Environment Microsoft-10823458 (11.0.26+4) (build 11.0.26+4-LTS)
# Java VM: OpenJDK 64-Bit Server VM Microsoft-10823458 (11.0.26+4-LTS, mixed mode, sharing, tiered, compressed oops, g1 gc, windows-amd64)
# Problematic frame:
# C  [sqlite-3.8.11.2-fc377575-af67-48c0-aef1-1c7449ec6417-sqlitejdbc.dll+0x5d977]
#
# No core dump will be written. Minidumps are not enabled by default on client versions of Windows
#
# If you would like to submit a bug report, please visit:
#   https://github.com/microsoft/openjdk/issues
# The crash happened outside the Java Virtual Machine in native code.
# See problematic frame for where to report the bug.
#

---------------  S U M M A R Y ------------

Command Line: -javaagent:C:\Program Files\JetBrains\IntelliJ IDEA Community Edition 2024.3.3\lib\idea_rt.jar=57857:C:\Program Files\JetBrains\IntelliJ IDEA Community Edition 2024.3.3\bin -Dfile.encoding=UTF-8 PaooGame.Main.Main

Host: 12th Gen Intel(R) Core(TM) i3-1215U, 8 cores, 15G,  Windows 11 , 64 bit Build 22621 (10.0.22621.4974)
Time: Thu May 15 11:32:22 2025 GTB Daylight Time elapsed time: 17.839422 seconds (0d 0h 0m 17s)

---------------  T H R E A D  ---------------

Current thread (0x00000286f7036800):  JavaThread "main" [_thread_in_native, id=7288, stack(0x000000e150900000,0x000000e150a00000)]

Stack: [0x000000e150900000,0x000000e150a00000],  sp=0x000000e1509ff080,  free space=1020k
Native frames: (J=compiled Java code, j=interpreted, Vv=VM code, C=native code)
C  [sqlite-3.8.11.2-fc377575-af67-48c0-aef1-1c7449ec6417-sqlitejdbc.dll+0x5d977]

Java frames: (J=compiled Java code, j=interpreted, Vv=VM code)
j  org.sqlite.core.NativeDB.reset(J)I+0
j  org.sqlite.core.CoreResultSet.close()V+81
j  org.sqlite.core.CoreStatement.internalClose()V+34
j  org.sqlite.jdbc3.JDBC3Statement.close()V+33
j  PaooGame.Graphics.DataBase.saveGame(IIIII)V+188
J 1783 c1 PaooGame.Objects.ObjectManager.playerReachedDoor()Z (216 bytes) @ 0x00000286808d4cec [0x00000286808d3420+0x00000000000018cc]
J 1782 c1 PaooGame.GameStates.Play.checkLevelCompletion()V (46 bytes) @ 0x00000286808d2664 [0x00000286808d25c0+0x00000000000000a4]
J 1706 c1 PaooGame.GameStates.Play.update()V (318 bytes) @ 0x000002868089e82c [0x000002868089c7c0+0x000000000000206c]
J 1567 c1 PaooGame.Main.Game.update()V (65 bytes) @ 0x000002868086709c [0x0000028680866ae0+0x00000000000005bc]
J 1675% c2 PaooGame.Main.Game.run()V (150 bytes) @ 0x0000028687bb99b0 [0x0000028687bb9820+0x0000000000000190]
j  PaooGame.Main.Main.main([Ljava/lang/String;)V+9
v  ~StubRoutines::call_stub

siginfo: EXCEPTION_ACCESS_VIOLATION (0xc0000005), reading address 0x0000000000000018


Register to memory mapping:

RIP=0x000000006d5dd977 sqlite-3.8.11.2-fc377575-af67-48c0-aef1-1c7449ec6417-sqlitejdbc.dll
RAX=0x0 is NULL
RBX=0x000002869e4cd1a8 points into unknown readable memory: 0x0000000000000000 | 00 00 00 00 00 00 00 00
RCX=0x000002869e4cd1a8 points into unknown readable memory: 0x0000000000000000 | 00 00 00 00 00 00 00 00
RDX=0x000000e1509ff190 is pointing into the stack for thread: 0x00000286f7036800
RSP=0x000000e1509ff080 is pointing into the stack for thread: 0x00000286f7036800
RBP=0x000000e1509ff160 is pointing into the stack for thread: 0x00000286f7036800
RSI=0x0 is NULL
RDI=0x000002868000a280 is at code_begin+1664 in an Interpreter codelet
invoke return entry points  [0x0000028680009c00, 0x000002868000a620]  2592 bytes
R8 =0x000002869e4cd1a8 points into unknown readable memory: 0x0000000000000000 | 00 00 00 00 00 00 00 00
R9 =0x0 is NULL
R10=0x0000028680010409 is at code_begin+1481 in an Interpreter codelet
method entry point (kind = native_synchronized)  [0x000002868000fe40, 0x0000028680010ac0]  3200 bytes
R11=0x0000000000000121 is an unknown value
R12=0x0 is NULL
R13={method} {0x000002869b0fa888} 'reset' '(J)I' in 'org/sqlite/core/NativeDB'
R14=0x000000e1509ff190 is pointing into the stack for thread: 0x00000286f7036800
R15=0x00000286f7036800 is a thread


Registers:
RAX=0x0000000000000000, RBX=0x000002869e4cd1a8, RCX=0x000002869e4cd1a8, RDX=0x000000e1509ff190
RSP=0x000000e1509ff080, RBP=0x000000e1509ff160, RSI=0x0000000000000000, RDI=0x000002868000a280
R8 =0x000002869e4cd1a8, R9 =0x0000000000000000, R10=0x0000028680010409, R11=0x0000000000000121
R12=0x0000000000000000, R13=0x000002869b0fa880, R14=0x000000e1509ff190, R15=0x00000286f7036800
RIP=0x000000006d5dd977, EFLAGS=0x0000000000010202

Top of Stack: (sp=0x000000e1509ff080)
0x000000e1509ff080:   00000286f7037100 0000000000000002
0x000000e1509ff090:   00000286f7036800 00000286f4e37e30
0x000000e1509ff0a0:   000000e1509ff190 00007ffd9942f596
0x000000e1509ff0b0:   00000286f4e373f0 000002869b0fa880
0x000000e1509ff0c0:   0000000714b2a5e0 0000028680010438
0x000000e1509ff0d0:   000002868000a280 0000028680010161
0x000000e1509ff0e0:   0000000000000002 000000e1509ff160
0x000000e1509ff0f0:   0000000714b2a5e0 000000e1509ff2c0
0x000000e1509ff100:   0000028680010108 0000000000000003
0x000000e1509ff110:   0000000710f80a08 000000e1509ff108
0x000000e1509ff120:   000002869b0fa880 000000e1509ff190
0x000000e1509ff130:   000002869b13fc00 0000000000000000
0x000000e1509ff140:   000000070b42a8b0 000002869b0fa880
0x000000e1509ff150:   0000000000000000 000000e1509ff180
0x000000e1509ff160:   000000e1509ff1e0 0000028680009f40
0x000000e1509ff170:   0000000000000000 000002868000c716 

Instructions: (pc=0x000000006d5dd977)
0x000000006d5dd877:   48 83 c4 20 5b c3 0f 1f 00 53 48 83 ec 20 48 8b
0x000000006d5dd887:   01 48 89 cb 48 8b 48 18 48 81 c1 d0 01 00 00 e8
0x000000006d5dd897:   c5 ff ff ff 48 8d 4b 08 e8 5c df ff ff 48 8b 4b
0x000000006d5dd8a7:   60 e8 13 fd fa ff 48 8b 4b 78 e8 0a fd fa ff 48
0x000000006d5dd8b7:   8b 8b a0 00 00 00 e8 fe fc fa ff 48 89 d9 e8 f6
0x000000006d5dd8c7:   fc fa ff 31 c0 48 83 c4 20 5b c3 66 66 66 66 66
0x000000006d5dd8d7:   2e 0f 1f 84 00 00 00 00 00 57 56 53 48 83 ec 20
0x000000006d5dd8e7:   48 89 cb 48 8b 49 10 e8 cd db ff ff 48 8b 4b 18
0x000000006d5dd8f7:   e8 74 df ff ff 48 8b 73 28 48 85 f6 75 0e eb 26
0x000000006d5dd907:   66 0f 1f 84 00 00 00 00 00 48 89 fe 48 8b 4e 18
0x000000006d5dd917:   48 8b 7e 10 e8 a0 fc fa ff 48 89 f1 e8 98 fc fa
0x000000006d5dd927:   ff 48 85 ff 75 e3 48 8b 4b 40 48 c7 43 28 00 00
0x000000006d5dd937:   00 00 e8 82 fc fa ff 48 8b 4b 78 e8 79 05 fb ff
0x000000006d5dd947:   48 89 d9 e8 71 fc fa ff 31 c0 48 83 c4 20 5b 5e
0x000000006d5dd957:   5f c3 0f 1f 80 00 00 00 00 56 53 48 83 ec 38 31
0x000000006d5dd967:   c0 48 85 c9 48 89 cb 0f 84 aa 00 00 00 48 8b 31
0x000000006d5dd977:   48 8b 4e 18 48 85 c9 74 06 ff 15 62 a9 03 00 48
0x000000006d5dd987:   83 bb b8 00 00 00 00 7e 16 48 8d 93 b8 00 00 00
0x000000006d5dd997:   4c 8d 83 e0 00 00 00 48 89 f1 e8 8a 4f fb ff 48
0x000000006d5dd9a7:   89 d9 e8 62 d8 ff ff 48 89 f1 c7 43 44 a3 0d f2
0x000000006d5dd9b7:   bd c7 83 80 00 00 00 ff ff ff ff c7 83 84 00 00
0x000000006d5dd9c7:   00 00 00 00 00 c6 83 8a 00 00 00 02 89 c2 c7 83
0x000000006d5dd9d7:   90 00 00 00 00 00 00 00 c7 43 7c 01 00 00 00 c6
0x000000006d5dd9e7:   83 8b 00 00 00 ff c7 83 9c 00 00 00 00 00 00 00
0x000000006d5dd9f7:   48 c7 83 c8 00 00 00 00 00 00 00 e8 c9 19 fb ff
0x000000006d5dda07:   48 8b 4e 18 48 85 c9 74 0e 89 44 24 28 ff 15 de
0x000000006d5dda17:   a8 03 00 8b 44 24 28 48 83 c4 38 5b 5e c3 66 66
0x000000006d5dda27:   2e 0f 1f 84 00 00 00 00 00 41 57 41 56 41 55 41
0x000000006d5dda37:   54 55 57 56 53 48 81 ec 78 05 00 00 0f 29 b4 24
0x000000006d5dda47:   40 05 00 00 0f 29 bc 24 50 05 00 00 44 0f 29 84
0x000000006d5dda57:   24 60 05 00 00 48 8d 91 98 00 00 00 48 89 cd 48
0x000000006d5dda67:   8b 31 4c 8b 51 08 4c 8b 71 10 8b 89 98 00 00 00 


Stack slot to memory mapping:
stack at sp + 0 slots: 0x00000286f7037100 points into unknown readable memory: 0x0000000000000000 | 00 00 00 00 00 00 00 00
stack at sp + 1 slots: 0x0000000000000002 is an unknown value
stack at sp + 2 slots: 0x00000286f7036800 is a thread
stack at sp + 3 slots: 0x00000286f4e37e30 points into unknown readable memory: 0x0000000000000000 | 00 00 00 00 00 00 00 00
stack at sp + 4 slots: 0x000000e1509ff190 is pointing into the stack for thread: 0x00000286f7036800
stack at sp + 5 slots: 0x00007ffd9942f596 jvm.dll
stack at sp + 6 slots: 0x00000286f4e373f0 points into unknown readable memory: 0x0000028600000002 | 02 00 00 00 86 02 00 00
stack at sp + 7 slots: {method} {0x000002869b0fa888} 'reset' '(J)I' in 'org/sqlite/core/NativeDB'


---------------  P R O C E S S  ---------------

Threads class SMR info:
_java_thread_list=0x000002869bac2140, length=17, elements={
0x00000286f7036800, 0x000002869ac20800, 0x000002869ac24000, 0x000002869ac3a800,
0x000002869ac3c800, 0x000002869ac3e000, 0x000002869ac41000, 0x000002869ac42800,
0x000002869ac56800, 0x000002869b4f0800, 0x000002869b74c000, 0x000002869b61a800,
0x000002869cd8c000, 0x000002869cc9a800, 0x000002869c53b000, 0x000002869d208000,
0x000002869b592800
}

Java Threads: ( => current thread )
=>0x00000286f7036800 JavaThread "main" [_thread_in_native, id=7288, stack(0x000000e150900000,0x000000e150a00000)]
  0x000002869ac20800 JavaThread "Reference Handler" daemon [_thread_blocked, id=36472, stack(0x000000e151000000,0x000000e151100000)]
  0x000002869ac24000 JavaThread "Finalizer" daemon [_thread_blocked, id=33292, stack(0x000000e151100000,0x000000e151200000)]
  0x000002869ac3a800 JavaThread "Signal Dispatcher" daemon [_thread_blocked, id=38744, stack(0x000000e151200000,0x000000e151300000)]
  0x000002869ac3c800 JavaThread "Attach Listener" daemon [_thread_blocked, id=21556, stack(0x000000e151300000,0x000000e151400000)]
  0x000002869ac3e000 JavaThread "Service Thread" daemon [_thread_blocked, id=27284, stack(0x000000e151400000,0x000000e151500000)]
  0x000002869ac41000 JavaThread "C2 CompilerThread0" daemon [_thread_blocked, id=2020, stack(0x000000e151500000,0x000000e151600000)]
  0x000002869ac42800 JavaThread "C1 CompilerThread0" daemon [_thread_blocked, id=26036, stack(0x000000e151600000,0x000000e151700000)]
  0x000002869ac56800 JavaThread "Sweeper thread" daemon [_thread_blocked, id=31252, stack(0x000000e151700000,0x000000e151800000)]
  0x000002869b4f0800 JavaThread "Common-Cleaner" daemon [_thread_blocked, id=7148, stack(0x000000e151800000,0x000000e151900000)]
  0x000002869b74c000 JavaThread "Monitor Ctrl-Break" daemon [_thread_in_native, id=35156, stack(0x000000e151a00000,0x000000e151b00000)]
  0x000002869b61a800 JavaThread "Java2D Disposer" daemon [_thread_blocked, id=22076, stack(0x000000e151900000,0x000000e151a00000)]
  0x000002869cd8c000 JavaThread "AWT-Shutdown" [_thread_blocked, id=22772, stack(0x000000e152300000,0x000000e152400000)]
  0x000002869cc9a800 JavaThread "AWT-Windows" daemon [_thread_in_native, id=1060, stack(0x000000e152400000,0x000000e152500000)]
  0x000002869c53b000 JavaThread "AWT-EventQueue-0" [_thread_in_native, id=29292, stack(0x000000e152500000,0x000000e152600000)]
  0x000002869d208000 JavaThread "Thread-0" [_thread_in_Java, id=26008, stack(0x000000e152600000,0x000000e152700000)]
  0x000002869b592800 JavaThread "C2 CompilerThread1" daemon [_thread_blocked, id=4332, stack(0x000000e152700000,0x000000e152800000)]

Other Threads:
  0x000002869ac1c000 VMThread "VM Thread" [stack: 0x000000e150f00000,0x000000e151000000] [id=36288]
  0x000002869b751000 WatcherThread [stack: 0x000000e151b00000,0x000000e151c00000] [id=22052]
  0x00000286f704f000 GCTaskThread "GC Thread#0" [stack: 0x000000e150a00000,0x000000e150b00000] [id=24240]
  0x000002869b754000 GCTaskThread "GC Thread#1" [stack: 0x000000e151d00000,0x000000e151e00000] [id=17532]
  0x000002869b8f5800 GCTaskThread "GC Thread#2" [stack: 0x000000e151e00000,0x000000e151f00000] [id=22536]
  0x000002869b8f6800 GCTaskThread "GC Thread#3" [stack: 0x000000e151f00000,0x000000e152000000] [id=19740]
  0x000002869b8f7000 GCTaskThread "GC Thread#4" [stack: 0x000000e152000000,0x000000e152100000] [id=38092]
  0x000002869b8f8000 GCTaskThread "GC Thread#5" [stack: 0x000000e152100000,0x000000e152200000] [id=29312]
  0x000002869c920000 GCTaskThread "GC Thread#6" [stack: 0x000000e151c00000,0x000000e151d00000] [id=18492]
  0x000002869b8eb800 GCTaskThread "GC Thread#7" [stack: 0x000000e152200000,0x000000e152300000] [id=18808]
  0x00000286f70ac000 ConcurrentGCThread "G1 Main Marker" [stack: 0x000000e150b00000,0x000000e150c00000] [id=18652]
  0x00000286f70ad800 ConcurrentGCThread "G1 Conc#0" [stack: 0x000000e150c00000,0x000000e150d00000] [id=30924]
  0x000002869ab2f800 ConcurrentGCThread "G1 Refine#0" [stack: 0x000000e150d00000,0x000000e150e00000] [id=1032]
  0x000002869ab30000 ConcurrentGCThread "G1 Young RemSet Sampling" [stack: 0x000000e150e00000,0x000000e150f00000] [id=17208]

Threads with active compile tasks:

VM state:not at safepoint (normal execution)

VM Mutex/Monitor currently owned by a thread: None

Heap address: 0x0000000705000000, size: 4016 MB, Compressed Oops mode: Zero based, Oop shift amount: 3
Narrow klass base: 0x0000000800000000, Narrow klass shift: 3
Compressed class space size: 1073741824 Address: 0x0000000840000000

Heap:
 garbage-first heap   total 258048K, used 133901K [0x0000000705000000, 0x0000000800000000)
  region size 1024K, 80 young (81920K), 8 survivors (8192K)
 Metaspace       used 11246K, capacity 11925K, committed 12032K, reserved 1060864K
  class space    used 1214K, capacity 1509K, committed 1536K, reserved 1048576K
Heap Regions: E=young(eden), S=young(survivor), O=old, HS=humongous(starts), HC=humongous(continues), CS=collection set, F=free, A=archive, TAMS=top-at-mark-start (previous, next)
|   0|0x0000000705000000, 0x0000000705100000, 0x0000000705100000|100%|HS|  |TAMS 0x0000000705000000, 0x0000000705000000| Complete 
|   1|0x0000000705100000, 0x0000000705200000, 0x0000000705200000|100%|HC|  |TAMS 0x0000000705100000, 0x0000000705100000| Complete 
|   2|0x0000000705200000, 0x0000000705300000, 0x0000000705300000|100%|HC|  |TAMS 0x0000000705200000, 0x0000000705200000| Complete 
|   3|0x0000000705300000, 0x0000000705400000, 0x0000000705400000|100%|HS|  |TAMS 0x0000000705300000, 0x0000000705300000| Complete 
|   4|0x0000000705400000, 0x0000000705500000, 0x0000000705500000|100%|HC|  |TAMS 0x0000000705400000, 0x0000000705400000| Complete 
|   5|0x0000000705500000, 0x0000000705600000, 0x0000000705600000|100%|HC|  |TAMS 0x0000000705500000, 0x0000000705500000| Complete 
|   6|0x0000000705600000, 0x0000000705700000, 0x0000000705700000|100%|HC|  |TAMS 0x0000000705600000, 0x0000000705600000| Complete 
|   7|0x0000000705700000, 0x0000000705800000, 0x0000000705800000|100%|HC|  |TAMS 0x0000000705700000, 0x0000000705700000| Complete 
|   8|0x0000000705800000, 0x0000000705900000, 0x0000000705900000|100%|HC|  |TAMS 0x0000000705800000, 0x0000000705800000| Complete 
|   9|0x0000000705900000, 0x0000000705a00000, 0x0000000705a00000|100%|HS|  |TAMS 0x0000000705900000, 0x0000000705900000| Complete 
|  10|0x0000000705a00000, 0x0000000705b00000, 0x0000000705b00000|100%|HS|  |TAMS 0x0000000705a00000, 0x0000000705a00000| Complete 
|  11|0x0000000705b00000, 0x0000000705c00000, 0x0000000705c00000|100%|HC|  |TAMS 0x0000000705b00000, 0x0000000705b00000| Complete 
|  12|0x0000000705c00000, 0x0000000705d00000, 0x0000000705d00000|100%|HC|  |TAMS 0x0000000705c00000, 0x0000000705c00000| Complete 
|  13|0x0000000705d00000, 0x0000000705e00000, 0x0000000705e00000|100%|HS|  |TAMS 0x0000000705d00000, 0x0000000705d00000| Complete 
|  14|0x0000000705e00000, 0x0000000705f00000, 0x0000000705f00000|100%|HC|  |TAMS 0x0000000705e00000, 0x0000000705e00000| Complete 
|  15|0x0000000705f00000, 0x0000000706000000, 0x0000000706000000|100%|HC|  |TAMS 0x0000000705f00000, 0x0000000705f00000| Complete 
|  16|0x0000000706000000, 0x0000000706100000, 0x0000000706100000|100%|HC|  |TAMS 0x0000000706000000, 0x0000000706000000| Complete 
|  17|0x0000000706100000, 0x0000000706200000, 0x0000000706200000|100%|HS|  |TAMS 0x0000000706100000, 0x0000000706100000| Complete 
|  18|0x0000000706200000, 0x0000000706300000, 0x0000000706300000|100%|HS|  |TAMS 0x0000000706200000, 0x0000000706200000| Complete 
|  19|0x0000000706300000, 0x0000000706400000, 0x0000000706400000|100%|HS|  |TAMS 0x0000000706300000, 0x0000000706300000| Complete 
|  20|0x0000000706400000, 0x0000000706500000, 0x0000000706500000|100%|HS|  |TAMS 0x0000000706400000, 0x0000000706400000| Complete 
|  21|0x0000000706500000, 0x0000000706600000, 0x0000000706600000|100%|HC|  |TAMS 0x0000000706500000, 0x0000000706500000| Complete 
|  22|0x0000000706600000, 0x0000000706700000, 0x0000000706700000|100%|HS|  |TAMS 0x0000000706600000, 0x0000000706600000| Complete 
|  23|0x0000000706700000, 0x0000000706800000, 0x0000000706800000|100%|HS|  |TAMS 0x0000000706700000, 0x0000000706700000| Complete 
|  24|0x0000000706800000, 0x0000000706900000, 0x0000000706900000|100%|HS|  |TAMS 0x0000000706800000, 0x0000000706800000| Complete 
|  25|0x0000000706900000, 0x0000000706a00000, 0x0000000706a00000|100%|HS|  |TAMS 0x0000000706900000, 0x0000000706900000| Complete 
|  26|0x0000000706a00000, 0x0000000706b00000, 0x0000000706b00000|100%|HS|  |TAMS 0x0000000706a00000, 0x0000000706a00000| Complete 
|  27|0x0000000706b00000, 0x0000000706c00000, 0x0000000706c00000|100%|HC|  |TAMS 0x0000000706b00000, 0x0000000706b00000| Complete 
|  28|0x0000000706c00000, 0x0000000706d00000, 0x0000000706d00000|100%|HS|  |TAMS 0x0000000706c00000, 0x0000000706c00000| Complete 
|  29|0x0000000706d00000, 0x0000000706e00000, 0x0000000706e00000|100%|HS|  |TAMS 0x0000000706d00000, 0x0000000706d00000| Complete 
|  30|0x0000000706e00000, 0x0000000706f00000, 0x0000000706f00000|100%|HS|  |TAMS 0x0000000706e00000, 0x0000000706e00000| Complete 
|  31|0x0000000706f00000, 0x0000000707000000, 0x0000000707000000|100%|HC|  |TAMS 0x0000000706f00000, 0x0000000706f00000| Complete 
|  32|0x0000000707000000, 0x0000000707100000, 0x0000000707100000|100%|HS|  |TAMS 0x0000000707000000, 0x0000000707000000| Complete 
|  33|0x0000000707100000, 0x0000000707200000, 0x0000000707200000|100%|HS|  |TAMS 0x0000000707100000, 0x0000000707100000| Complete 
|  34|0x0000000707200000, 0x0000000707300000, 0x0000000707300000|100%|HS|  |TAMS 0x0000000707200000, 0x0000000707200000| Complete 
|  35|0x0000000707300000, 0x0000000707400000, 0x0000000707400000|100%|HC|  |TAMS 0x0000000707300000, 0x0000000707300000| Complete 
|  36|0x0000000707400000, 0x0000000707500000, 0x0000000707500000|100%|HC|  |TAMS 0x0000000707400000, 0x0000000707400000| Complete 
|  37|0x0000000707500000, 0x0000000707600000, 0x0000000707600000|100%|HC|  |TAMS 0x0000000707500000, 0x0000000707500000| Complete 
|  38|0x0000000707600000, 0x0000000707700000, 0x0000000707700000|100%|HC|  |TAMS 0x0000000707600000, 0x0000000707600000| Complete 
|  39|0x0000000707700000, 0x0000000707800000, 0x0000000707800000|100%|HS|  |TAMS 0x0000000707700000, 0x0000000707700000| Complete 
|  40|0x0000000707800000, 0x0000000707900000, 0x0000000707900000|100%|HS|  |TAMS 0x0000000707800000, 0x0000000707800000| Complete 
|  41|0x0000000707900000, 0x0000000707a00000, 0x0000000707a00000|100%|HC|  |TAMS 0x0000000707900000, 0x0000000707900000| Complete 
|  42|0x0000000707a00000, 0x0000000707b00000, 0x0000000707b00000|100%|HC|  |TAMS 0x0000000707a00000, 0x0000000707a00000| Complete 
|  43|0x0000000707b00000, 0x0000000707c00000, 0x0000000707c00000|100%|HC|  |TAMS 0x0000000707b00000, 0x0000000707b00000| Complete 
|  44|0x0000000707c00000, 0x0000000707d00000, 0x0000000707d00000|100%|HC|  |TAMS 0x0000000707c00000, 0x0000000707c00000| Complete 
|  45|0x0000000707d00000, 0x0000000707e00000, 0x0000000707e00000|100%|HC|  |TAMS 0x0000000707d00000, 0x0000000707d00000| Complete 
|  46|0x0000000707e00000, 0x0000000707f00000, 0x0000000707f00000|100%|HC|  |TAMS 0x0000000707e00000, 0x0000000707e00000| Complete 
|  47|0x0000000707f00000, 0x0000000708000000, 0x0000000708000000|100%|HC|  |TAMS 0x0000000707f00000, 0x0000000707f00000| Complete 
|  48|0x0000000708000000, 0x0000000708100000, 0x0000000708100000|100%|HS|  |TAMS 0x0000000708000000, 0x0000000708000000| Complete 
|  49|0x0000000708100000, 0x0000000708200000, 0x0000000708200000|100%|HC|  |TAMS 0x0000000708100000, 0x0000000708100000| Complete 
|  50|0x0000000708200000, 0x0000000708300000, 0x0000000708300000|100%|HC|  |TAMS 0x0000000708200000, 0x0000000708200000| Complete 
|  51|0x0000000708300000, 0x0000000708400000, 0x0000000708400000|100%|HC|  |TAMS 0x0000000708300000, 0x0000000708300000| Complete 
|  52|0x0000000708400000, 0x0000000708400000, 0x0000000708500000|  0%| F|  |TAMS 0x0000000708400000, 0x0000000708400000| Untracked 
|  53|0x0000000708500000, 0x0000000708500000, 0x0000000708600000|  0%| F|  |TAMS 0x0000000708500000, 0x0000000708500000| Untracked 
|  54|0x0000000708600000, 0x0000000708600000, 0x0000000708700000|  0%| F|  |TAMS 0x0000000708600000, 0x0000000708600000| Untracked 
|  55|0x0000000708700000, 0x0000000708700000, 0x0000000708800000|  0%| F|  |TAMS 0x0000000708700000, 0x0000000708700000| Untracked 
|  56|0x0000000708800000, 0x0000000708800000, 0x0000000708900000|  0%| F|  |TAMS 0x0000000708800000, 0x0000000708800000| Untracked 
|  57|0x0000000708900000, 0x0000000708900000, 0x0000000708a00000|  0%| F|  |TAMS 0x0000000708900000, 0x0000000708900000| Untracked 
|  58|0x0000000708a00000, 0x0000000708a00000, 0x0000000708b00000|  0%| F|  |TAMS 0x0000000708a00000, 0x0000000708a00000| Untracked 
|  59|0x0000000708b00000, 0x0000000708b00000, 0x0000000708c00000|  0%| F|  |TAMS 0x0000000708b00000, 0x0000000708b00000| Untracked 
|  60|0x0000000708c00000, 0x0000000708c00000, 0x0000000708d00000|  0%| F|  |TAMS 0x0000000708c00000, 0x0000000708c00000| Untracked 
|  61|0x0000000708d00000, 0x0000000708d00000, 0x0000000708e00000|  0%| F|  |TAMS 0x0000000708d00000, 0x0000000708d00000| Untracked 
|  62|0x0000000708e00000, 0x0000000708e00000, 0x0000000708f00000|  0%| F|  |TAMS 0x0000000708e00000, 0x0000000708e00000| Untracked 
|  63|0x0000000708f00000, 0x0000000708f00000, 0x0000000709000000|  0%| F|  |TAMS 0x0000000708f00000, 0x0000000708f00000| Untracked 
|  64|0x0000000709000000, 0x0000000709000000, 0x0000000709100000|  0%| F|  |TAMS 0x0000000709000000, 0x0000000709000000| Untracked 
|  65|0x0000000709100000, 0x0000000709100000, 0x0000000709200000|  0%| F|  |TAMS 0x0000000709100000, 0x0000000709100000| Untracked 
|  66|0x0000000709200000, 0x0000000709200000, 0x0000000709300000|  0%| F|  |TAMS 0x0000000709200000, 0x0000000709200000| Untracked 
|  67|0x0000000709300000, 0x0000000709300000, 0x0000000709400000|  0%| F|  |TAMS 0x0000000709300000, 0x0000000709300000| Untracked 
|  68|0x0000000709400000, 0x0000000709400000, 0x0000000709500000|  0%| F|  |TAMS 0x0000000709400000, 0x0000000709400000| Untracked 
|  69|0x0000000709500000, 0x0000000709500000, 0x0000000709600000|  0%| F|  |TAMS 0x0000000709500000, 0x0000000709500000| Untracked 
|  70|0x0000000709600000, 0x0000000709600000, 0x0000000709700000|  0%| F|  |TAMS 0x0000000709600000, 0x0000000709600000| Untracked 
|  71|0x0000000709700000, 0x0000000709700000, 0x0000000709800000|  0%| F|  |TAMS 0x0000000709700000, 0x0000000709700000| Untracked 
|  72|0x0000000709800000, 0x0000000709800000, 0x0000000709900000|  0%| F|  |TAMS 0x0000000709800000, 0x0000000709800000| Untracked 
|  73|0x0000000709900000, 0x0000000709900000, 0x0000000709a00000|  0%| F|  |TAMS 0x0000000709900000, 0x0000000709900000| Untracked 
|  74|0x0000000709a00000, 0x0000000709a00000, 0x0000000709b00000|  0%| F|  |TAMS 0x0000000709a00000, 0x0000000709a00000| Untracked 
|  75|0x0000000709b00000, 0x0000000709b00000, 0x0000000709c00000|  0%| F|  |TAMS 0x0000000709b00000, 0x0000000709b00000| Untracked 
|  76|0x0000000709c00000, 0x0000000709c00000, 0x0000000709d00000|  0%| F|  |TAMS 0x0000000709c00000, 0x0000000709c00000| Untracked 
|  77|0x0000000709d00000, 0x0000000709d00000, 0x0000000709e00000|  0%| F|  |TAMS 0x0000000709d00000, 0x0000000709d00000| Untracked 
|  78|0x0000000709e00000, 0x0000000709e00000, 0x0000000709f00000|  0%| F|  |TAMS 0x0000000709e00000, 0x0000000709e00000| Untracked 
|  79|0x0000000709f00000, 0x0000000709f00000, 0x000000070a000000|  0%| F|  |TAMS 0x0000000709f00000, 0x0000000709f00000| Untracked 
|  80|0x000000070a000000, 0x000000070a000000, 0x000000070a100000|  0%| F|  |TAMS 0x000000070a000000, 0x000000070a000000| Untracked 
|  81|0x000000070a100000, 0x000000070a100000, 0x000000070a200000|  0%| F|  |TAMS 0x000000070a100000, 0x000000070a100000| Untracked 
|  82|0x000000070a200000, 0x000000070a200000, 0x000000070a300000|  0%| F|  |TAMS 0x000000070a200000, 0x000000070a200000| Untracked 
|  83|0x000000070a300000, 0x000000070a300000, 0x000000070a400000|  0%| F|  |TAMS 0x000000070a300000, 0x000000070a300000| Untracked 
|  84|0x000000070a400000, 0x000000070a400000, 0x000000070a500000|  0%| F|  |TAMS 0x000000070a400000, 0x000000070a400000| Untracked 
|  85|0x000000070a500000, 0x000000070a500000, 0x000000070a600000|  0%| F|  |TAMS 0x000000070a500000, 0x000000070a500000| Untracked 
|  86|0x000000070a600000, 0x000000070a600000, 0x000000070a700000|  0%| F|  |TAMS 0x000000070a600000, 0x000000070a600000| Untracked 
|  87|0x000000070a700000, 0x000000070a700000, 0x000000070a800000|  0%| F|  |TAMS 0x000000070a700000, 0x000000070a700000| Untracked 
|  88|0x000000070a800000, 0x000000070a800000, 0x000000070a900000|  0%| F|  |TAMS 0x000000070a800000, 0x000000070a800000| Untracked 
|  89|0x000000070a900000, 0x000000070a900000, 0x000000070aa00000|  0%| F|  |TAMS 0x000000070a900000, 0x000000070a900000| Untracked 
|  90|0x000000070aa00000, 0x000000070aa00000, 0x000000070ab00000|  0%| F|  |TAMS 0x000000070aa00000, 0x000000070aa00000| Untracked 
|  91|0x000000070ab00000, 0x000000070ab00000, 0x000000070ac00000|  0%| F|  |TAMS 0x000000070ab00000, 0x000000070ab00000| Untracked 
|  92|0x000000070ac00000, 0x000000070ac00000, 0x000000070ad00000|  0%| F|  |TAMS 0x000000070ac00000, 0x000000070ac00000| Untracked 
|  93|0x000000070ad00000, 0x000000070adc3718, 0x000000070ae00000| 76%| S|CS|TAMS 0x000000070ad00000, 0x000000070ad00000| Complete 
|  94|0x000000070ae00000, 0x000000070af00000, 0x000000070af00000|100%| S|CS|TAMS 0x000000070ae00000, 0x000000070ae00000| Complete 
|  95|0x000000070af00000, 0x000000070b000000, 0x000000070b000000|100%| S|CS|TAMS 0x000000070af00000, 0x000000070af00000| Complete 
|  96|0x000000070b000000, 0x000000070b100000, 0x000000070b100000|100%| S|CS|TAMS 0x000000070b000000, 0x000000070b000000| Complete 
|  97|0x000000070b100000, 0x000000070b200000, 0x000000070b200000|100%| S|CS|TAMS 0x000000070b100000, 0x000000070b100000| Complete 
|  98|0x000000070b200000, 0x000000070b300000, 0x000000070b300000|100%| S|CS|TAMS 0x000000070b200000, 0x000000070b200000| Complete 
|  99|0x000000070b300000, 0x000000070b400000, 0x000000070b400000|100%| S|CS|TAMS 0x000000070b300000, 0x000000070b300000| Complete 
| 100|0x000000070b400000, 0x000000070b500000, 0x000000070b500000|100%| S|CS|TAMS 0x000000070b400000, 0x000000070b400000| Complete 
| 101|0x000000070b500000, 0x000000070b500000, 0x000000070b600000|  0%| F|  |TAMS 0x000000070b500000, 0x000000070b500000| Untracked 
| 102|0x000000070b600000, 0x000000070b600000, 0x000000070b700000|  0%| F|  |TAMS 0x000000070b600000, 0x000000070b600000| Untracked 
| 103|0x000000070b700000, 0x000000070b700000, 0x000000070b800000|  0%| F|  |TAMS 0x000000070b700000, 0x000000070b700000| Untracked 
| 104|0x000000070b800000, 0x000000070b800000, 0x000000070b900000|  0%| F|  |TAMS 0x000000070b800000, 0x000000070b800000| Untracked 
| 105|0x000000070b900000, 0x000000070b900000, 0x000000070ba00000|  0%| F|  |TAMS 0x000000070b900000, 0x000000070b900000| Untracked 
| 106|0x000000070ba00000, 0x000000070ba00000, 0x000000070bb00000|  0%| F|  |TAMS 0x000000070ba00000, 0x000000070ba00000| Untracked 
| 107|0x000000070bb00000, 0x000000070bb00000, 0x000000070bc00000|  0%| F|  |TAMS 0x000000070bb00000, 0x000000070bb00000| Untracked 
| 108|0x000000070bc00000, 0x000000070bc00000, 0x000000070bd00000|  0%| F|  |TAMS 0x000000070bc00000, 0x000000070bc00000| Untracked 
| 109|0x000000070bd00000, 0x000000070bd00000, 0x000000070be00000|  0%| F|  |TAMS 0x000000070bd00000, 0x000000070bd00000| Untracked 
| 110|0x000000070be00000, 0x000000070be00000, 0x000000070bf00000|  0%| F|  |TAMS 0x000000070be00000, 0x000000070be00000| Untracked 
| 111|0x000000070bf00000, 0x000000070bf00000, 0x000000070c000000|  0%| F|  |TAMS 0x000000070bf00000, 0x000000070bf00000| Untracked 
| 112|0x000000070c000000, 0x000000070c000000, 0x000000070c100000|  0%| F|  |TAMS 0x000000070c000000, 0x000000070c000000| Untracked 
| 113|0x000000070c100000, 0x000000070c100000, 0x000000070c200000|  0%| F|  |TAMS 0x000000070c100000, 0x000000070c100000| Untracked 
| 114|0x000000070c200000, 0x000000070c200000, 0x000000070c300000|  0%| F|  |TAMS 0x000000070c200000, 0x000000070c200000| Untracked 
| 115|0x000000070c300000, 0x000000070c300000, 0x000000070c400000|  0%| F|  |TAMS 0x000000070c300000, 0x000000070c300000| Untracked 
| 116|0x000000070c400000, 0x000000070c400000, 0x000000070c500000|  0%| F|  |TAMS 0x000000070c400000, 0x000000070c400000| Untracked 
| 117|0x000000070c500000, 0x000000070c500000, 0x000000070c600000|  0%| F|  |TAMS 0x000000070c500000, 0x000000070c500000| Untracked 
| 118|0x000000070c600000, 0x000000070c600000, 0x000000070c700000|  0%| F|  |TAMS 0x000000070c600000, 0x000000070c600000| Untracked 
| 119|0x000000070c700000, 0x000000070c700000, 0x000000070c800000|  0%| F|  |TAMS 0x000000070c700000, 0x000000070c700000| Untracked 
| 120|0x000000070c800000, 0x000000070c800000, 0x000000070c900000|  0%| F|  |TAMS 0x000000070c800000, 0x000000070c800000| Untracked 
| 121|0x000000070c900000, 0x000000070c900000, 0x000000070ca00000|  0%| F|  |TAMS 0x000000070c900000, 0x000000070c900000| Untracked 
| 122|0x000000070ca00000, 0x000000070ca00000, 0x000000070cb00000|  0%| F|  |TAMS 0x000000070ca00000, 0x000000070ca00000| Untracked 
| 123|0x000000070cb00000, 0x000000070cb00000, 0x000000070cc00000|  0%| F|  |TAMS 0x000000070cb00000, 0x000000070cb00000| Untracked 
| 124|0x000000070cc00000, 0x000000070cc00000, 0x000000070cd00000|  0%| F|  |TAMS 0x000000070cc00000, 0x000000070cc00000| Untracked 
| 125|0x000000070cd00000, 0x000000070cd00000, 0x000000070ce00000|  0%| F|  |TAMS 0x000000070cd00000, 0x000000070cd00000| Untracked 
| 126|0x000000070ce00000, 0x000000070ce00000, 0x000000070cf00000|  0%| F|  |TAMS 0x000000070ce00000, 0x000000070ce00000| Untracked 
| 127|0x000000070cf00000, 0x000000070cf00000, 0x000000070d000000|  0%| F|  |TAMS 0x000000070cf00000, 0x000000070cf00000| Untracked 
| 128|0x000000070d000000, 0x000000070d000000, 0x000000070d100000|  0%| F|  |TAMS 0x000000070d000000, 0x000000070d000000| Untracked 
| 129|0x000000070d100000, 0x000000070d100000, 0x000000070d200000|  0%| F|  |TAMS 0x000000070d100000, 0x000000070d100000| Untracked 
| 130|0x000000070d200000, 0x000000070d200000, 0x000000070d300000|  0%| F|  |TAMS 0x000000070d200000, 0x000000070d200000| Untracked 
| 131|0x000000070d300000, 0x000000070d300000, 0x000000070d400000|  0%| F|  |TAMS 0x000000070d300000, 0x000000070d300000| Untracked 
| 132|0x000000070d400000, 0x000000070d400000, 0x000000070d500000|  0%| F|  |TAMS 0x000000070d400000, 0x000000070d400000| Untracked 
| 133|0x000000070d500000, 0x000000070d500000, 0x000000070d600000|  0%| F|  |TAMS 0x000000070d500000, 0x000000070d500000| Untracked 
| 134|0x000000070d600000, 0x000000070d600000, 0x000000070d700000|  0%| F|  |TAMS 0x000000070d600000, 0x000000070d600000| Untracked 
| 135|0x000000070d700000, 0x000000070d700000, 0x000000070d800000|  0%| F|  |TAMS 0x000000070d700000, 0x000000070d700000| Untracked 
| 136|0x000000070d800000, 0x000000070d800000, 0x000000070d900000|  0%| F|  |TAMS 0x000000070d800000, 0x000000070d800000| Untracked 
| 137|0x000000070d900000, 0x000000070d900000, 0x000000070da00000|  0%| F|  |TAMS 0x000000070d900000, 0x000000070d900000| Untracked 
| 138|0x000000070da00000, 0x000000070da00000, 0x000000070db00000|  0%| F|  |TAMS 0x000000070da00000, 0x000000070da00000| Untracked 
| 139|0x000000070db00000, 0x000000070db00000, 0x000000070dc00000|  0%| F|  |TAMS 0x000000070db00000, 0x000000070db00000| Untracked 
| 140|0x000000070dc00000, 0x000000070dc00000, 0x000000070dd00000|  0%| F|  |TAMS 0x000000070dc00000, 0x000000070dc00000| Untracked 
| 141|0x000000070dd00000, 0x000000070dd00000, 0x000000070de00000|  0%| F|  |TAMS 0x000000070dd00000, 0x000000070dd00000| Untracked 
| 142|0x000000070de00000, 0x000000070de00000, 0x000000070df00000|  0%| F|  |TAMS 0x000000070de00000, 0x000000070de00000| Untracked 
| 143|0x000000070df00000, 0x000000070df00000, 0x000000070e000000|  0%| F|  |TAMS 0x000000070df00000, 0x000000070df00000| Untracked 
| 144|0x000000070e000000, 0x000000070e000000, 0x000000070e100000|  0%| F|  |TAMS 0x000000070e000000, 0x000000070e000000| Untracked 
| 145|0x000000070e100000, 0x000000070e100000, 0x000000070e200000|  0%| F|  |TAMS 0x000000070e100000, 0x000000070e100000| Untracked 
| 146|0x000000070e200000, 0x000000070e200000, 0x000000070e300000|  0%| F|  |TAMS 0x000000070e200000, 0x000000070e200000| Untracked 
| 147|0x000000070e300000, 0x000000070e300000, 0x000000070e400000|  0%| F|  |TAMS 0x000000070e300000, 0x000000070e300000| Untracked 
| 148|0x000000070e400000, 0x000000070e400000, 0x000000070e500000|  0%| F|  |TAMS 0x000000070e400000, 0x000000070e400000| Untracked 
| 149|0x000000070e500000, 0x000000070e500000, 0x000000070e600000|  0%| F|  |TAMS 0x000000070e500000, 0x000000070e500000| Untracked 
| 150|0x000000070e600000, 0x000000070e600000, 0x000000070e700000|  0%| F|  |TAMS 0x000000070e600000, 0x000000070e600000| Untracked 
| 151|0x000000070e700000, 0x000000070e700000, 0x000000070e800000|  0%| F|  |TAMS 0x000000070e700000, 0x000000070e700000| Untracked 
| 152|0x000000070e800000, 0x000000070e800000, 0x000000070e900000|  0%| F|  |TAMS 0x000000070e800000, 0x000000070e800000| Untracked 
| 153|0x000000070e900000, 0x000000070e900000, 0x000000070ea00000|  0%| F|  |TAMS 0x000000070e900000, 0x000000070e900000| Untracked 
| 154|0x000000070ea00000, 0x000000070ea00000, 0x000000070eb00000|  0%| F|  |TAMS 0x000000070ea00000, 0x000000070ea00000| Untracked 
| 155|0x000000070eb00000, 0x000000070eb00000, 0x000000070ec00000|  0%| F|  |TAMS 0x000000070eb00000, 0x000000070eb00000| Untracked 
| 156|0x000000070ec00000, 0x000000070ec00000, 0x000000070ed00000|  0%| F|  |TAMS 0x000000070ec00000, 0x000000070ec00000| Untracked 
| 157|0x000000070ed00000, 0x000000070ed00000, 0x000000070ee00000|  0%| F|  |TAMS 0x000000070ed00000, 0x000000070ed00000| Untracked 
| 158|0x000000070ee00000, 0x000000070ee00000, 0x000000070ef00000|  0%| F|  |TAMS 0x000000070ee00000, 0x000000070ee00000| Untracked 
| 159|0x000000070ef00000, 0x000000070ef00000, 0x000000070f000000|  0%| F|  |TAMS 0x000000070ef00000, 0x000000070ef00000| Untracked 
| 160|0x000000070f000000, 0x000000070f000000, 0x000000070f100000|  0%| F|  |TAMS 0x000000070f000000, 0x000000070f000000| Untracked 
| 161|0x000000070f100000, 0x000000070f100000, 0x000000070f200000|  0%| F|  |TAMS 0x000000070f100000, 0x000000070f100000| Untracked 
| 162|0x000000070f200000, 0x000000070f200000, 0x000000070f300000|  0%| F|  |TAMS 0x000000070f200000, 0x000000070f200000| Untracked 
| 163|0x000000070f300000, 0x000000070f300000, 0x000000070f400000|  0%| F|  |TAMS 0x000000070f300000, 0x000000070f300000| Untracked 
| 164|0x000000070f400000, 0x000000070f400000, 0x000000070f500000|  0%| F|  |TAMS 0x000000070f400000, 0x000000070f400000| Untracked 
| 165|0x000000070f500000, 0x000000070f500000, 0x000000070f600000|  0%| F|  |TAMS 0x000000070f500000, 0x000000070f500000| Untracked 
| 166|0x000000070f600000, 0x000000070f600000, 0x000000070f700000|  0%| F|  |TAMS 0x000000070f600000, 0x000000070f600000| Untracked 
| 167|0x000000070f700000, 0x000000070f700000, 0x000000070f800000|  0%| F|  |TAMS 0x000000070f700000, 0x000000070f700000| Untracked 
| 168|0x000000070f800000, 0x000000070f800000, 0x000000070f900000|  0%| F|  |TAMS 0x000000070f800000, 0x000000070f800000| Untracked 
| 169|0x000000070f900000, 0x000000070f900000, 0x000000070fa00000|  0%| F|  |TAMS 0x000000070f900000, 0x000000070f900000| Untracked 
| 170|0x000000070fa00000, 0x000000070fa00000, 0x000000070fb00000|  0%| F|  |TAMS 0x000000070fa00000, 0x000000070fa00000| Untracked 
| 171|0x000000070fb00000, 0x000000070fb00000, 0x000000070fc00000|  0%| F|  |TAMS 0x000000070fb00000, 0x000000070fb00000| Untracked 
| 172|0x000000070fc00000, 0x000000070fc00000, 0x000000070fd00000|  0%| F|  |TAMS 0x000000070fc00000, 0x000000070fc00000| Untracked 
| 173|0x000000070fd00000, 0x000000070fd00000, 0x000000070fe00000|  0%| F|  |TAMS 0x000000070fd00000, 0x000000070fd00000| Untracked 
| 174|0x000000070fe00000, 0x000000070fe00000, 0x000000070ff00000|  0%| F|  |TAMS 0x000000070fe00000, 0x000000070fe00000| Untracked 
| 175|0x000000070ff00000, 0x000000070ff00000, 0x0000000710000000|  0%| F|  |TAMS 0x000000070ff00000, 0x000000070ff00000| Untracked 
| 176|0x0000000710000000, 0x0000000710000000, 0x0000000710100000|  0%| F|  |TAMS 0x0000000710000000, 0x0000000710000000| Untracked 
| 177|0x0000000710100000, 0x0000000710100000, 0x0000000710200000|  0%| F|  |TAMS 0x0000000710100000, 0x0000000710100000| Untracked 
| 178|0x0000000710200000, 0x0000000710200000, 0x0000000710300000|  0%| F|  |TAMS 0x0000000710200000, 0x0000000710200000| Untracked 
| 179|0x0000000710300000, 0x0000000710300000, 0x0000000710400000|  0%| F|  |TAMS 0x0000000710300000, 0x0000000710300000| Untracked 
| 180|0x0000000710400000, 0x0000000710500000, 0x0000000710500000|100%| E|  |TAMS 0x0000000710400000, 0x0000000710400000| Complete 
| 181|0x0000000710500000, 0x0000000710600000, 0x0000000710600000|100%| E|CS|TAMS 0x0000000710500000, 0x0000000710500000| Complete 
| 182|0x0000000710600000, 0x0000000710700000, 0x0000000710700000|100%| E|CS|TAMS 0x0000000710600000, 0x0000000710600000| Complete 
| 183|0x0000000710700000, 0x0000000710800000, 0x0000000710800000|100%| E|CS|TAMS 0x0000000710700000, 0x0000000710700000| Complete 
| 184|0x0000000710800000, 0x0000000710900000, 0x0000000710900000|100%| E|CS|TAMS 0x0000000710800000, 0x0000000710800000| Complete 
| 185|0x0000000710900000, 0x0000000710a00000, 0x0000000710a00000|100%| E|CS|TAMS 0x0000000710900000, 0x0000000710900000| Complete 
| 186|0x0000000710a00000, 0x0000000710b00000, 0x0000000710b00000|100%| E|CS|TAMS 0x0000000710a00000, 0x0000000710a00000| Complete 
| 187|0x0000000710b00000, 0x0000000710c00000, 0x0000000710c00000|100%| E|CS|TAMS 0x0000000710b00000, 0x0000000710b00000| Complete 
| 188|0x0000000710c00000, 0x0000000710d00000, 0x0000000710d00000|100%| E|CS|TAMS 0x0000000710c00000, 0x0000000710c00000| Complete 
| 189|0x0000000710d00000, 0x0000000710e00000, 0x0000000710e00000|100%| E|CS|TAMS 0x0000000710d00000, 0x0000000710d00000| Complete 
| 190|0x0000000710e00000, 0x0000000710f00000, 0x0000000710f00000|100%| E|CS|TAMS 0x0000000710e00000, 0x0000000710e00000| Complete 
| 191|0x0000000710f00000, 0x0000000711000000, 0x0000000711000000|100%| E|CS|TAMS 0x0000000710f00000, 0x0000000710f00000| Complete 
| 192|0x0000000711000000, 0x0000000711100000, 0x0000000711100000|100%| E|CS|TAMS 0x0000000711000000, 0x0000000711000000| Complete 
| 193|0x0000000711100000, 0x0000000711200000, 0x0000000711200000|100%| E|CS|TAMS 0x0000000711100000, 0x0000000711100000| Complete 
| 194|0x0000000711200000, 0x0000000711300000, 0x0000000711300000|100%| E|CS|TAMS 0x0000000711200000, 0x0000000711200000| Complete 
| 195|0x0000000711300000, 0x0000000711400000, 0x0000000711400000|100%| E|CS|TAMS 0x0000000711300000, 0x0000000711300000| Complete 
| 196|0x0000000711400000, 0x0000000711500000, 0x0000000711500000|100%| E|CS|TAMS 0x0000000711400000, 0x0000000711400000| Complete 
| 197|0x0000000711500000, 0x0000000711600000, 0x0000000711600000|100%| E|CS|TAMS 0x0000000711500000, 0x0000000711500000| Complete 
| 198|0x0000000711600000, 0x0000000711700000, 0x0000000711700000|100%| E|CS|TAMS 0x0000000711600000, 0x0000000711600000| Complete 
| 199|0x0000000711700000, 0x0000000711800000, 0x0000000711800000|100%| E|CS|TAMS 0x0000000711700000, 0x0000000711700000| Complete 
| 200|0x0000000711800000, 0x0000000711900000, 0x0000000711900000|100%| E|CS|TAMS 0x0000000711800000, 0x0000000711800000| Complete 
| 201|0x0000000711900000, 0x0000000711a00000, 0x0000000711a00000|100%| E|CS|TAMS 0x0000000711900000, 0x0000000711900000| Complete 
| 202|0x0000000711a00000, 0x0000000711b00000, 0x0000000711b00000|100%| E|CS|TAMS 0x0000000711a00000, 0x0000000711a00000| Complete 
| 203|0x0000000711b00000, 0x0000000711c00000, 0x0000000711c00000|100%| E|CS|TAMS 0x0000000711b00000, 0x0000000711b00000| Complete 
| 204|0x0000000711c00000, 0x0000000711d00000, 0x0000000711d00000|100%| E|CS|TAMS 0x0000000711c00000, 0x0000000711c00000| Complete 
| 205|0x0000000711d00000, 0x0000000711e00000, 0x0000000711e00000|100%| E|CS|TAMS 0x0000000711d00000, 0x0000000711d00000| Complete 
| 206|0x0000000711e00000, 0x0000000711f00000, 0x0000000711f00000|100%| E|CS|TAMS 0x0000000711e00000, 0x0000000711e00000| Complete 
| 207|0x0000000711f00000, 0x0000000712000000, 0x0000000712000000|100%| E|CS|TAMS 0x0000000711f00000, 0x0000000711f00000| Complete 
| 208|0x0000000712000000, 0x0000000712100000, 0x0000000712100000|100%| E|CS|TAMS 0x0000000712000000, 0x0000000712000000| Complete 
| 209|0x0000000712100000, 0x0000000712200000, 0x0000000712200000|100%| E|CS|TAMS 0x0000000712100000, 0x0000000712100000| Complete 
| 210|0x0000000712200000, 0x0000000712300000, 0x0000000712300000|100%| E|CS|TAMS 0x0000000712200000, 0x0000000712200000| Complete 
| 211|0x0000000712300000, 0x0000000712400000, 0x0000000712400000|100%| E|CS|TAMS 0x0000000712300000, 0x0000000712300000| Complete 
| 212|0x0000000712400000, 0x0000000712500000, 0x0000000712500000|100%| E|CS|TAMS 0x0000000712400000, 0x0000000712400000| Complete 
| 213|0x0000000712500000, 0x0000000712600000, 0x0000000712600000|100%| E|CS|TAMS 0x0000000712500000, 0x0000000712500000| Complete 
| 214|0x0000000712600000, 0x0000000712700000, 0x0000000712700000|100%| E|CS|TAMS 0x0000000712600000, 0x0000000712600000| Complete 
| 215|0x0000000712700000, 0x0000000712800000, 0x0000000712800000|100%| E|CS|TAMS 0x0000000712700000, 0x0000000712700000| Complete 
| 216|0x0000000712800000, 0x0000000712900000, 0x0000000712900000|100%| E|CS|TAMS 0x0000000712800000, 0x0000000712800000| Complete 
| 217|0x0000000712900000, 0x0000000712a00000, 0x0000000712a00000|100%| E|CS|TAMS 0x0000000712900000, 0x0000000712900000| Complete 
| 218|0x0000000712a00000, 0x0000000712b00000, 0x0000000712b00000|100%| E|CS|TAMS 0x0000000712a00000, 0x0000000712a00000| Complete 
| 219|0x0000000712b00000, 0x0000000712c00000, 0x0000000712c00000|100%| E|CS|TAMS 0x0000000712b00000, 0x0000000712b00000| Complete 
| 220|0x0000000712c00000, 0x0000000712d00000, 0x0000000712d00000|100%| E|CS|TAMS 0x0000000712c00000, 0x0000000712c00000| Complete 
| 221|0x0000000712d00000, 0x0000000712e00000, 0x0000000712e00000|100%| E|CS|TAMS 0x0000000712d00000, 0x0000000712d00000| Complete 
| 222|0x0000000712e00000, 0x0000000712f00000, 0x0000000712f00000|100%| E|CS|TAMS 0x0000000712e00000, 0x0000000712e00000| Complete 
| 223|0x0000000712f00000, 0x0000000713000000, 0x0000000713000000|100%| E|CS|TAMS 0x0000000712f00000, 0x0000000712f00000| Complete 
| 224|0x0000000713000000, 0x0000000713100000, 0x0000000713100000|100%| E|CS|TAMS 0x0000000713000000, 0x0000000713000000| Complete 
| 225|0x0000000713100000, 0x0000000713200000, 0x0000000713200000|100%| E|CS|TAMS 0x0000000713100000, 0x0000000713100000| Complete 
| 226|0x0000000713200000, 0x0000000713300000, 0x0000000713300000|100%| E|CS|TAMS 0x0000000713200000, 0x0000000713200000| Complete 
| 227|0x0000000713300000, 0x0000000713400000, 0x0000000713400000|100%| E|CS|TAMS 0x0000000713300000, 0x0000000713300000| Complete 
| 228|0x0000000713400000, 0x0000000713500000, 0x0000000713500000|100%| E|CS|TAMS 0x0000000713400000, 0x0000000713400000| Complete 
| 229|0x0000000713500000, 0x0000000713600000, 0x0000000713600000|100%| E|CS|TAMS 0x0000000713500000, 0x0000000713500000| Complete 
| 230|0x0000000713600000, 0x0000000713700000, 0x0000000713700000|100%| E|CS|TAMS 0x0000000713600000, 0x0000000713600000| Complete 
| 231|0x0000000713700000, 0x0000000713800000, 0x0000000713800000|100%| E|CS|TAMS 0x0000000713700000, 0x0000000713700000| Complete 
| 232|0x0000000713800000, 0x0000000713900000, 0x0000000713900000|100%| E|CS|TAMS 0x0000000713800000, 0x0000000713800000| Complete 
| 233|0x0000000713900000, 0x0000000713a00000, 0x0000000713a00000|100%| E|CS|TAMS 0x0000000713900000, 0x0000000713900000| Complete 
| 234|0x0000000713a00000, 0x0000000713b00000, 0x0000000713b00000|100%| E|CS|TAMS 0x0000000713a00000, 0x0000000713a00000| Complete 
| 235|0x0000000713b00000, 0x0000000713c00000, 0x0000000713c00000|100%| E|CS|TAMS 0x0000000713b00000, 0x0000000713b00000| Complete 
| 236|0x0000000713c00000, 0x0000000713d00000, 0x0000000713d00000|100%| E|CS|TAMS 0x0000000713c00000, 0x0000000713c00000| Complete 
| 237|0x0000000713d00000, 0x0000000713e00000, 0x0000000713e00000|100%| E|CS|TAMS 0x0000000713d00000, 0x0000000713d00000| Complete 
| 238|0x0000000713e00000, 0x0000000713f00000, 0x0000000713f00000|100%| E|CS|TAMS 0x0000000713e00000, 0x0000000713e00000| Complete 
| 239|0x0000000713f00000, 0x0000000714000000, 0x0000000714000000|100%| E|CS|TAMS 0x0000000713f00000, 0x0000000713f00000| Complete 
| 240|0x0000000714000000, 0x0000000714100000, 0x0000000714100000|100%| E|CS|TAMS 0x0000000714000000, 0x0000000714000000| Complete 
| 241|0x0000000714100000, 0x0000000714200000, 0x0000000714200000|100%| E|CS|TAMS 0x0000000714100000, 0x0000000714100000| Complete 
| 242|0x0000000714200000, 0x0000000714300000, 0x0000000714300000|100%| E|CS|TAMS 0x0000000714200000, 0x0000000714200000| Complete 
| 243|0x0000000714300000, 0x0000000714400000, 0x0000000714400000|100%| E|CS|TAMS 0x0000000714300000, 0x0000000714300000| Complete 
| 244|0x0000000714400000, 0x0000000714500000, 0x0000000714500000|100%| E|CS|TAMS 0x0000000714400000, 0x0000000714400000| Complete 
| 245|0x0000000714500000, 0x0000000714600000, 0x0000000714600000|100%| E|CS|TAMS 0x0000000714500000, 0x0000000714500000| Complete 
| 246|0x0000000714600000, 0x0000000714700000, 0x0000000714700000|100%| E|CS|TAMS 0x0000000714600000, 0x0000000714600000| Complete 
| 247|0x0000000714700000, 0x0000000714800000, 0x0000000714800000|100%| E|CS|TAMS 0x0000000714700000, 0x0000000714700000| Complete 
| 248|0x0000000714800000, 0x0000000714900000, 0x0000000714900000|100%| E|CS|TAMS 0x0000000714800000, 0x0000000714800000| Complete 
| 249|0x0000000714900000, 0x0000000714a00000, 0x0000000714a00000|100%| E|CS|TAMS 0x0000000714900000, 0x0000000714900000| Complete 
| 250|0x0000000714a00000, 0x0000000714b00000, 0x0000000714b00000|100%| E|CS|TAMS 0x0000000714a00000, 0x0000000714a00000| Complete 
| 251|0x0000000714b00000, 0x0000000714c00000, 0x0000000714c00000|100%| E|CS|TAMS 0x0000000714b00000, 0x0000000714b00000| Complete 

Card table byte_map: [0x000002868f7e0000,0x000002868ffc0000] _byte_map_base: 0x000002868bfb8000

Marking Bits (Prev, Next): (CMBitMap*) 0x00000286f709b988, (CMBitMap*) 0x00000286f709b9c0
 Prev Bits: [0x00000286907a0000, 0x0000028694660000)
 Next Bits: [0x0000028694660000, 0x0000028698520000)

Polling page: 0x00000286f4f00000

Metaspace:

Usage:
  Non-class:     10.17 MB capacity,     9.80 MB ( 96%) used,   325.84 KB (  3%) free+waste,    58.31 KB ( <1%) overhead. 
      Class:      1.47 MB capacity,     1.19 MB ( 80%) used,   261.56 KB ( 17%) free+waste,    32.81 KB (  2%) overhead. 
       Both:     11.65 MB capacity,    10.98 MB ( 94%) used,   587.40 KB (  5%) free+waste,    91.12 KB ( <1%) overhead. 

Virtual space:
  Non-class space:       12.00 MB reserved,      10.25 MB ( 85%) committed 
      Class space:        1.00 GB reserved,       1.50 MB ( <1%) committed 
             Both:        1.01 GB reserved,      11.75 MB (  1%) committed 

Chunk freelists:
   Non-Class:  16.00 KB
       Class:  0 bytes
        Both:  16.00 KB

MaxMetaspaceSize: 17179869184.00 GB
CompressedClassSpaceSize: 1.00 GB
Initial GC threshold: 20.80 MB
Current GC threshold: 20.80 MB
CDS: on

CodeHeap 'non-profiled nmethods': size=120000Kb used=1223Kb max_used=1223Kb free=118776Kb
 bounds [0x0000028687ad0000, 0x0000028687d40000, 0x000002868f000000]
CodeHeap 'profiled nmethods': size=120000Kb used=4701Kb max_used=4701Kb free=115298Kb
 bounds [0x00000286805a0000, 0x0000028680a40000, 0x0000028687ad0000]
CodeHeap 'non-nmethods': size=5760Kb used=1288Kb max_used=1323Kb free=4471Kb
 bounds [0x0000028680000000, 0x0000028680270000, 0x00000286805a0000]
 total_blobs=2825 nmethods=2240 adapters=497
 compilation: enabled
              stopped_count=0, restarted_count=0
 full_count=0

Compilation events (20 events):
Event: 17.824 Thread 0x000002869ac42800 nmethod 2211 0x0000028680a25690 code [0x0000028680a25840, 0x0000028680a25a18]
Event: 17.824 Thread 0x000002869ac42800 2212       3       java.util.regex.Pattern::lambda$Single$8 (11 bytes)
Event: 17.824 Thread 0x000002869ac42800 nmethod 2212 0x0000028680a25b10 code [0x0000028680a25cc0, 0x0000028680a25df8]
Event: 17.824 Thread 0x000002869ac42800 2213       1       java.util.Formatter$Flags::valueOf (5 bytes)
Event: 17.824 Thread 0x000002869ac42800 nmethod 2213 0x0000028687bfb590 code [0x0000028687bfb740, 0x0000028687bfb818]
Event: 17.825 Thread 0x000002869ac42800 2214       3       java.lang.StringUTF16::length (5 bytes)
Event: 17.825 Thread 0x000002869ac42800 nmethod 2214 0x0000028680a25e90 code [0x0000028680a26040, 0x0000028680a26138]
Event: 17.825 Thread 0x000002869ac42800 2215       3       java.lang.StringUTF16::checkIndex (9 bytes)
Event: 17.825 Thread 0x000002869ac42800 nmethod 2215 0x0000028680a26210 code [0x0000028680a263e0, 0x0000028680a26548]
Event: 17.826 Thread 0x000002869ac41000 2216       4       jdk.internal.org.objectweb.asm.Frame::type (416 bytes)
Event: 17.826 Thread 0x000002869ac42800 2220       3       java.lang.invoke.MethodHandles::foldArgumentChecks (217 bytes)
Event: 17.829 Thread 0x000002869ac42800 nmethod 2220 0x0000028680a26690 code [0x0000028680a26b40, 0x0000028680a28a58]
Event: 17.829 Thread 0x000002869ac42800 2222   !   3       java.lang.invoke.LambdaForm::lambdaName (49 bytes)
Event: 17.829 Thread 0x000002869ac42800 nmethod 2222 0x0000028680a29710 code [0x0000028680a298c0, 0x0000028680a299f8]
Event: 17.829 Thread 0x000002869ac42800 2223       3       java.lang.invoke.InvokerBytecodeGenerator::classFilePrologue (86 bytes)
Event: 17.829 Thread 0x000002869b592800 2224       4       jdk.internal.org.objectweb.asm.Type::getType (269 bytes)
Event: 17.830 Thread 0x000002869ac42800 nmethod 2223 0x0000028680a29a90 code [0x0000028680a29dc0, 0x0000028680a2ade8]
Event: 17.830 Thread 0x000002869ac42800 2227       3       java.lang.invoke.LambdaFormEditor$Transform::packedBytes (39 bytes)
Event: 17.830 Thread 0x000002869ac42800 nmethod 2227 0x0000028680a2b310 code [0x0000028680a2b4c0, 0x0000028680a2b5b8]
Event: 17.830 Thread 0x000002869ac42800 2221       3       java.lang.invoke.LambdaFormEditor::foldArgumentsForm (120 bytes)

GC Heap History (12 events):
Event: 0.512 GC heap before
{Heap before GC invocations=0 (full 0):
 garbage-first heap   total 258048K, used 32768K [0x0000000705000000, 0x0000000800000000)
  region size 1024K, 24 young (24576K), 0 survivors (0K)
 Metaspace       used 3557K, capacity 4884K, committed 5248K, reserved 1056768K
  class space    used 364K, capacity 531K, committed 640K, reserved 1048576K
}
Event: 0.515 GC heap after
{Heap after GC invocations=1 (full 0):
 garbage-first heap   total 258048K, used 11919K [0x0000000705000000, 0x0000000800000000)
  region size 1024K, 3 young (3072K), 3 survivors (3072K)
 Metaspace       used 3557K, capacity 4884K, committed 5248K, reserved 1056768K
  class space    used 364K, capacity 531K, committed 640K, reserved 1048576K
}
Event: 3.069 GC heap before
{Heap before GC invocations=1 (full 0):
 garbage-first heap   total 258048K, used 203407K [0x0000000705000000, 0x0000000800000000)
  region size 1024K, 151 young (154624K), 3 survivors (3072K)
 Metaspace       used 10504K, capacity 11058K, committed 11264K, reserved 1058816K
  class space    used 1159K, capacity 1434K, committed 1536K, reserved 1048576K
}
Event: 3.074 GC heap after
{Heap after GC invocations=2 (full 0):
 garbage-first heap   total 258048K, used 59159K [0x0000000705000000, 0x0000000800000000)
  region size 1024K, 10 young (10240K), 10 survivors (10240K)
 Metaspace       used 10504K, capacity 11058K, committed 11264K, reserved 1058816K
  class space    used 1159K, capacity 1434K, committed 1536K, reserved 1048576K
}
Event: 5.203 GC heap before
{Heap before GC invocations=2 (full 0):
 garbage-first heap   total 258048K, used 203543K [0x0000000705000000, 0x0000000800000000)
  region size 1024K, 151 young (154624K), 10 survivors (10240K)
 Metaspace       used 10604K, capacity 11190K, committed 11520K, reserved 1058816K
  class space    used 1162K, capacity 1434K, committed 1536K, reserved 1048576K
}
Event: 5.206 GC heap after
{Heap after GC invocations=3 (full 0):
 garbage-first heap   total 258048K, used 57328K [0x0000000705000000, 0x0000000800000000)
  region size 1024K, 8 young (8192K), 8 survivors (8192K)
 Metaspace       used 10604K, capacity 11190K, committed 11520K, reserved 1058816K
  class space    used 1162K, capacity 1434K, committed 1536K, reserved 1048576K
}
Event: 7.175 GC heap before
{Heap before GC invocations=3 (full 0):
 garbage-first heap   total 258048K, used 203760K [0x0000000705000000, 0x0000000800000000)
  region size 1024K, 151 young (154624K), 8 survivors (8192K)
 Metaspace       used 10719K, capacity 11323K, committed 11520K, reserved 1058816K
  class space    used 1162K, capacity 1434K, committed 1536K, reserved 1048576K
}
Event: 7.178 GC heap after
{Heap after GC invocations=4 (full 0):
 garbage-first heap   total 258048K, used 57469K [0x0000000705000000, 0x0000000800000000)
  region size 1024K, 9 young (9216K), 9 survivors (9216K)
 Metaspace       used 10719K, capacity 11323K, committed 11520K, reserved 1058816K
  class space    used 1162K, capacity 1434K, committed 1536K, reserved 1048576K
}
Event: 8.820 GC heap before
{Heap before GC invocations=4 (full 0):
 garbage-first heap   total 258048K, used 202877K [0x0000000705000000, 0x0000000800000000)
  region size 1024K, 151 young (154624K), 9 survivors (9216K)
 Metaspace       used 10745K, capacity 11323K, committed 11520K, reserved 1058816K
  class space    used 1162K, capacity 1434K, committed 1536K, reserved 1048576K
}
Event: 8.823 GC heap after
{Heap after GC invocations=5 (full 0):
 garbage-first heap   total 258048K, used 57075K [0x0000000705000000, 0x0000000800000000)
  region size 1024K, 8 young (8192K), 8 survivors (8192K)
 Metaspace       used 10745K, capacity 11323K, committed 11520K, reserved 1058816K
  class space    used 1162K, capacity 1434K, committed 1536K, reserved 1048576K
}
Event: 10.383 GC heap before
{Heap before GC invocations=5 (full 0):
 garbage-first heap   total 258048K, used 203507K [0x0000000705000000, 0x0000000800000000)
  region size 1024K, 151 young (154624K), 8 survivors (8192K)
 Metaspace       used 10774K, capacity 11323K, committed 11520K, reserved 1058816K
  class space    used 1162K, capacity 1434K, committed 1536K, reserved 1048576K
}
Event: 10.387 GC heap after
{Heap after GC invocations=6 (full 0):
 garbage-first heap   total 258048K, used 57101K [0x0000000705000000, 0x0000000800000000)
  region size 1024K, 8 young (8192K), 8 survivors (8192K)
 Metaspace       used 10774K, capacity 11323K, committed 11520K, reserved 1058816K
  class space    used 1162K, capacity 1434K, committed 1536K, reserved 1048576K
}

Deoptimization events (20 events):
Event: 11.052 Thread 0x000002869d208000 DEOPT PACKING pc=0x0000028687bd7c10 sp=0x000000e1526ff210
Event: 11.052 Thread 0x000002869d208000 DEOPT UNPACKING pc=0x000002868004a1af sp=0x000000e1526ff150 mode 2
Event: 11.055 Thread 0x000002869c53b000 Uncommon trap: trap_request=0xffffff4d fr.pc=0x0000028687b91fec relative=0x000000000000036c
Event: 11.055 Thread 0x000002869c53b000 Uncommon trap: reason=unstable_if action=reinterpret pc=0x0000028687b91fec method=sun.java2d.loops.GraphicsPrimitiveMgr.locatePrim(ILsun/java2d/loops/SurfaceType;Lsun/java2d/loops/CompositeType;Lsun/java2d/loops/SurfaceType;)Lsun/java2d/loops/GraphicsPrim
Event: 11.055 Thread 0x000002869c53b000 DEOPT PACKING pc=0x0000028687b91fec sp=0x000000e1525fa6f0
Event: 11.055 Thread 0x000002869c53b000 DEOPT UNPACKING pc=0x000002868004a1af sp=0x000000e1525fa6d8 mode 2
Event: 11.062 Thread 0x000002869c53b000 Uncommon trap: trap_request=0xffffff4d fr.pc=0x0000028687ba55d4 relative=0x0000000000000434
Event: 11.062 Thread 0x000002869c53b000 Uncommon trap: reason=unstable_if action=reinterpret pc=0x0000028687ba55d4 method=sun.java2d.SunGraphics2D.drawImage(Ljava/awt/Image;IIIILjava/awt/Color;Ljava/awt/image/ImageObserver;)Z @ 82 c2
Event: 11.062 Thread 0x000002869c53b000 DEOPT PACKING pc=0x0000028687ba55d4 sp=0x000000e1525fa970
Event: 11.062 Thread 0x000002869c53b000 DEOPT UNPACKING pc=0x000002868004a1af sp=0x000000e1525fa910 mode 2
Event: 11.072 Thread 0x000002869c53b000 DEOPT PACKING pc=0x0000028680982e30 sp=0x000000e1525fa600
Event: 11.072 Thread 0x000002869c53b000 DEOPT UNPACKING pc=0x000002868004a95e sp=0x000000e1525f9ae0 mode 0
Event: 11.419 Thread 0x000002869cc9a800 Uncommon trap: trap_request=0xffffff4d fr.pc=0x0000028687bdcd3c relative=0x000000000000009c
Event: 11.419 Thread 0x000002869cc9a800 Uncommon trap: reason=unstable_if action=reinterpret pc=0x0000028687bdcd3c method=sun.awt.SunToolkit.getAppContext(Ljava/lang/Object;)Lsun/awt/AppContext; @ 4 c2
Event: 11.419 Thread 0x000002869cc9a800 DEOPT PACKING pc=0x0000028687bdcd3c sp=0x000000e1524fdd60
Event: 11.419 Thread 0x000002869cc9a800 DEOPT UNPACKING pc=0x000002868004a1af sp=0x000000e1524fdcf8 mode 2
Event: 12.301 Thread 0x000002869c53b000 Uncommon trap: trap_request=0xffffff4d fr.pc=0x0000028687bcffa4 relative=0x00000000000001a4
Event: 12.301 Thread 0x000002869c53b000 Uncommon trap: reason=unstable_if action=reinterpret pc=0x0000028687bcffa4 method=PaooGame.Graphics.HelpMethods.IsSolid(FF[[II)Z @ 88 c2
Event: 12.301 Thread 0x000002869c53b000 DEOPT PACKING pc=0x0000028687bcffa4 sp=0x000000e1525fadb0
Event: 12.301 Thread 0x000002869c53b000 DEOPT UNPACKING pc=0x000002868004a1af sp=0x000000e1525fad20 mode 2

Classes redefined (0 events):
No events

Internal exceptions (20 events):
Event: 1.219 Thread 0x000002869cc9a800 Exception <a 'java/lang/NoSuchMethodError'{0x000000070f905278}: 'void java.lang.invoke.DirectMethodHandle$Holder.invokeSpecial(java.lang.Object, java.lang.Object)'> (0x000000070f905278) thrown at [s\src\hotspot\share\interpreter\linkResolver.cpp, line 773]
Event: 1.221 Thread 0x00000286f7036800 Exception <a 'java/lang/NoSuchMethodError'{0x000000070f9a0620}: 'java.lang.Object java.lang.invoke.DirectMethodHandle$Holder.invokeStatic(java.lang.Object, java.lang.Object, java.lang.Object, java.lang.Object, java.lang.Object, java.lang.Object, java.lang.Object, java.lang.Object, int)'> (0x000000070f9a0620) thrown at [s\src\hotspot\share\interpreter\linkResolver.cpp, line 773]
Event: 1.222 Thread 0x00000286f7036800 Exception <a 'java/lang/NoSuchMethodError'{0x000000070f9ba560}: 'java.lang.Object java.lang.invoke.DirectMethodHandle$Holder.invokeStatic(java.lang.Object, java.lang.Object, java.lang.Object, java.lang.Object, java.lang.Object, java.lang.Object, java.lang.Object, java.lang.Object, int, int)'> (0x000000070f9ba560) thrown at [s\src\hotspot\share\interpreter\linkResolver.cpp, line 773]
Event: 1.241 Thread 0x00000286f7036800 Exception <a 'java/lang/NoSuchMethodError'{0x000000070f882a48}: 'java.lang.Object java.lang.invoke.DirectMethodHandle$Holder.invokeStatic(java.lang.Object, int, java.lang.Object, java.lang.Object, java.lang.Object, java.lang.Object)'> (0x000000070f882a48) thrown at [s\src\hotspot\share\interpreter\linkResolver.cpp, line 773]
Event: 1.242 Thread 0x00000286f7036800 Exception <a 'java/lang/NoSuchMethodError'{0x000000070f889b08}: 'java.lang.Object java.lang.invoke.DirectMethodHandle$Holder.invokeStatic(java.lang.Object, int, java.lang.Object, java.lang.Object, java.lang.Object)'> (0x000000070f889b08) thrown at [s\src\hotspot\share\interpreter\linkResolver.cpp, line 773]
Event: 1.242 Thread 0x00000286f7036800 Exception <a 'java/lang/NoSuchMethodError'{0x000000070f88d650}: 'java.lang.Object java.lang.invoke.DirectMethodHandle$Holder.invokeSpecial(java.lang.Object, java.lang.Object, int, java.lang.Object, java.lang.Object, java.lang.Object)'> (0x000000070f88d650) thrown at [s\src\hotspot\share\interpreter\linkResolver.cpp, line 773]
Event: 1.243 Thread 0x00000286f7036800 Exception <a 'java/lang/NoSuchMethodError'{0x000000070f8a5000}: 'java.lang.Object java.lang.invoke.DirectMethodHandle$Holder.invokeStatic(java.lang.Object, int, java.lang.Object)'> (0x000000070f8a5000) thrown at [s\src\hotspot\share\interpreter\linkResolver.cpp, line 773]
Event: 1.261 Thread 0x00000286f7036800 Exception <a 'java/lang/ClassNotFoundException'{0x000000070f755008}: com/sun/swing/internal/plaf/metal/resources/spi/metalProvider> (0x000000070f755008) thrown at [s\src\hotspot\share\classfile\systemDictionary.cpp, line 230]
Event: 1.261 Thread 0x00000286f7036800 Exception <a 'java/lang/ClassNotFoundException'{0x000000070f758ff0}: com/sun/swing/internal/plaf/basic/resources/spi/basicProvider> (0x000000070f758ff0) thrown at [s\src\hotspot\share\classfile\systemDictionary.cpp, line 230]
Event: 1.273 Thread 0x00000286f7036800 Implicit null exception at 0x0000028687b4826e to 0x0000028687b490b9
Event: 1.281 Thread 0x000002869cc9a800 Exception <a 'java/lang/NoSuchMethodError'{0x000000070f91f450}: 'void java.lang.invoke.DirectMethodHandle$Holder.invokeVirtual(java.lang.Object, java.lang.Object)'> (0x000000070f91f450) thrown at [s\src\hotspot\share\interpreter\linkResolver.cpp, line 773]
Event: 1.293 Thread 0x00000286f7036800 Exception <a 'java/lang/NoSuchMethodError'{0x000000070f7a85d0}: 'void java.lang.invoke.DirectMethodHandle$Holder.invokeStaticInit(java.lang.Object)'> (0x000000070f7a85d0) thrown at [s\src\hotspot\share\interpreter\linkResolver.cpp, line 773]
Event: 1.321 Thread 0x00000286f7036800 Exception <a 'java/lang/NoSuchMethodError'{0x000000070f56ca58}: 'java.lang.Object java.lang.invoke.DirectMethodHandle$Holder.invokeStatic(java.lang.Object, java.lang.Object, java.lang.Object, java.lang.Object, java.lang.Object, java.lang.Object, java.lang.Object, java.lang.Object, java.lang.Object, java.lang.Object, java.lang.Object, int)'> (0x000000070f56ca58) thrown at [s\src\hotspot\share\interpreter\linkResolver.cpp, line 773]
Event: 1.323 Thread 0x00000286f7036800 Exception <a 'java/lang/NoSuchMethodError'{0x000000070f58aca8}: 'java.lang.Object java.lang.invoke.DirectMethodHandle$Holder.invokeStatic(java.lang.Object, java.lang.Object, java.lang.Object, java.lang.Object, java.lang.Object, java.lang.Object, java.lang.Object, java.lang.Object, java.lang.Object, java.lang.Object, java.lang.Object, int, int)'> (0x000000070f58aca8) thrown at [s\src\hotspot\share\interpreter\linkResolver.cpp, line 773]
Event: 1.324 Thread 0x00000286f7036800 Exception <a 'java/lang/NoSuchMethodError'{0x000000070f5a9c40}: 'java.lang.Object java.lang.invoke.DirectMethodHandle$Holder.invokeStatic(java.lang.Object, java.lang.Object, java.lang.Object, java.lang.Object, java.lang.Object, java.lang.Object, java.lang.Object, java.lang.Object, java.lang.Object, java.lang.Object, java.lang.Object, int, int, java.lang.Object)'> (0x000000070f5a9c40) thrown at [s\src\hotspot\share\interpreter\linkResolver.cpp, line 773]
Event: 1.325 Thread 0x00000286f7036800 Exception <a 'java/lang/NoSuchMethodError'{0x000000070f5b8b28}: 'java.lang.Object java.lang.invoke.Invokers$Holder.linkToTargetMethod(java.lang.Object, int, java.lang.Object)'> (0x000000070f5b8b28) thrown at [s\src\hotspot\share\interpreter\linkResolver.cpp, line 773]
Event: 2.041 Thread 0x000002869c53b000 Exception <a 'java/lang/NoSuchMethodError'{0x000000070f3d31c8}: 'java.lang.Object java.lang.invoke.DirectMethodHandle$Holder.invokeStatic(java.lang.Object, java.lang.Object, java.lang.Object, java.lang.Object, java.lang.Object, java.lang.Object, java.lang.Object, java.lang.Object, java.lang.Object, java.lang.Object, java.lang.Object, int, int, java.lang.Object, java.lang.Object)'> (0x000000070f3d31c8) thrown at [s\src\hotspot\share\interpreter\linkResolver.cpp, line 773]
Event: 14.437 Thread 0x000002869d208000 Exception <a 'java/lang/NoSuchMethodError'{0x00000007107cef08}: 'java.lang.Object java.lang.invoke.DirectMethodHandle$Holder.invokeStatic(java.lang.Object, java.lang.Object, java.lang.Object, java.lang.Object, java.lang.Object, java.lang.Object, java.lang.Object, java.lang.Object, java.lang.Object, java.lang.Object, java.lang.Object, java.lang.Object, java.lang.Object, int, int, java.lang.Object)'> (0x00000007107cef08) thrown at [s\src\hotspot\share\interpreter\linkResolver.cpp, line 773]
Event: 17.828 Thread 0x000002869d208000 Exception <a 'java/lang/NoSuchMethodError'{0x000000071066a818}: 'java.lang.Object java.lang.invoke.DirectMethodHandle$Holder.invokeSpecial(java.lang.Object, java.lang.Object, int, int, int, int, int, int, int)'> (0x000000071066a818) thrown at [s\src\hotspot\share\interpreter\linkResolver.cpp, line 773]
Event: 17.828 Thread 0x000002869d208000 Exception <a 'java/lang/NoSuchMethodError'{0x000000071066dbd0}: 'java.lang.Object java.lang.invoke.DelegatingMethodHandle$Holder.reinvoke_L(java.lang.Object, int, int, int, int, int, int, int)'> (0x000000071066dbd0) thrown at [s\src\hotspot\share\interpreter\linkResolver.cpp, line 773]

Events (20 events):
Event: 11.063 Executing VM operation: RevokeBias done
Event: 12.302 Executing VM operation: RevokeBias
Event: 12.302 Executing VM operation: RevokeBias done
Event: 12.302 Executing VM operation: RevokeBias
Event: 12.303 Executing VM operation: RevokeBias done
Event: 12.303 Executing VM operation: RevokeBias
Event: 12.304 Executing VM operation: RevokeBias done
Event: 14.435 Executing VM operation: RevokeBias
Event: 14.435 Executing VM operation: RevokeBias done
Event: 14.437 loading class java/lang/invoke/BoundMethodHandle$Species_LLLLLLLLLLIIL
Event: 14.437 loading class java/lang/invoke/BoundMethodHandle$Species_LLLLLLLLLLIIL done
Event: 14.438 loading class java/lang/Throwable$WrappedPrintStream
Event: 14.438 loading class java/lang/Throwable$PrintStreamOrWriter
Event: 14.438 loading class java/lang/Throwable$PrintStreamOrWriter done
Event: 14.438 loading class java/lang/Throwable$WrappedPrintStream done
Event: 14.438 loading class java/lang/StackTraceElement$HashedModules
Event: 14.438 loading class java/lang/StackTraceElement$HashedModules done
Event: 17.825 Executing VM operation: RevokeBias
Event: 17.825 Executing VM operation: RevokeBias done
Event: 17.829 Thread 0x000002869b592800 Thread added: 0x000002869b592800


Dynamic libraries:
0x00007ff6ee2f0000 - 0x00007ff6ee2fe000 	C:\Users\Bianca\.jdks\ms-11.0.26\bin\java.exe
0x00007ffdfc1b0000 - 0x00007ffdfc3c7000 	C:\WINDOWS\SYSTEM32\ntdll.dll
0x00007ffdfbd60000 - 0x00007ffdfbe24000 	C:\WINDOWS\System32\KERNEL32.DLL
0x00007ffdf95b0000 - 0x00007ffdf9981000 	C:\WINDOWS\System32\KERNELBASE.dll
0x00007ffdf9320000 - 0x00007ffdf9431000 	C:\WINDOWS\System32\ucrtbase.dll
0x00007ffddbb30000 - 0x00007ffddbb4d000 	C:\Users\Bianca\.jdks\ms-11.0.26\bin\VCRUNTIME140.dll
0x00007ffdd92f0000 - 0x00007ffdd9307000 	C:\Users\Bianca\.jdks\ms-11.0.26\bin\jli.dll
0x00007ffdfb840000 - 0x00007ffdfb9f1000 	C:\WINDOWS\System32\USER32.dll
0x00007ffdf92f0000 - 0x00007ffdf9316000 	C:\WINDOWS\System32\win32u.dll
0x00007ffdda130000 - 0x00007ffdda3c2000 	C:\WINDOWS\WinSxS\amd64_microsoft.windows.common-controls_6595b64144ccf1df_6.0.22621.4830_none_270fe7d773858e80\COMCTL32.dll
0x00007ffdfb6e0000 - 0x00007ffdfb709000 	C:\WINDOWS\System32\GDI32.dll
0x00007ffdfba30000 - 0x00007ffdfbad7000 	C:\WINDOWS\System32\msvcrt.dll
0x00007ffdf9ad0000 - 0x00007ffdf9beb000 	C:\WINDOWS\System32\gdi32full.dll
0x00007ffdf9bf0000 - 0x00007ffdf9c8a000 	C:\WINDOWS\System32\msvcp_win.dll
0x00007ffdfbca0000 - 0x00007ffdfbcd1000 	C:\WINDOWS\System32\IMM32.DLL
0x00007ffddc120000 - 0x00007ffddc12c000 	C:\Users\Bianca\.jdks\ms-11.0.26\bin\vcruntime140_1.dll
0x00007ffdcc010000 - 0x00007ffdcc09d000 	C:\Users\Bianca\.jdks\ms-11.0.26\bin\msvcp140.dll
0x00007ffd99090000 - 0x00007ffd99c67000 	C:\Users\Bianca\.jdks\ms-11.0.26\bin\server\jvm.dll
0x00007ffdfbbe0000 - 0x00007ffdfbc91000 	C:\WINDOWS\System32\ADVAPI32.dll
0x00007ffdfb710000 - 0x00007ffdfb7b7000 	C:\WINDOWS\System32\sechost.dll
0x00007ffdf9e50000 - 0x00007ffdf9e78000 	C:\WINDOWS\System32\bcrypt.dll
0x00007ffdfc050000 - 0x00007ffdfc164000 	C:\WINDOWS\System32\RPCRT4.dll
0x00007ffdfb7c0000 - 0x00007ffdfb831000 	C:\WINDOWS\System32\WS2_32.dll
0x00007ffdef010000 - 0x00007ffdef044000 	C:\WINDOWS\SYSTEM32\WINMM.dll
0x00007ffdec2c0000 - 0x00007ffdec2ca000 	C:\WINDOWS\SYSTEM32\VERSION.dll
0x00007ffdf8340000 - 0x00007ffdf8358000 	C:\WINDOWS\SYSTEM32\kernel.appcore.dll
0x00007ffddbf90000 - 0x00007ffddbfa0000 	C:\Users\Bianca\.jdks\ms-11.0.26\bin\verify.dll
0x00007ffdf68f0000 - 0x00007ffdf6b22000 	C:\WINDOWS\SYSTEM32\DBGHELP.DLL
0x00007ffdfb350000 - 0x00007ffdfb6e0000 	C:\WINDOWS\System32\combase.dll
0x00007ffdfafc0000 - 0x00007ffdfb097000 	C:\WINDOWS\System32\OLEAUT32.dll
0x00007ffdd5e00000 - 0x00007ffdd5e32000 	C:\WINDOWS\SYSTEM32\dbgcore.DLL
0x00007ffdf9dd0000 - 0x00007ffdf9e4b000 	C:\WINDOWS\System32\bcryptPrimitives.dll
0x00007ffdcc240000 - 0x00007ffdcc268000 	C:\Users\Bianca\.jdks\ms-11.0.26\bin\java.dll
0x00007ffdd8500000 - 0x00007ffdd850a000 	C:\Users\Bianca\.jdks\ms-11.0.26\bin\jimage.dll
0x00007ffdd82c0000 - 0x00007ffdd82ce000 	C:\Users\Bianca\.jdks\ms-11.0.26\bin\instrument.dll
0x00007ffdd6680000 - 0x00007ffdd6698000 	C:\Users\Bianca\.jdks\ms-11.0.26\bin\zip.dll
0x00007ffdfa730000 - 0x00007ffdfafb8000 	C:\WINDOWS\System32\SHELL32.dll
0x00007ffdf9990000 - 0x00007ffdf9acf000 	C:\WINDOWS\System32\wintypes.dll
0x00007ffdf7250000 - 0x00007ffdf7b5d000 	C:\WINDOWS\SYSTEM32\windows.storage.dll
0x00007ffdfa620000 - 0x00007ffdfa72a000 	C:\WINDOWS\System32\SHCORE.dll
0x00007ffdfbff0000 - 0x00007ffdfc04e000 	C:\WINDOWS\System32\shlwapi.dll
0x00007ffdf9220000 - 0x00007ffdf924b000 	C:\WINDOWS\SYSTEM32\profapi.dll
0x00007ffdd36c0000 - 0x00007ffdd36da000 	C:\Users\Bianca\.jdks\ms-11.0.26\bin\net.dll
0x00007ffdf2930000 - 0x00007ffdf2a5c000 	C:\WINDOWS\SYSTEM32\WINHTTP.dll
0x00007ffdf87b0000 - 0x00007ffdf881a000 	C:\WINDOWS\system32\mswsock.dll
0x00007ffdcc420000 - 0x00007ffdcc432000 	C:\Users\Bianca\.jdks\ms-11.0.26\bin\nio.dll
0x00007ffdcc220000 - 0x00007ffdcc23a000 	C:\Program Files\JetBrains\IntelliJ IDEA Community Edition 2024.3.3\bin\breakgen64.dll
0x00007ffdc4f60000 - 0x00007ffdc50e2000 	C:\Users\Bianca\.jdks\ms-11.0.26\bin\awt.dll
0x00007ffdf1b80000 - 0x00007ffdf1c17000 	C:\WINDOWS\SYSTEM32\apphelp.dll
0x00007ffdf8a10000 - 0x00007ffdf8a2b000 	C:\WINDOWS\SYSTEM32\CRYPTSP.dll
0x00007ffdf82a0000 - 0x00007ffdf82d7000 	C:\WINDOWS\system32\rsaenh.dll
0x00007ffdf88a0000 - 0x00007ffdf88c8000 	C:\WINDOWS\SYSTEM32\USERENV.dll
0x00007ffdf8a00000 - 0x00007ffdf8a0c000 	C:\WINDOWS\SYSTEM32\CRYPTBASE.dll
0x00007ffdf7e00000 - 0x00007ffdf7e2d000 	C:\WINDOWS\SYSTEM32\IPHLPAPI.DLL
0x00007ffdfba00000 - 0x00007ffdfba09000 	C:\WINDOWS\System32\NSI.dll
0x00007ffdf1f70000 - 0x00007ffdf1f89000 	C:\WINDOWS\SYSTEM32\dhcpcsvc6.DLL
0x00007ffdf1ef0000 - 0x00007ffdf1f0f000 	C:\WINDOWS\SYSTEM32\dhcpcsvc.DLL
0x00007ffdf7e30000 - 0x00007ffdf7f32000 	C:\WINDOWS\SYSTEM32\DNSAPI.dll
0x00007ffdcb9e0000 - 0x00007ffdcba0e000 	C:\Users\Bianca\.jdks\ms-11.0.26\bin\javajpeg.dll
0x000000006d580000 - 0x000000006d63d000 	C:\Users\Bianca\AppData\Local\Temp\sqlite-3.8.11.2-fc377575-af67-48c0-aef1-1c7449ec6417-sqlitejdbc.dll
0x00007ffdf6360000 - 0x00007ffdf6413000 	C:\WINDOWS\system32\uxtheme.dll
0x00007ffdfa4c0000 - 0x00007ffdfa61d000 	C:\WINDOWS\System32\MSCTF.dll
0x00007ffdfb120000 - 0x00007ffdfb2c1000 	C:\WINDOWS\System32\ole32.dll
0x00007ffdf67f0000 - 0x00007ffdf681b000 	C:\WINDOWS\system32\DWMAPI.DLL
0x00007ffdc5310000 - 0x00007ffdc5410000 	C:\WINDOWS\system32\opengl32.dll
0x00007ffddb4a0000 - 0x00007ffddb4cd000 	C:\WINDOWS\SYSTEM32\GLU32.dll
0x00007ffdf6680000 - 0x00007ffdf66b7000 	C:\WINDOWS\SYSTEM32\dxcore.dll
0x00007ffdcb8f0000 - 0x00007ffdcb977000 	C:\Users\Bianca\.jdks\ms-11.0.26\bin\freetype.dll
0x00007ffdc4e70000 - 0x00007ffdc4f52000 	C:\Users\Bianca\.jdks\ms-11.0.26\bin\fontmanager.dll
0x00007ffddb760000 - 0x00007ffddb8a3000 	C:\WINDOWS\SYSTEM32\textinputframework.dll
0x00007ffdf0fe0000 - 0x00007ffdf1115000 	C:\WINDOWS\SYSTEM32\CoreMessaging.dll
0x00007ffdedfe0000 - 0x00007ffdee34c000 	C:\WINDOWS\SYSTEM32\CoreUIComponents.dll

dbghelp: loaded successfully - version: 4.0.5 - missing functions: none
symbol engine: initialized successfully - sym options: 0x614 - pdb path: .;C:\Users\Bianca\.jdks\ms-11.0.26\bin;C:\WINDOWS\SYSTEM32;C:\WINDOWS\WinSxS\amd64_microsoft.windows.common-controls_6595b64144ccf1df_6.0.22621.4830_none_270fe7d773858e80;C:\Users\Bianca\.jdks\ms-11.0.26\bin\server;C:\Program Files\JetBrains\IntelliJ IDEA Community Edition 2024.3.3\bin;C:\Users\Bianca\AppData\Local\Temp

VM Arguments:
jvm_args: -javaagent:C:\Program Files\JetBrains\IntelliJ IDEA Community Edition 2024.3.3\lib\idea_rt.jar=57857:C:\Program Files\JetBrains\IntelliJ IDEA Community Edition 2024.3.3\bin -Dfile.encoding=UTF-8 
java_command: PaooGame.Main.Main
java_class_path (initial): D:\facultate\paoo\Joc\paoo-proiect-1209a_7_david_vrinceanu\out\production\ScheletProiectPAOO;D:\sqlite-jdbc-3.8.11.2.jar
Launcher Type: SUN_STANDARD

[Global flags]
     intx CICompilerCount                          = 4                                         {product} {ergonomic}
     uint ConcGCThreads                            = 2                                         {product} {ergonomic}
     uint G1ConcRefinementThreads                  = 8                                         {product} {ergonomic}
   size_t G1HeapRegionSize                         = 1048576                                   {product} {ergonomic}
    uintx GCDrainStackTargetSize                   = 64                                        {product} {ergonomic}
   size_t InitialHeapSize                          = 264241152                                 {product} {ergonomic}
   size_t MarkStackSize                            = 4194304                                   {product} {ergonomic}
   size_t MaxHeapSize                              = 4211081216                                {product} {ergonomic}
   size_t MaxNewSize                               = 2526019584                                {product} {ergonomic}
   size_t MinHeapDeltaBytes                        = 1048576                                   {product} {ergonomic}
    uintx NonNMethodCodeHeapSize                   = 5836300                                {pd product} {ergonomic}
    uintx NonProfiledCodeHeapSize                  = 122910970                              {pd product} {ergonomic}
    uintx ProfiledCodeHeapSize                     = 122910970                              {pd product} {ergonomic}
    uintx ReservedCodeCacheSize                    = 251658240                              {pd product} {ergonomic}
     bool SegmentedCodeCache                       = true                                      {product} {ergonomic}
     bool UseCompressedClassPointers               = true                                 {lp64_product} {ergonomic}
     bool UseCompressedOops                        = true                                 {lp64_product} {ergonomic}
     bool UseG1GC                                  = true                                      {product} {ergonomic}
     bool UseLargePagesIndividualAllocation        = false                                  {pd product} {ergonomic}

Logging:
Log output configuration:
 #0: stdout all=warning uptime,level,tags
 #1: stderr all=off uptime,level,tags

Environment Variables:
PATH=C:\Program Files (x86)\Common Files\Oracle\Java\java8path;C:\Program Files (x86)\Common Files\Oracle\Java\javapath;C:\WINDOWS\system32;C:\WINDOWS;C:\WINDOWS\System32\Wbem;C:\WINDOWS\System32\WindowsPowerShell\v1.0\;C:\WINDOWS\System32\OpenSSH\;C:\Program Files\dotnet\;C:\msys64\ucrt64\bin;C:\Program Files\MATLAB\R2017b\bin;C:\Program Files (x86)\Windows Kits\10\Windows Performance Toolkit\;C:\Program Files\Git\cmd;C:\Users\Bianca\AppData\Local\Microsoft\WindowsApps;C:\Users\Bianca\AppData\Local\Programs\Microsoft VS Code\bin;C:\msys64\mingw64\bin;
USERNAME=Bianca
OS=Windows_NT
PROCESSOR_IDENTIFIER=Intel64 Family 6 Model 154 Stepping 4, GenuineIntel
TMP=C:\Users\Bianca\AppData\Local\Temp
TEMP=C:\Users\Bianca\AppData\Local\Temp



---------------  S Y S T E M  ---------------

OS: Windows 11 , 64 bit Build 22621 (10.0.22621.4974)
OS uptime: 20 days 12:32 hours

CPU:total 8 (initial active 8) (8 cores per cpu, 1 threads per core) family 6 model 154 stepping 4 microcode 0x432, cmov, cx8, fxsr, mmx, sse, sse2, sse3, ssse3, sse4.1, sse4.2, popcnt, avx, avx2, aes, clmul, erms, 3dnowpref, lzcnt, tsc, tscinvbit, bmi1, bmi2, adx, sha, fma

Memory: 4k page, system-wide physical 16057M (5771M free)
TotalPageFile size 20409M (AvailPageFile size 7301M)
current process WorkingSet (physical memory assigned to process): 284M, peak: 293M
current process commit charge ("private bytes"): 364M, peak: 382M

vm_info: OpenJDK 64-Bit Server VM (11.0.26+4-LTS) for windows-amd64 JRE (11.0.26+4-LTS), built on Jan 13 2025 23:40:04 by "MicrosoftCorporation" with unknown MS VC++:1939

END.
